2025-12-03 20:38:22 | INFO     | ======================================================================
2025-12-03 20:38:22 | INFO     | MOB HUNTER v3.0 - CENTER-OUT + BINARY HEALTH
2025-12-03 20:38:22 | INFO     | ======================================================================
2025-12-03 20:38:22 | INFO     | Log directory: logs/session_20251203_203822
2025-12-03 20:38:22 | INFO     | Screen: 1920x1080
2025-12-03 20:38:22 | INFO     | Strategy: Attack closest to center first
2025-12-03 20:38:22 | INFO     | Health: Binary (ALIVE/DEAD) detection
2025-12-03 20:38:22 | INFO     | Pet Filter: Via nameplate class detection
2025-12-03 20:38:22 | INFO     | ======================================================================
2025-12-03 20:38:22 | INFO     | 
ðŸš€ Bot started! Press Ctrl+C to stop.

2025-12-03 20:38:22 | INFO     | ðŸ’¡ Controls: CapsLock = Pause/Resume

2025-12-03 20:38:22 | INFO     | 
======================================================================
2025-12-03 20:38:22 | INFO     | CYCLE #1
2025-12-03 20:38:22 | INFO     | ======================================================================
2025-12-03 20:38:22 | INFO     | Detected: 11 floating names
2025-12-03 20:38:22 | DEBUG    |   Name #4: Cached, skipping
2025-12-03 20:38:22 | INFO     | â†’ Valid targets (after cache): 10
2025-12-03 20:38:22 | INFO     | â†’ Target priority (closest to farthest):
2025-12-03 20:38:22 | INFO     |    #1: Distance=2px from center
2025-12-03 20:38:22 | INFO     |    #2: Distance=35px from center
2025-12-03 20:38:22 | INFO     |    #3: Distance=79px from center
2025-12-03 20:38:22 | INFO     |    #4: Distance=104px from center
2025-12-03 20:38:22 | INFO     |    #5: Distance=258px from center
2025-12-03 20:38:22 | INFO     | 
  Verifying target #1 (D=2px)...
2025-12-03 20:38:22 | DEBUG    |     Clicking (958, 574)
2025-12-03 20:38:22 | DEBUG    |     Health check: 0 red pixels -> DEAD
2025-12-03 20:38:22 | DEBUG    |     âœ“ Verified MOB in 1 attempts
2025-12-03 20:38:22 | INFO     |     âœ— Mob already DEAD
2025-12-03 20:38:22 | INFO     | 
  Verifying target #2 (D=35px)...
2025-12-03 20:38:22 | DEBUG    |     Clicking (960, 535)
2025-12-03 20:38:23 | DEBUG    |     Health check: 0 red pixels -> DEAD
2025-12-03 20:38:23 | DEBUG    |     âœ“ Verified MOB in 1 attempts
2025-12-03 20:38:23 | INFO     |     âœ— Mob already DEAD
2025-12-03 20:38:23 | INFO     | 
  Verifying target #3 (D=79px)...
2025-12-03 20:38:23 | DEBUG    |     Clicking (896, 617)
2025-12-03 20:38:23 | DEBUG    |     Health check: 0 red pixels -> DEAD
2025-12-03 20:38:23 | DEBUG    |     âœ“ Verified MOB in 1 attempts
2025-12-03 20:38:23 | INFO     |     âœ— Mob already DEAD
2025-12-03 20:38:24 | INFO     | 
======================================================================
2025-12-03 20:38:24 | INFO     | CYCLE #2
2025-12-03 20:38:24 | INFO     | ======================================================================
2025-12-03 20:38:24 | INFO     | Detected: 14 floating names
2025-12-03 20:38:24 | DEBUG    |   Name #1: Cached, skipping
2025-12-03 20:38:24 | DEBUG    |   Name #2: Cached, skipping
2025-12-03 20:38:24 | DEBUG    |   Name #3: Cached, skipping
2025-12-03 20:38:24 | DEBUG    |   Name #4: Cached, skipping
2025-12-03 20:38:24 | DEBUG    |   Name #6: Cached, skipping
2025-12-03 20:38:24 | DEBUG    |   Name #7: Cached, skipping
2025-12-03 20:38:24 | INFO     | â†’ Valid targets (after cache): 8
2025-12-03 20:38:24 | INFO     | â†’ Target priority (closest to farthest):
2025-12-03 20:38:24 | INFO     |    #1: Distance=75px from center
2025-12-03 20:38:24 | INFO     |    #2: Distance=117px from center
2025-12-03 20:38:24 | INFO     |    #3: Distance=292px from center
2025-12-03 20:38:24 | INFO     |    #4: Distance=626px from center
2025-12-03 20:38:24 | INFO     |    #5: Distance=736px from center
2025-12-03 20:38:24 | INFO     | 
  Verifying target #1 (D=75px)...
2025-12-03 20:38:24 | DEBUG    |     Clicking (984, 497)
2025-12-03 20:38:24 | DEBUG    |     Health check: 0 red pixels -> DEAD
2025-12-03 20:38:24 | DEBUG    |     âœ“ Verified MOB in 1 attempts
2025-12-03 20:38:24 | INFO     |     âœ— Mob already DEAD
2025-12-03 20:38:24 | INFO     | 
  Verifying target #2 (D=117px)...
2025-12-03 20:38:24 | DEBUG    |     Clicking (1014, 466)
2025-12-03 20:38:25 | DEBUG    |     Health check: 0 red pixels -> DEAD
2025-12-03 20:38:25 | DEBUG    |     âœ“ Verified MOB in 1 attempts
2025-12-03 20:38:25 | INFO     |     âœ— Mob already DEAD
2025-12-03 20:38:25 | INFO     | 
  Verifying target #3 (D=292px)...
2025-12-03 20:38:25 | DEBUG    |     Clicking (1041, 290)
2025-12-03 20:38:25 | DEBUG    |     Health check: 650 red pixels -> ALIVE
2025-12-03 20:38:25 | DEBUG    |     âœ“ Verified MOB in 1 attempts
2025-12-03 20:38:25 | INFO     |     âœ“ Elite | Status: ALIVE
2025-12-03 20:38:25 | INFO     | 
>>>>>>>>>>>>>>>>>>>>>>>>>>>>>>>>>>>>>>>>>>>>>>>>>>>>>>>>>>>>
2025-12-03 20:38:25 | INFO     | âš”ï¸  ENGAGING: Elite
2025-12-03 20:38:25 | INFO     | >>>>>>>>>>>>>>>>>>>>>>>>>>>>>>>>>>>>>>>>>>>>>>>>>>>>>>>>>>>>
2025-12-03 20:38:25 | DEBUG    |     Health check: 651 red pixels -> ALIVE
2025-12-03 20:38:25 | INFO     |   â†’ Skill 1: 1
2025-12-03 20:38:26 | DEBUG    |     Health check: 650 red pixels -> ALIVE
2025-12-03 20:38:26 | INFO     |   â†’ Skill 2: 2
2025-12-03 20:38:27 | DEBUG    |     Health check: 649 red pixels -> ALIVE
2025-12-03 20:38:27 | INFO     |   â†’ Skill 3: 3
2025-12-03 20:38:28 | DEBUG    |     Health check: 29 red pixels -> DEAD
2025-12-03 20:38:28 | INFO     |   âœ“ Mob DEAD after skill 3!
2025-12-03 20:38:28 | INFO     | <<<<<<<<<<<<<<<<<<<<<<<<<<<<<<<<<<<<<<<<<<<<<<<<<<<<<<<<<<<<
2025-12-03 20:38:28 | INFO     | ðŸ’€ Total kills: 1 | Skills saved: 1
2025-12-03 20:38:28 | INFO     | <<<<<<<<<<<<<<<<<<<<<<<<<<<<<<<<<<<<<<<<<<<<<<<<<<<<<<<<<<<<

2025-12-03 20:38:29 | INFO     | 
======================================================================
2025-12-03 20:38:29 | INFO     | CYCLE #3
2025-12-03 20:38:29 | INFO     | ======================================================================
2025-12-03 20:38:29 | INFO     | Detected: 8 floating names
2025-12-03 20:38:29 | DEBUG    |   Name #5: Cached, skipping
2025-12-03 20:38:29 | INFO     | â†’ Valid targets (after cache): 7
2025-12-03 20:38:29 | INFO     | â†’ Target priority (closest to farthest):
2025-12-03 20:38:29 | INFO     |    #1: Distance=35px from center
2025-12-03 20:38:29 | INFO     |    #2: Distance=293px from center
2025-12-03 20:38:29 | INFO     |    #3: Distance=793px from center
2025-12-03 20:38:29 | INFO     |    #4: Distance=856px from center
2025-12-03 20:38:29 | INFO     |    #5: Distance=904px from center
2025-12-03 20:38:29 | INFO     | 
  Verifying target #1 (D=35px)...
2025-12-03 20:38:29 | DEBUG    |     Clicking (960, 535)
2025-12-03 20:38:29 | DEBUG    |     Health check: 0 red pixels -> DEAD
2025-12-03 20:38:29 | DEBUG    |     âœ“ Verified MOB in 1 attempts
2025-12-03 20:38:29 | INFO     |     âœ— Mob already DEAD
2025-12-03 20:38:29 | INFO     | 
  Verifying target #2 (D=293px)...
2025-12-03 20:38:29 | DEBUG    |     Clicking (1037, 288)
2025-12-03 20:38:30 | DEBUG    |     Health check: 0 red pixels -> DEAD
2025-12-03 20:38:30 | DEBUG    |     âœ“ Verified MOB in 1 attempts
2025-12-03 20:38:30 | INFO     |     âœ— Mob already DEAD
2025-12-03 20:38:30 | INFO     | 
  Verifying target #3 (D=793px)...
2025-12-03 20:38:30 | DEBUG    |     Clicking (200, 351)
2025-12-03 20:38:30 | DEBUG    |     Health check: 0 red pixels -> DEAD
2025-12-03 20:38:30 | DEBUG    |     âœ“ Verified MOB in 1 attempts
2025-12-03 20:38:30 | INFO     |     âœ— Mob already DEAD
2025-12-03 20:38:30 | INFO     | 
======================================================================
2025-12-03 20:38:30 | INFO     | CYCLE #4
2025-12-03 20:38:30 | INFO     | ======================================================================
2025-12-03 20:38:30 | INFO     | Detected: 16 floating names
2025-12-03 20:38:30 | DEBUG    |   Name #1: Cached, skipping
2025-12-03 20:38:30 | DEBUG    |   Name #2: Cached, skipping
2025-12-03 20:38:30 | DEBUG    |   Name #4: Cached, skipping
2025-12-03 20:38:30 | DEBUG    |   Name #6: Cached, skipping
2025-12-03 20:38:30 | DEBUG    |   Name #7: Cached, skipping
2025-12-03 20:38:30 | DEBUG    |   Name #9: Cached, skipping
2025-12-03 20:38:30 | INFO     | â†’ Valid targets (after cache): 10
2025-12-03 20:38:30 | INFO     | â†’ Target priority (closest to farthest):
2025-12-03 20:38:30 | INFO     |    #1: Distance=418px from center
2025-12-03 20:38:30 | INFO     |    #2: Distance=426px from center
2025-12-03 20:38:30 | INFO     |    #3: Distance=428px from center
2025-12-03 20:38:30 | INFO     |    #4: Distance=429px from center
2025-12-03 20:38:30 | INFO     |    #5: Distance=467px from center
2025-12-03 20:38:30 | INFO     | 
  Verifying target #1 (D=418px)...
2025-12-03 20:38:30 | DEBUG    |     Clicking (563, 445)
2025-12-03 20:38:31 | DEBUG    |     Health check: 0 red pixels -> DEAD
2025-12-03 20:38:31 | DEBUG    |     âœ“ Verified MOB in 1 attempts
2025-12-03 20:38:31 | INFO     |     âœ— Mob already DEAD
2025-12-03 20:38:31 | INFO     | 
  Verifying target #2 (D=426px)...
2025-12-03 20:38:31 | DEBUG    |     Clicking (563, 733)
2025-12-03 20:38:31 | DEBUG    |     Health check: 0 red pixels -> DEAD
2025-12-03 20:38:31 | DEBUG    |     âœ“ Verified MOB in 1 attempts
2025-12-03 20:38:31 | INFO     |     âœ— Mob already DEAD
2025-12-03 20:38:31 | INFO     | 
  Verifying target #3 (D=428px)...
2025-12-03 20:38:31 | DEBUG    |     Clicking (1381, 648)
2025-12-03 20:38:32 | DEBUG    |     Health check: 1 red pixels -> DEAD
2025-12-03 20:38:32 | DEBUG    |     âœ“ Verified MOB in 1 attempts
2025-12-03 20:38:32 | INFO     |     âœ— Mob already DEAD
2025-12-03 20:38:32 | INFO     | 
======================================================================
2025-12-03 20:38:32 | INFO     | CYCLE #5
2025-12-03 20:38:32 | INFO     | ======================================================================
2025-12-03 20:38:32 | INFO     | Detected: 9 floating names
2025-12-03 20:38:32 | DEBUG    |   Name #5: Cached, skipping
2025-12-03 20:38:32 | DEBUG    |   Name #8: Cached, skipping
2025-12-03 20:38:32 | INFO     | â†’ Valid targets (after cache): 7
2025-12-03 20:38:32 | INFO     | â†’ Target priority (closest to farthest):
2025-12-03 20:38:32 | INFO     |    #1: Distance=35px from center
2025-12-03 20:38:32 | INFO     |    #2: Distance=68px from center
2025-12-03 20:38:32 | INFO     |    #3: Distance=331px from center
2025-12-03 20:38:32 | INFO     |    #4: Distance=364px from center
2025-12-03 20:38:32 | INFO     |    #5: Distance=513px from center
2025-12-03 20:38:32 | INFO     | 
  Verifying target #1 (D=35px)...
2025-12-03 20:38:32 | DEBUG    |     Clicking (960, 535)
2025-12-03 20:38:33 | DEBUG    |     Health check: 1 red pixels -> DEAD
2025-12-03 20:38:33 | DEBUG    |     âœ“ Verified MOB in 1 attempts
2025-12-03 20:38:33 | INFO     |     âœ— Mob already DEAD
2025-12-03 20:38:33 | INFO     | 
  Verifying target #2 (D=68px)...
2025-12-03 20:38:33 | DEBUG    |     Clicking (1020, 605)
2025-12-03 20:38:33 | DEBUG    |     Health check: 0 red pixels -> DEAD
2025-12-03 20:38:33 | DEBUG    |     âœ“ Verified MOB in 1 attempts
2025-12-03 20:38:33 | INFO     |     âœ— Mob already DEAD
2025-12-03 20:38:33 | INFO     | 
  Verifying target #3 (D=331px)...
2025-12-03 20:38:33 | DEBUG    |     Clicking (643, 670)
2025-12-03 20:38:33 | DEBUG    |     Health check: 0 red pixels -> DEAD
2025-12-03 20:38:33 | DEBUG    |     âœ“ Verified MOB in 1 attempts
2025-12-03 20:38:33 | INFO     |     âœ— Mob already DEAD
2025-12-03 20:38:34 | INFO     | 
======================================================================
2025-12-03 20:38:34 | INFO     | CYCLE #6
2025-12-03 20:38:34 | INFO     | ======================================================================
2025-12-03 20:38:34 | INFO     | Detected: 11 floating names
2025-12-03 20:38:34 | DEBUG    |   Name #1: Cached, skipping
2025-12-03 20:38:34 | DEBUG    |   Name #2: Cached, skipping
2025-12-03 20:38:34 | DEBUG    |   Name #3: Cached, skipping
2025-12-03 20:38:34 | DEBUG    |   Name #9: Cached, skipping
2025-12-03 20:38:34 | DEBUG    |   Name #10: Cached, skipping
2025-12-03 20:38:34 | DEBUG    |   Name #11: Cached, skipping
2025-12-03 20:38:34 | INFO     | â†’ Valid targets (after cache): 5
2025-12-03 20:38:34 | INFO     | â†’ Target priority (closest to farthest):
2025-12-03 20:38:34 | INFO     |    #1: Distance=49px from center
2025-12-03 20:38:34 | INFO     |    #2: Distance=60px from center
2025-12-03 20:38:34 | INFO     |    #3: Distance=374px from center
2025-12-03 20:38:34 | INFO     |    #4: Distance=393px from center
2025-12-03 20:38:34 | INFO     |    #5: Distance=444px from center
2025-12-03 20:38:34 | INFO     | 
  Verifying target #1 (D=49px)...
2025-12-03 20:38:34 | DEBUG    |     Clicking (913, 587)
2025-12-03 20:38:34 | DEBUG    |     Health check: 0 red pixels -> DEAD
2025-12-03 20:38:34 | DEBUG    |     âœ“ Verified MOB in 1 attempts
2025-12-03 20:38:34 | INFO     |     âœ— Mob already DEAD
2025-12-03 20:38:34 | INFO     | 
  Verifying target #2 (D=60px)...
2025-12-03 20:38:34 | DEBUG    |     Clicking (959, 630)
2025-12-03 20:38:35 | DEBUG    |     Health check: 0 red pixels -> DEAD
2025-12-03 20:38:35 | DEBUG    |     âœ“ Verified MOB in 1 attempts
2025-12-03 20:38:35 | INFO     |     âœ— Mob already DEAD
2025-12-03 20:38:35 | INFO     | 
  Verifying target #3 (D=374px)...
2025-12-03 20:38:35 | DEBUG    |     Clicking (590, 513)
2025-12-03 20:38:35 | DEBUG    |     Health check: 0 red pixels -> DEAD
2025-12-03 20:38:35 | DEBUG    |     âœ“ Verified MOB in 1 attempts
2025-12-03 20:38:35 | INFO     |     âœ— Mob already DEAD
2025-12-03 20:38:35 | INFO     | 
======================================================================
2025-12-03 20:38:35 | INFO     | CYCLE #7
2025-12-03 20:38:35 | INFO     | ======================================================================
2025-12-03 20:38:35 | INFO     | Detected: 12 floating names
2025-12-03 20:38:35 | DEBUG    |   Name #4: Cached, skipping
2025-12-03 20:38:35 | DEBUG    |   Name #9: Cached, skipping
2025-12-03 20:38:35 | DEBUG    |   Name #10: Cached, skipping
2025-12-03 20:38:35 | DEBUG    |   Name #11: Cached, skipping
2025-12-03 20:38:35 | DEBUG    |   Name #12: Cached, skipping
2025-12-03 20:38:35 | INFO     | â†’ Valid targets (after cache): 7
2025-12-03 20:38:35 | INFO     | â†’ Target priority (closest to farthest):
2025-12-03 20:38:35 | INFO     |    #1: Distance=26px from center
2025-12-03 20:38:35 | INFO     |    #2: Distance=125px from center
2025-12-03 20:38:35 | INFO     |    #3: Distance=470px from center
2025-12-03 20:38:35 | INFO     |    #4: Distance=537px from center
2025-12-03 20:38:35 | INFO     |    #5: Distance=694px from center
2025-12-03 20:38:35 | INFO     | 
  Verifying target #1 (D=26px)...
2025-12-03 20:38:35 | DEBUG    |     Clicking (960, 544)
2025-12-03 20:38:36 | DEBUG    |     Health check: 0 red pixels -> DEAD
2025-12-03 20:38:36 | DEBUG    |     âœ“ Verified MOB in 1 attempts
2025-12-03 20:38:36 | INFO     |     âœ— Mob already DEAD
2025-12-03 20:38:36 | INFO     | 
  Verifying target #2 (D=125px)...
2025-12-03 20:38:36 | DEBUG    |     Clicking (1085, 570)
2025-12-03 20:38:36 | DEBUG    |     Health check: 649 red pixels -> ALIVE
2025-12-03 20:38:36 | DEBUG    |     âœ“ Verified MOB in 1 attempts
2025-12-03 20:38:36 | INFO     |     âœ“ Elite | Status: ALIVE
2025-12-03 20:38:36 | INFO     | 
>>>>>>>>>>>>>>>>>>>>>>>>>>>>>>>>>>>>>>>>>>>>>>>>>>>>>>>>>>>>
2025-12-03 20:38:36 | INFO     | âš”ï¸  ENGAGING: Elite
2025-12-03 20:38:36 | INFO     | >>>>>>>>>>>>>>>>>>>>>>>>>>>>>>>>>>>>>>>>>>>>>>>>>>>>>>>>>>>>
2025-12-03 20:38:36 | DEBUG    |     Health check: 649 red pixels -> ALIVE
2025-12-03 20:38:36 | INFO     |   â†’ Skill 1: 1
2025-12-03 20:38:37 | DEBUG    |     Health check: 649 red pixels -> ALIVE
2025-12-03 20:38:37 | INFO     |   â†’ Skill 2: 2
2025-12-03 20:38:39 | DEBUG    |     Health check: 649 red pixels -> ALIVE
2025-12-03 20:38:39 | INFO     |   â†’ Skill 3: 3
2025-12-03 20:38:40 | DEBUG    |     Health check: 29 red pixels -> DEAD
2025-12-03 20:38:40 | INFO     |   âœ“ Mob DEAD after skill 3!
2025-12-03 20:38:40 | INFO     | <<<<<<<<<<<<<<<<<<<<<<<<<<<<<<<<<<<<<<<<<<<<<<<<<<<<<<<<<<<<
2025-12-03 20:38:40 | INFO     | ðŸ’€ Total kills: 2 | Skills saved: 1
2025-12-03 20:38:40 | INFO     | <<<<<<<<<<<<<<<<<<<<<<<<<<<<<<<<<<<<<<<<<<<<<<<<<<<<<<<<<<<<

2025-12-03 20:38:40 | INFO     | 
  Verifying target #3 (D=470px)...
2025-12-03 20:38:40 | DEBUG    |     Clicking (1430, 565)
2025-12-03 20:38:40 | DEBUG    |     Health check: 29 red pixels -> DEAD
2025-12-03 20:38:40 | DEBUG    |     âœ“ Verified MOB in 1 attempts
2025-12-03 20:38:40 | INFO     |     âœ— Mob already DEAD
2025-12-03 20:38:40 | INFO     | 
======================================================================
2025-12-03 20:38:40 | INFO     | CYCLE #8
2025-12-03 20:38:40 | INFO     | ======================================================================
2025-12-03 20:38:41 | INFO     | Detected: 11 floating names
2025-12-03 20:38:41 | DEBUG    |   Name #9: Cached, skipping
2025-12-03 20:38:41 | DEBUG    |   Name #10: Cached, skipping
2025-12-03 20:38:41 | INFO     | â†’ Valid targets (after cache): 9
2025-12-03 20:38:41 | INFO     | â†’ Target priority (closest to farthest):
2025-12-03 20:38:41 | INFO     |    #1: Distance=26px from center
2025-12-03 20:38:41 | INFO     |    #2: Distance=104px from center
2025-12-03 20:38:41 | INFO     |    #3: Distance=109px from center
2025-12-03 20:38:41 | INFO     |    #4: Distance=197px from center
2025-12-03 20:38:41 | INFO     |    #5: Distance=271px from center
2025-12-03 20:38:41 | INFO     | 
  Verifying target #1 (D=26px)...
2025-12-03 20:38:41 | DEBUG    |     Clicking (960, 544)
2025-12-03 20:38:41 | DEBUG    |     Health check: 29 red pixels -> DEAD
2025-12-03 20:38:41 | DEBUG    |     âœ“ Verified MOB in 1 attempts
2025-12-03 20:38:41 | INFO     |     âœ— Mob already DEAD
2025-12-03 20:38:41 | INFO     | 
  Verifying target #2 (D=104px)...
2025-12-03 20:38:41 | DEBUG    |     Clicking (859, 595)
2025-12-03 20:38:41 | DEBUG    |     Health check: 29 red pixels -> DEAD
2025-12-03 20:38:41 | DEBUG    |     âœ“ Verified MOB in 1 attempts
2025-12-03 20:38:41 | INFO     |     âœ— Mob already DEAD
2025-12-03 20:38:41 | INFO     | 
  Verifying target #3 (D=109px)...
2025-12-03 20:38:41 | DEBUG    |     Clicking (900, 663)
2025-12-03 20:38:42 | DEBUG    |     Health check: 29 red pixels -> DEAD
2025-12-03 20:38:42 | DEBUG    |     âœ“ Verified MOB in 1 attempts
2025-12-03 20:38:42 | INFO     |     âœ— Mob already DEAD
2025-12-03 20:38:42 | INFO     | 
======================================================================
2025-12-03 20:38:42 | INFO     | CYCLE #9
2025-12-03 20:38:42 | INFO     | ======================================================================
2025-12-03 20:38:42 | INFO     | Detected: 11 floating names
2025-12-03 20:38:42 | DEBUG    |   Name #2: Cached, skipping
2025-12-03 20:38:42 | DEBUG    |   Name #3: Cached, skipping
2025-12-03 20:38:42 | DEBUG    |   Name #5: Cached, skipping
2025-12-03 20:38:42 | DEBUG    |   Name #10: Cached, skipping
2025-12-03 20:38:42 | DEBUG    |   Name #11: Cached, skipping
2025-12-03 20:38:42 | INFO     | â†’ Valid targets (after cache): 6
2025-12-03 20:38:42 | INFO     | â†’ Target priority (closest to farthest):
2025-12-03 20:38:42 | INFO     |    #1: Distance=61px from center
2025-12-03 20:38:42 | INFO     |    #2: Distance=90px from center
2025-12-03 20:38:42 | INFO     |    #3: Distance=120px from center
2025-12-03 20:38:42 | INFO     |    #4: Distance=480px from center
2025-12-03 20:38:42 | INFO     |    #5: Distance=695px from center
2025-12-03 20:38:42 | INFO     | 
  Verifying target #1 (D=61px)...
2025-12-03 20:38:42 | DEBUG    |     Clicking (1005, 528)
2025-12-03 20:38:43 | DEBUG    |     Health check: 0 red pixels -> DEAD
2025-12-03 20:38:43 | DEBUG    |     âœ“ Verified MOB in 1 attempts
2025-12-03 20:38:43 | INFO     |     âœ— Mob already DEAD
2025-12-03 20:38:43 | INFO     | 
  Verifying target #2 (D=90px)...
2025-12-03 20:38:43 | DEBUG    |     Clicking (1049, 586)
2025-12-03 20:38:43 | DEBUG    |     Health check: 0 red pixels -> DEAD
2025-12-03 20:38:43 | DEBUG    |     âœ“ Verified MOB in 1 attempts
2025-12-03 20:38:43 | INFO     |     âœ— Mob already DEAD
2025-12-03 20:38:43 | INFO     | 
  Verifying target #3 (D=120px)...
2025-12-03 20:38:43 | DEBUG    |     Clicking (919, 457)
2025-12-03 20:38:43 | DEBUG    |     Health check: 0 red pixels -> DEAD
2025-12-03 20:38:43 | DEBUG    |     âœ“ Verified MOB in 1 attempts
2025-12-03 20:38:43 | INFO     |     âœ— Mob already DEAD
2025-12-03 20:38:44 | INFO     | 
======================================================================
2025-12-03 20:38:44 | INFO     | CYCLE #10
2025-12-03 20:38:44 | INFO     | ======================================================================
2025-12-03 20:38:44 | INFO     | Detected: 11 floating names
2025-12-03 20:38:44 | DEBUG    |   Name #9: Cached, skipping
2025-12-03 20:38:44 | DEBUG    |   Name #10: Cached, skipping
2025-12-03 20:38:44 | DEBUG    |   Name #11: Cached, skipping
2025-12-03 20:38:44 | INFO     | â†’ Valid targets (after cache): 8
2025-12-03 20:38:44 | INFO     | â†’ Target priority (closest to farthest):
2025-12-03 20:38:44 | INFO     |    #1: Distance=26px from center
2025-12-03 20:38:44 | INFO     |    #2: Distance=92px from center
2025-12-03 20:38:44 | INFO     |    #3: Distance=97px from center
2025-12-03 20:38:44 | INFO     |    #4: Distance=174px from center
2025-12-03 20:38:44 | INFO     |    #5: Distance=489px from center
2025-12-03 20:38:44 | INFO     | 
  Verifying target #1 (D=26px)...
2025-12-03 20:38:44 | DEBUG    |     Clicking (960, 544)
2025-12-03 20:38:44 | DEBUG    |     Health check: 0 red pixels -> DEAD
2025-12-03 20:38:44 | DEBUG    |     âœ“ Verified MOB in 1 attempts
2025-12-03 20:38:44 | INFO     |     âœ— Mob already DEAD
2025-12-03 20:38:44 | INFO     | 
  Verifying target #2 (D=92px)...
2025-12-03 20:38:44 | DEBUG    |     Clicking (959, 662)
2025-12-03 20:38:45 | DEBUG    |     Health check: 0 red pixels -> DEAD
2025-12-03 20:38:45 | DEBUG    |     âœ“ Verified MOB in 1 attempts
2025-12-03 20:38:45 | INFO     |     âœ— Mob already DEAD
2025-12-03 20:38:45 | INFO     | 
  Verifying target #3 (D=97px)...
2025-12-03 20:38:45 | DEBUG    |     Clicking (863, 584)
2025-12-03 20:38:45 | DEBUG    |     Health check: 0 red pixels -> DEAD
2025-12-03 20:38:45 | DEBUG    |     âœ“ Verified MOB in 1 attempts
2025-12-03 20:38:45 | INFO     |     âœ— Mob already DEAD
2025-12-03 20:38:45 | INFO     | 
======================================================================
2025-12-03 20:38:45 | INFO     | CYCLE #11
2025-12-03 20:38:45 | INFO     | ======================================================================
2025-12-03 20:38:45 | INFO     | Detected: 9 floating names
2025-12-03 20:38:45 | DEBUG    |   Name #1: Cached, skipping
2025-12-03 20:38:45 | DEBUG    |   Name #2: Cached, skipping
2025-12-03 20:38:45 | DEBUG    |   Name #5: Cached, skipping
2025-12-03 20:38:45 | DEBUG    |   Name #6: Cached, skipping
2025-12-03 20:38:45 | DEBUG    |   Name #7: Cached, skipping
2025-12-03 20:38:45 | DEBUG    |   Name #9: Cached, skipping
2025-12-03 20:38:45 | INFO     | â†’ Valid targets (after cache): 3
2025-12-03 20:38:45 | INFO     | â†’ Target priority (closest to farthest):
2025-12-03 20:38:45 | INFO     |    #1: Distance=55px from center
2025-12-03 20:38:45 | INFO     |    #2: Distance=92px from center
2025-12-03 20:38:45 | INFO     |    #3: Distance=750px from center
2025-12-03 20:38:45 | INFO     | 
  Verifying target #1 (D=55px)...
2025-12-03 20:38:45 | DEBUG    |     Clicking (964, 625)
2025-12-03 20:38:46 | DEBUG    |     Health check: 0 red pixels -> DEAD
2025-12-03 20:38:46 | DEBUG    |     âœ“ Verified MOB in 1 attempts
2025-12-03 20:38:46 | INFO     |     âœ— Mob already DEAD
2025-12-03 20:38:46 | INFO     | 
  Verifying target #2 (D=92px)...
2025-12-03 20:38:46 | DEBUG    |     Clicking (877, 530)
2025-12-03 20:38:46 | DEBUG    |     Health check: 0 red pixels -> DEAD
2025-12-03 20:38:46 | DEBUG    |     âœ“ Verified MOB in 1 attempts
2025-12-03 20:38:46 | INFO     |     âœ— Mob already DEAD
2025-12-03 20:38:46 | INFO     | 
  Verifying target #3 (D=750px)...
2025-12-03 20:38:46 | DEBUG    |     Clicking (1709, 613)
2025-12-03 20:38:47 | DEBUG    |     Health check: 649 red pixels -> ALIVE
2025-12-03 20:38:47 | DEBUG    |     âœ“ Verified MOB in 1 attempts
2025-12-03 20:38:47 | INFO     |     âœ“ Elite | Status: ALIVE
2025-12-03 20:38:47 | INFO     | 
>>>>>>>>>>>>>>>>>>>>>>>>>>>>>>>>>>>>>>>>>>>>>>>>>>>>>>>>>>>>
2025-12-03 20:38:47 | INFO     | âš”ï¸  ENGAGING: Elite
2025-12-03 20:38:47 | INFO     | >>>>>>>>>>>>>>>>>>>>>>>>>>>>>>>>>>>>>>>>>>>>>>>>>>>>>>>>>>>>
2025-12-03 20:38:47 | DEBUG    |     Health check: 649 red pixels -> ALIVE
2025-12-03 20:38:47 | INFO     |   â†’ Skill 1: 1
2025-12-03 20:38:48 | DEBUG    |     Health check: 649 red pixels -> ALIVE
2025-12-03 20:38:48 | INFO     |   â†’ Skill 2: 2
2025-12-03 20:38:49 | DEBUG    |     Health check: 649 red pixels -> ALIVE
2025-12-03 20:38:49 | INFO     |   â†’ Skill 3: 3
2025-12-03 20:38:50 | DEBUG    |     Health check: 29 red pixels -> DEAD
2025-12-03 20:38:50 | INFO     |   âœ“ Mob DEAD after skill 3!
2025-12-03 20:38:50 | INFO     | <<<<<<<<<<<<<<<<<<<<<<<<<<<<<<<<<<<<<<<<<<<<<<<<<<<<<<<<<<<<
2025-12-03 20:38:50 | INFO     | ðŸ’€ Total kills: 3 | Skills saved: 1
2025-12-03 20:38:50 | INFO     | <<<<<<<<<<<<<<<<<<<<<<<<<<<<<<<<<<<<<<<<<<<<<<<<<<<<<<<<<<<<

2025-12-03 20:38:51 | INFO     | 
======================================================================
2025-12-03 20:38:51 | INFO     | CYCLE #12
2025-12-03 20:38:51 | INFO     | ======================================================================
2025-12-03 20:38:51 | INFO     | Detected: 11 floating names
2025-12-03 20:38:51 | DEBUG    |   Name #7: Cached, skipping
2025-12-03 20:38:51 | DEBUG    |   Name #9: Cached, skipping
2025-12-03 20:38:51 | INFO     | â†’ Valid targets (after cache): 9
2025-12-03 20:38:51 | INFO     | â†’ Target priority (closest to farthest):
2025-12-03 20:38:51 | INFO     |    #1: Distance=25px from center
2025-12-03 20:38:51 | INFO     |    #2: Distance=51px from center
2025-12-03 20:38:51 | INFO     |    #3: Distance=74px from center
2025-12-03 20:38:51 | INFO     |    #4: Distance=431px from center
2025-12-03 20:38:51 | INFO     |    #5: Distance=782px from center
2025-12-03 20:38:51 | INFO     | 
  Verifying target #1 (D=25px)...
2025-12-03 20:38:51 | DEBUG    |     Clicking (935, 566)
2025-12-03 20:38:51 | DEBUG    |     Health check: 0 red pixels -> DEAD
2025-12-03 20:38:51 | DEBUG    |     âœ“ Verified MOB in 1 attempts
2025-12-03 20:38:51 | INFO     |     âœ— Mob already DEAD
2025-12-03 20:38:51 | INFO     | 
  Verifying target #2 (D=51px)...
2025-12-03 20:38:51 | DEBUG    |     Clicking (956, 519)
2025-12-03 20:38:51 | DEBUG    |     Health check: 0 red pixels -> DEAD
2025-12-03 20:38:51 | DEBUG    |     âœ“ Verified MOB in 1 attempts
2025-12-03 20:38:51 | INFO     |     âœ— Mob already DEAD
2025-12-03 20:38:51 | INFO     | 
  Verifying target #3 (D=74px)...
2025-12-03 20:38:51 | DEBUG    |     Clicking (890, 595)
2025-12-03 20:38:52 | DEBUG    |     Health check: 0 red pixels -> DEAD
2025-12-03 20:38:52 | DEBUG    |     âœ“ Verified MOB in 1 attempts
2025-12-03 20:38:52 | INFO     |     âœ— Mob already DEAD
2025-12-03 20:38:52 | INFO     | 
======================================================================
2025-12-03 20:38:52 | INFO     | CYCLE #13
2025-12-03 20:38:52 | INFO     | ======================================================================
2025-12-03 20:38:52 | INFO     | Detected: 8 floating names
2025-12-03 20:38:52 | DEBUG    |   Name #1: Cached, skipping
2025-12-03 20:38:52 | DEBUG    |   Name #2: Cached, skipping
2025-12-03 20:38:52 | DEBUG    |   Name #3: Cached, skipping
2025-12-03 20:38:52 | DEBUG    |   Name #4: Cached, skipping
2025-12-03 20:38:52 | DEBUG    |   Name #5: Cached, skipping
2025-12-03 20:38:52 | DEBUG    |   Name #8: Cached, skipping
2025-12-03 20:38:52 | INFO     | â†’ Valid targets (after cache): 2
2025-12-03 20:38:52 | INFO     | â†’ Target priority (closest to farthest):
2025-12-03 20:38:52 | INFO     |    #1: Distance=324px from center
2025-12-03 20:38:52 | INFO     |    #2: Distance=396px from center
2025-12-03 20:38:52 | INFO     | 
  Verifying target #1 (D=324px)...
2025-12-03 20:38:52 | DEBUG    |     Clicking (1055, 261)
2025-12-03 20:38:53 | DEBUG    |     Health check: 649 red pixels -> ALIVE
2025-12-03 20:38:53 | DEBUG    |     âœ“ Verified MOB in 1 attempts
2025-12-03 20:38:53 | INFO     |     âœ“ Elite | Status: ALIVE
2025-12-03 20:38:53 | INFO     | 
>>>>>>>>>>>>>>>>>>>>>>>>>>>>>>>>>>>>>>>>>>>>>>>>>>>>>>>>>>>>
2025-12-03 20:38:53 | INFO     | âš”ï¸  ENGAGING: Elite
2025-12-03 20:38:53 | INFO     | >>>>>>>>>>>>>>>>>>>>>>>>>>>>>>>>>>>>>>>>>>>>>>>>>>>>>>>>>>>>
2025-12-03 20:38:53 | DEBUG    |     Health check: 649 red pixels -> ALIVE
2025-12-03 20:38:53 | INFO     |   â†’ Skill 1: 1
2025-12-03 20:38:54 | DEBUG    |     Health check: 649 red pixels -> ALIVE
2025-12-03 20:38:54 | INFO     |   â†’ Skill 2: 2
2025-12-03 20:38:55 | DEBUG    |     Health check: 649 red pixels -> ALIVE
2025-12-03 20:38:55 | INFO     |   â†’ Skill 3: 3
2025-12-03 20:38:56 | DEBUG    |     Health check: 29 red pixels -> DEAD
2025-12-03 20:38:56 | INFO     |   âœ“ Mob DEAD after skill 3!
2025-12-03 20:38:56 | INFO     | <<<<<<<<<<<<<<<<<<<<<<<<<<<<<<<<<<<<<<<<<<<<<<<<<<<<<<<<<<<<
2025-12-03 20:38:56 | INFO     | ðŸ’€ Total kills: 4 | Skills saved: 1
2025-12-03 20:38:56 | INFO     | <<<<<<<<<<<<<<<<<<<<<<<<<<<<<<<<<<<<<<<<<<<<<<<<<<<<<<<<<<<<

2025-12-03 20:38:56 | INFO     | 
  Verifying target #2 (D=396px)...
2025-12-03 20:38:56 | DEBUG    |     Clicking (695, 276)
2025-12-03 20:38:56 | DEBUG    |     Health check: 29 red pixels -> DEAD
2025-12-03 20:38:56 | DEBUG    |     âœ“ Verified MOB in 1 attempts
2025-12-03 20:38:56 | INFO     |     âœ— Mob already DEAD
2025-12-03 20:38:57 | INFO     | 
======================================================================
2025-12-03 20:38:57 | INFO     | CYCLE #14
2025-12-03 20:38:57 | INFO     | ======================================================================
2025-12-03 20:38:57 | INFO     | Detected: 9 floating names
2025-12-03 20:38:57 | DEBUG    |   Name #7: Cached, skipping
2025-12-03 20:38:57 | DEBUG    |   Name #8: Cached, skipping
2025-12-03 20:38:57 | DEBUG    |   Name #9: Cached, skipping
2025-12-03 20:38:57 | INFO     | â†’ Valid targets (after cache): 6
2025-12-03 20:38:57 | INFO     | â†’ Target priority (closest to farthest):
2025-12-03 20:38:57 | INFO     |    #1: Distance=26px from center
2025-12-03 20:38:57 | INFO     |    #2: Distance=187px from center
2025-12-03 20:38:57 | INFO     |    #3: Distance=221px from center
2025-12-03 20:38:57 | INFO     |    #4: Distance=246px from center
2025-12-03 20:38:57 | INFO     |    #5: Distance=309px from center
2025-12-03 20:38:57 | INFO     | 
  Verifying target #1 (D=26px)...
2025-12-03 20:38:57 | DEBUG    |     Clicking (960, 544)
2025-12-03 20:38:57 | DEBUG    |     Health check: 29 red pixels -> DEAD
2025-12-03 20:38:57 | DEBUG    |     âœ“ Verified MOB in 1 attempts
2025-12-03 20:38:57 | INFO     |     âœ— Mob already DEAD
2025-12-03 20:38:57 | INFO     | 
  Verifying target #2 (D=187px)...
2025-12-03 20:38:57 | DEBUG    |     Clicking (1018, 748)
2025-12-03 20:38:58 | DEBUG    |     Health check: 29 red pixels -> DEAD
2025-12-03 20:38:58 | DEBUG    |     âœ“ Verified MOB in 1 attempts
2025-12-03 20:38:58 | INFO     |     âœ— Mob already DEAD
2025-12-03 20:38:58 | INFO     | 
  Verifying target #3 (D=221px)...
2025-12-03 20:38:58 | DEBUG    |     Clicking (921, 353)
2025-12-03 20:38:58 | DEBUG    |     Health check: 29 red pixels -> DEAD
2025-12-03 20:38:58 | DEBUG    |     âœ“ Verified MOB in 1 attempts
2025-12-03 20:38:58 | INFO     |     âœ— Mob already DEAD
2025-12-03 20:38:58 | INFO     | 
======================================================================
2025-12-03 20:38:58 | INFO     | CYCLE #15
2025-12-03 20:38:58 | INFO     | ======================================================================
2025-12-03 20:38:59 | INFO     | Detected: 7 floating names
2025-12-03 20:38:59 | DEBUG    |   Name #1: Cached, skipping
2025-12-03 20:38:59 | DEBUG    |   Name #4: Cached, skipping
2025-12-03 20:38:59 | DEBUG    |   Name #6: Cached, skipping
2025-12-03 20:38:59 | INFO     | â†’ Valid targets (after cache): 4
2025-12-03 20:38:59 | INFO     | â†’ Target priority (closest to farthest):
2025-12-03 20:38:59 | INFO     |    #1: Distance=78px from center
2025-12-03 20:38:59 | INFO     |    #2: Distance=233px from center
2025-12-03 20:38:59 | INFO     |    #3: Distance=374px from center
2025-12-03 20:38:59 | INFO     |    #4: Distance=756px from center
2025-12-03 20:38:59 | INFO     | 
  Verifying target #1 (D=78px)...
2025-12-03 20:38:59 | DEBUG    |     Clicking (999, 503)
2025-12-03 20:38:59 | DEBUG    |     Health check: 649 red pixels -> ALIVE
2025-12-03 20:38:59 | DEBUG    |     âœ“ Verified MOB in 1 attempts
2025-12-03 20:38:59 | INFO     |     âœ“ Elite | Status: ALIVE
2025-12-03 20:38:59 | INFO     | 
>>>>>>>>>>>>>>>>>>>>>>>>>>>>>>>>>>>>>>>>>>>>>>>>>>>>>>>>>>>>
2025-12-03 20:38:59 | INFO     | âš”ï¸  ENGAGING: Elite
2025-12-03 20:38:59 | INFO     | >>>>>>>>>>>>>>>>>>>>>>>>>>>>>>>>>>>>>>>>>>>>>>>>>>>>>>>>>>>>
2025-12-03 20:38:59 | DEBUG    |     Health check: 649 red pixels -> ALIVE
2025-12-03 20:38:59 | INFO     |   â†’ Skill 1: 1
2025-12-03 20:39:00 | DEBUG    |     Health check: 649 red pixels -> ALIVE
2025-12-03 20:39:00 | INFO     |   â†’ Skill 2: 2
2025-12-03 20:39:01 | DEBUG    |     Health check: 649 red pixels -> ALIVE
2025-12-03 20:39:01 | INFO     |   â†’ Skill 3: 3
2025-12-03 20:39:02 | DEBUG    |     Health check: 29 red pixels -> DEAD
2025-12-03 20:39:02 | INFO     |   âœ“ Mob DEAD after skill 3!
2025-12-03 20:39:02 | INFO     | <<<<<<<<<<<<<<<<<<<<<<<<<<<<<<<<<<<<<<<<<<<<<<<<<<<<<<<<<<<<
2025-12-03 20:39:02 | INFO     | ðŸ’€ Total kills: 5 | Skills saved: 1
2025-12-03 20:39:02 | INFO     | <<<<<<<<<<<<<<<<<<<<<<<<<<<<<<<<<<<<<<<<<<<<<<<<<<<<<<<<<<<<

2025-12-03 20:39:02 | INFO     | 
  Verifying target #2 (D=233px)...
2025-12-03 20:39:02 | DEBUG    |     Clicking (1193, 576)
2025-12-03 20:39:03 | DEBUG    |     Health check: 29 red pixels -> DEAD
2025-12-03 20:39:03 | DEBUG    |     âœ“ Verified MOB in 1 attempts
2025-12-03 20:39:03 | INFO     |     âœ— Mob already DEAD
2025-12-03 20:39:03 | INFO     | 
  Verifying target #3 (D=374px)...
2025-12-03 20:39:03 | DEBUG    |     Clicking (1324, 657)
2025-12-03 20:39:03 | DEBUG    |     Health check: 29 red pixels -> DEAD
2025-12-03 20:39:03 | DEBUG    |     âœ“ Verified MOB in 1 attempts
2025-12-03 20:39:03 | INFO     |     âœ— Mob already DEAD
2025-12-03 20:39:04 | INFO     | 
======================================================================
2025-12-03 20:39:04 | INFO     | CYCLE #16
2025-12-03 20:39:04 | INFO     | ======================================================================
2025-12-03 20:39:04 | INFO     | Detected: 8 floating names
2025-12-03 20:39:04 | DEBUG    |   Name #7: Cached, skipping
2025-12-03 20:39:04 | DEBUG    |   Name #8: Cached, skipping
2025-12-03 20:39:04 | INFO     | â†’ Valid targets (after cache): 6
2025-12-03 20:39:04 | INFO     | â†’ Target priority (closest to farthest):
2025-12-03 20:39:04 | INFO     |    #1: Distance=26px from center
2025-12-03 20:39:04 | INFO     |    #2: Distance=232px from center
2025-12-03 20:39:04 | INFO     |    #3: Distance=253px from center
2025-12-03 20:39:04 | INFO     |    #4: Distance=325px from center
2025-12-03 20:39:04 | INFO     |    #5: Distance=904px from center
2025-12-03 20:39:04 | INFO     | 
  Verifying target #1 (D=26px)...
2025-12-03 20:39:04 | DEBUG    |     Clicking (964, 544)
2025-12-03 20:39:04 | DEBUG    |     Health check: 29 red pixels -> DEAD
2025-12-03 20:39:04 | DEBUG    |     âœ“ Verified MOB in 1 attempts
2025-12-03 20:39:04 | INFO     |     âœ— Mob already DEAD
2025-12-03 20:39:04 | INFO     | 
  Verifying target #2 (D=232px)...
2025-12-03 20:39:04 | DEBUG    |     Clicking (744, 483)
2025-12-03 20:39:04 | DEBUG    |     Health check: 29 red pixels -> DEAD
2025-12-03 20:39:04 | DEBUG    |     âœ“ Verified MOB in 1 attempts
2025-12-03 20:39:04 | INFO     |     âœ— Mob already DEAD
2025-12-03 20:39:04 | INFO     | 
  Verifying target #3 (D=253px)...
2025-12-03 20:39:04 | DEBUG    |     Clicking (760, 415)
2025-12-03 20:39:05 | DEBUG    |     Health check: 29 red pixels -> DEAD
2025-12-03 20:39:05 | DEBUG    |     âœ“ Verified MOB in 1 attempts
2025-12-03 20:39:05 | INFO     |     âœ— Mob already DEAD
2025-12-03 20:39:05 | INFO     | 
======================================================================
2025-12-03 20:39:05 | INFO     | CYCLE #17
2025-12-03 20:39:05 | INFO     | ======================================================================
2025-12-03 20:39:05 | INFO     | Detected: 10 floating names
2025-12-03 20:39:05 | DEBUG    |   Name #1: Cached, skipping
2025-12-03 20:39:05 | DEBUG    |   Name #2: Cached, skipping
2025-12-03 20:39:05 | DEBUG    |   Name #6: Cached, skipping
2025-12-03 20:39:05 | DEBUG    |   Name #8: Cached, skipping
2025-12-03 20:39:05 | DEBUG    |   Name #9: Cached, skipping
2025-12-03 20:39:05 | INFO     | â†’ Valid targets (after cache): 5
2025-12-03 20:39:05 | INFO     | â†’ Target priority (closest to farthest):
2025-12-03 20:39:05 | INFO     |    #1: Distance=244px from center
2025-12-03 20:39:05 | INFO     |    #2: Distance=244px from center
2025-12-03 20:39:05 | INFO     |    #3: Distance=315px from center
2025-12-03 20:39:05 | INFO     |    #4: Distance=345px from center
2025-12-03 20:39:05 | INFO     |    #5: Distance=574px from center
2025-12-03 20:39:05 | INFO     | 
  Verifying target #1 (D=244px)...
2025-12-03 20:39:05 | DEBUG    |     Clicking (1166, 702)
2025-12-03 20:39:06 | DEBUG    |     Health check: 29 red pixels -> DEAD
2025-12-03 20:39:06 | DEBUG    |     âœ“ Verified MOB in 1 attempts
2025-12-03 20:39:06 | INFO     |     âœ— Mob already DEAD
2025-12-03 20:39:06 | INFO     | 
  Verifying target #2 (D=244px)...
2025-12-03 20:39:06 | DEBUG    |     Clicking (1076, 785)
2025-12-03 20:39:06 | DEBUG    |     Health check: 29 red pixels -> DEAD
2025-12-03 20:39:06 | DEBUG    |     âœ“ Verified MOB in 1 attempts
2025-12-03 20:39:06 | INFO     |     âœ— Mob already DEAD
2025-12-03 20:39:06 | INFO     | 
  Verifying target #3 (D=315px)...
2025-12-03 20:39:06 | DEBUG    |     Clicking (1164, 811)
2025-12-03 20:39:06 | DEBUG    |     Health check: 0 red pixels -> DEAD
2025-12-03 20:39:06 | DEBUG    |     âœ“ Verified MOB in 1 attempts
2025-12-03 20:39:06 | INFO     |     âœ— Mob already DEAD
2025-12-03 20:39:07 | INFO     | 
======================================================================
2025-12-03 20:39:07 | INFO     | CYCLE #18
2025-12-03 20:39:07 | INFO     | ======================================================================
2025-12-03 20:39:07 | INFO     | Detected: 6 floating names
2025-12-03 20:39:07 | DEBUG    |   Name #6: Cached, skipping
2025-12-03 20:39:07 | INFO     | â†’ Valid targets (after cache): 5
2025-12-03 20:39:07 | INFO     | â†’ Target priority (closest to farthest):
2025-12-03 20:39:07 | INFO     |    #1: Distance=26px from center
2025-12-03 20:39:07 | INFO     |    #2: Distance=284px from center
2025-12-03 20:39:07 | INFO     |    #3: Distance=348px from center
2025-12-03 20:39:07 | INFO     |    #4: Distance=904px from center
2025-12-03 20:39:07 | INFO     |    #5: Distance=944px from center
2025-12-03 20:39:07 | INFO     | 
  Verifying target #1 (D=26px)...
2025-12-03 20:39:07 | DEBUG    |     Clicking (960, 544)
2025-12-03 20:39:07 | DEBUG    |     Health check: 0 red pixels -> DEAD
2025-12-03 20:39:07 | DEBUG    |     âœ“ Verified MOB in 1 attempts
2025-12-03 20:39:07 | INFO     |     âœ— Mob already DEAD
2025-12-03 20:39:07 | INFO     | 
  Verifying target #2 (D=284px)...
2025-12-03 20:39:07 | DEBUG    |     Clicking (769, 359)
2025-12-03 20:39:08 | DEBUG    |     Health check: 0 red pixels -> DEAD
2025-12-03 20:39:08 | DEBUG    |     âœ“ Verified MOB in 1 attempts
2025-12-03 20:39:08 | INFO     |     âœ— Mob already DEAD
2025-12-03 20:39:08 | INFO     | 
  Verifying target #3 (D=348px)...
2025-12-03 20:39:08 | DEBUG    |     Clicking (704, 334)
2025-12-03 20:39:08 | DEBUG    |     âœ— Filtered PET (no class)
2025-12-03 20:39:08 | INFO     |     âœ— No valid nameplate or is a pet
2025-12-03 20:39:09 | INFO     | 
======================================================================
2025-12-03 20:39:09 | INFO     | CYCLE #19
2025-12-03 20:39:09 | INFO     | ======================================================================
2025-12-03 20:39:09 | INFO     | Detected: 8 floating names
2025-12-03 20:39:09 | DEBUG    |   Name #1: Cached, skipping
2025-12-03 20:39:09 | DEBUG    |   Name #2: Cached, skipping
2025-12-03 20:39:09 | DEBUG    |   Name #4: Cached, skipping
2025-12-03 20:39:09 | DEBUG    |   Name #5: Cached, skipping
2025-12-03 20:39:09 | INFO     | â†’ Valid targets (after cache): 4
2025-12-03 20:39:09 | INFO     | â†’ Target priority (closest to farthest):
2025-12-03 20:39:09 | INFO     |    #1: Distance=41px from center
2025-12-03 20:39:09 | INFO     |    #2: Distance=56px from center
2025-12-03 20:39:09 | INFO     |    #3: Distance=333px from center
2025-12-03 20:39:09 | INFO     |    #4: Distance=916px from center
2025-12-03 20:39:09 | INFO     | 
  Verifying target #1 (D=41px)...
2025-12-03 20:39:09 | DEBUG    |     Clicking (919, 579)
2025-12-03 20:39:09 | DEBUG    |     âœ— Filtered PET (no class)
2025-12-03 20:39:09 | INFO     |     âœ— No valid nameplate or is a pet
2025-12-03 20:39:09 | INFO     | 
  Verifying target #2 (D=56px)...
2025-12-03 20:39:09 | DEBUG    |     Clicking (964, 627)
2025-12-03 20:39:09 | DEBUG    |     âœ— Filtered PET (no class)
2025-12-03 20:39:09 | INFO     |     âœ— No valid nameplate or is a pet
2025-12-03 20:39:09 | INFO     | 
  Verifying target #3 (D=333px)...
2025-12-03 20:39:09 | DEBUG    |     Clicking (1256, 723)
2025-12-03 20:39:10 | DEBUG    |     âœ— Filtered PET (no class)
2025-12-03 20:39:10 | INFO     |     âœ— No valid nameplate or is a pet
2025-12-03 20:39:10 | INFO     | 
======================================================================
2025-12-03 20:39:10 | INFO     | CYCLE #20
2025-12-03 20:39:10 | INFO     | ======================================================================
2025-12-03 20:39:10 | INFO     | Detected: 10 floating names
2025-12-03 20:39:10 | DEBUG    |   Name #7: Cached, skipping
2025-12-03 20:39:10 | DEBUG    |   Name #8: Cached, skipping
2025-12-03 20:39:10 | INFO     | â†’ Valid targets (after cache): 8
2025-12-03 20:39:10 | INFO     | â†’ Target priority (closest to farthest):
2025-12-03 20:39:10 | INFO     |    #1: Distance=26px from center
2025-12-03 20:39:10 | INFO     |    #2: Distance=167px from center
2025-12-03 20:39:10 | INFO     |    #3: Distance=230px from center
2025-12-03 20:39:10 | INFO     |    #4: Distance=299px from center
2025-12-03 20:39:10 | INFO     |    #5: Distance=567px from center
2025-12-03 20:39:10 | INFO     | 
  Verifying target #1 (D=26px)...
2025-12-03 20:39:10 | DEBUG    |     Clicking (960, 544)
2025-12-03 20:39:11 | DEBUG    |     âœ— Filtered PET (no class)
2025-12-03 20:39:11 | INFO     |     âœ— No valid nameplate or is a pet
2025-12-03 20:39:11 | INFO     | 
  Verifying target #2 (D=167px)...
2025-12-03 20:39:11 | DEBUG    |     Clicking (836, 460)
2025-12-03 20:39:11 | DEBUG    |     Health check: 0 red pixels -> DEAD
2025-12-03 20:39:11 | DEBUG    |     âœ“ Verified MOB in 1 attempts
2025-12-03 20:39:11 | INFO     |     âœ— Mob already DEAD
2025-12-03 20:39:11 | INFO     | 
  Verifying target #3 (D=230px)...
2025-12-03 20:39:11 | DEBUG    |     Clicking (848, 369)
2025-12-03 20:39:11 | DEBUG    |     Health check: 0 red pixels -> DEAD
2025-12-03 20:39:11 | DEBUG    |     âœ“ Verified MOB in 1 attempts
2025-12-03 20:39:11 | INFO     |     âœ— Mob already DEAD
2025-12-03 20:39:12 | INFO     | 
======================================================================
2025-12-03 20:39:12 | INFO     | CYCLE #21
2025-12-03 20:39:12 | INFO     | ======================================================================
2025-12-03 20:39:12 | INFO     | Detected: 10 floating names
2025-12-03 20:39:12 | DEBUG    |   Name #1: Cached, skipping
2025-12-03 20:39:12 | DEBUG    |   Name #2: Cached, skipping
2025-12-03 20:39:12 | DEBUG    |   Name #3: Cached, skipping
2025-12-03 20:39:12 | DEBUG    |   Name #5: Cached, skipping
2025-12-03 20:39:12 | DEBUG    |   Name #6: Cached, skipping
2025-12-03 20:39:12 | DEBUG    |   Name #9: Cached, skipping
2025-12-03 20:39:12 | INFO     | â†’ Valid targets (after cache): 4
2025-12-03 20:39:12 | INFO     | â†’ Target priority (closest to farthest):
2025-12-03 20:39:12 | INFO     |    #1: Distance=64px from center
2025-12-03 20:39:12 | INFO     |    #2: Distance=76px from center
2025-12-03 20:39:12 | INFO     |    #3: Distance=192px from center
2025-12-03 20:39:12 | INFO     |    #4: Distance=560px from center
2025-12-03 20:39:12 | INFO     | 
  Verifying target #1 (D=64px)...
2025-12-03 20:39:12 | DEBUG    |     Clicking (999, 519)
2025-12-03 20:39:12 | DEBUG    |     Health check: 0 red pixels -> DEAD
2025-12-03 20:39:12 | DEBUG    |     âœ“ Verified MOB in 1 attempts
2025-12-03 20:39:12 | INFO     |     âœ— Mob already DEAD
2025-12-03 20:39:12 | INFO     | 
  Verifying target #2 (D=76px)...
2025-12-03 20:39:12 | DEBUG    |     Clicking (887, 551)
2025-12-03 20:39:13 | DEBUG    |     Health check: 0 red pixels -> DEAD
2025-12-03 20:39:13 | DEBUG    |     âœ“ Verified MOB in 1 attempts
2025-12-03 20:39:13 | INFO     |     âœ— Mob already DEAD
2025-12-03 20:39:13 | INFO     | 
  Verifying target #3 (D=192px)...
2025-12-03 20:39:13 | DEBUG    |     Clicking (846, 415)
2025-12-03 20:39:13 | DEBUG    |     Health check: 0 red pixels -> DEAD
2025-12-03 20:39:13 | DEBUG    |     âœ“ Verified MOB in 1 attempts
2025-12-03 20:39:13 | INFO     |     âœ— Mob already DEAD
2025-12-03 20:39:13 | INFO     | 
======================================================================
2025-12-03 20:39:13 | INFO     | CYCLE #22
2025-12-03 20:39:13 | INFO     | ======================================================================
2025-12-03 20:39:14 | INFO     | Detected: 7 floating names
2025-12-03 20:39:14 | DEBUG    |   Name #6: Cached, skipping
2025-12-03 20:39:14 | DEBUG    |   Name #7: Cached, skipping
2025-12-03 20:39:14 | INFO     | â†’ Valid targets (after cache): 5
2025-12-03 20:39:14 | INFO     | â†’ Target priority (closest to farthest):
2025-12-03 20:39:14 | INFO     |    #1: Distance=18px from center
2025-12-03 20:39:14 | INFO     |    #2: Distance=86px from center
2025-12-03 20:39:14 | INFO     |    #3: Distance=247px from center
2025-12-03 20:39:14 | INFO     |    #4: Distance=904px from center
2025-12-03 20:39:14 | INFO     |    #5: Distance=944px from center
2025-12-03 20:39:14 | INFO     | 
  Verifying target #1 (D=18px)...
2025-12-03 20:39:14 | DEBUG    |     Clicking (960, 552)
2025-12-03 20:39:14 | DEBUG    |     Health check: 0 red pixels -> DEAD
2025-12-03 20:39:14 | DEBUG    |     âœ“ Verified MOB in 1 attempts
2025-12-03 20:39:14 | INFO     |     âœ— Mob already DEAD
2025-12-03 20:39:14 | INFO     | 
  Verifying target #2 (D=86px)...
2025-12-03 20:39:14 | DEBUG    |     Clicking (1044, 592)
2025-12-03 20:39:14 | DEBUG    |     Health check: 0 red pixels -> DEAD
2025-12-03 20:39:14 | DEBUG    |     âœ“ Verified MOB in 1 attempts
2025-12-03 20:39:14 | INFO     |     âœ— Mob already DEAD
2025-12-03 20:39:14 | INFO     | 
  Verifying target #3 (D=247px)...
2025-12-03 20:39:14 | DEBUG    |     Clicking (1171, 700)
2025-12-03 20:39:15 | DEBUG    |     Health check: 0 red pixels -> DEAD
2025-12-03 20:39:15 | DEBUG    |     âœ“ Verified MOB in 1 attempts
2025-12-03 20:39:15 | INFO     |     âœ— Mob already DEAD
2025-12-03 20:39:15 | INFO     | 
======================================================================
2025-12-03 20:39:15 | INFO     | CYCLE #23
2025-12-03 20:39:15 | INFO     | ======================================================================
2025-12-03 20:39:15 | INFO     | Detected: 10 floating names
2025-12-03 20:39:15 | DEBUG    |   Name #1: Cached, skipping
2025-12-03 20:39:15 | DEBUG    |   Name #2: Cached, skipping
2025-12-03 20:39:15 | DEBUG    |   Name #5: Cached, skipping
2025-12-03 20:39:15 | DEBUG    |   Name #8: Cached, skipping
2025-12-03 20:39:15 | DEBUG    |   Name #9: Cached, skipping
2025-12-03 20:39:15 | INFO     | â†’ Valid targets (after cache): 5
2025-12-03 20:39:15 | INFO     | â†’ Target priority (closest to farthest):
2025-12-03 20:39:15 | INFO     |    #1: Distance=169px from center
2025-12-03 20:39:15 | INFO     |    #2: Distance=199px from center
2025-12-03 20:39:15 | INFO     |    #3: Distance=644px from center
2025-12-03 20:39:15 | INFO     |    #4: Distance=661px from center
2025-12-03 20:39:15 | INFO     |    #5: Distance=955px from center
2025-12-03 20:39:15 | INFO     | 
  Verifying target #1 (D=169px)...
2025-12-03 20:39:15 | DEBUG    |     Clicking (990, 737)
2025-12-03 20:39:16 | DEBUG    |     Health check: 0 red pixels -> DEAD
2025-12-03 20:39:16 | DEBUG    |     âœ“ Verified MOB in 1 attempts
2025-12-03 20:39:16 | INFO     |     âœ— Mob already DEAD
2025-12-03 20:39:16 | INFO     | 
  Verifying target #2 (D=199px)...
2025-12-03 20:39:16 | DEBUG    |     Clicking (914, 763)
2025-12-03 20:39:16 | DEBUG    |     Health check: 0 red pixels -> DEAD
2025-12-03 20:39:16 | DEBUG    |     âœ“ Verified MOB in 1 attempts
2025-12-03 20:39:16 | INFO     |     âœ— Mob already DEAD
2025-12-03 20:39:16 | INFO     | 
  Verifying target #3 (D=644px)...
2025-12-03 20:39:16 | DEBUG    |     Clicking (1546, 840)
2025-12-03 20:39:16 | DEBUG    |     Health check: 649 red pixels -> ALIVE
2025-12-03 20:39:16 | DEBUG    |     âœ“ Verified MOB in 1 attempts
2025-12-03 20:39:16 | INFO     |     âœ“ Elite | Status: ALIVE
2025-12-03 20:39:16 | INFO     | 
>>>>>>>>>>>>>>>>>>>>>>>>>>>>>>>>>>>>>>>>>>>>>>>>>>>>>>>>>>>>
2025-12-03 20:39:16 | INFO     | âš”ï¸  ENGAGING: Elite
2025-12-03 20:39:16 | INFO     | >>>>>>>>>>>>>>>>>>>>>>>>>>>>>>>>>>>>>>>>>>>>>>>>>>>>>>>>>>>>
2025-12-03 20:39:16 | DEBUG    |     Health check: 649 red pixels -> ALIVE
2025-12-03 20:39:16 | INFO     |   â†’ Skill 1: 1
2025-12-03 20:39:18 | DEBUG    |     Health check: 649 red pixels -> ALIVE
2025-12-03 20:39:18 | INFO     |   â†’ Skill 2: 2
2025-12-03 20:39:19 | DEBUG    |     Health check: 649 red pixels -> ALIVE
2025-12-03 20:39:19 | INFO     |   â†’ Skill 3: 3
2025-12-03 20:39:20 | DEBUG    |     Health check: 30 red pixels -> DEAD
2025-12-03 20:39:20 | INFO     |   âœ“ Mob DEAD after skill 3!
2025-12-03 20:39:20 | INFO     | <<<<<<<<<<<<<<<<<<<<<<<<<<<<<<<<<<<<<<<<<<<<<<<<<<<<<<<<<<<<
2025-12-03 20:39:20 | INFO     | ðŸ’€ Total kills: 6 | Skills saved: 1
2025-12-03 20:39:20 | INFO     | <<<<<<<<<<<<<<<<<<<<<<<<<<<<<<<<<<<<<<<<<<<<<<<<<<<<<<<<<<<<

2025-12-03 20:39:20 | INFO     | 
======================================================================
2025-12-03 20:39:20 | INFO     | CYCLE #24
2025-12-03 20:39:20 | INFO     | ======================================================================
2025-12-03 20:39:20 | INFO     | Detected: 9 floating names
2025-12-03 20:39:20 | DEBUG    |   Name #7: Cached, skipping
2025-12-03 20:39:20 | INFO     | â†’ Valid targets (after cache): 8
2025-12-03 20:39:20 | INFO     | â†’ Target priority (closest to farthest):
2025-12-03 20:39:20 | INFO     |    #1: Distance=18px from center
2025-12-03 20:39:20 | INFO     |    #2: Distance=170px from center
2025-12-03 20:39:20 | INFO     |    #3: Distance=362px from center
2025-12-03 20:39:20 | INFO     |    #4: Distance=390px from center
2025-12-03 20:39:20 | INFO     |    #5: Distance=471px from center
2025-12-03 20:39:20 | INFO     | 
  Verifying target #1 (D=18px)...
2025-12-03 20:39:20 | DEBUG    |     Clicking (949, 555)
2025-12-03 20:39:21 | DEBUG    |     Health check: 29 red pixels -> DEAD
2025-12-03 20:39:21 | DEBUG    |     âœ“ Verified MOB in 1 attempts
2025-12-03 20:39:21 | INFO     |     âœ— Mob already DEAD
2025-12-03 20:39:21 | INFO     | 
  Verifying target #2 (D=170px)...
2025-12-03 20:39:21 | DEBUG    |     Clicking (868, 426)
2025-12-03 20:39:21 | DEBUG    |     Health check: 0 red pixels -> DEAD
2025-12-03 20:39:21 | DEBUG    |     âœ“ Verified MOB in 1 attempts
2025-12-03 20:39:21 | INFO     |     âœ— Mob already DEAD
2025-12-03 20:39:21 | INFO     | 
  Verifying target #3 (D=362px)...
2025-12-03 20:39:21 | DEBUG    |     Clicking (1280, 742)
2025-12-03 20:39:21 | DEBUG    |     Health check: 0 red pixels -> DEAD
2025-12-03 20:39:21 | DEBUG    |     âœ“ Verified MOB in 1 attempts
2025-12-03 20:39:21 | INFO     |     âœ— Mob already DEAD
2025-12-03 20:39:22 | INFO     | 
======================================================================
2025-12-03 20:39:22 | INFO     | CYCLE #25
2025-12-03 20:39:22 | INFO     | ======================================================================
2025-12-03 20:39:22 | INFO     | Detected: 9 floating names
2025-12-03 20:39:22 | DEBUG    |   Name #1: Cached, skipping
2025-12-03 20:39:22 | DEBUG    |   Name #2: Cached, skipping
2025-12-03 20:39:22 | DEBUG    |   Name #5: Cached, skipping
2025-12-03 20:39:22 | DEBUG    |   Name #8: Cached, skipping
2025-12-03 20:39:22 | DEBUG    |   Name #9: Cached, skipping
2025-12-03 20:39:22 | INFO     | â†’ Valid targets (after cache): 4
2025-12-03 20:39:22 | INFO     | â†’ Target priority (closest to farthest):
2025-12-03 20:39:22 | INFO     |    #1: Distance=125px from center
2025-12-03 20:39:22 | INFO     |    #2: Distance=248px from center
2025-12-03 20:39:22 | INFO     |    #3: Distance=279px from center
2025-12-03 20:39:22 | INFO     |    #4: Distance=600px from center
2025-12-03 20:39:22 | INFO     | 
  Verifying target #1 (D=125px)...
2025-12-03 20:39:22 | DEBUG    |     Clicking (1075, 620)
2025-12-03 20:39:22 | DEBUG    |     Health check: 0 red pixels -> DEAD
2025-12-03 20:39:22 | DEBUG    |     âœ“ Verified MOB in 1 attempts
2025-12-03 20:39:22 | INFO     |     âœ— Mob already DEAD
2025-12-03 20:39:22 | INFO     | 
  Verifying target #2 (D=248px)...
2025-12-03 20:39:22 | DEBUG    |     Clicking (769, 411)
2025-12-03 20:39:23 | DEBUG    |     Health check: 0 red pixels -> DEAD
2025-12-03 20:39:23 | DEBUG    |     âœ“ Verified MOB in 1 attempts
2025-12-03 20:39:23 | INFO     |     âœ— Mob already DEAD
2025-12-03 20:39:23 | INFO     | 
  Verifying target #3 (D=279px)...
2025-12-03 20:39:23 | DEBUG    |     Clicking (1211, 449)
2025-12-03 20:39:23 | DEBUG    |     Health check: 0 red pixels -> DEAD
2025-12-03 20:39:23 | DEBUG    |     âœ“ Verified MOB in 1 attempts
2025-12-03 20:39:23 | INFO     |     âœ— Mob already DEAD
2025-12-03 20:39:24 | INFO     | 
======================================================================
2025-12-03 20:39:24 | INFO     | CYCLE #26
2025-12-03 20:39:24 | INFO     | ======================================================================
2025-12-03 20:39:24 | INFO     | Detected: 12 floating names
2025-12-03 20:39:24 | DEBUG    |   Name #5: Cached, skipping
2025-12-03 20:39:24 | DEBUG    |   Name #11: Cached, skipping
2025-12-03 20:39:24 | DEBUG    |   Name #12: Cached, skipping
2025-12-03 20:39:24 | INFO     | â†’ Valid targets (after cache): 9
2025-12-03 20:39:24 | INFO     | â†’ Target priority (closest to farthest):
2025-12-03 20:39:24 | INFO     |    #1: Distance=5px from center
2025-12-03 20:39:24 | INFO     |    #2: Distance=144px from center
2025-12-03 20:39:24 | INFO     |    #3: Distance=154px from center
2025-12-03 20:39:24 | INFO     |    #4: Distance=219px from center
2025-12-03 20:39:24 | INFO     |    #5: Distance=302px from center
2025-12-03 20:39:24 | INFO     | 
  Verifying target #1 (D=5px)...
2025-12-03 20:39:24 | DEBUG    |     Clicking (964, 580)
2025-12-03 20:39:24 | DEBUG    |     Health check: 0 red pixels -> DEAD
2025-12-03 20:39:24 | DEBUG    |     âœ“ Verified MOB in 1 attempts
2025-12-03 20:39:24 | INFO     |     âœ— Mob already DEAD
2025-12-03 20:39:24 | INFO     | 
  Verifying target #2 (D=144px)...
2025-12-03 20:39:24 | DEBUG    |     Clicking (896, 441)
2025-12-03 20:39:24 | DEBUG    |     Health check: 0 red pixels -> DEAD
2025-12-03 20:39:24 | DEBUG    |     âœ“ Verified MOB in 1 attempts
2025-12-03 20:39:24 | INFO     |     âœ— Mob already DEAD
2025-12-03 20:39:24 | INFO     | 
  Verifying target #3 (D=154px)...
2025-12-03 20:39:24 | DEBUG    |     Clicking (806, 584)
2025-12-03 20:39:25 | DEBUG    |     Health check: 0 red pixels -> DEAD
2025-12-03 20:39:25 | DEBUG    |     âœ“ Verified MOB in 1 attempts
2025-12-03 20:39:25 | INFO     |     âœ— Mob already DEAD
2025-12-03 20:39:25 | INFO     | 
======================================================================
2025-12-03 20:39:25 | INFO     | CYCLE #27
2025-12-03 20:39:25 | INFO     | ======================================================================
2025-12-03 20:39:25 | INFO     | Detected: 13 floating names
2025-12-03 20:39:25 | DEBUG    |   Name #1: Cached, skipping
2025-12-03 20:39:25 | DEBUG    |   Name #2: Cached, skipping
2025-12-03 20:39:25 | DEBUG    |   Name #4: Cached, skipping
2025-12-03 20:39:25 | DEBUG    |   Name #10: Cached, skipping
2025-12-03 20:39:25 | DEBUG    |   Name #11: Cached, skipping
2025-12-03 20:39:25 | INFO     | â†’ Valid targets (after cache): 8
2025-12-03 20:39:25 | INFO     | â†’ Target priority (closest to farthest):
2025-12-03 20:39:25 | INFO     |    #1: Distance=157px from center
2025-12-03 20:39:25 | INFO     |    #2: Distance=241px from center
2025-12-03 20:39:25 | INFO     |    #3: Distance=315px from center
2025-12-03 20:39:25 | INFO     |    #4: Distance=433px from center
2025-12-03 20:39:25 | INFO     |    #5: Distance=480px from center
2025-12-03 20:39:25 | INFO     | 
  Verifying target #1 (D=157px)...
2025-12-03 20:39:25 | DEBUG    |     Clicking (1046, 439)
2025-12-03 20:39:26 | DEBUG    |     Health check: 649 red pixels -> ALIVE
2025-12-03 20:39:26 | DEBUG    |     âœ“ Verified MOB in 1 attempts
2025-12-03 20:39:26 | INFO     |     âœ“ Elite | Status: ALIVE
2025-12-03 20:39:26 | INFO     | 
>>>>>>>>>>>>>>>>>>>>>>>>>>>>>>>>>>>>>>>>>>>>>>>>>>>>>>>>>>>>
2025-12-03 20:39:26 | INFO     | âš”ï¸  ENGAGING: Elite
2025-12-03 20:39:26 | INFO     | >>>>>>>>>>>>>>>>>>>>>>>>>>>>>>>>>>>>>>>>>>>>>>>>>>>>>>>>>>>>
2025-12-03 20:39:26 | DEBUG    |     Health check: 649 red pixels -> ALIVE
2025-12-03 20:39:26 | INFO     |   â†’ Skill 1: 1
2025-12-03 20:39:27 | DEBUG    |     Health check: 649 red pixels -> ALIVE
2025-12-03 20:39:27 | INFO     |   â†’ Skill 2: 2
2025-12-03 20:39:28 | DEBUG    |     Health check: 649 red pixels -> ALIVE
2025-12-03 20:39:28 | INFO     |   â†’ Skill 3: 3
2025-12-03 20:39:29 | DEBUG    |     Health check: 29 red pixels -> DEAD
2025-12-03 20:39:29 | INFO     |   âœ“ Mob DEAD after skill 3!
2025-12-03 20:39:29 | INFO     | <<<<<<<<<<<<<<<<<<<<<<<<<<<<<<<<<<<<<<<<<<<<<<<<<<<<<<<<<<<<
2025-12-03 20:39:29 | INFO     | ðŸ’€ Total kills: 7 | Skills saved: 1
2025-12-03 20:39:29 | INFO     | <<<<<<<<<<<<<<<<<<<<<<<<<<<<<<<<<<<<<<<<<<<<<<<<<<<<<<<<<<<<

2025-12-03 20:39:29 | INFO     | 
  Verifying target #2 (D=241px)...
2025-12-03 20:39:29 | DEBUG    |     Clicking (1201, 549)
2025-12-03 20:39:29 | DEBUG    |     Health check: 29 red pixels -> DEAD
2025-12-03 20:39:29 | DEBUG    |     âœ“ Verified MOB in 1 attempts
2025-12-03 20:39:29 | INFO     |     âœ— Mob already DEAD
2025-12-03 20:39:29 | INFO     | 
  Verifying target #3 (D=315px)...
2025-12-03 20:39:29 | DEBUG    |     Clicking (1275, 551)
2025-12-03 20:39:30 | DEBUG    |     Health check: 29 red pixels -> DEAD
2025-12-03 20:39:30 | DEBUG    |     âœ“ Verified MOB in 1 attempts
2025-12-03 20:39:30 | INFO     |     âœ— Mob already DEAD
2025-12-03 20:39:30 | INFO     | 
======================================================================
2025-12-03 20:39:30 | INFO     | CYCLE #28
2025-12-03 20:39:30 | INFO     | ======================================================================
2025-12-03 20:39:30 | INFO     | Detected: 14 floating names
2025-12-03 20:39:30 | DEBUG    |   Name #12: Cached, skipping
2025-12-03 20:39:30 | DEBUG    |   Name #13: Cached, skipping
2025-12-03 20:39:30 | INFO     | â†’ Valid targets (after cache): 12
2025-12-03 20:39:30 | INFO     | â†’ Target priority (closest to farthest):
2025-12-03 20:39:30 | INFO     |    #1: Distance=4px from center
2025-12-03 20:39:30 | INFO     |    #2: Distance=186px from center
2025-12-03 20:39:30 | INFO     |    #3: Distance=201px from center
2025-12-03 20:39:30 | INFO     |    #4: Distance=298px from center
2025-12-03 20:39:30 | INFO     |    #5: Distance=346px from center
2025-12-03 20:39:30 | INFO     | 
  Verifying target #1 (D=4px)...
2025-12-03 20:39:30 | DEBUG    |     Clicking (961, 581)
2025-12-03 20:39:31 | DEBUG    |     Health check: 29 red pixels -> DEAD
2025-12-03 20:39:31 | DEBUG    |     âœ“ Verified MOB in 1 attempts
2025-12-03 20:39:31 | INFO     |     âœ— Mob already DEAD
2025-12-03 20:39:31 | INFO     | 
  Verifying target #2 (D=186px)...
2025-12-03 20:39:31 | DEBUG    |     Clicking (784, 508)
2025-12-03 20:39:31 | DEBUG    |     Health check: 29 red pixels -> DEAD
2025-12-03 20:39:31 | DEBUG    |     âœ“ Verified MOB in 1 attempts
2025-12-03 20:39:31 | INFO     |     âœ— Mob already DEAD
2025-12-03 20:39:31 | INFO     | 
  Verifying target #3 (D=201px)...
2025-12-03 20:39:31 | DEBUG    |     Clicking (824, 421)
2025-12-03 20:39:31 | DEBUG    |     Health check: 29 red pixels -> DEAD
2025-12-03 20:39:31 | DEBUG    |     âœ“ Verified MOB in 1 attempts
2025-12-03 20:39:31 | INFO     |     âœ— Mob already DEAD
2025-12-03 20:39:32 | INFO     | 
======================================================================
2025-12-03 20:39:32 | INFO     | CYCLE #29
2025-12-03 20:39:32 | INFO     | ======================================================================
2025-12-03 20:39:32 | INFO     | Detected: 13 floating names
2025-12-03 20:39:32 | DEBUG    |   Name #1: Cached, skipping
2025-12-03 20:39:32 | DEBUG    |   Name #2: Cached, skipping
2025-12-03 20:39:32 | DEBUG    |   Name #7: Cached, skipping
2025-12-03 20:39:32 | DEBUG    |   Name #12: Cached, skipping
2025-12-03 20:39:32 | DEBUG    |   Name #13: Cached, skipping
2025-12-03 20:39:32 | INFO     | â†’ Valid targets (after cache): 8
2025-12-03 20:39:32 | INFO     | â†’ Target priority (closest to farthest):
2025-12-03 20:39:32 | INFO     |    #1: Distance=79px from center
2025-12-03 20:39:32 | INFO     |    #2: Distance=246px from center
2025-12-03 20:39:32 | INFO     |    #3: Distance=306px from center
2025-12-03 20:39:32 | INFO     |    #4: Distance=306px from center
2025-12-03 20:39:32 | INFO     |    #5: Distance=377px from center
2025-12-03 20:39:32 | INFO     | 
  Verifying target #1 (D=79px)...
2025-12-03 20:39:32 | DEBUG    |     Clicking (1029, 532)
2025-12-03 20:39:32 | DEBUG    |     Health check: 29 red pixels -> DEAD
2025-12-03 20:39:32 | DEBUG    |     âœ“ Verified MOB in 1 attempts
2025-12-03 20:39:32 | INFO     |     âœ— Mob already DEAD
2025-12-03 20:39:32 | INFO     | 
  Verifying target #2 (D=246px)...
2025-12-03 20:39:32 | DEBUG    |     Clicking (1195, 643)
2025-12-03 20:39:33 | DEBUG    |     Health check: 29 red pixels -> DEAD
2025-12-03 20:39:33 | DEBUG    |     âœ“ Verified MOB in 1 attempts
2025-12-03 20:39:33 | INFO     |     âœ— Mob already DEAD
2025-12-03 20:39:33 | INFO     | 
  Verifying target #3 (D=306px)...
2025-12-03 20:39:33 | DEBUG    |     Clicking (1026, 272)
2025-12-03 20:39:33 | DEBUG    |     Health check: 29 red pixels -> DEAD
2025-12-03 20:39:33 | DEBUG    |     âœ“ Verified MOB in 1 attempts
2025-12-03 20:39:33 | INFO     |     âœ— Mob already DEAD
2025-12-03 20:39:39 | INFO     | 
â¸ï¸  PAUSED - Press CapsLock to resume

2025-12-03 20:43:55 | INFO     | 

â›” Bot stopped by user
2025-12-03 20:43:55 | INFO     | 
======================================================================
2025-12-03 20:43:55 | INFO     | FINAL STATISTICS
2025-12-03 20:43:55 | INFO     | ======================================================================
2025-12-03 20:43:55 | INFO     | Total Cycles: 29
2025-12-03 20:43:55 | INFO     | Total Clicks: 86
2025-12-03 20:43:55 | INFO     | Verified Mobs: 81
2025-12-03 20:43:55 | INFO     | Filtered Pets: 5
2025-12-03 20:43:55 | INFO     | Total Kills: 7
2025-12-03 20:43:55 | INFO     | Early Stops: 7 (stopped rotation early due to death)
2025-12-03 20:43:55 | INFO     | Skills Used: 21
2025-12-03 20:43:55 | INFO     | Avg Skills/Kill: 3.0
2025-12-03 20:43:55 | INFO     | Uptime: 332s (5m 32s)
2025-12-03 20:43:55 | INFO     | Cache Hit Rate: 35.4%
2025-12-03 20:43:55 | INFO     | ======================================================================
