2025-11-30 23:14:45 | INFO     | ======================================================================
2025-11-30 23:14:45 | INFO     | MOB HUNTER v3.0 - FULL VERSION
2025-11-30 23:14:45 | INFO     | ======================================================================
2025-11-30 23:14:45 | INFO     | Log directory: logs/session_20251130_231445
2025-11-30 23:14:45 | INFO     | Screen: 1920x1080
2025-11-30 23:14:45 | INFO     | Overlay: ENABLED
2025-11-30 23:14:45 | INFO     | ======================================================================
2025-11-30 23:14:45 | INFO     | 
🚀 Bot initialized! Press CapsLock to start, Ctrl+C to stop.

2025-11-30 23:14:49 | INFO     | 
▶ RUNNING - Press CapsLock to pause
2025-11-30 23:14:49 | INFO     | 
======================================================================
2025-11-30 23:14:49 | INFO     | CYCLE #1
2025-11-30 23:14:49 | INFO     | ======================================================================
2025-11-30 23:14:49 | INFO     | Detected: 6 floating names
2025-11-30 23:14:49 | DEBUG    |   Name #1: Player zone
2025-11-30 23:14:49 | DEBUG    |   Name #2: Player zone
2025-11-30 23:14:49 | DEBUG    |   Name #3: Player zone
2025-11-30 23:14:49 | INFO     |   ✓ Target #4 at (1229, 329)
2025-11-30 23:14:49 | DEBUG    |   Name #5: Cached
2025-11-30 23:14:49 | DEBUG    |   Name #6: Cached
2025-11-30 23:14:49 | INFO     | → Valid targets: 1
2025-11-30 23:14:49 | INFO     |   📍 Targets sorted by distance from center:
2025-11-30 23:14:49 | INFO     |     #1: Distance 341.9px from center at (1229, 329)
2025-11-30 23:14:49 | INFO     | 
  Verifying #1...
2025-11-30 23:14:49 | DEBUG    |     Clicking (1229, 359)
2025-11-30 23:14:49 | DEBUG    |     Red pixel check: 833 red pixels found -> ALIVE
2025-11-30 23:14:49 | DEBUG    |     Nameplate read in 1 attempts
2025-11-30 23:14:49 | INFO     |     ✓ Elite | HP: 69% | Status: ALIVE - Keep fighting
2025-11-30 23:14:49 | INFO     | 
>>>>>>>>>>>>>>>>>>>>>>>>>>>>>>>>>>>>>>>>>>>>>>>>>>
2025-11-30 23:14:49 | INFO     | ENGAGING: Elite (HP: 69%)
2025-11-30 23:14:49 | INFO     | >>>>>>>>>>>>>>>>>>>>>>>>>>>>>>>>>>>>>>>>>>>>>>>>>>
2025-11-30 23:14:49 | INFO     |   Skill 1: 1
2025-11-30 23:14:50 | INFO     |   Skill 2: 2
2025-11-30 23:14:51 | INFO     |   Skill 3: 3
2025-11-30 23:14:51 | INFO     |   Skill 4: 4
2025-11-30 23:14:52 | INFO     | 
⏸ PAUSED - Press CapsLock to resume
2025-11-30 23:14:52 | INFO     | <<<<<<<<<<<<<<<<<<<<<<<<<<<<<<<<<<<<<<<<<<<<<<<<<<
2025-11-30 23:14:52 | INFO     | Total engagements: 1

2025-11-30 23:15:01 | INFO     | 
▶ RUNNING - Press CapsLock to pause
2025-11-30 23:15:01 | INFO     | 
======================================================================
2025-11-30 23:15:01 | INFO     | CYCLE #2
2025-11-30 23:15:01 | INFO     | ======================================================================
2025-11-30 23:15:01 | INFO     | Detected: 11 floating names
2025-11-30 23:15:01 | DEBUG    |   Name #1: Player zone
2025-11-30 23:15:01 | DEBUG    |   Name #2: Player zone
2025-11-30 23:15:01 | DEBUG    |   Name #3: Player zone
2025-11-30 23:15:01 | DEBUG    |   Region near center, might be player
2025-11-30 23:15:01 | INFO     |   ✓ Target #5 at (981, 312)
2025-11-30 23:15:01 | INFO     |   ✓ Target #6 at (1068, 168)
2025-11-30 23:15:01 | INFO     |   ✓ Target #7 at (937, 167)
2025-11-30 23:15:01 | INFO     |   ✓ Target #8 at (888, 167)
2025-11-30 23:15:01 | INFO     |   ✓ Target #9 at (853, 167)
2025-11-30 23:15:01 | DEBUG    |   Name #10: Cached
2025-11-30 23:15:01 | DEBUG    |   Name #11: Cached
2025-11-30 23:15:01 | INFO     | → Valid targets: 5
2025-11-30 23:15:01 | INFO     |   📍 Targets sorted by distance from center:
2025-11-30 23:15:01 | INFO     |     #1: Distance 229.0px from center at (981, 312)
2025-11-30 23:15:01 | INFO     |     #2: Distance 373.7px from center at (937, 167)
2025-11-30 23:15:01 | INFO     |     #3: Distance 379.9px from center at (888, 167)
2025-11-30 23:15:01 | INFO     |     #4: Distance 387.4px from center at (1068, 168)
2025-11-30 23:15:01 | INFO     |     #5: Distance 388.0px from center at (853, 167)
2025-11-30 23:15:01 | INFO     | 
  Verifying #1...
2025-11-30 23:15:01 | DEBUG    |     Clicking (981, 342)
2025-11-30 23:15:01 | DEBUG    |     Red pixel check: 828 red pixels found -> ALIVE
2025-11-30 23:15:01 | DEBUG    |     Nameplate read in 1 attempts
2025-11-30 23:15:01 | INFO     |     ✓ Elite | HP: 69% | Status: ALIVE - Keep fighting
2025-11-30 23:15:01 | INFO     | 
  Verifying #2...
2025-11-30 23:15:01 | DEBUG    |     Clicking (937, 197)
2025-11-30 23:15:02 | DEBUG    |     Red pixel check: 828 red pixels found -> ALIVE
2025-11-30 23:15:02 | DEBUG    |     Nameplate read in 1 attempts
2025-11-30 23:15:02 | INFO     |     ✓ Elite | HP: 69% | Status: ALIVE - Keep fighting
2025-11-30 23:15:02 | INFO     | 
>>>>>>>>>>>>>>>>>>>>>>>>>>>>>>>>>>>>>>>>>>>>>>>>>>
2025-11-30 23:15:02 | INFO     | ENGAGING: Elite (HP: 69%)
2025-11-30 23:15:02 | INFO     | >>>>>>>>>>>>>>>>>>>>>>>>>>>>>>>>>>>>>>>>>>>>>>>>>>
2025-11-30 23:15:02 | INFO     |   Skill 1: 1
2025-11-30 23:15:02 | INFO     |   Skill 2: 2
2025-11-30 23:15:03 | INFO     |   Skill 3: 3
2025-11-30 23:15:04 | INFO     |   Skill 4: 4
2025-11-30 23:15:04 | INFO     | <<<<<<<<<<<<<<<<<<<<<<<<<<<<<<<<<<<<<<<<<<<<<<<<<<
2025-11-30 23:15:04 | INFO     | Total engagements: 2

2025-11-30 23:15:05 | INFO     | 
======================================================================
2025-11-30 23:15:05 | INFO     | CYCLE #3
2025-11-30 23:15:05 | INFO     | ======================================================================
2025-11-30 23:15:05 | INFO     | Detected: 10 floating names
2025-11-30 23:15:05 | DEBUG    |   Name #1: Player zone
2025-11-30 23:15:05 | DEBUG    |   Name #2: Player zone
2025-11-30 23:15:05 | DEBUG    |   Region near center, might be player
2025-11-30 23:15:05 | DEBUG    |   Region near center, might be player
2025-11-30 23:15:05 | INFO     |   ✓ Target #5 at (1203, 310)
2025-11-30 23:15:05 | INFO     |   ✓ Target #6 at (1090, 269)
2025-11-30 23:15:05 | INFO     |   ✓ Target #7 at (925, 258)
2025-11-30 23:15:05 | DEBUG    |   Name #8: Cached
2025-11-30 23:15:05 | DEBUG    |   Name #9: Cached
2025-11-30 23:15:05 | INFO     |   ✓ Target #10 at (1859, 210)
2025-11-30 23:15:05 | INFO     | → Valid targets: 4
2025-11-30 23:15:05 | INFO     |   📍 Targets sorted by distance from center:
2025-11-30 23:15:05 | INFO     |     #1: Distance 284.2px from center at (925, 258)
2025-11-30 23:15:05 | INFO     |     #2: Distance 300.6px from center at (1090, 269)
2025-11-30 23:15:05 | INFO     |     #3: Distance 334.6px from center at (1203, 310)
2025-11-30 23:15:05 | INFO     |     #4: Distance 957.7px from center at (1859, 210)
2025-11-30 23:15:05 | INFO     | 
  Verifying #1...
2025-11-30 23:15:05 | DEBUG    |     Clicking (925, 288)
2025-11-30 23:15:05 | DEBUG    |     Red pixel check: 828 red pixels found -> ALIVE
2025-11-30 23:15:05 | DEBUG    |     Nameplate read in 1 attempts
2025-11-30 23:15:05 | INFO     |     ✓ Elite | HP: 69% | Status: ALIVE - Keep fighting
2025-11-30 23:15:05 | INFO     | 
  Verifying #2...
2025-11-30 23:15:05 | DEBUG    |     Clicking (1090, 299)
2025-11-30 23:15:06 | DEBUG    |     Red pixel check: 828 red pixels found -> ALIVE
2025-11-30 23:15:06 | DEBUG    |     Nameplate read in 1 attempts
2025-11-30 23:15:06 | INFO     |     ✓ Elite | HP: 69% | Status: ALIVE - Keep fighting
2025-11-30 23:15:06 | INFO     | 
>>>>>>>>>>>>>>>>>>>>>>>>>>>>>>>>>>>>>>>>>>>>>>>>>>
2025-11-30 23:15:06 | INFO     | ENGAGING: Elite (HP: 69%)
2025-11-30 23:15:06 | INFO     | >>>>>>>>>>>>>>>>>>>>>>>>>>>>>>>>>>>>>>>>>>>>>>>>>>
2025-11-30 23:15:06 | INFO     |   Skill 1: 1
2025-11-30 23:15:06 | INFO     |   Skill 2: 2
2025-11-30 23:15:07 | INFO     |   Skill 3: 3
2025-11-30 23:15:08 | INFO     |   Skill 4: 4
2025-11-30 23:15:08 | INFO     | <<<<<<<<<<<<<<<<<<<<<<<<<<<<<<<<<<<<<<<<<<<<<<<<<<
2025-11-30 23:15:08 | INFO     | Total engagements: 3

2025-11-30 23:15:09 | INFO     | 
======================================================================
2025-11-30 23:15:09 | INFO     | CYCLE #4
2025-11-30 23:15:09 | INFO     | ======================================================================
2025-11-30 23:15:09 | INFO     | Detected: 14 floating names
2025-11-30 23:15:09 | INFO     |   ✓ Target #1 at (798, 695)
2025-11-30 23:15:09 | DEBUG    |   Name #2: Player zone
2025-11-30 23:15:09 | DEBUG    |   Name #3: Player zone
2025-11-30 23:15:09 | INFO     |   ✓ Target #4 at (1046, 298)
2025-11-30 23:15:09 | INFO     |   ✓ Target #5 at (832, 280)
2025-11-30 23:15:09 | DEBUG    |   Name #6: Cached
2025-11-30 23:15:09 | INFO     |   ✓ Target #7 at (1159, 250)
2025-11-30 23:15:09 | INFO     |   ✓ Target #8 at (1050, 200)
2025-11-30 23:15:09 | INFO     |   ✓ Target #9 at (1068, 168)
2025-11-30 23:15:09 | INFO     |   ✓ Target #10 at (937, 167)
2025-11-30 23:15:09 | INFO     |   ✓ Target #11 at (888, 167)
2025-11-30 23:15:09 | INFO     |   ✓ Target #12 at (853, 167)
2025-11-30 23:15:09 | INFO     |   ✓ Target #13 at (794, 755)
2025-11-30 23:15:09 | DEBUG    |   Name #14: Cached
2025-11-30 23:15:09 | INFO     | → Valid targets: 10
2025-11-30 23:15:09 | INFO     |   📍 Targets sorted by distance from center:
2025-11-30 23:15:09 | INFO     |     #1: Distance 224.2px from center at (798, 695)
2025-11-30 23:15:09 | INFO     |     #2: Distance 256.8px from center at (1046, 298)
2025-11-30 23:15:09 | INFO     |     #3: Distance 271.6px from center at (794, 755)
2025-11-30 23:15:09 | INFO     |     #4: Distance 289.8px from center at (832, 280)
2025-11-30 23:15:09 | INFO     |     #5: Distance 351.7px from center at (1050, 200)
2025-11-30 23:15:09 | INFO     | 
  Verifying #1...
2025-11-30 23:15:09 | DEBUG    |     Clicking (798, 725)
2025-11-30 23:15:09 | DEBUG    |     Red pixel check: 137 red pixels found -> ALIVE
2025-11-30 23:15:09 | DEBUG    |     Nameplate read in 1 attempts
2025-11-30 23:15:09 | INFO     |     ✓ Elite | HP: 4% | Status: ALIVE - Keep fighting
2025-11-30 23:15:09 | INFO     | 
  Verifying #2...
2025-11-30 23:15:09 | DEBUG    |     Clicking (1046, 328)
2025-11-30 23:15:10 | DEBUG    |     Red pixel check: 828 red pixels found -> ALIVE
2025-11-30 23:15:10 | DEBUG    |     Nameplate read in 1 attempts
2025-11-30 23:15:10 | INFO     |     ✓ Elite | HP: 69% | Status: ALIVE - Keep fighting
2025-11-30 23:15:10 | INFO     | 
======================================================================
2025-11-30 23:15:10 | INFO     | CYCLE #5
2025-11-30 23:15:10 | INFO     | ======================================================================
2025-11-30 23:15:10 | INFO     | Detected: 12 floating names
2025-11-30 23:15:10 | DEBUG    |   Name #1: Player zone
2025-11-30 23:15:10 | INFO     |   ✓ Target #2 at (999, 381)
2025-11-30 23:15:10 | INFO     |   ✓ Target #3 at (711, 350)
2025-11-30 23:15:10 | INFO     |   ✓ Target #4 at (1022, 335)
2025-11-30 23:15:10 | INFO     |   ✓ Target #5 at (789, 302)
2025-11-30 23:15:10 | INFO     |   ✓ Target #6 at (1168, 299)
2025-11-30 23:15:10 | INFO     |   ✓ Target #7 at (1006, 236)
2025-11-30 23:15:10 | DEBUG    |   Name #8: Cached
2025-11-30 23:15:10 | DEBUG    |   Name #9: Cached
2025-11-30 23:15:10 | DEBUG    |   Name #10: Cached
2025-11-30 23:15:10 | DEBUG    |   Name #11: Cached
2025-11-30 23:15:10 | DEBUG    |   Name #12: Cached
2025-11-30 23:15:10 | INFO     | → Valid targets: 6
2025-11-30 23:15:10 | INFO     |   📍 Targets sorted by distance from center:
2025-11-30 23:15:10 | INFO     |     #1: Distance 163.7px from center at (999, 381)
2025-11-30 23:15:10 | INFO     |     #2: Distance 214.2px from center at (1022, 335)
2025-11-30 23:15:10 | INFO     |     #3: Distance 293.1px from center at (789, 302)
2025-11-30 23:15:10 | INFO     |     #4: Distance 307.5px from center at (1006, 236)
2025-11-30 23:15:10 | INFO     |     #5: Distance 313.2px from center at (711, 350)
2025-11-30 23:15:10 | INFO     | 
  Verifying #1...
2025-11-30 23:15:10 | DEBUG    |     Clicking (999, 411)
2025-11-30 23:15:11 | DEBUG    |     Red pixel check: 828 red pixels found -> ALIVE
2025-11-30 23:15:11 | DEBUG    |     Nameplate read in 1 attempts
2025-11-30 23:15:11 | INFO     |     ✓ Elite | HP: 69% | Status: ALIVE - Keep fighting
2025-11-30 23:15:11 | INFO     | 
  Verifying #2...
2025-11-30 23:15:11 | DEBUG    |     Clicking (1022, 365)
2025-11-30 23:15:11 | DEBUG    |     Red pixel check: 884 red pixels found -> ALIVE
2025-11-30 23:15:11 | DEBUG    |     Nameplate read in 1 attempts
2025-11-30 23:15:11 | INFO     |     ✓ Elite | HP: 69% | Status: ALIVE - Keep fighting
2025-11-30 23:15:11 | INFO     | 
>>>>>>>>>>>>>>>>>>>>>>>>>>>>>>>>>>>>>>>>>>>>>>>>>>
2025-11-30 23:15:11 | INFO     | ENGAGING: Elite (HP: 69%)
2025-11-30 23:15:11 | INFO     | >>>>>>>>>>>>>>>>>>>>>>>>>>>>>>>>>>>>>>>>>>>>>>>>>>
2025-11-30 23:15:11 | INFO     |   Skill 1: 1
2025-11-30 23:15:12 | INFO     |   Skill 2: 2
2025-11-30 23:15:12 | INFO     |   Skill 3: 3
2025-11-30 23:15:13 | INFO     |   Skill 4: 4
2025-11-30 23:15:14 | INFO     | <<<<<<<<<<<<<<<<<<<<<<<<<<<<<<<<<<<<<<<<<<<<<<<<<<
2025-11-30 23:15:14 | INFO     | Total engagements: 4

2025-11-30 23:15:14 | INFO     | 
======================================================================
2025-11-30 23:15:14 | INFO     | CYCLE #6
2025-11-30 23:15:14 | INFO     | ======================================================================
2025-11-30 23:15:14 | INFO     | Detected: 14 floating names
2025-11-30 23:15:14 | DEBUG    |   Name #1: Player zone
2025-11-30 23:15:14 | DEBUG    |   Name #2: Player zone
2025-11-30 23:15:14 | DEBUG    |   Name #3: Player zone
2025-11-30 23:15:14 | DEBUG    |   Region near center, might be player
2025-11-30 23:15:14 | DEBUG    |   Region near center, might be player
2025-11-30 23:15:14 | INFO     |   ✓ Target #6 at (948, 389)
2025-11-30 23:15:14 | INFO     |   ✓ Target #7 at (621, 373)
2025-11-30 23:15:14 | INFO     |   ✓ Target #8 at (700, 334)
2025-11-30 23:15:14 | INFO     |   ✓ Target #9 at (1227, 327)
2025-11-30 23:15:14 | INFO     |   ✓ Target #10 at (866, 275)
2025-11-30 23:15:14 | INFO     |   ✓ Target #11 at (1055, 264)
2025-11-30 23:15:14 | INFO     |   ✓ Target #12 at (990, 167)
2025-11-30 23:15:14 | INFO     |   ✓ Target #13 at (947, 167)
2025-11-30 23:15:14 | INFO     |   ✓ Target #14 at (899, 167)
2025-11-30 23:15:14 | INFO     | → Valid targets: 9
2025-11-30 23:15:14 | INFO     |   📍 Targets sorted by distance from center:
2025-11-30 23:15:14 | INFO     |     #1: Distance 151.5px from center at (948, 389)
2025-11-30 23:15:14 | INFO     |     #2: Distance 281.2px from center at (866, 275)
2025-11-30 23:15:14 | INFO     |     #3: Distance 291.9px from center at (1055, 264)
2025-11-30 23:15:14 | INFO     |     #4: Distance 331.7px from center at (700, 334)
2025-11-30 23:15:14 | INFO     |     #5: Distance 341.6px from center at (1227, 327)
2025-11-30 23:15:14 | INFO     | 
  Verifying #1...
2025-11-30 23:15:14 | DEBUG    |     Clicking (948, 419)
2025-11-30 23:15:15 | DEBUG    |     Red pixel check: 884 red pixels found -> ALIVE
2025-11-30 23:15:15 | DEBUG    |     Nameplate read in 1 attempts
2025-11-30 23:15:15 | INFO     |     ✓ Elite | HP: 69% | Status: ALIVE - Keep fighting
2025-11-30 23:15:15 | INFO     | 
  Verifying #2...
2025-11-30 23:15:15 | DEBUG    |     Clicking (866, 305)
2025-11-30 23:15:15 | DEBUG    |     Red pixel check: 828 red pixels found -> ALIVE
2025-11-30 23:15:15 | DEBUG    |     Nameplate read in 1 attempts
2025-11-30 23:15:15 | INFO     |     ✓ Elite | HP: 69% | Status: ALIVE - Keep fighting
2025-11-30 23:15:15 | INFO     | 
>>>>>>>>>>>>>>>>>>>>>>>>>>>>>>>>>>>>>>>>>>>>>>>>>>
2025-11-30 23:15:15 | INFO     | ENGAGING: Elite (HP: 69%)
2025-11-30 23:15:15 | INFO     | >>>>>>>>>>>>>>>>>>>>>>>>>>>>>>>>>>>>>>>>>>>>>>>>>>
2025-11-30 23:15:15 | INFO     |   Skill 1: 1
2025-11-30 23:15:16 | INFO     |   Skill 2: 2
2025-11-30 23:15:16 | INFO     |   Skill 3: 3
2025-11-30 23:15:17 | INFO     |   Skill 4: 4
2025-11-30 23:15:18 | INFO     | <<<<<<<<<<<<<<<<<<<<<<<<<<<<<<<<<<<<<<<<<<<<<<<<<<
2025-11-30 23:15:18 | INFO     | Total engagements: 5

2025-11-30 23:15:18 | INFO     | 
======================================================================
2025-11-30 23:15:18 | INFO     | CYCLE #7
2025-11-30 23:15:18 | INFO     | ======================================================================
2025-11-30 23:15:18 | INFO     | Detected: 10 floating names
2025-11-30 23:15:18 | INFO     |   ✓ Target #1 at (1317, 790)
2025-11-30 23:15:18 | DEBUG    |   Region near center, might be player
2025-11-30 23:15:18 | DEBUG    |   Region near center, might be player
2025-11-30 23:15:18 | DEBUG    |   Name #4: Player zone
2025-11-30 23:15:18 | DEBUG    |   Name #5: Cached
2025-11-30 23:15:18 | DEBUG    |   Region near center, might be player
2025-11-30 23:15:18 | INFO     |   ✓ Target #7 at (876, 321)
2025-11-30 23:15:18 | INFO     |   ✓ Target #8 at (1095, 301)
2025-11-30 23:15:18 | INFO     |   ✓ Target #9 at (1363, 234)
2025-11-30 23:15:18 | INFO     |   ✓ Target #10 at (1152, 782)
2025-11-30 23:15:18 | INFO     | → Valid targets: 5
2025-11-30 23:15:18 | INFO     |   📍 Targets sorted by distance from center:
2025-11-30 23:15:18 | INFO     |     #1: Distance 234.6px from center at (876, 321)
2025-11-30 23:15:18 | INFO     |     #2: Distance 274.5px from center at (1095, 301)
2025-11-30 23:15:18 | INFO     |     #3: Distance 308.9px from center at (1152, 782)
2025-11-30 23:15:18 | INFO     |     #4: Distance 435.8px from center at (1317, 790)
2025-11-30 23:15:18 | INFO     |     #5: Distance 506.0px from center at (1363, 234)
2025-11-30 23:15:18 | INFO     | 
  Verifying #1...
2025-11-30 23:15:18 | DEBUG    |     Clicking (876, 351)
2025-11-30 23:15:19 | DEBUG    |     Red pixel check: 540 red pixels found -> ALIVE
2025-11-30 23:15:19 | DEBUG    |     Nameplate read in 1 attempts
2025-11-30 23:15:19 | INFO     |     ✓ Elite | HP: 43% | Status: ALIVE - Keep fighting
2025-11-30 23:15:19 | INFO     | 
  Verifying #2...
2025-11-30 23:15:19 | DEBUG    |     Clicking (1095, 331)
2025-11-30 23:15:19 | DEBUG    |     Red pixel check: 828 red pixels found -> ALIVE
2025-11-30 23:15:19 | DEBUG    |     Nameplate read in 1 attempts
2025-11-30 23:15:19 | INFO     |     ✓ Elite | HP: 69% | Status: ALIVE - Keep fighting
2025-11-30 23:15:19 | INFO     | 
>>>>>>>>>>>>>>>>>>>>>>>>>>>>>>>>>>>>>>>>>>>>>>>>>>
2025-11-30 23:15:19 | INFO     | ENGAGING: Elite (HP: 43%)
2025-11-30 23:15:19 | INFO     | >>>>>>>>>>>>>>>>>>>>>>>>>>>>>>>>>>>>>>>>>>>>>>>>>>
2025-11-30 23:15:19 | INFO     |   Skill 1: 1
2025-11-30 23:15:20 | INFO     |   Skill 2: 2
2025-11-30 23:15:20 | INFO     |   Skill 3: 3
2025-11-30 23:15:21 | INFO     |   Skill 4: 4
2025-11-30 23:15:22 | INFO     | <<<<<<<<<<<<<<<<<<<<<<<<<<<<<<<<<<<<<<<<<<<<<<<<<<
2025-11-30 23:15:22 | INFO     | Total engagements: 6

2025-11-30 23:15:22 | INFO     | 
======================================================================
2025-11-30 23:15:22 | INFO     | CYCLE #8
2025-11-30 23:15:22 | INFO     | ======================================================================
2025-11-30 23:15:22 | INFO     | Detected: 11 floating names
2025-11-30 23:15:22 | DEBUG    |   Region near center, might be player
2025-11-30 23:15:22 | DEBUG    |   Region near center, might be player
2025-11-30 23:15:22 | DEBUG    |   Region near center, might be player
2025-11-30 23:15:22 | DEBUG    |   Region near center, might be player
2025-11-30 23:15:22 | INFO     |   ✓ Target #5 at (578, 362)
2025-11-30 23:15:22 | INFO     |   ✓ Target #6 at (961, 356)
2025-11-30 23:15:22 | INFO     |   ✓ Target #7 at (318, 235)
2025-11-30 23:15:22 | INFO     |   ✓ Target #8 at (460, 222)
2025-11-30 23:15:22 | INFO     |   ✓ Target #9 at (212, 170)
2025-11-30 23:15:22 | INFO     |   ✓ Target #10 at (738, 166)
2025-11-30 23:15:22 | DEBUG    |   Name #11: Cached
2025-11-30 23:15:22 | INFO     | → Valid targets: 6
2025-11-30 23:15:22 | INFO     |   📍 Targets sorted by distance from center:
2025-11-30 23:15:22 | INFO     |     #1: Distance 184.0px from center at (961, 356)
2025-11-30 23:15:22 | INFO     |     #2: Distance 421.4px from center at (578, 362)
2025-11-30 23:15:22 | INFO     |     #3: Distance 434.9px from center at (738, 166)
2025-11-30 23:15:22 | INFO     |     #4: Distance 592.6px from center at (460, 222)
2025-11-30 23:15:22 | INFO     |     #5: Distance 710.8px from center at (318, 235)
2025-11-30 23:15:22 | INFO     | 
  Verifying #1...
2025-11-30 23:15:22 | DEBUG    |     Clicking (961, 386)
2025-11-30 23:15:23 | DEBUG    |     Red pixel check: 828 red pixels found -> ALIVE
2025-11-30 23:15:23 | DEBUG    |     Nameplate read in 1 attempts
2025-11-30 23:15:23 | INFO     |     ✓ Elite | HP: 69% | Status: ALIVE - Keep fighting
2025-11-30 23:15:23 | INFO     | 
  Verifying #2...
2025-11-30 23:15:23 | DEBUG    |     Clicking (578, 392)
2025-11-30 23:15:23 | DEBUG    |     Red pixel check: 828 red pixels found -> ALIVE
2025-11-30 23:15:23 | DEBUG    |     Nameplate read in 1 attempts
2025-11-30 23:15:23 | INFO     |     ✓ Elite | HP: 69% | Status: ALIVE - Keep fighting
2025-11-30 23:15:23 | INFO     | 
>>>>>>>>>>>>>>>>>>>>>>>>>>>>>>>>>>>>>>>>>>>>>>>>>>
2025-11-30 23:15:23 | INFO     | ENGAGING: Elite (HP: 69%)
2025-11-30 23:15:23 | INFO     | >>>>>>>>>>>>>>>>>>>>>>>>>>>>>>>>>>>>>>>>>>>>>>>>>>
2025-11-30 23:15:23 | INFO     |   Skill 1: 1
2025-11-30 23:15:24 | INFO     |   Skill 2: 2
2025-11-30 23:15:25 | INFO     |   Skill 3: 3
2025-11-30 23:15:25 | INFO     |   Skill 4: 4
2025-11-30 23:15:26 | INFO     | <<<<<<<<<<<<<<<<<<<<<<<<<<<<<<<<<<<<<<<<<<<<<<<<<<
2025-11-30 23:15:26 | INFO     | Total engagements: 7

2025-11-30 23:15:26 | INFO     | 
======================================================================
2025-11-30 23:15:26 | INFO     | CYCLE #9
2025-11-30 23:15:26 | INFO     | ======================================================================
2025-11-30 23:15:26 | INFO     | Detected: 14 floating names
2025-11-30 23:15:26 | INFO     |   ✓ Target #1 at (446, 787)
2025-11-30 23:15:26 | DEBUG    |   Region near center, might be player
2025-11-30 23:15:26 | DEBUG    |   Name #3: Player zone
2025-11-30 23:15:26 | DEBUG    |   Name #4: Player zone
2025-11-30 23:15:26 | DEBUG    |   Region near center, might be player
2025-11-30 23:15:26 | DEBUG    |   Region near center, might be player
2025-11-30 23:15:26 | DEBUG    |   Region near center, might be player
2025-11-30 23:15:26 | INFO     |   ✓ Target #8 at (682, 224)
2025-11-30 23:15:26 | INFO     |   ✓ Target #9 at (1068, 168)
2025-11-30 23:15:26 | INFO     |   ✓ Target #10 at (937, 167)
2025-11-30 23:15:26 | INFO     |   ✓ Target #11 at (888, 167)
2025-11-30 23:15:26 | INFO     |   ✓ Target #12 at (853, 167)
2025-11-30 23:15:26 | DEBUG    |   Name #13: Cached
2025-11-30 23:15:26 | INFO     |   ✓ Target #14 at (555, 771)
2025-11-30 23:15:26 | INFO     | → Valid targets: 7
2025-11-30 23:15:26 | INFO     |   📍 Targets sorted by distance from center:
2025-11-30 23:15:26 | INFO     |     #1: Distance 373.7px from center at (937, 167)
2025-11-30 23:15:26 | INFO     |     #2: Distance 379.9px from center at (888, 167)
2025-11-30 23:15:26 | INFO     |     #3: Distance 387.4px from center at (1068, 168)
2025-11-30 23:15:26 | INFO     |     #4: Distance 388.0px from center at (853, 167)
2025-11-30 23:15:26 | INFO     |     #5: Distance 420.9px from center at (682, 224)
2025-11-30 23:15:26 | INFO     | 
  Verifying #1...
2025-11-30 23:15:26 | DEBUG    |     Clicking (937, 197)
2025-11-30 23:15:27 | DEBUG    |     Red pixel check: 45 red pixels found -> ALIVE
2025-11-30 23:15:27 | DEBUG    |     Nameplate read in 1 attempts
2025-11-30 23:15:27 | INFO     |     ✓ Elite | HP: 3% | Status: ALIVE - Keep fighting
2025-11-30 23:15:27 | INFO     | 
  Verifying #2...
2025-11-30 23:15:27 | DEBUG    |     Clicking (888, 197)
2025-11-30 23:15:27 | DEBUG    |     Red pixel check: 45 red pixels found -> ALIVE
2025-11-30 23:15:27 | DEBUG    |     Nameplate read in 1 attempts
2025-11-30 23:15:27 | INFO     |     ✓ Elite | HP: 3% | Status: ALIVE - Keep fighting
2025-11-30 23:15:28 | INFO     | 
======================================================================
2025-11-30 23:15:28 | INFO     | CYCLE #10
2025-11-30 23:15:28 | INFO     | ======================================================================
2025-11-30 23:15:28 | INFO     | Detected: 7 floating names
2025-11-30 23:15:28 | INFO     |   ✓ Target #1 at (997, 716)
2025-11-30 23:15:28 | INFO     |   ✓ Target #2 at (1245, 276)
2025-11-30 23:15:28 | INFO     |   ✓ Target #3 at (885, 236)
2025-11-30 23:15:28 | DEBUG    |   Name #4: Cached
2025-11-30 23:15:28 | DEBUG    |   Name #5: Cached
2025-11-30 23:15:28 | DEBUG    |   Name #6: Cached
2025-11-30 23:15:28 | DEBUG    |   Name #7: Cached
2025-11-30 23:15:28 | INFO     | → Valid targets: 3
2025-11-30 23:15:28 | INFO     |   📍 Targets sorted by distance from center:
2025-11-30 23:15:28 | INFO     |     #1: Distance 179.8px from center at (997, 716)
2025-11-30 23:15:28 | INFO     |     #2: Distance 313.1px from center at (885, 236)
2025-11-30 23:15:28 | INFO     |     #3: Distance 388.5px from center at (1245, 276)
2025-11-30 23:15:28 | INFO     | 
  Verifying #1...
2025-11-30 23:15:28 | DEBUG    |     Clicking (997, 750)
2025-11-30 23:15:28 | DEBUG    |     Red pixel check: 211 red pixels found -> ALIVE
2025-11-30 23:15:28 | DEBUG    |     Nameplate read in 1 attempts
2025-11-30 23:15:28 | INFO     |     ✓ Elite | HP: 5% | Status: ALIVE - Keep fighting
2025-11-30 23:15:28 | INFO     | 
  Verifying #2...
2025-11-30 23:15:28 | DEBUG    |     Clicking (885, 266)
2025-11-30 23:15:28 | DEBUG    |     Red pixel check: 101 red pixels found -> ALIVE
2025-11-30 23:15:28 | DEBUG    |     Nameplate read in 1 attempts
2025-11-30 23:15:28 | INFO     |     ✓ Elite | HP: 5% | Status: ALIVE - Keep fighting
2025-11-30 23:15:28 | INFO     | 
>>>>>>>>>>>>>>>>>>>>>>>>>>>>>>>>>>>>>>>>>>>>>>>>>>
2025-11-30 23:15:28 | INFO     | ENGAGING: Elite (HP: 5%)
2025-11-30 23:15:28 | INFO     | >>>>>>>>>>>>>>>>>>>>>>>>>>>>>>>>>>>>>>>>>>>>>>>>>>
2025-11-30 23:15:28 | INFO     |   Skill 1: 1
2025-11-30 23:15:29 | INFO     |   Skill 2: 2
2025-11-30 23:15:30 | INFO     |   Skill 3: 3
2025-11-30 23:15:31 | INFO     |   Skill 4: 4
2025-11-30 23:15:31 | INFO     | <<<<<<<<<<<<<<<<<<<<<<<<<<<<<<<<<<<<<<<<<<<<<<<<<<
2025-11-30 23:15:31 | INFO     | Total engagements: 8

2025-11-30 23:15:32 | INFO     | 
⏸ PAUSED - Press CapsLock to resume
2025-11-30 23:15:34 | INFO     | 
▶ RUNNING - Press CapsLock to pause
2025-11-30 23:15:34 | INFO     | 
======================================================================
2025-11-30 23:15:34 | INFO     | CYCLE #11
2025-11-30 23:15:34 | INFO     | ======================================================================
2025-11-30 23:15:34 | INFO     | Detected: 16 floating names
2025-11-30 23:15:34 | INFO     |   ✓ Target #1 at (561, 799)
2025-11-30 23:15:34 | DEBUG    |   Name #2: Player zone
2025-11-30 23:15:34 | DEBUG    |   Name #3: Player zone
2025-11-30 23:15:34 | INFO     |   ✓ Target #4 at (251, 355)
2025-11-30 23:15:34 | INFO     |   ✓ Target #5 at (979, 339)
2025-11-30 23:15:34 | INFO     |   ✓ Target #6 at (1096, 267)
2025-11-30 23:15:34 | INFO     |   ✓ Target #7 at (911, 230)
2025-11-30 23:15:34 | INFO     |   ✓ Target #8 at (1264, 175)
2025-11-30 23:15:34 | DEBUG    |   Name #9: Cached
2025-11-30 23:15:34 | DEBUG    |   Name #10: Cached
2025-11-30 23:15:34 | INFO     |   ✓ Target #11 at (1068, 168)
2025-11-30 23:15:34 | INFO     |   ✓ Target #12 at (888, 167)
2025-11-30 23:15:34 | INFO     |   ✓ Target #13 at (937, 167)
2025-11-30 23:15:34 | INFO     |   ✓ Target #14 at (853, 167)
2025-11-30 23:15:34 | DEBUG    |   Name #15: Cached
2025-11-30 23:15:34 | DEBUG    |   Name #16: Cached
2025-11-30 23:15:34 | INFO     | → Valid targets: 10
2025-11-30 23:15:34 | INFO     |   📍 Targets sorted by distance from center:
2025-11-30 23:15:34 | INFO     |     #1: Distance 201.9px from center at (979, 339)
2025-11-30 23:15:34 | INFO     |     #2: Distance 305.0px from center at (1096, 267)
2025-11-30 23:15:34 | INFO     |     #3: Distance 313.8px from center at (911, 230)
2025-11-30 23:15:34 | INFO     |     #4: Distance 373.7px from center at (937, 167)
2025-11-30 23:15:34 | INFO     |     #5: Distance 379.9px from center at (888, 167)
2025-11-30 23:15:34 | INFO     | 
  Verifying #1...
2025-11-30 23:15:34 | DEBUG    |     Clicking (979, 370)
2025-11-30 23:15:34 | DEBUG    |     Red pixel check: 888 red pixels found -> ALIVE
2025-11-30 23:15:34 | DEBUG    |     Nameplate read in 1 attempts
2025-11-30 23:15:34 | INFO     |     ✓ Elite | HP: 69% | Status: ALIVE - Keep fighting
2025-11-30 23:15:34 | INFO     | 
  Verifying #2...
2025-11-30 23:15:34 | DEBUG    |     Clicking (1096, 298)
2025-11-30 23:15:35 | DEBUG    |     Red pixel check: 841 red pixels found -> ALIVE
2025-11-30 23:15:35 | DEBUG    |     Nameplate read in 1 attempts
2025-11-30 23:15:35 | INFO     |     ✓ Elite | HP: 64% | Status: ALIVE - Keep fighting
2025-11-30 23:15:35 | INFO     | 
>>>>>>>>>>>>>>>>>>>>>>>>>>>>>>>>>>>>>>>>>>>>>>>>>>
2025-11-30 23:15:35 | INFO     | ENGAGING: Elite (HP: 69%)
2025-11-30 23:15:35 | INFO     | >>>>>>>>>>>>>>>>>>>>>>>>>>>>>>>>>>>>>>>>>>>>>>>>>>
2025-11-30 23:15:35 | INFO     |   Skill 1: 1
2025-11-30 23:15:36 | INFO     |   Skill 2: 2
2025-11-30 23:15:36 | INFO     |   Skill 3: 3
2025-11-30 23:15:37 | INFO     |   Skill 4: 4
2025-11-30 23:15:38 | INFO     | <<<<<<<<<<<<<<<<<<<<<<<<<<<<<<<<<<<<<<<<<<<<<<<<<<
2025-11-30 23:15:38 | INFO     | Total engagements: 9

2025-11-30 23:15:38 | INFO     | 
======================================================================
2025-11-30 23:15:38 | INFO     | CYCLE #12
2025-11-30 23:15:38 | INFO     | ======================================================================
2025-11-30 23:15:38 | INFO     | Detected: 11 floating names
2025-11-30 23:15:38 | INFO     |   ✓ Target #1 at (131, 814)
2025-11-30 23:15:38 | DEBUG    |   Name #2: Player zone
2025-11-30 23:15:38 | DEBUG    |   Name #3: Player zone
2025-11-30 23:15:38 | DEBUG    |   Region near center, might be player
2025-11-30 23:15:38 | DEBUG    |   Name #5: Player zone
2025-11-30 23:15:38 | INFO     |   ✓ Target #6 at (1027, 338)
2025-11-30 23:15:38 | INFO     |   ✓ Target #7 at (934, 284)
2025-11-30 23:15:38 | INFO     |   ✓ Target #8 at (1172, 230)
2025-11-30 23:15:38 | INFO     |   ✓ Target #9 at (831, 205)
2025-11-30 23:15:38 | INFO     |   ✓ Target #10 at (1489, 166)
2025-11-30 23:15:38 | DEBUG    |   Name #11: Cached
2025-11-30 23:15:38 | INFO     | → Valid targets: 6
2025-11-30 23:15:38 | INFO     |   📍 Targets sorted by distance from center:
2025-11-30 23:15:38 | INFO     |     #1: Distance 212.8px from center at (1027, 338)
2025-11-30 23:15:38 | INFO     |     #2: Distance 257.3px from center at (934, 284)
2025-11-30 23:15:38 | INFO     |     #3: Distance 359.0px from center at (831, 205)
2025-11-30 23:15:38 | INFO     |     #4: Distance 375.6px from center at (1172, 230)
2025-11-30 23:15:38 | INFO     |     #5: Distance 647.9px from center at (1489, 166)
2025-11-30 23:15:38 | INFO     | 
  Verifying #1...
2025-11-30 23:15:38 | DEBUG    |     Clicking (1027, 369)
2025-11-30 23:15:38 | DEBUG    |     Red pixel check: 731 red pixels found -> ALIVE
2025-11-30 23:15:38 | DEBUG    |     Nameplate read in 1 attempts
2025-11-30 23:15:38 | INFO     |     ✓ Elite | HP: 54% | Status: ALIVE - Keep fighting
2025-11-30 23:15:38 | INFO     | 
  Verifying #2...
2025-11-30 23:15:38 | DEBUG    |     Clicking (934, 315)
2025-11-30 23:15:39 | DEBUG    |     Red pixel check: 828 red pixels found -> ALIVE
2025-11-30 23:15:39 | DEBUG    |     Nameplate read in 1 attempts
2025-11-30 23:15:39 | INFO     |     ✓ Elite | HP: 69% | Status: ALIVE - Keep fighting
2025-11-30 23:15:39 | INFO     | 
>>>>>>>>>>>>>>>>>>>>>>>>>>>>>>>>>>>>>>>>>>>>>>>>>>
2025-11-30 23:15:39 | INFO     | ENGAGING: Elite (HP: 54%)
2025-11-30 23:15:39 | INFO     | >>>>>>>>>>>>>>>>>>>>>>>>>>>>>>>>>>>>>>>>>>>>>>>>>>
2025-11-30 23:15:39 | INFO     |   Skill 1: 1
2025-11-30 23:15:40 | INFO     |   Skill 2: 2
2025-11-30 23:15:40 | INFO     |   Skill 3: 3
2025-11-30 23:15:41 | INFO     |   Skill 4: 4
2025-11-30 23:15:42 | INFO     | <<<<<<<<<<<<<<<<<<<<<<<<<<<<<<<<<<<<<<<<<<<<<<<<<<
2025-11-30 23:15:42 | INFO     | Total engagements: 10

2025-11-30 23:15:42 | INFO     | 
======================================================================
2025-11-30 23:15:42 | INFO     | CYCLE #13
2025-11-30 23:15:42 | INFO     | ======================================================================
2025-11-30 23:15:42 | INFO     | Detected: 18 floating names
2025-11-30 23:15:42 | DEBUG    |   Name #1: Player zone
2025-11-30 23:15:42 | DEBUG    |   Name #2: Player zone
2025-11-30 23:15:42 | DEBUG    |   Name #3: Player zone
2025-11-30 23:15:42 | DEBUG    |   Name #4: Player zone
2025-11-30 23:15:42 | DEBUG    |   Region near center, might be player
2025-11-30 23:15:42 | DEBUG    |   Name #6: Player zone
2025-11-30 23:15:42 | DEBUG    |   Name #7: Player zone
2025-11-30 23:15:42 | DEBUG    |   Region near center, might be player
2025-11-30 23:15:42 | INFO     |   ✓ Target #9 at (1028, 338)
2025-11-30 23:15:42 | INFO     |   ✓ Target #10 at (933, 285)
2025-11-30 23:15:42 | INFO     |   ✓ Target #11 at (1110, 253)
2025-11-30 23:15:42 | INFO     |   ✓ Target #12 at (731, 236)
2025-11-30 23:15:42 | INFO     |   ✓ Target #13 at (681, 230)
2025-11-30 23:15:42 | INFO     |   ✓ Target #14 at (937, 167)
2025-11-30 23:15:42 | INFO     |   ✓ Target #15 at (888, 167)
2025-11-30 23:15:42 | INFO     |   ✓ Target #16 at (853, 167)
2025-11-30 23:15:42 | DEBUG    |   Name #17: Player zone
2025-11-30 23:15:42 | DEBUG    |   Region near center, might be player
2025-11-30 23:15:42 | INFO     | → Valid targets: 8
2025-11-30 23:15:42 | INFO     |   📍 Targets sorted by distance from center:
2025-11-30 23:15:42 | INFO     |     #1: Distance 213.1px from center at (1028, 338)
2025-11-30 23:15:42 | INFO     |     #2: Distance 256.4px from center at (933, 285)
2025-11-30 23:15:42 | INFO     |     #3: Distance 323.8px from center at (1110, 253)
2025-11-30 23:15:42 | INFO     |     #4: Distance 373.7px from center at (937, 167)
2025-11-30 23:15:42 | INFO     |     #5: Distance 379.9px from center at (888, 167)
2025-11-30 23:15:42 | INFO     | 
  Verifying #1...
2025-11-30 23:15:42 | DEBUG    |     Clicking (1028, 369)
2025-11-30 23:15:42 | DEBUG    |     Red pixel check: 828 red pixels found -> ALIVE
2025-11-30 23:15:42 | DEBUG    |     Nameplate read in 1 attempts
2025-11-30 23:15:42 | INFO     |     ✓ Elite | HP: 69% | Status: ALIVE - Keep fighting
2025-11-30 23:15:42 | INFO     | 
  Verifying #2...
2025-11-30 23:15:42 | DEBUG    |     Clicking (933, 316)
2025-11-30 23:15:43 | DEBUG    |     Red pixel check: 828 red pixels found -> ALIVE
2025-11-30 23:15:43 | DEBUG    |     Nameplate read in 1 attempts
2025-11-30 23:15:43 | INFO     |     ✓ Elite | HP: 69% | Status: ALIVE - Keep fighting
2025-11-30 23:15:43 | INFO     | 
>>>>>>>>>>>>>>>>>>>>>>>>>>>>>>>>>>>>>>>>>>>>>>>>>>
2025-11-30 23:15:43 | INFO     | ENGAGING: Elite (HP: 69%)
2025-11-30 23:15:43 | INFO     | >>>>>>>>>>>>>>>>>>>>>>>>>>>>>>>>>>>>>>>>>>>>>>>>>>
2025-11-30 23:15:43 | INFO     |   Skill 1: 1
2025-11-30 23:15:44 | INFO     |   Skill 2: 2
2025-11-30 23:15:44 | INFO     |   Skill 3: 3
2025-11-30 23:15:45 | INFO     |   Skill 4: 4
2025-11-30 23:15:46 | INFO     | <<<<<<<<<<<<<<<<<<<<<<<<<<<<<<<<<<<<<<<<<<<<<<<<<<
2025-11-30 23:15:46 | INFO     | Total engagements: 11

2025-11-30 23:15:46 | INFO     | 
======================================================================
2025-11-30 23:15:46 | INFO     | CYCLE #14
2025-11-30 23:15:46 | INFO     | ======================================================================
2025-11-30 23:15:46 | INFO     | Detected: 20 floating names
2025-11-30 23:15:46 | INFO     |   ✓ Target #1 at (908, 749)
2025-11-30 23:15:46 | INFO     |   ✓ Target #2 at (1088, 705)
2025-11-30 23:15:46 | DEBUG    |   Name #3: Player zone
2025-11-30 23:15:46 | DEBUG    |   Name #4: Player zone
2025-11-30 23:15:46 | DEBUG    |   Name #5: Player zone
2025-11-30 23:15:46 | DEBUG    |   Region near center, might be player
2025-11-30 23:15:46 | DEBUG    |   Name #7: Player zone
2025-11-30 23:15:46 | DEBUG    |   Region near center, might be player
2025-11-30 23:15:46 | DEBUG    |   Region near center, might be player
2025-11-30 23:15:46 | INFO     |   ✓ Target #10 at (1192, 380)
2025-11-30 23:15:46 | INFO     |   ✓ Target #11 at (609, 338)
2025-11-30 23:15:46 | INFO     |   ✓ Target #12 at (1434, 214)
2025-11-30 23:15:46 | INFO     |   ✓ Target #13 at (645, 206)
2025-11-30 23:15:46 | INFO     |   ✓ Target #14 at (1228, 191)
2025-11-30 23:15:46 | DEBUG    |   Name #15: Cached
2025-11-30 23:15:46 | DEBUG    |   Name #16: Player zone
2025-11-30 23:15:46 | DEBUG    |   Name #17: Cached
2025-11-30 23:15:46 | INFO     |   ✓ Target #18 at (937, 167)
2025-11-30 23:15:46 | INFO     |   ✓ Target #19 at (888, 167)
2025-11-30 23:15:46 | INFO     |   ✓ Target #20 at (853, 167)
2025-11-30 23:15:46 | INFO     | → Valid targets: 10
2025-11-30 23:15:46 | INFO     |   📍 Targets sorted by distance from center:
2025-11-30 23:15:46 | INFO     |     #1: Distance 208.8px from center at (1088, 705)
2025-11-30 23:15:46 | INFO     |     #2: Distance 215.4px from center at (908, 749)
2025-11-30 23:15:46 | INFO     |     #3: Distance 281.8px from center at (1192, 380)
2025-11-30 23:15:46 | INFO     |     #4: Distance 373.7px from center at (937, 167)
2025-11-30 23:15:46 | INFO     |     #5: Distance 379.9px from center at (888, 167)
2025-11-30 23:15:46 | INFO     | 
  Verifying #1...
2025-11-30 23:15:46 | DEBUG    |     Clicking (1088, 735)
2025-11-30 23:15:47 | DEBUG    |     Red pixel check: 635 red pixels found -> ALIVE
2025-11-30 23:15:47 | DEBUG    |     Nameplate read in 1 attempts
2025-11-30 23:15:47 | INFO     |     ✓ Elite | HP: 51% | Status: ALIVE - Keep fighting
2025-11-30 23:15:47 | INFO     | 
  Verifying #2...
2025-11-30 23:15:47 | DEBUG    |     Clicking (908, 780)
2025-11-30 23:15:47 | DEBUG    |     Red pixel check: 372 red pixels found -> ALIVE
2025-11-30 23:15:47 | DEBUG    |     Nameplate read in 1 attempts
2025-11-30 23:15:47 | INFO     |     ✓ Elite | HP: 29% | Status: ALIVE - Keep fighting
2025-11-30 23:15:47 | INFO     | 
>>>>>>>>>>>>>>>>>>>>>>>>>>>>>>>>>>>>>>>>>>>>>>>>>>
2025-11-30 23:15:47 | INFO     | ENGAGING: Elite (HP: 51%)
2025-11-30 23:15:47 | INFO     | >>>>>>>>>>>>>>>>>>>>>>>>>>>>>>>>>>>>>>>>>>>>>>>>>>
2025-11-30 23:15:47 | INFO     |   Skill 1: 1
2025-11-30 23:15:48 | INFO     |   Skill 2: 2
2025-11-30 23:15:48 | INFO     |   Skill 3: 3
2025-11-30 23:15:49 | INFO     |   Skill 4: 4
2025-11-30 23:15:50 | INFO     | <<<<<<<<<<<<<<<<<<<<<<<<<<<<<<<<<<<<<<<<<<<<<<<<<<
2025-11-30 23:15:50 | INFO     | Total engagements: 12

2025-11-30 23:15:50 | INFO     | 
======================================================================
2025-11-30 23:15:50 | INFO     | CYCLE #15
2025-11-30 23:15:50 | INFO     | ======================================================================
2025-11-30 23:15:50 | INFO     | Detected: 21 floating names
2025-11-30 23:15:50 | INFO     |   ✓ Target #1 at (756, 818)
2025-11-30 23:15:50 | DEBUG    |   Name #2: Player zone
2025-11-30 23:15:50 | DEBUG    |   Region near center, might be player
2025-11-30 23:15:50 | DEBUG    |   Name #4: Player zone
2025-11-30 23:15:50 | DEBUG    |   Name #5: Player zone
2025-11-30 23:15:50 | DEBUG    |   Name #6: Player zone
2025-11-30 23:15:50 | DEBUG    |   Region near center, might be player
2025-11-30 23:15:50 | DEBUG    |   Name #8: Player zone
2025-11-30 23:15:50 | DEBUG    |   Region near center, might be player
2025-11-30 23:15:50 | DEBUG    |   Region near center, might be player
2025-11-30 23:15:50 | DEBUG    |   Region near center, might be player
2025-11-30 23:15:50 | INFO     |   ✓ Target #12 at (973, 375)
2025-11-30 23:15:50 | INFO     |   ✓ Target #13 at (536, 229)
2025-11-30 23:15:50 | INFO     |   ✓ Target #14 at (1188, 208)
2025-11-30 23:15:50 | INFO     |   ✓ Target #15 at (1228, 191)
2025-11-30 23:15:50 | INFO     |   ✓ Target #16 at (1068, 168)
2025-11-30 23:15:50 | INFO     |   ✓ Target #17 at (937, 167)
2025-11-30 23:15:50 | INFO     |   ✓ Target #18 at (888, 167)
2025-11-30 23:15:50 | INFO     |   ✓ Target #19 at (853, 167)
2025-11-30 23:15:50 | DEBUG    |   Name #20: Cached
2025-11-30 23:15:50 | DEBUG    |   Name #21: Cached
2025-11-30 23:15:50 | INFO     | → Valid targets: 9
2025-11-30 23:15:50 | INFO     |   📍 Targets sorted by distance from center:
2025-11-30 23:15:50 | INFO     |     #1: Distance 165.5px from center at (973, 375)
2025-11-30 23:15:50 | INFO     |     #2: Distance 344.8px from center at (756, 818)
2025-11-30 23:15:50 | INFO     |     #3: Distance 373.7px from center at (937, 167)
2025-11-30 23:15:50 | INFO     |     #4: Distance 379.9px from center at (888, 167)
2025-11-30 23:15:50 | INFO     |     #5: Distance 387.4px from center at (1068, 168)
2025-11-30 23:15:50 | INFO     | 
  Verifying #1...
2025-11-30 23:15:50 | DEBUG    |     Clicking (973, 406)
2025-11-30 23:15:51 | DEBUG    |     Red pixel check: 45 red pixels found -> ALIVE
2025-11-30 23:15:51 | DEBUG    |     Nameplate read in 1 attempts
2025-11-30 23:15:51 | INFO     |     ✓ Elite | HP: 3% | Status: ALIVE - Keep fighting
2025-11-30 23:15:51 | INFO     | 
  Verifying #2...
2025-11-30 23:15:51 | DEBUG    |     Clicking (756, 848)
2025-11-30 23:15:51 | DEBUG    |     Red pixel check: 45 red pixels found -> ALIVE
2025-11-30 23:15:51 | DEBUG    |     Nameplate read in 1 attempts
2025-11-30 23:15:51 | INFO     |     ✓ Elite | HP: 3% | Status: ALIVE - Keep fighting
2025-11-30 23:15:51 | INFO     | 
⏸ PAUSED - Press CapsLock to resume
2025-11-30 23:25:42 | INFO     | Shutting down gracefully...
2025-11-30 23:25:42 | INFO     | Shutting down gracefully...
2025-11-30 23:25:42 | INFO     | 
======================================================================
2025-11-30 23:25:42 | INFO     | FINAL STATISTICS
2025-11-30 23:25:42 | INFO     | ======================================================================
2025-11-30 23:25:42 | INFO     | Total Cycles: 15
2025-11-30 23:25:42 | INFO     | Total Clicks: 29
2025-11-30 23:25:42 | INFO     | Total Engagements: 12
2025-11-30 23:25:42 | INFO     | Uptime: 657s (10m 57s)
2025-11-30 23:25:42 | INFO     | Cache Hit Rate: 14.9%
2025-11-30 23:25:42 | INFO     | Avg Cycle Time: 43.80s
2025-11-30 23:25:42 | INFO     | ======================================================================
