2025-11-30 20:50:08 | INFO     | ======================================================================
2025-11-30 20:50:08 | INFO     | MOB HUNTER v3.0 - FULL VERSION
2025-11-30 20:50:08 | INFO     | ======================================================================
2025-11-30 20:50:08 | INFO     | Log directory: logs/session_20251130_205008
2025-11-30 20:50:08 | INFO     | Screen: 1920x1080
2025-11-30 20:50:08 | INFO     | Overlay: ENABLED
2025-11-30 20:50:08 | INFO     | ======================================================================
2025-11-30 20:50:08 | INFO     | 
🚀 Bot initialized! Press CapsLock to start, Ctrl+C to stop.

2025-11-30 20:50:18 | INFO     | 
▶ RUNNING - Press CapsLock to pause
2025-11-30 20:50:18 | INFO     | 
======================================================================
2025-11-30 20:50:18 | INFO     | CYCLE #1
2025-11-30 20:50:18 | INFO     | ======================================================================
2025-11-30 20:50:18 | INFO     | Detected: 12 floating names
2025-11-30 20:50:18 | INFO     |   ✓ Target #1 at (1654, 746)
2025-11-30 20:50:18 | DEBUG    |   Region near center, might be player
2025-11-30 20:50:18 | DEBUG    |   Region near center, might be player
2025-11-30 20:50:18 | DEBUG    |   Name #4: Player zone
2025-11-30 20:50:18 | DEBUG    |   Name #5: Cached
2025-11-30 20:50:18 | DEBUG    |   Name #6: Player zone
2025-11-30 20:50:18 | DEBUG    |   Name #7: Player zone
2025-11-30 20:50:18 | DEBUG    |   Name #8: Cached
2025-11-30 20:50:18 | INFO     |   ✓ Target #9 at (922, 390)
2025-11-30 20:50:18 | INFO     |   ✓ Target #10 at (1189, 350)
2025-11-30 20:50:18 | INFO     |   ✓ Target #11 at (838, 349)
2025-11-30 20:50:18 | INFO     |   ✓ Target #12 at (1011, 286)
2025-11-30 20:50:18 | INFO     | → Valid targets: 5
2025-11-30 20:50:18 | INFO     | 
  Verifying #1...
2025-11-30 20:50:18 | DEBUG    |     Clicking (1654, 777)
2025-11-30 20:50:19 | DEBUG    |     Nameplate read in 1 attempts
2025-11-30 20:50:19 | INFO     |     ✓ Elite | HP: 69%
2025-11-30 20:50:19 | INFO     | 
  Verifying #2...
2025-11-30 20:50:19 | DEBUG    |     Clicking (922, 421)
2025-11-30 20:50:19 | DEBUG    |     Nameplate read in 1 attempts
2025-11-30 20:50:19 | INFO     |     ✓ Elite | HP: 69%
2025-11-30 20:50:19 | INFO     | 
>>>>>>>>>>>>>>>>>>>>>>>>>>>>>>>>>>>>>>>>>>>>>>>>>>
2025-11-30 20:50:19 | INFO     | ENGAGING: Elite (HP: 69%)
2025-11-30 20:50:19 | INFO     | >>>>>>>>>>>>>>>>>>>>>>>>>>>>>>>>>>>>>>>>>>>>>>>>>>
2025-11-30 20:50:19 | INFO     |   Skill 1: 1
2025-11-30 20:50:20 | INFO     |   Skill 2: 2
2025-11-30 20:50:21 | INFO     |   Skill 3: 3
2025-11-30 20:50:21 | INFO     |   Skill 4: 4
2025-11-30 20:50:22 | INFO     | <<<<<<<<<<<<<<<<<<<<<<<<<<<<<<<<<<<<<<<<<<<<<<<<<<
2025-11-30 20:50:22 | INFO     | Total engagements: 1

2025-11-30 20:50:22 | INFO     | 
======================================================================
2025-11-30 20:50:22 | INFO     | CYCLE #2
2025-11-30 20:50:22 | INFO     | ======================================================================
2025-11-30 20:50:22 | INFO     | Detected: 13 floating names
2025-11-30 20:50:22 | INFO     |   ✓ Target #1 at (1749, 807)
2025-11-30 20:50:22 | INFO     |   ✓ Target #2 at (160, 740)
2025-11-30 20:50:22 | INFO     |   ✓ Target #3 at (1531, 737)
2025-11-30 20:50:22 | DEBUG    |   Name #4: Player zone
2025-11-30 20:50:22 | DEBUG    |   Name #5: Cached
2025-11-30 20:50:22 | DEBUG    |   Name #6: Player zone
2025-11-30 20:50:22 | INFO     |   ✓ Target #7 at (894, 364)
2025-11-30 20:50:22 | INFO     |   ✓ Target #8 at (819, 345)
2025-11-30 20:50:22 | INFO     |   ✓ Target #9 at (981, 341)
2025-11-30 20:50:22 | INFO     |   ✓ Target #10 at (1143, 327)
2025-11-30 20:50:22 | DEBUG    |   Name #11: Cached
2025-11-30 20:50:22 | INFO     |   ✓ Target #12 at (1063, 307)
2025-11-30 20:50:22 | DEBUG    |   Name #13: Cached
2025-11-30 20:50:22 | INFO     | → Valid targets: 8
2025-11-30 20:50:22 | INFO     | 
  Verifying #1...
2025-11-30 20:50:22 | DEBUG    |     Clicking (1749, 838)
2025-11-30 20:50:23 | DEBUG    |     Nameplate read in 1 attempts
2025-11-30 20:50:23 | INFO     |     ✓ Elite | HP: 69%
2025-11-30 20:50:23 | INFO     | 
  Verifying #2...
2025-11-30 20:50:23 | DEBUG    |     Clicking (160, 771)
2025-11-30 20:50:23 | DEBUG    |     Nameplate read in 1 attempts
2025-11-30 20:50:23 | INFO     |     ✓ Elite | HP: 69%
2025-11-30 20:50:23 | INFO     | 
>>>>>>>>>>>>>>>>>>>>>>>>>>>>>>>>>>>>>>>>>>>>>>>>>>
2025-11-30 20:50:23 | INFO     | ENGAGING: Elite (HP: 69%)
2025-11-30 20:50:23 | INFO     | >>>>>>>>>>>>>>>>>>>>>>>>>>>>>>>>>>>>>>>>>>>>>>>>>>
2025-11-30 20:50:23 | INFO     |   Skill 1: 1
2025-11-30 20:50:24 | INFO     |   Skill 2: 2
2025-11-30 20:50:25 | INFO     |   Skill 3: 3
2025-11-30 20:50:25 | INFO     |   Skill 4: 4
2025-11-30 20:50:26 | INFO     | <<<<<<<<<<<<<<<<<<<<<<<<<<<<<<<<<<<<<<<<<<<<<<<<<<
2025-11-30 20:50:26 | INFO     | Total engagements: 2

2025-11-30 20:50:26 | INFO     | 
======================================================================
2025-11-30 20:50:26 | INFO     | CYCLE #3
2025-11-30 20:50:26 | INFO     | ======================================================================
2025-11-30 20:50:27 | INFO     | Detected: 7 floating names
2025-11-30 20:50:27 | DEBUG    |   Region near center, might be player
2025-11-30 20:50:27 | DEBUG    |   Region near center, might be player
2025-11-30 20:50:27 | DEBUG    |   Name #3: Player zone
2025-11-30 20:50:27 | DEBUG    |   Name #4: Player zone
2025-11-30 20:50:27 | DEBUG    |   Name #5: Cached
2025-11-30 20:50:27 | DEBUG    |   Name #6: Player zone
2025-11-30 20:50:27 | INFO     |   ✓ Target #7 at (1069, 283)
2025-11-30 20:50:27 | INFO     | → Valid targets: 1
2025-11-30 20:50:27 | INFO     | 
  Verifying #1...
2025-11-30 20:50:27 | DEBUG    |     Clicking (1069, 314)
2025-11-30 20:50:27 | DEBUG    |     Nameplate read in 1 attempts
2025-11-30 20:50:27 | INFO     |     ✓ Elite | HP: 69%
2025-11-30 20:50:27 | INFO     | 
>>>>>>>>>>>>>>>>>>>>>>>>>>>>>>>>>>>>>>>>>>>>>>>>>>
2025-11-30 20:50:27 | INFO     | ENGAGING: Elite (HP: 69%)
2025-11-30 20:50:27 | INFO     | >>>>>>>>>>>>>>>>>>>>>>>>>>>>>>>>>>>>>>>>>>>>>>>>>>
2025-11-30 20:50:27 | INFO     |   Skill 1: 1
2025-11-30 20:50:28 | INFO     |   Skill 2: 2
2025-11-30 20:50:28 | INFO     |   Skill 3: 3
2025-11-30 20:50:29 | INFO     |   Skill 4: 4
2025-11-30 20:50:30 | INFO     | <<<<<<<<<<<<<<<<<<<<<<<<<<<<<<<<<<<<<<<<<<<<<<<<<<
2025-11-30 20:50:30 | INFO     | Total engagements: 3

2025-11-30 20:50:30 | INFO     | 
======================================================================
2025-11-30 20:50:30 | INFO     | CYCLE #4
2025-11-30 20:50:30 | INFO     | ======================================================================
2025-11-30 20:50:30 | INFO     | Detected: 1 floating names
2025-11-30 20:50:30 | INFO     |   ✓ Target #1 at (529, 828)
2025-11-30 20:50:30 | INFO     | → Valid targets: 1
2025-11-30 20:50:30 | INFO     | 
  Verifying #1...
2025-11-30 20:50:30 | DEBUG    |     Clicking (529, 859)
2025-11-30 20:50:31 | DEBUG    |     Nameplate read in 1 attempts
2025-11-30 20:50:31 | INFO     |     ✓ Elite | HP: 3%
2025-11-30 20:50:31 | INFO     | 
======================================================================
2025-11-30 20:50:31 | INFO     | CYCLE #5
2025-11-30 20:50:31 | INFO     | ======================================================================
2025-11-30 20:50:31 | INFO     | Detected: 7 floating names
2025-11-30 20:50:31 | INFO     |   ✓ Target #1 at (539, 863)
2025-11-30 20:50:31 | DEBUG    |   Name #2: Player zone
2025-11-30 20:50:31 | DEBUG    |   Name #3: Cached
2025-11-30 20:50:31 | DEBUG    |   Name #4: Player zone
2025-11-30 20:50:31 | INFO     |   ✓ Target #5 at (1074, 368)
2025-11-30 20:50:31 | DEBUG    |   Name #6: Cached
2025-11-30 20:50:31 | INFO     |   ✓ Target #7 at (1017, 328)
2025-11-30 20:50:31 | INFO     | → Valid targets: 3
2025-11-30 20:50:31 | INFO     | 
  Verifying #1...
2025-11-30 20:50:31 | DEBUG    |     Clicking (539, 894)
2025-11-30 20:50:31 | DEBUG    |     Nameplate read in 1 attempts
2025-11-30 20:50:31 | INFO     |     ✓ Elite | HP: 69%
2025-11-30 20:50:31 | INFO     | 
  Verifying #2...
2025-11-30 20:50:31 | DEBUG    |     Clicking (1074, 399)
2025-11-30 20:50:32 | DEBUG    |     Nameplate read in 1 attempts
2025-11-30 20:50:32 | INFO     |     ✓ Elite | HP: 69%
2025-11-30 20:50:32 | INFO     | 
>>>>>>>>>>>>>>>>>>>>>>>>>>>>>>>>>>>>>>>>>>>>>>>>>>
2025-11-30 20:50:32 | INFO     | ENGAGING: Elite (HP: 69%)
2025-11-30 20:50:32 | INFO     | >>>>>>>>>>>>>>>>>>>>>>>>>>>>>>>>>>>>>>>>>>>>>>>>>>
2025-11-30 20:50:32 | INFO     |   Skill 1: 1
2025-11-30 20:50:33 | INFO     |   Skill 2: 2
2025-11-30 20:50:33 | INFO     |   Skill 3: 3
2025-11-30 20:50:34 | INFO     |   Skill 4: 4
2025-11-30 20:50:35 | INFO     | <<<<<<<<<<<<<<<<<<<<<<<<<<<<<<<<<<<<<<<<<<<<<<<<<<
2025-11-30 20:50:35 | INFO     | Total engagements: 4

2025-11-30 20:50:35 | INFO     | 
======================================================================
2025-11-30 20:50:35 | INFO     | CYCLE #6
2025-11-30 20:50:35 | INFO     | ======================================================================
2025-11-30 20:50:35 | INFO     | Detected: 11 floating names
2025-11-30 20:50:35 | INFO     |   ✓ Target #1 at (543, 872)
2025-11-30 20:50:35 | DEBUG    |   Name #2: Player zone
2025-11-30 20:50:35 | DEBUG    |   Name #3: Cached
2025-11-30 20:50:35 | DEBUG    |   Name #4: Player zone
2025-11-30 20:50:35 | INFO     |   ✓ Target #5 at (1074, 368)
2025-11-30 20:50:35 | DEBUG    |   Name #6: Cached
2025-11-30 20:50:35 | INFO     |   ✓ Target #7 at (1017, 328)
2025-11-30 20:50:35 | INFO     |   ✓ Target #8 at (1619, 755)
2025-11-30 20:50:35 | INFO     |   ✓ Target #9 at (1649, 133)
2025-11-30 20:50:35 | INFO     |   ✓ Target #10 at (1833, 129)
2025-11-30 20:50:35 | INFO     |   ✓ Target #11 at (1774, 129)
2025-11-30 20:50:35 | INFO     | → Valid targets: 7
2025-11-30 20:50:35 | INFO     | 
  Verifying #1...
2025-11-30 20:50:35 | DEBUG    |     Clicking (543, 903)
2025-11-30 20:50:35 | DEBUG    |     Nameplate read in 1 attempts
2025-11-30 20:50:35 | INFO     |     ✓ Elite | HP: 69%
2025-11-30 20:50:35 | INFO     | 
  Verifying #2...
2025-11-30 20:50:35 | DEBUG    |     Clicking (1074, 399)
2025-11-30 20:50:36 | DEBUG    |     Nameplate read in 1 attempts
2025-11-30 20:50:36 | INFO     |     ✓ Elite | HP: 69%
2025-11-30 20:50:36 | INFO     | 
>>>>>>>>>>>>>>>>>>>>>>>>>>>>>>>>>>>>>>>>>>>>>>>>>>
2025-11-30 20:50:36 | INFO     | ENGAGING: Elite (HP: 69%)
2025-11-30 20:50:36 | INFO     | >>>>>>>>>>>>>>>>>>>>>>>>>>>>>>>>>>>>>>>>>>>>>>>>>>
2025-11-30 20:50:36 | INFO     |   Skill 1: 1
2025-11-30 20:50:37 | INFO     |   Skill 2: 2
2025-11-30 20:50:37 | INFO     |   Skill 3: 3
2025-11-30 20:50:38 | INFO     |   Skill 4: 4
2025-11-30 20:50:39 | INFO     | <<<<<<<<<<<<<<<<<<<<<<<<<<<<<<<<<<<<<<<<<<<<<<<<<<
2025-11-30 20:50:39 | INFO     | Total engagements: 5

2025-11-30 20:50:39 | INFO     | 
======================================================================
2025-11-30 20:50:39 | INFO     | CYCLE #7
2025-11-30 20:50:39 | INFO     | ======================================================================
2025-11-30 20:50:39 | INFO     | Detected: 6 floating names
2025-11-30 20:50:39 | DEBUG    |   Name #1: Player zone
2025-11-30 20:50:39 | INFO     |   ✓ Target #2 at (1087, 381)
2025-11-30 20:50:39 | DEBUG    |   Name #3: Cached
2025-11-30 20:50:39 | INFO     |   ✓ Target #4 at (1170, 755)
2025-11-30 20:50:39 | INFO     |   ✓ Target #5 at (1200, 133)
2025-11-30 20:50:39 | INFO     |   ✓ Target #6 at (1384, 129)
2025-11-30 20:50:39 | INFO     | → Valid targets: 4
2025-11-30 20:50:39 | INFO     | 
  Verifying #1...
2025-11-30 20:50:39 | DEBUG    |     Clicking (1087, 412)
2025-11-30 20:50:40 | DEBUG    |     Nameplate read in 1 attempts
2025-11-30 20:50:40 | INFO     |     ✓ Elite | HP: 69%
2025-11-30 20:50:40 | INFO     | 
  Verifying #2...
2025-11-30 20:50:40 | DEBUG    |     Clicking (1170, 785)
2025-11-30 20:50:40 | DEBUG    |     Nameplate read in 1 attempts
2025-11-30 20:50:40 | INFO     |     ✓ Elite | HP: 69%
2025-11-30 20:50:40 | INFO     | 
>>>>>>>>>>>>>>>>>>>>>>>>>>>>>>>>>>>>>>>>>>>>>>>>>>
2025-11-30 20:50:40 | INFO     | ENGAGING: Elite (HP: 69%)
2025-11-30 20:50:40 | INFO     | >>>>>>>>>>>>>>>>>>>>>>>>>>>>>>>>>>>>>>>>>>>>>>>>>>
2025-11-30 20:50:40 | INFO     |   Skill 1: 1
2025-11-30 20:50:41 | INFO     |   Skill 2: 2
2025-11-30 20:50:41 | INFO     |   Skill 3: 3
2025-11-30 20:50:42 | INFO     |   Skill 4: 4
2025-11-30 20:50:43 | INFO     | <<<<<<<<<<<<<<<<<<<<<<<<<<<<<<<<<<<<<<<<<<<<<<<<<<
2025-11-30 20:50:43 | INFO     | Total engagements: 6

2025-11-30 20:50:43 | INFO     | 
======================================================================
2025-11-30 20:50:43 | INFO     | CYCLE #8
2025-11-30 20:50:43 | INFO     | ======================================================================
2025-11-30 20:50:43 | INFO     | Detected: 8 floating names
2025-11-30 20:50:43 | INFO     |   ✓ Target #1 at (124, 831)
2025-11-30 20:50:43 | DEBUG    |   Region near center, might be player
2025-11-30 20:50:43 | DEBUG    |   Region near center, might be player
2025-11-30 20:50:43 | DEBUG    |   Name #4: Player zone
2025-11-30 20:50:43 | DEBUG    |   Name #5: Cached
2025-11-30 20:50:43 | DEBUG    |   Name #6: Player zone
2025-11-30 20:50:43 | DEBUG    |   Name #7: Player zone
2025-11-30 20:50:43 | DEBUG    |   Name #8: Cached
2025-11-30 20:50:43 | INFO     | → Valid targets: 1
2025-11-30 20:50:43 | INFO     | 
  Verifying #1...
2025-11-30 20:50:43 | DEBUG    |     Clicking (124, 861)
2025-11-30 20:50:44 | DEBUG    |     Nameplate read in 1 attempts
2025-11-30 20:50:44 | INFO     |     ✓ Elite | HP: 69%
2025-11-30 20:50:44 | INFO     | 
>>>>>>>>>>>>>>>>>>>>>>>>>>>>>>>>>>>>>>>>>>>>>>>>>>
2025-11-30 20:50:44 | INFO     | ENGAGING: Elite (HP: 69%)
2025-11-30 20:50:44 | INFO     | >>>>>>>>>>>>>>>>>>>>>>>>>>>>>>>>>>>>>>>>>>>>>>>>>>
2025-11-30 20:50:44 | INFO     |   Skill 1: 1
2025-11-30 20:50:44 | INFO     |   Skill 2: 2
2025-11-30 20:50:45 | INFO     |   Skill 3: 3
2025-11-30 20:50:46 | INFO     |   Skill 4: 4
2025-11-30 20:50:46 | INFO     | <<<<<<<<<<<<<<<<<<<<<<<<<<<<<<<<<<<<<<<<<<<<<<<<<<
2025-11-30 20:50:46 | INFO     | Total engagements: 7

2025-11-30 20:50:47 | INFO     | 
======================================================================
2025-11-30 20:50:47 | INFO     | CYCLE #9
2025-11-30 20:50:47 | INFO     | ======================================================================
2025-11-30 20:50:47 | INFO     | Detected: 4 floating names
2025-11-30 20:50:47 | DEBUG    |   Region near center, might be player
2025-11-30 20:50:47 | DEBUG    |   Name #2: Player zone
2025-11-30 20:50:47 | DEBUG    |   Name #3: Player zone
2025-11-30 20:50:47 | DEBUG    |   Name #4: Cached
2025-11-30 20:50:47 | INFO     | → Valid targets: 0
2025-11-30 20:50:47 | INFO     | 
======================================================================
2025-11-30 20:50:47 | INFO     | CYCLE #10
2025-11-30 20:50:47 | INFO     | ======================================================================
2025-11-30 20:50:47 | INFO     | Detected: 6 floating names
2025-11-30 20:50:47 | DEBUG    |   Name #1: Cached
2025-11-30 20:50:47 | DEBUG    |   Name #2: Player zone
2025-11-30 20:50:47 | DEBUG    |   Name #3: Cached
2025-11-30 20:50:47 | DEBUG    |   Name #4: Cached
2025-11-30 20:50:47 | DEBUG    |   Name #5: Cached
2025-11-30 20:50:47 | DEBUG    |   Name #6: Cached
2025-11-30 20:50:47 | INFO     | → Valid targets: 0
2025-11-30 20:50:48 | INFO     | 
======================================================================
2025-11-30 20:50:48 | INFO     | CYCLE #11
2025-11-30 20:50:48 | INFO     | ======================================================================
2025-11-30 20:50:48 | INFO     | Detected: 5 floating names
2025-11-30 20:50:48 | DEBUG    |   Name #1: Cached
2025-11-30 20:50:48 | DEBUG    |   Name #2: Cached
2025-11-30 20:50:48 | DEBUG    |   Name #3: Cached
2025-11-30 20:50:48 | DEBUG    |   Name #4: Cached
2025-11-30 20:50:48 | DEBUG    |   Region near center, might be player
2025-11-30 20:50:48 | INFO     | → Valid targets: 0
2025-11-30 20:50:48 | INFO     | 
======================================================================
2025-11-30 20:50:48 | INFO     | CYCLE #12
2025-11-30 20:50:48 | INFO     | ======================================================================
2025-11-30 20:50:48 | INFO     | Detected: 5 floating names
2025-11-30 20:50:48 | INFO     |   ✓ Target #1 at (104, 773)
2025-11-30 20:50:48 | DEBUG    |   Name #2: Cached
2025-11-30 20:50:48 | DEBUG    |   Name #3: Cached
2025-11-30 20:50:48 | DEBUG    |   Name #4: Cached
2025-11-30 20:50:48 | DEBUG    |   Name #5: Cached
2025-11-30 20:50:48 | INFO     | → Valid targets: 1
2025-11-30 20:50:48 | INFO     | 
  Verifying #1...
2025-11-30 20:50:48 | DEBUG    |     Clicking (104, 803)
2025-11-30 20:50:49 | DEBUG    |     Nameplate read in 1 attempts
2025-11-30 20:50:49 | INFO     |     ✓ Elite | HP: 69%
2025-11-30 20:50:49 | INFO     | 
>>>>>>>>>>>>>>>>>>>>>>>>>>>>>>>>>>>>>>>>>>>>>>>>>>
2025-11-30 20:50:49 | INFO     | ENGAGING: Elite (HP: 69%)
2025-11-30 20:50:49 | INFO     | >>>>>>>>>>>>>>>>>>>>>>>>>>>>>>>>>>>>>>>>>>>>>>>>>>
2025-11-30 20:50:49 | INFO     |   Skill 1: 1
2025-11-30 20:50:49 | INFO     |   Skill 2: 2
2025-11-30 20:50:50 | INFO     |   Skill 3: 3
2025-11-30 20:50:51 | INFO     |   Skill 4: 4
2025-11-30 20:50:51 | INFO     | <<<<<<<<<<<<<<<<<<<<<<<<<<<<<<<<<<<<<<<<<<<<<<<<<<
2025-11-30 20:50:51 | INFO     | Total engagements: 8

2025-11-30 20:50:52 | INFO     | 
======================================================================
2025-11-30 20:50:52 | INFO     | CYCLE #13
2025-11-30 20:50:52 | INFO     | ======================================================================
2025-11-30 20:50:52 | INFO     | Detected: 5 floating names
2025-11-30 20:50:52 | INFO     |   ✓ Target #1 at (590, 702)
2025-11-30 20:50:52 | DEBUG    |   Region near center, might be player
2025-11-30 20:50:52 | DEBUG    |   Region near center, might be player
2025-11-30 20:50:52 | DEBUG    |   Name #4: Cached
2025-11-30 20:50:52 | DEBUG    |   Name #5: Player zone
2025-11-30 20:50:52 | INFO     | → Valid targets: 1
2025-11-30 20:50:52 | INFO     | 
  Verifying #1...
2025-11-30 20:50:52 | DEBUG    |     Clicking (590, 733)
2025-11-30 20:50:52 | DEBUG    |     Nameplate read in 1 attempts
2025-11-30 20:50:52 | INFO     |     ✓ Elite | HP: 69%
2025-11-30 20:50:52 | INFO     | 
>>>>>>>>>>>>>>>>>>>>>>>>>>>>>>>>>>>>>>>>>>>>>>>>>>
2025-11-30 20:50:52 | INFO     | ENGAGING: Elite (HP: 69%)
2025-11-30 20:50:52 | INFO     | >>>>>>>>>>>>>>>>>>>>>>>>>>>>>>>>>>>>>>>>>>>>>>>>>>
2025-11-30 20:50:52 | INFO     |   Skill 1: 1
2025-11-30 20:50:53 | INFO     |   Skill 2: 2
2025-11-30 20:50:54 | INFO     |   Skill 3: 3
2025-11-30 20:50:54 | INFO     |   Skill 4: 4
2025-11-30 20:50:55 | INFO     | <<<<<<<<<<<<<<<<<<<<<<<<<<<<<<<<<<<<<<<<<<<<<<<<<<
2025-11-30 20:50:55 | INFO     | Total engagements: 9

2025-11-30 20:50:55 | INFO     | 
======================================================================
2025-11-30 20:50:55 | INFO     | CYCLE #14
2025-11-30 20:50:55 | INFO     | ======================================================================
2025-11-30 20:50:56 | INFO     | Detected: 7 floating names
2025-11-30 20:50:56 | INFO     |   ✓ Target #1 at (372, 791)
2025-11-30 20:50:56 | INFO     |   ✓ Target #2 at (766, 741)
2025-11-30 20:50:56 | DEBUG    |   Region near center, might be player
2025-11-30 20:50:56 | DEBUG    |   Name #4: Cached
2025-11-30 20:50:56 | DEBUG    |   Name #5: Player zone
2025-11-30 20:50:56 | DEBUG    |   Name #6: Cached
2025-11-30 20:50:56 | DEBUG    |   Name #7: Player zone
2025-11-30 20:50:56 | INFO     | → Valid targets: 2
2025-11-30 20:50:56 | INFO     | 
  Verifying #1...
2025-11-30 20:50:56 | DEBUG    |     Clicking (372, 821)
2025-11-30 20:50:56 | DEBUG    |     Nameplate read in 1 attempts
2025-11-30 20:50:56 | INFO     |     ✓ Elite | HP: 69%
2025-11-30 20:50:56 | INFO     | 
  Verifying #2...
2025-11-30 20:50:56 | DEBUG    |     Clicking (766, 771)
2025-11-30 20:50:56 | DEBUG    |     Nameplate read in 1 attempts
2025-11-30 20:50:56 | INFO     |     ✓ Elite | HP: 69%
2025-11-30 20:50:56 | INFO     | 
>>>>>>>>>>>>>>>>>>>>>>>>>>>>>>>>>>>>>>>>>>>>>>>>>>
2025-11-30 20:50:56 | INFO     | ENGAGING: Elite (HP: 69%)
2025-11-30 20:50:56 | INFO     | >>>>>>>>>>>>>>>>>>>>>>>>>>>>>>>>>>>>>>>>>>>>>>>>>>
2025-11-30 20:50:56 | INFO     |   Skill 1: 1
2025-11-30 20:50:57 | INFO     |   Skill 2: 2
2025-11-30 20:50:58 | INFO     |   Skill 3: 3
2025-11-30 20:50:58 | INFO     |   Skill 4: 4
2025-11-30 20:50:59 | INFO     | <<<<<<<<<<<<<<<<<<<<<<<<<<<<<<<<<<<<<<<<<<<<<<<<<<
2025-11-30 20:50:59 | INFO     | Total engagements: 10

2025-11-30 20:51:00 | INFO     | 
======================================================================
2025-11-30 20:51:00 | INFO     | CYCLE #15
2025-11-30 20:51:00 | INFO     | ======================================================================
2025-11-30 20:51:00 | INFO     | Detected: 16 floating names
2025-11-30 20:51:00 | INFO     |   ✓ Target #1 at (440, 823)
2025-11-30 20:51:00 | INFO     |   ✓ Target #2 at (573, 696)
2025-11-30 20:51:00 | DEBUG    |   Name #3: Cached
2025-11-30 20:51:00 | DEBUG    |   Name #4: Player zone
2025-11-30 20:51:00 | DEBUG    |   Region near center, might be player
2025-11-30 20:51:00 | DEBUG    |   Name #6: Cached
2025-11-30 20:51:00 | INFO     |   ✓ Target #7 at (1119, 165)
2025-11-30 20:51:00 | INFO     |   ✓ Target #8 at (1181, 164)
2025-11-30 20:51:00 | INFO     |   ✓ Target #9 at (1034, 162)
2025-11-30 20:51:00 | INFO     |   ✓ Target #10 at (967, 162)
2025-11-30 20:51:00 | INFO     |   ✓ Target #11 at (912, 164)
2025-11-30 20:51:00 | INFO     |   ✓ Target #12 at (847, 164)
2025-11-30 20:51:00 | INFO     |   ✓ Target #13 at (799, 162)
2025-11-30 20:51:00 | INFO     |   ✓ Target #14 at (758, 164)
2025-11-30 20:51:00 | INFO     |   ✓ Target #15 at (1022, 731)
2025-11-30 20:51:00 | DEBUG    |   Name #16: Cached
2025-11-30 20:51:00 | INFO     | → Valid targets: 11
2025-11-30 20:51:00 | INFO     | 
  Verifying #1...
2025-11-30 20:51:00 | DEBUG    |     Clicking (440, 854)
2025-11-30 20:51:00 | DEBUG    |     Nameplate read in 1 attempts
2025-11-30 20:51:00 | INFO     |     ✓ Elite | HP: 3%
2025-11-30 20:51:00 | INFO     | 
  Verifying #2...
2025-11-30 20:51:00 | DEBUG    |     Clicking (573, 727)
2025-11-30 20:51:00 | DEBUG    |     Nameplate read in 1 attempts
2025-11-30 20:51:00 | INFO     |     ✓ Elite | HP: 3%
2025-11-30 20:51:01 | INFO     | 
======================================================================
2025-11-30 20:51:01 | INFO     | CYCLE #16
2025-11-30 20:51:01 | INFO     | ======================================================================
2025-11-30 20:51:01 | INFO     | Detected: 10 floating names
2025-11-30 20:51:01 | INFO     |   ✓ Target #1 at (1673, 854)
2025-11-30 20:51:01 | INFO     |   ✓ Target #2 at (1233, 782)
2025-11-30 20:51:01 | DEBUG    |   Name #3: Cached
2025-11-30 20:51:01 | DEBUG    |   Name #4: Cached
2025-11-30 20:51:01 | DEBUG    |   Name #5: Cached
2025-11-30 20:51:01 | DEBUG    |   Name #6: Cached
2025-11-30 20:51:01 | DEBUG    |   Name #7: Cached
2025-11-30 20:51:01 | DEBUG    |   Name #8: Cached
2025-11-30 20:51:01 | DEBUG    |   Name #9: Cached
2025-11-30 20:51:01 | DEBUG    |   Name #10: Cached
2025-11-30 20:51:01 | INFO     | → Valid targets: 2
2025-11-30 20:51:01 | INFO     | 
  Verifying #1...
2025-11-30 20:51:01 | DEBUG    |     Clicking (1673, 885)
2025-11-30 20:51:01 | DEBUG    |     Nameplate read in 1 attempts
2025-11-30 20:51:01 | INFO     |     ✓ Elite | HP: 69%
2025-11-30 20:51:01 | INFO     | 
  Verifying #2...
2025-11-30 20:51:01 | DEBUG    |     Clicking (1233, 813)
2025-11-30 20:51:02 | DEBUG    |     Nameplate read in 1 attempts
2025-11-30 20:51:02 | INFO     |     ✓ Elite | HP: 14%
2025-11-30 20:51:02 | INFO     | 
>>>>>>>>>>>>>>>>>>>>>>>>>>>>>>>>>>>>>>>>>>>>>>>>>>
2025-11-30 20:51:02 | INFO     | ENGAGING: Elite (HP: 69%)
2025-11-30 20:51:02 | INFO     | >>>>>>>>>>>>>>>>>>>>>>>>>>>>>>>>>>>>>>>>>>>>>>>>>>
2025-11-30 20:51:02 | INFO     |   Skill 1: 1
2025-11-30 20:51:02 | INFO     |   Skill 2: 2
2025-11-30 20:51:03 | INFO     |   Skill 3: 3
2025-11-30 20:51:04 | INFO     |   Skill 4: 4
2025-11-30 20:51:04 | INFO     | <<<<<<<<<<<<<<<<<<<<<<<<<<<<<<<<<<<<<<<<<<<<<<<<<<
2025-11-30 20:51:04 | INFO     | Total engagements: 11

2025-11-30 20:51:05 | INFO     | 
======================================================================
2025-11-30 20:51:05 | INFO     | CYCLE #17
2025-11-30 20:51:05 | INFO     | ======================================================================
2025-11-30 20:51:05 | INFO     | Detected: 6 floating names
2025-11-30 20:51:05 | INFO     |   ✓ Target #1 at (942, 822)
2025-11-30 20:51:05 | INFO     |   ✓ Target #2 at (1021, 765)
2025-11-30 20:51:05 | DEBUG    |   Name #3: Player zone
2025-11-30 20:51:05 | DEBUG    |   Name #4: Player zone
2025-11-30 20:51:05 | DEBUG    |   Region near center, might be player
2025-11-30 20:51:05 | DEBUG    |   Name #6: Player zone
2025-11-30 20:51:05 | INFO     | → Valid targets: 2
2025-11-30 20:51:05 | INFO     | 
  Verifying #1...
2025-11-30 20:51:05 | DEBUG    |     Clicking (942, 853)
2025-11-30 20:51:05 | DEBUG    |     Nameplate read in 1 attempts
2025-11-30 20:51:05 | INFO     |     ✓ Elite | HP: 69%
2025-11-30 20:51:05 | INFO     | 
  Verifying #2...
2025-11-30 20:51:05 | DEBUG    |     Clicking (1021, 796)
2025-11-30 20:51:06 | DEBUG    |     Nameplate read in 1 attempts
2025-11-30 20:51:06 | INFO     |     ✓ Elite | HP: 69%
2025-11-30 20:51:06 | INFO     | 
>>>>>>>>>>>>>>>>>>>>>>>>>>>>>>>>>>>>>>>>>>>>>>>>>>
2025-11-30 20:51:06 | INFO     | ENGAGING: Elite (HP: 69%)
2025-11-30 20:51:06 | INFO     | >>>>>>>>>>>>>>>>>>>>>>>>>>>>>>>>>>>>>>>>>>>>>>>>>>
2025-11-30 20:51:06 | INFO     |   Skill 1: 1
2025-11-30 20:51:06 | INFO     |   Skill 2: 2
2025-11-30 20:51:07 | INFO     |   Skill 3: 3
2025-11-30 20:51:08 | INFO     |   Skill 4: 4
2025-11-30 20:51:08 | INFO     | <<<<<<<<<<<<<<<<<<<<<<<<<<<<<<<<<<<<<<<<<<<<<<<<<<
2025-11-30 20:51:08 | INFO     | Total engagements: 12

2025-11-30 20:51:09 | INFO     | 
======================================================================
2025-11-30 20:51:09 | INFO     | CYCLE #18
2025-11-30 20:51:09 | INFO     | ======================================================================
2025-11-30 20:51:09 | INFO     | Detected: 7 floating names
2025-11-30 20:51:09 | INFO     |   ✓ Target #1 at (993, 753)
2025-11-30 20:51:09 | DEBUG    |   Name #2: Player zone
2025-11-30 20:51:09 | DEBUG    |   Name #3: Player zone
2025-11-30 20:51:09 | INFO     |   ✓ Target #4 at (1036, 137)
2025-11-30 20:51:09 | INFO     |   ✓ Target #5 at (922, 137)
2025-11-30 20:51:09 | INFO     |   ✓ Target #6 at (876, 137)
2025-11-30 20:51:09 | DEBUG    |   Name #7: Cached
2025-11-30 20:51:09 | INFO     | → Valid targets: 4
2025-11-30 20:51:09 | INFO     | 
  Verifying #1...
2025-11-30 20:51:09 | DEBUG    |     Clicking (993, 783)
2025-11-30 20:51:09 | DEBUG    |     Nameplate read in 1 attempts
2025-11-30 20:51:09 | INFO     |     ✓ Elite | HP: 69%
2025-11-30 20:51:09 | INFO     | 
  Verifying #2...
2025-11-30 20:51:09 | DEBUG    |     Clicking (1036, 167)
2025-11-30 20:51:10 | DEBUG    |     Nameplate read in 1 attempts
2025-11-30 20:51:10 | INFO     |     ✓ Elite | HP: 69%
2025-11-30 20:51:10 | INFO     | 
>>>>>>>>>>>>>>>>>>>>>>>>>>>>>>>>>>>>>>>>>>>>>>>>>>
2025-11-30 20:51:10 | INFO     | ENGAGING: Elite (HP: 69%)
2025-11-30 20:51:10 | INFO     | >>>>>>>>>>>>>>>>>>>>>>>>>>>>>>>>>>>>>>>>>>>>>>>>>>
2025-11-30 20:51:10 | INFO     |   Skill 1: 1
2025-11-30 20:51:10 | INFO     |   Skill 2: 2
2025-11-30 20:51:11 | INFO     |   Skill 3: 3
2025-11-30 20:51:12 | INFO     |   Skill 4: 4
2025-11-30 20:51:13 | INFO     | <<<<<<<<<<<<<<<<<<<<<<<<<<<<<<<<<<<<<<<<<<<<<<<<<<
2025-11-30 20:51:13 | INFO     | Total engagements: 13

2025-11-30 20:51:13 | INFO     | 
======================================================================
2025-11-30 20:51:13 | INFO     | CYCLE #19
2025-11-30 20:51:13 | INFO     | ======================================================================
2025-11-30 20:51:13 | INFO     | Detected: 7 floating names
2025-11-30 20:51:13 | INFO     |   ✓ Target #1 at (1470, 695)
2025-11-30 20:51:13 | DEBUG    |   Name #2: Player zone
2025-11-30 20:51:13 | INFO     |   ✓ Target #3 at (736, 289)
2025-11-30 20:51:13 | DEBUG    |   Name #4: Cached
2025-11-30 20:51:13 | INFO     |   ✓ Target #5 at (1036, 137)
2025-11-30 20:51:13 | INFO     |   ✓ Target #6 at (922, 137)
2025-11-30 20:51:13 | INFO     |   ✓ Target #7 at (876, 137)
2025-11-30 20:51:13 | INFO     | → Valid targets: 5
2025-11-30 20:51:13 | INFO     | 
  Verifying #1...
2025-11-30 20:51:13 | DEBUG    |     Clicking (1470, 726)
2025-11-30 20:51:13 | DEBUG    |     Nameplate read in 1 attempts
2025-11-30 20:51:13 | INFO     |     ✓ Elite | HP: 69%
2025-11-30 20:51:13 | INFO     | 
  Verifying #2...
2025-11-30 20:51:13 | DEBUG    |     Clicking (736, 320)
2025-11-30 20:51:14 | DEBUG    |     Nameplate read in 1 attempts
2025-11-30 20:51:14 | INFO     |     ✓ Elite | HP: 69%
2025-11-30 20:51:14 | INFO     | 
>>>>>>>>>>>>>>>>>>>>>>>>>>>>>>>>>>>>>>>>>>>>>>>>>>
2025-11-30 20:51:14 | INFO     | ENGAGING: Elite (HP: 69%)
2025-11-30 20:51:14 | INFO     | >>>>>>>>>>>>>>>>>>>>>>>>>>>>>>>>>>>>>>>>>>>>>>>>>>
2025-11-30 20:51:14 | INFO     |   Skill 1: 1
2025-11-30 20:51:15 | INFO     |   Skill 2: 2
2025-11-30 20:51:15 | INFO     |   Skill 3: 3
2025-11-30 20:51:16 | INFO     |   Skill 4: 4
2025-11-30 20:51:17 | INFO     | <<<<<<<<<<<<<<<<<<<<<<<<<<<<<<<<<<<<<<<<<<<<<<<<<<
2025-11-30 20:51:17 | INFO     | Total engagements: 14

2025-11-30 20:51:17 | INFO     | 
======================================================================
2025-11-30 20:51:17 | INFO     | CYCLE #20
2025-11-30 20:51:17 | INFO     | ======================================================================
2025-11-30 20:51:17 | INFO     | Detected: 6 floating names
2025-11-30 20:51:17 | INFO     |   ✓ Target #1 at (1498, 715)
2025-11-30 20:51:17 | INFO     |   ✓ Target #2 at (898, 326)
2025-11-30 20:51:17 | INFO     |   ✓ Target #3 at (806, 308)
2025-11-30 20:51:17 | DEBUG    |   Name #4: Cached
2025-11-30 20:51:17 | INFO     |   ✓ Target #5 at (851, 269)
2025-11-30 20:51:17 | INFO     |   ✓ Target #6 at (1125, 223)
2025-11-30 20:51:17 | INFO     | → Valid targets: 5
2025-11-30 20:51:17 | INFO     | 
  Verifying #1...
2025-11-30 20:51:17 | DEBUG    |     Clicking (1498, 745)
2025-11-30 20:51:17 | DEBUG    |     Nameplate read in 1 attempts
2025-11-30 20:51:17 | INFO     |     ✓ Elite | HP: 9%
2025-11-30 20:51:17 | INFO     | 
  Verifying #2...
2025-11-30 20:51:17 | DEBUG    |     Clicking (898, 357)
2025-11-30 20:51:18 | DEBUG    |     Nameplate read in 1 attempts
2025-11-30 20:51:18 | INFO     |     ✓ Elite | HP: 17%
2025-11-30 20:51:18 | INFO     | 
>>>>>>>>>>>>>>>>>>>>>>>>>>>>>>>>>>>>>>>>>>>>>>>>>>
2025-11-30 20:51:18 | INFO     | ENGAGING: Elite (HP: 9%)
2025-11-30 20:51:18 | INFO     | >>>>>>>>>>>>>>>>>>>>>>>>>>>>>>>>>>>>>>>>>>>>>>>>>>
2025-11-30 20:51:18 | INFO     |   Skill 1: 1
2025-11-30 20:51:19 | INFO     |   Skill 2: 2
2025-11-30 20:51:19 | INFO     |   Skill 3: 3
2025-11-30 20:51:20 | INFO     |   Skill 4: 4
2025-11-30 20:51:21 | INFO     | <<<<<<<<<<<<<<<<<<<<<<<<<<<<<<<<<<<<<<<<<<<<<<<<<<
2025-11-30 20:51:21 | INFO     | Total engagements: 15

2025-11-30 20:51:21 | INFO     | 
======================================================================
2025-11-30 20:51:21 | INFO     | CYCLE #21
2025-11-30 20:51:21 | INFO     | ======================================================================
2025-11-30 20:51:21 | INFO     | Detected: 5 floating names
2025-11-30 20:51:21 | DEBUG    |   Region near center, might be player
2025-11-30 20:51:21 | INFO     |   ✓ Target #2 at (1003, 381)
2025-11-30 20:51:21 | DEBUG    |   Name #3: Cached
2025-11-30 20:51:21 | INFO     |   ✓ Target #4 at (1248, 283)
2025-11-30 20:51:21 | DEBUG    |   Name #5: Cached
2025-11-30 20:51:21 | INFO     | → Valid targets: 2
2025-11-30 20:51:21 | INFO     | 
  Verifying #1...
2025-11-30 20:51:21 | DEBUG    |     Clicking (1003, 412)
2025-11-30 20:51:22 | DEBUG    |     Nameplate read in 1 attempts
2025-11-30 20:51:22 | INFO     |     ✓ Elite | HP: 100%
2025-11-30 20:51:22 | INFO     | 
  Verifying #2...
2025-11-30 20:51:22 | DEBUG    |     Clicking (1248, 313)
2025-11-30 20:51:22 | DEBUG    |     Nameplate read in 1 attempts
2025-11-30 20:51:22 | INFO     |     ✓ Elite | HP: 100%
2025-11-30 20:51:22 | INFO     | 
>>>>>>>>>>>>>>>>>>>>>>>>>>>>>>>>>>>>>>>>>>>>>>>>>>
2025-11-30 20:51:22 | INFO     | ENGAGING: Elite (HP: 100%)
2025-11-30 20:51:22 | INFO     | >>>>>>>>>>>>>>>>>>>>>>>>>>>>>>>>>>>>>>>>>>>>>>>>>>
2025-11-30 20:51:22 | INFO     |   Skill 1: 1
2025-11-30 20:51:23 | INFO     |   Skill 2: 2
2025-11-30 20:51:23 | INFO     |   Skill 3: 3
2025-11-30 20:51:24 | INFO     |   Skill 4: 4
2025-11-30 20:51:25 | INFO     | <<<<<<<<<<<<<<<<<<<<<<<<<<<<<<<<<<<<<<<<<<<<<<<<<<
2025-11-30 20:51:25 | INFO     | Total engagements: 16

2025-11-30 20:51:25 | INFO     | 
======================================================================
2025-11-30 20:51:25 | INFO     | CYCLE #22
2025-11-30 20:51:25 | INFO     | ======================================================================
2025-11-30 20:51:25 | INFO     | Detected: 6 floating names
2025-11-30 20:51:25 | INFO     |   ✓ Target #1 at (903, 787)
2025-11-30 20:51:25 | INFO     |   ✓ Target #2 at (1402, 774)
2025-11-30 20:51:25 | DEBUG    |   Name #3: Player zone
2025-11-30 20:51:25 | DEBUG    |   Region near center, might be player
2025-11-30 20:51:25 | DEBUG    |   Region near center, might be player
2025-11-30 20:51:25 | DEBUG    |   Name #6: Player zone
2025-11-30 20:51:25 | INFO     | → Valid targets: 2
2025-11-30 20:51:25 | INFO     | 
  Verifying #1...
2025-11-30 20:51:25 | DEBUG    |     Clicking (903, 828)
2025-11-30 20:51:26 | DEBUG    |     Nameplate read in 1 attempts
2025-11-30 20:51:26 | INFO     |     ✓ Elite | HP: 100%
2025-11-30 20:51:26 | INFO     | 
  Verifying #2...
2025-11-30 20:51:26 | DEBUG    |     Clicking (1402, 813)
2025-11-30 20:51:26 | DEBUG    |     Nameplate read in 1 attempts
2025-11-30 20:51:26 | INFO     |     ✓ Elite | HP: 100%
2025-11-30 20:51:26 | INFO     | 
>>>>>>>>>>>>>>>>>>>>>>>>>>>>>>>>>>>>>>>>>>>>>>>>>>
2025-11-30 20:51:26 | INFO     | ENGAGING: Elite (HP: 100%)
2025-11-30 20:51:26 | INFO     | >>>>>>>>>>>>>>>>>>>>>>>>>>>>>>>>>>>>>>>>>>>>>>>>>>
2025-11-30 20:51:26 | INFO     |   Skill 1: 1
2025-11-30 20:51:27 | INFO     |   Skill 2: 2
2025-11-30 20:51:27 | INFO     |   Skill 3: 3
2025-11-30 20:51:28 | INFO     |   Skill 4: 4
2025-11-30 20:51:29 | INFO     | <<<<<<<<<<<<<<<<<<<<<<<<<<<<<<<<<<<<<<<<<<<<<<<<<<
2025-11-30 20:51:29 | INFO     | Total engagements: 17

2025-11-30 20:51:29 | INFO     | 
======================================================================
2025-11-30 20:51:29 | INFO     | CYCLE #23
2025-11-30 20:51:29 | INFO     | ======================================================================
2025-11-30 20:51:29 | INFO     | Detected: 4 floating names
2025-11-30 20:51:29 | DEBUG    |   Name #1: Player zone
2025-11-30 20:51:29 | DEBUG    |   Name #2: Player zone
2025-11-30 20:51:29 | INFO     |   ✓ Target #3 at (717, 256)
2025-11-30 20:51:29 | INFO     |   ✓ Target #4 at (900, 206)
2025-11-30 20:51:29 | INFO     | → Valid targets: 2
2025-11-30 20:51:29 | INFO     | 
  Verifying #1...
2025-11-30 20:51:29 | DEBUG    |     Clicking (717, 286)
2025-11-30 20:51:30 | DEBUG    |     Nameplate read in 1 attempts
2025-11-30 20:51:30 | INFO     |     ✓ Elite | HP: 69%
2025-11-30 20:51:30 | INFO     | 
  Verifying #2...
2025-11-30 20:51:30 | DEBUG    |     Clicking (900, 237)
2025-11-30 20:51:30 | DEBUG    |     Nameplate read in 1 attempts
2025-11-30 20:51:30 | INFO     |     ✓ Elite | HP: 69%
2025-11-30 20:51:30 | INFO     | 
>>>>>>>>>>>>>>>>>>>>>>>>>>>>>>>>>>>>>>>>>>>>>>>>>>
2025-11-30 20:51:30 | INFO     | ENGAGING: Elite (HP: 69%)
2025-11-30 20:51:30 | INFO     | >>>>>>>>>>>>>>>>>>>>>>>>>>>>>>>>>>>>>>>>>>>>>>>>>>
2025-11-30 20:51:30 | INFO     |   Skill 1: 1
2025-11-30 20:51:31 | INFO     |   Skill 2: 2
2025-11-30 20:51:32 | INFO     |   Skill 3: 3
2025-11-30 20:51:32 | INFO     |   Skill 4: 4
2025-11-30 20:51:33 | INFO     | <<<<<<<<<<<<<<<<<<<<<<<<<<<<<<<<<<<<<<<<<<<<<<<<<<
2025-11-30 20:51:33 | INFO     | Total engagements: 18

2025-11-30 20:51:33 | INFO     | 
======================================================================
2025-11-30 20:51:33 | INFO     | CYCLE #24
2025-11-30 20:51:33 | INFO     | ======================================================================
2025-11-30 20:51:33 | INFO     | Detected: 9 floating names
2025-11-30 20:51:33 | DEBUG    |   Name #1: Player zone
2025-11-30 20:51:33 | DEBUG    |   Region near center, might be player
2025-11-30 20:51:33 | INFO     |   ✓ Target #3 at (969, 183)
2025-11-30 20:51:33 | INFO     |   ✓ Target #4 at (934, 183)
2025-11-30 20:51:33 | INFO     |   ✓ Target #5 at (1039, 164)
2025-11-30 20:51:33 | INFO     |   ✓ Target #6 at (1089, 164)
2025-11-30 20:51:33 | DEBUG    |   Name #7: Cached
2025-11-30 20:51:33 | INFO     |   ✓ Target #8 at (904, 164)
2025-11-30 20:51:33 | INFO     |   ✓ Target #9 at (840, 162)
2025-11-30 20:51:33 | INFO     | → Valid targets: 6
2025-11-30 20:51:33 | INFO     | 
  Verifying #1...
2025-11-30 20:51:33 | DEBUG    |     Clicking (969, 212)
2025-11-30 20:51:34 | DEBUG    |     Nameplate read in 1 attempts
2025-11-30 20:51:34 | INFO     |     ✓ Elite | HP: 3%
2025-11-30 20:51:34 | INFO     | 
  Verifying #2...
2025-11-30 20:51:34 | DEBUG    |     Clicking (934, 212)
2025-11-30 20:51:34 | DEBUG    |     Nameplate read in 1 attempts
2025-11-30 20:51:34 | INFO     |     ✓ Elite | HP: 3%
2025-11-30 20:51:35 | INFO     | 
======================================================================
2025-11-30 20:51:35 | INFO     | CYCLE #25
2025-11-30 20:51:35 | INFO     | ======================================================================
2025-11-30 20:51:35 | INFO     | Detected: 2 floating names
2025-11-30 20:51:35 | DEBUG    |   Name #1: Player zone
2025-11-30 20:51:35 | INFO     |   ✓ Target #2 at (1425, 373)
2025-11-30 20:51:35 | INFO     | → Valid targets: 1
2025-11-30 20:51:35 | INFO     | 
  Verifying #1...
2025-11-30 20:51:35 | DEBUG    |     Clicking (1425, 404)
2025-11-30 20:51:35 | DEBUG    |     Nameplate read in 1 attempts
2025-11-30 20:51:35 | INFO     |     ✓ Elite | HP: 69%
2025-11-30 20:51:35 | INFO     | 
>>>>>>>>>>>>>>>>>>>>>>>>>>>>>>>>>>>>>>>>>>>>>>>>>>
2025-11-30 20:51:35 | INFO     | ENGAGING: Elite (HP: 69%)
2025-11-30 20:51:35 | INFO     | >>>>>>>>>>>>>>>>>>>>>>>>>>>>>>>>>>>>>>>>>>>>>>>>>>
2025-11-30 20:51:35 | INFO     |   Skill 1: 1
2025-11-30 20:51:36 | INFO     |   Skill 2: 2
2025-11-30 20:51:36 | INFO     |   Skill 3: 3
2025-11-30 20:51:37 | INFO     | 
⏸ PAUSED - Press CapsLock to resume
2025-11-30 20:51:37 | INFO     |   Skill 4: 4
2025-11-30 20:51:38 | INFO     | <<<<<<<<<<<<<<<<<<<<<<<<<<<<<<<<<<<<<<<<<<<<<<<<<<
2025-11-30 20:51:38 | INFO     | Total engagements: 19

2025-11-30 20:51:43 | INFO     | Shutting down gracefully...
2025-11-30 20:51:43 | INFO     | Shutting down gracefully...
2025-11-30 20:51:43 | INFO     | 
======================================================================
2025-11-30 20:51:43 | INFO     | FINAL STATISTICS
2025-11-30 20:51:43 | INFO     | ======================================================================
2025-11-30 20:51:43 | INFO     | Total Cycles: 25
2025-11-30 20:51:43 | INFO     | Total Clicks: 38
2025-11-30 20:51:43 | INFO     | Total Engagements: 19
2025-11-30 20:51:43 | INFO     | Uptime: 95s (1m 35s)
2025-11-30 20:51:43 | INFO     | Cache Hit Rate: 26.9%
2025-11-30 20:51:43 | INFO     | Avg Cycle Time: 3.80s
2025-11-30 20:51:43 | INFO     | ======================================================================
