2025-12-10 22:41:07 | INFO     | ======================================================================
2025-12-10 22:41:07 | INFO     | MOB HUNTER v3.0 - CENTER-OUT + BINARY HEALTH
2025-12-10 22:41:07 | INFO     | ======================================================================
2025-12-10 22:41:07 | INFO     | Log directory: logs/session_20251210_224107
2025-12-10 22:41:07 | INFO     | Screen: 1920x1080
2025-12-10 22:41:07 | INFO     | Strategy: Attack closest to center first
2025-12-10 22:41:07 | INFO     | Health: Binary (ALIVE/DEAD) detection
2025-12-10 22:41:07 | INFO     | Pet Filter: Via nameplate class detection
2025-12-10 22:41:07 | INFO     | ======================================================================
2025-12-10 22:41:07 | INFO     | 
🚀 Bot started! Press Ctrl+C to stop.

2025-12-10 22:41:07 | INFO     | 💡 Controls: CapsLock = Pause/Resume | O = Toggle Overlay

2025-12-10 22:41:07 | INFO     | ⌨️  Global keyboard listener active (works in any window)

2025-12-10 22:41:07 | INFO     | 📋 Configuration:
2025-12-10 22:41:07 | INFO     |    Death Detection: ✅ Enabled
2025-12-10 22:41:07 | INFO     |    Death Screenshots: ✅ Enabled
2025-12-10 22:41:07 | INFO     |    Error Screenshots: ✅ Enabled
2025-12-10 22:41:07 | INFO     |    Periodic Screenshots: ❌ Disabled
2025-12-10 22:41:07 | INFO     |    Buffer Interval: 120s
2025-12-10 22:41:07 | INFO     |    Overlay: ✅ Enabled
2025-12-10 22:41:07 | INFO     | 
2025-12-10 22:41:07 | INFO     | 🖥️  Click-through overlay starting...
2025-12-10 22:41:07 | INFO     | 
Running INITIAL buffer sequence...
2025-12-10 22:41:07 | INFO     | 
============================================================
2025-12-10 22:41:07 | INFO     | RUNNING BUFFER SEQUENCE
2025-12-10 22:41:07 | INFO     | ============================================================
2025-12-10 22:41:07 | INFO     |   [1/6] Pressing: F2
2025-12-10 22:41:07 | INFO     |   [2/6] Pressing: 1
2025-12-10 22:41:07 | INFO     |   [3/6] Pressing: 2
2025-12-10 22:41:08 | INFO     |       Waiting 1.0s...
2025-12-10 22:41:08 | INFO     | ✅ Overlay is now CLICK-THROUGH and transparent
2025-12-10 22:41:09 | INFO     |   [4/6] Pressing: 3
2025-12-10 22:41:09 | INFO     |       Waiting 1.0s...
2025-12-10 22:41:10 | INFO     |   [5/6] Pressing: 4
2025-12-10 22:41:10 | INFO     |       Waiting 1.0s...
2025-12-10 22:41:11 | INFO     |   [6/6] Pressing: F1
2025-12-10 22:41:11 | INFO     | ============================================================
2025-12-10 22:41:11 | INFO     | Buffer sequence complete (Total: 1)
2025-12-10 22:41:11 | INFO     | Next buffer in 120s (2m)
2025-12-10 22:41:11 | INFO     | ============================================================

2025-12-10 22:41:11 | INFO     | 
======================================================================
2025-12-10 22:41:11 | INFO     | CYCLE #1
2025-12-10 22:41:11 | INFO     | ======================================================================
2025-12-10 22:41:11 | DEBUG    | Death detection: Gold=1594, Dark=54033, Brown=3017, White=1710
2025-12-10 22:41:11 | WARNING  | 💀 DEATH DETECTED - Player is dead!
2025-12-10 22:41:11 | WARNING  |    Indicators: Gold=True, Dark=True, Brown=False, Text=True
2025-12-10 22:41:11 | WARNING  | ⚠️  Player is dead - pausing hunting
2025-12-10 22:41:11 | INFO     | 📸 Screenshot saved: 0001_224111_DEATH_death_1.png
2025-12-10 22:41:11 | INFO     | 
======================================================================
2025-12-10 22:41:11 | INFO     | 💀 DEATH HANDLER ACTIVATED
2025-12-10 22:41:11 | INFO     | ======================================================================
2025-12-10 22:41:11 | INFO     | Death #1
2025-12-10 22:41:11 | INFO     | Waiting 2.0s before reviving...
2025-12-10 22:41:13 | INFO     | Pressing F4 (open revive menu)...
2025-12-10 22:41:14 | INFO     | Pressing 0 (resurrect at specified point)...
2025-12-10 22:41:14 | INFO     | Waiting for respawn (3s)...
2025-12-10 22:41:17 | INFO     | ✅ Revive sequence completed!
2025-12-10 22:41:17 | INFO     | ======================================================================

2025-12-10 22:41:17 | INFO     | 🔄 Running buffer sequence after revive...
2025-12-10 22:41:17 | INFO     | 
============================================================
2025-12-10 22:41:17 | INFO     | RUNNING BUFFER SEQUENCE
2025-12-10 22:41:17 | INFO     | ============================================================
2025-12-10 22:41:17 | INFO     |   [1/6] Pressing: F2
2025-12-10 22:41:17 | INFO     |   [2/6] Pressing: 1
2025-12-10 22:41:17 | INFO     |   [3/6] Pressing: 2
2025-12-10 22:41:17 | INFO     |       Waiting 1.0s...
2025-12-10 22:41:18 | INFO     |   [4/6] Pressing: 3
2025-12-10 22:41:18 | INFO     |       Waiting 1.0s...
2025-12-10 22:41:19 | INFO     |   [5/6] Pressing: 4
2025-12-10 22:41:19 | INFO     |       Waiting 1.0s...
2025-12-10 22:41:20 | INFO     |   [6/6] Pressing: F1
2025-12-10 22:41:21 | INFO     | ============================================================
2025-12-10 22:41:21 | INFO     | Buffer sequence complete (Total: 2)
2025-12-10 22:41:21 | INFO     | Next buffer in 120s (2m)
2025-12-10 22:41:21 | INFO     | ============================================================

2025-12-10 22:41:21 | INFO     | ✅ Ready to resume hunting!
2025-12-10 22:41:21 | INFO     | 
======================================================================
2025-12-10 22:41:21 | INFO     | CYCLE #2
2025-12-10 22:41:21 | INFO     | ======================================================================
2025-12-10 22:41:21 | DEBUG    | Death detection: Gold=1692, Dark=53612, Brown=2637, White=830
2025-12-10 22:41:21 | WARNING  | 💀 DEATH DETECTED - Player is dead!
2025-12-10 22:41:21 | WARNING  |    Indicators: Gold=True, Dark=True, Brown=False, Text=True
2025-12-10 22:41:21 | WARNING  | ⚠️  Player is dead - pausing hunting
2025-12-10 22:41:21 | INFO     | 📸 Screenshot saved: 0002_224121_DEATH_death_2.png
2025-12-10 22:41:21 | INFO     | 
======================================================================
2025-12-10 22:41:21 | INFO     | 💀 DEATH HANDLER ACTIVATED
2025-12-10 22:41:21 | INFO     | ======================================================================
2025-12-10 22:41:21 | INFO     | Death #2
2025-12-10 22:41:21 | INFO     | Waiting 2.0s before reviving...
2025-12-10 22:41:23 | INFO     | Pressing F4 (open revive menu)...
2025-12-10 22:41:24 | INFO     | Pressing 0 (resurrect at specified point)...
2025-12-10 22:41:24 | INFO     | Waiting for respawn (3s)...
2025-12-10 22:41:25 | INFO     | 

⛔ Bot stopped by user
2025-12-10 22:41:25 | INFO     | 
======================================================================
2025-12-10 22:41:25 | INFO     | 📊 FINAL STATISTICS
2025-12-10 22:41:25 | INFO     | ======================================================================
2025-12-10 22:41:25 | INFO     | 📁 Log Directory: logs/session_20251210_224107
2025-12-10 22:41:25 | INFO     | ⏱️  Uptime: 18s (0m 18s)
2025-12-10 22:41:25 | INFO     | 🔄 Total Cycles: 2
2025-12-10 22:41:25 | INFO     | 📸 Screenshots Saved: 2
2025-12-10 22:41:25 | INFO     | 
2025-12-10 22:41:25 | INFO     | 🔍 Detection:
2025-12-10 22:41:25 | INFO     |    Total Clicks: 0
2025-12-10 22:41:25 | INFO     |    Verified Mobs: 0
2025-12-10 22:41:25 | INFO     |    Filtered Pets: 0
2025-12-10 22:41:25 | INFO     |    Pet Filter Rate: 0.0%
2025-12-10 22:41:25 | INFO     | 
2025-12-10 22:41:25 | INFO     | ⚔️  Combat:
2025-12-10 22:41:25 | INFO     |    Total Kills: 0
2025-12-10 22:41:25 | INFO     |    Deaths: 2
2025-12-10 22:41:25 | INFO     |    Early Stops: 0
2025-12-10 22:41:25 | INFO     |    Skills Used: 0
2025-12-10 22:41:25 | INFO     |    Avg Skills/Kill: 0.0
2025-12-10 22:41:25 | INFO     |    Kills/Hour: 0.0
2025-12-10 22:41:25 | INFO     | 
2025-12-10 22:41:25 | INFO     | ⚙️  System:
2025-12-10 22:41:25 | INFO     |    Buffer Sequences: 2
2025-12-10 22:41:25 | INFO     |    Stuck Recoveries: 0
2025-12-10 22:41:25 | INFO     |    Cache Hit Rate: 0.0%
2025-12-10 22:41:25 | INFO     |    Cache Size: 0 entries
2025-12-10 22:41:25 | INFO     | 
2025-12-10 22:41:25 | INFO     | 📈 Efficiency:
2025-12-10 22:41:25 | INFO     |    Avg Cycle Time: 9.00s
2025-12-10 22:41:25 | INFO     |    Avg Clicks/Cycle: 0.0
2025-12-10 22:41:25 | INFO     |    Avg Kills/Cycle: 0.00
2025-12-10 22:41:25 | INFO     | ======================================================================
