2025-11-30 19:45:31 | INFO     | ======================================================================
2025-11-30 19:45:31 | INFO     | MOB HUNTER v3.0 - Starting
2025-11-30 19:45:31 | INFO     | ======================================================================
2025-11-30 19:45:31 | INFO     | 
Bot started. Press Ctrl+C to stop.

2025-11-30 19:45:31 | INFO     | 
======================================================================
2025-11-30 19:45:31 | INFO     | CYCLE #1
2025-11-30 19:45:31 | INFO     | ======================================================================
2025-11-30 19:45:31 | INFO     | Detected 0 floating names
2025-11-30 19:45:31 | INFO     | → No floating names found
2025-11-30 19:45:31 | INFO     | 
======================================================================
2025-11-30 19:45:31 | INFO     | CYCLE #2
2025-11-30 19:45:31 | INFO     | ======================================================================
2025-11-30 19:45:31 | INFO     | Detected 1 floating names
2025-11-30 19:45:31 | DEBUG    | OCR error: C:\Program Files\Tesseract-OCR\tesseract.exe is not installed or it's not in your PATH. See README file for more information.
2025-11-30 19:45:31 | DEBUG    | Name #1: OCR failed
2025-11-30 19:45:31 | INFO     | 
→ Valid mob targets: 0
2025-11-30 19:45:32 | INFO     | 
======================================================================
2025-11-30 19:45:32 | INFO     | CYCLE #3
2025-11-30 19:45:32 | INFO     | ======================================================================
2025-11-30 19:45:32 | INFO     | Detected 1 floating names
2025-11-30 19:45:32 | DEBUG    | Name #1: Skipped (cached)
2025-11-30 19:45:32 | INFO     | 
→ Valid mob targets: 0
2025-11-30 19:45:32 | INFO     | 
======================================================================
2025-11-30 19:45:32 | INFO     | CYCLE #4
2025-11-30 19:45:32 | INFO     | ======================================================================
2025-11-30 19:45:32 | INFO     | Detected 1 floating names
2025-11-30 19:45:32 | DEBUG    | OCR error: C:\Program Files\Tesseract-OCR\tesseract.exe is not installed or it's not in your PATH. See README file for more information.
2025-11-30 19:45:32 | DEBUG    | Name #1: OCR failed
2025-11-30 19:45:32 | INFO     | 
→ Valid mob targets: 0
2025-11-30 19:45:33 | INFO     | 
======================================================================
2025-11-30 19:45:33 | INFO     | CYCLE #5
2025-11-30 19:45:33 | INFO     | ======================================================================
2025-11-30 19:45:33 | INFO     | Detected 1 floating names
2025-11-30 19:45:33 | DEBUG    | Name #1: Skipped (cached)
2025-11-30 19:45:33 | INFO     | 
→ Valid mob targets: 0
2025-11-30 19:45:33 | INFO     | 
======================================================================
2025-11-30 19:45:33 | INFO     | CYCLE #6
2025-11-30 19:45:33 | INFO     | ======================================================================
2025-11-30 19:45:33 | INFO     | Detected 1 floating names
2025-11-30 19:45:33 | DEBUG    | Name #1: Skipped (cached)
2025-11-30 19:45:33 | INFO     | 
→ Valid mob targets: 0
2025-11-30 19:45:34 | INFO     | 
======================================================================
2025-11-30 19:45:34 | INFO     | CYCLE #7
2025-11-30 19:45:34 | INFO     | ======================================================================
2025-11-30 19:45:34 | INFO     | Detected 0 floating names
2025-11-30 19:45:34 | INFO     | → No floating names found
2025-11-30 19:45:35 | INFO     | 
======================================================================
2025-11-30 19:45:35 | INFO     | CYCLE #8
2025-11-30 19:45:35 | INFO     | ======================================================================
2025-11-30 19:45:35 | INFO     | Detected 0 floating names
2025-11-30 19:45:35 | INFO     | → No floating names found
2025-11-30 19:45:35 | INFO     | 
======================================================================
2025-11-30 19:45:35 | INFO     | CYCLE #9
2025-11-30 19:45:35 | INFO     | ======================================================================
2025-11-30 19:45:35 | INFO     | Detected 1 floating names
2025-11-30 19:45:35 | DEBUG    | OCR error: C:\Program Files\Tesseract-OCR\tesseract.exe is not installed or it's not in your PATH. See README file for more information.
2025-11-30 19:45:35 | DEBUG    | Name #1: OCR failed
2025-11-30 19:45:35 | INFO     | 
→ Valid mob targets: 0
2025-11-30 19:45:36 | INFO     | 
======================================================================
2025-11-30 19:45:36 | INFO     | CYCLE #10
2025-11-30 19:45:36 | INFO     | ======================================================================
2025-11-30 19:45:36 | INFO     | Detected 0 floating names
2025-11-30 19:45:36 | INFO     | → No floating names found
2025-11-30 19:45:36 | INFO     | 
======================================================================
2025-11-30 19:45:36 | INFO     | CYCLE #11
2025-11-30 19:45:36 | INFO     | ======================================================================
2025-11-30 19:45:36 | INFO     | Detected 0 floating names
2025-11-30 19:45:36 | INFO     | → No floating names found
2025-11-30 19:45:37 | INFO     | 
======================================================================
2025-11-30 19:45:37 | INFO     | CYCLE #12
2025-11-30 19:45:37 | INFO     | ======================================================================
2025-11-30 19:45:37 | INFO     | Detected 0 floating names
2025-11-30 19:45:37 | INFO     | → No floating names found
2025-11-30 19:45:37 | INFO     | 
======================================================================
2025-11-30 19:45:37 | INFO     | CYCLE #13
2025-11-30 19:45:37 | INFO     | ======================================================================
2025-11-30 19:45:37 | INFO     | Detected 0 floating names
2025-11-30 19:45:37 | INFO     | → No floating names found
2025-11-30 19:45:38 | INFO     | 
======================================================================
2025-11-30 19:45:38 | INFO     | CYCLE #14
2025-11-30 19:45:38 | INFO     | ======================================================================
2025-11-30 19:45:38 | INFO     | Detected 0 floating names
2025-11-30 19:45:38 | INFO     | → No floating names found
2025-11-30 19:45:38 | INFO     | 
======================================================================
2025-11-30 19:45:38 | INFO     | CYCLE #15
2025-11-30 19:45:38 | INFO     | ======================================================================
2025-11-30 19:45:38 | INFO     | Detected 0 floating names
2025-11-30 19:45:38 | INFO     | → No floating names found
2025-11-30 19:45:39 | INFO     | 
======================================================================
2025-11-30 19:45:39 | INFO     | CYCLE #16
2025-11-30 19:45:39 | INFO     | ======================================================================
2025-11-30 19:45:39 | INFO     | Detected 0 floating names
2025-11-30 19:45:39 | INFO     | → No floating names found
2025-11-30 19:45:39 | INFO     | 
======================================================================
2025-11-30 19:45:39 | INFO     | CYCLE #17
2025-11-30 19:45:39 | INFO     | ======================================================================
2025-11-30 19:45:39 | INFO     | Detected 0 floating names
2025-11-30 19:45:39 | INFO     | → No floating names found
2025-11-30 19:45:40 | INFO     | 
======================================================================
2025-11-30 19:45:40 | INFO     | CYCLE #18
2025-11-30 19:45:40 | INFO     | ======================================================================
2025-11-30 19:45:40 | INFO     | Detected 0 floating names
2025-11-30 19:45:40 | INFO     | → No floating names found
2025-11-30 19:45:40 | INFO     | 
======================================================================
2025-11-30 19:45:40 | INFO     | CYCLE #19
2025-11-30 19:45:40 | INFO     | ======================================================================
2025-11-30 19:45:40 | INFO     | Detected 0 floating names
2025-11-30 19:45:40 | INFO     | → No floating names found
2025-11-30 19:45:41 | INFO     | 
======================================================================
2025-11-30 19:45:41 | INFO     | CYCLE #20
2025-11-30 19:45:41 | INFO     | ======================================================================
2025-11-30 19:45:41 | INFO     | Detected 0 floating names
2025-11-30 19:45:41 | INFO     | → No floating names found
2025-11-30 19:45:41 | INFO     | 
======================================================================
2025-11-30 19:45:41 | INFO     | CYCLE #21
2025-11-30 19:45:41 | INFO     | ======================================================================
2025-11-30 19:45:41 | INFO     | Detected 0 floating names
2025-11-30 19:45:41 | INFO     | → No floating names found
2025-11-30 19:45:42 | INFO     | 
======================================================================
2025-11-30 19:45:42 | INFO     | CYCLE #22
2025-11-30 19:45:42 | INFO     | ======================================================================
2025-11-30 19:45:42 | INFO     | Detected 0 floating names
2025-11-30 19:45:42 | INFO     | → No floating names found
2025-11-30 19:45:43 | INFO     | 
======================================================================
2025-11-30 19:45:43 | INFO     | CYCLE #23
2025-11-30 19:45:43 | INFO     | ======================================================================
2025-11-30 19:45:43 | INFO     | Detected 0 floating names
2025-11-30 19:45:43 | INFO     | → No floating names found
2025-11-30 19:45:43 | INFO     | 
======================================================================
2025-11-30 19:45:43 | INFO     | CYCLE #24
2025-11-30 19:45:43 | INFO     | ======================================================================
2025-11-30 19:45:43 | INFO     | Detected 0 floating names
2025-11-30 19:45:43 | INFO     | → No floating names found
2025-11-30 19:45:44 | INFO     | 
======================================================================
2025-11-30 19:45:44 | INFO     | CYCLE #25
2025-11-30 19:45:44 | INFO     | ======================================================================
2025-11-30 19:45:44 | INFO     | Detected 0 floating names
2025-11-30 19:45:44 | INFO     | → No floating names found
2025-11-30 19:45:44 | INFO     | 
======================================================================
2025-11-30 19:45:44 | INFO     | CYCLE #26
2025-11-30 19:45:44 | INFO     | ======================================================================
2025-11-30 19:45:44 | INFO     | Detected 0 floating names
2025-11-30 19:45:44 | INFO     | → No floating names found
2025-11-30 19:45:45 | INFO     | 
======================================================================
2025-11-30 19:45:45 | INFO     | CYCLE #27
2025-11-30 19:45:45 | INFO     | ======================================================================
2025-11-30 19:45:45 | INFO     | Detected 0 floating names
2025-11-30 19:45:45 | INFO     | → No floating names found
2025-11-30 19:45:45 | INFO     | 
======================================================================
2025-11-30 19:45:45 | INFO     | CYCLE #28
2025-11-30 19:45:45 | INFO     | ======================================================================
2025-11-30 19:45:45 | INFO     | Detected 0 floating names
2025-11-30 19:45:45 | INFO     | → No floating names found
2025-11-30 19:45:46 | INFO     | 
======================================================================
2025-11-30 19:45:46 | INFO     | CYCLE #29
2025-11-30 19:45:46 | INFO     | ======================================================================
2025-11-30 19:45:46 | INFO     | Detected 0 floating names
2025-11-30 19:45:46 | INFO     | → No floating names found
2025-11-30 19:45:46 | INFO     | 
======================================================================
2025-11-30 19:45:46 | INFO     | CYCLE #30
2025-11-30 19:45:46 | INFO     | ======================================================================
2025-11-30 19:45:46 | INFO     | Detected 0 floating names
2025-11-30 19:45:46 | INFO     | → No floating names found
2025-11-30 19:45:47 | INFO     | 
======================================================================
2025-11-30 19:45:47 | INFO     | CYCLE #31
2025-11-30 19:45:47 | INFO     | ======================================================================
2025-11-30 19:45:47 | INFO     | Detected 0 floating names
2025-11-30 19:45:47 | INFO     | → No floating names found
2025-11-30 19:45:47 | INFO     | 
======================================================================
2025-11-30 19:45:47 | INFO     | CYCLE #32
2025-11-30 19:45:47 | INFO     | ======================================================================
2025-11-30 19:45:47 | INFO     | Detected 0 floating names
2025-11-30 19:45:47 | INFO     | → No floating names found
2025-11-30 19:45:48 | INFO     | 
======================================================================
2025-11-30 19:45:48 | INFO     | CYCLE #33
2025-11-30 19:45:48 | INFO     | ======================================================================
2025-11-30 19:45:48 | INFO     | Detected 0 floating names
2025-11-30 19:45:48 | INFO     | → No floating names found
2025-11-30 19:45:48 | INFO     | 
======================================================================
2025-11-30 19:45:48 | INFO     | CYCLE #34
2025-11-30 19:45:48 | INFO     | ======================================================================
2025-11-30 19:45:48 | INFO     | Detected 0 floating names
2025-11-30 19:45:48 | INFO     | → No floating names found
2025-11-30 19:45:49 | INFO     | 
======================================================================
2025-11-30 19:45:49 | INFO     | CYCLE #35
2025-11-30 19:45:49 | INFO     | ======================================================================
2025-11-30 19:45:49 | INFO     | Detected 1 floating names
2025-11-30 19:45:49 | DEBUG    | OCR error: C:\Program Files\Tesseract-OCR\tesseract.exe is not installed or it's not in your PATH. See README file for more information.
2025-11-30 19:45:49 | DEBUG    | Name #1: OCR failed
2025-11-30 19:45:49 | INFO     | 
→ Valid mob targets: 0
2025-11-30 19:45:49 | INFO     | 
======================================================================
2025-11-30 19:45:49 | INFO     | CYCLE #36
2025-11-30 19:45:49 | INFO     | ======================================================================
2025-11-30 19:45:50 | INFO     | Detected 2 floating names
2025-11-30 19:45:50 | DEBUG    | OCR error: C:\Program Files\Tesseract-OCR\tesseract.exe is not installed or it's not in your PATH. See README file for more information.
2025-11-30 19:45:50 | DEBUG    | Name #1: OCR failed
2025-11-30 19:45:50 | DEBUG    | OCR error: C:\Program Files\Tesseract-OCR\tesseract.exe is not installed or it's not in your PATH. See README file for more information.
2025-11-30 19:45:50 | DEBUG    | Name #2: OCR failed
2025-11-30 19:45:50 | INFO     | 
→ Valid mob targets: 0
2025-11-30 19:45:50 | INFO     | 
======================================================================
2025-11-30 19:45:50 | INFO     | CYCLE #37
2025-11-30 19:45:50 | INFO     | ======================================================================
2025-11-30 19:45:50 | INFO     | Detected 0 floating names
2025-11-30 19:45:50 | INFO     | → No floating names found
2025-11-30 19:45:51 | INFO     | 
======================================================================
2025-11-30 19:45:51 | INFO     | CYCLE #38
2025-11-30 19:45:51 | INFO     | ======================================================================
2025-11-30 19:45:51 | INFO     | Detected 0 floating names
2025-11-30 19:45:51 | INFO     | → No floating names found
2025-11-30 19:45:51 | INFO     | 
======================================================================
2025-11-30 19:45:51 | INFO     | CYCLE #39
2025-11-30 19:45:51 | INFO     | ======================================================================
2025-11-30 19:45:51 | INFO     | Detected 1 floating names
2025-11-30 19:45:51 | DEBUG    | OCR error: C:\Program Files\Tesseract-OCR\tesseract.exe is not installed or it's not in your PATH. See README file for more information.
2025-11-30 19:45:51 | DEBUG    | Name #1: OCR failed
2025-11-30 19:45:51 | INFO     | 
→ Valid mob targets: 0
2025-11-30 19:45:52 | INFO     | 
======================================================================
2025-11-30 19:45:52 | INFO     | CYCLE #40
2025-11-30 19:45:52 | INFO     | ======================================================================
2025-11-30 19:45:52 | INFO     | Detected 1 floating names
2025-11-30 19:45:52 | DEBUG    | Name #1: Skipped (cached)
2025-11-30 19:45:52 | INFO     | 
→ Valid mob targets: 0
