2025-11-30 20:22:44 | INFO     | ======================================================================
2025-11-30 20:22:44 | INFO     | MOB HUNTER v3.0 - FULL VERSION
2025-11-30 20:22:44 | INFO     | ======================================================================
2025-11-30 20:22:44 | INFO     | Log directory: logs/session_20251130_202244
2025-11-30 20:22:44 | INFO     | Screen: 1920x1080
2025-11-30 20:22:44 | INFO     | Overlay: ENABLED
2025-11-30 20:22:44 | INFO     | ======================================================================
2025-11-30 20:22:44 | INFO     | 
🚀 Bot started! Press Ctrl+C to stop.

2025-11-30 20:22:44 | INFO     | 
======================================================================
2025-11-30 20:22:44 | INFO     | CYCLE #1
2025-11-30 20:22:44 | INFO     | ======================================================================
2025-11-30 20:22:44 | INFO     | Detected: 5 floating names
2025-11-30 20:22:44 | INFO     |   ✓ Target #1 at (1583, 822)
2025-11-30 20:22:44 | DEBUG    |   Name #2: Cached
2025-11-30 20:22:44 | DEBUG    |   Region near center, might be player
2025-11-30 20:22:44 | DEBUG    |   Region near center, might be player
2025-11-30 20:22:44 | DEBUG    |   Name #5: Player zone
2025-11-30 20:22:44 | INFO     | → Valid targets: 1
2025-11-30 20:22:44 | INFO     | 
  Verifying #1...
2025-11-30 20:22:44 | DEBUG    |     Clicking (1583, 853)
2025-11-30 20:22:45 | DEBUG    |     Nameplate read in 1 attempts
2025-11-30 20:22:45 | INFO     |     ✓ General | HP: 100%
2025-11-30 20:22:45 | INFO     | 
>>>>>>>>>>>>>>>>>>>>>>>>>>>>>>>>>>>>>>>>>>>>>>>>>>
2025-11-30 20:22:45 | INFO     | ENGAGING: General (HP: 100%)
2025-11-30 20:22:45 | INFO     | >>>>>>>>>>>>>>>>>>>>>>>>>>>>>>>>>>>>>>>>>>>>>>>>>>
2025-11-30 20:22:45 | INFO     |   Skill 1: 1
2025-11-30 20:22:45 | INFO     |   Skill 2: 2
2025-11-30 20:22:46 | INFO     |   Skill 3: 3
2025-11-30 20:22:47 | INFO     |   Skill 4: 4
2025-11-30 20:22:48 | INFO     | <<<<<<<<<<<<<<<<<<<<<<<<<<<<<<<<<<<<<<<<<<<<<<<<<<
2025-11-30 20:22:48 | INFO     | Total engagements: 1

2025-11-30 20:22:48 | INFO     | 
======================================================================
2025-11-30 20:22:48 | INFO     | CYCLE #2
2025-11-30 20:22:48 | INFO     | ======================================================================
2025-11-30 20:22:48 | INFO     | Detected: 9 floating names
2025-11-30 20:22:48 | DEBUG    |   Name #1: Player zone
2025-11-30 20:22:48 | DEBUG    |   Region near center, might be player
2025-11-30 20:22:48 | DEBUG    |   Name #3: Player zone
2025-11-30 20:22:48 | DEBUG    |   Name #4: Cached
2025-11-30 20:22:48 | DEBUG    |   Name #5: Player zone
2025-11-30 20:22:48 | DEBUG    |   Name #6: Cached
2025-11-30 20:22:48 | INFO     |   ✓ Target #7 at (1229, 360)
2025-11-30 20:22:48 | DEBUG    |   Name #8: Cached
2025-11-30 20:22:48 | INFO     |   ✓ Target #9 at (881, 293)
2025-11-30 20:22:48 | INFO     | → Valid targets: 2
2025-11-30 20:22:48 | INFO     | 
  Verifying #1...
2025-11-30 20:22:48 | DEBUG    |     Clicking (1229, 391)
2025-11-30 20:22:48 | DEBUG    |     Nameplate read in 1 attempts
2025-11-30 20:22:48 | INFO     |     ✓ Elite | HP: 69%
2025-11-30 20:22:48 | INFO     | 
  Verifying #2...
2025-11-30 20:22:48 | DEBUG    |     Clicking (881, 324)
2025-11-30 20:22:49 | DEBUG    |     Nameplate read in 1 attempts
2025-11-30 20:22:49 | INFO     |     ✓ Elite | HP: 69%
2025-11-30 20:22:49 | INFO     | 
>>>>>>>>>>>>>>>>>>>>>>>>>>>>>>>>>>>>>>>>>>>>>>>>>>
2025-11-30 20:22:49 | INFO     | ENGAGING: Elite (HP: 69%)
2025-11-30 20:22:49 | INFO     | >>>>>>>>>>>>>>>>>>>>>>>>>>>>>>>>>>>>>>>>>>>>>>>>>>
2025-11-30 20:22:49 | INFO     |   Skill 1: 1
2025-11-30 20:22:49 | INFO     |   Skill 2: 2
2025-11-30 20:22:50 | INFO     |   Skill 3: 3
2025-11-30 20:22:51 | INFO     |   Skill 4: 4
2025-11-30 20:22:52 | INFO     | <<<<<<<<<<<<<<<<<<<<<<<<<<<<<<<<<<<<<<<<<<<<<<<<<<
2025-11-30 20:22:52 | INFO     | Total engagements: 2

2025-11-30 20:22:52 | INFO     | 
======================================================================
2025-11-30 20:22:52 | INFO     | CYCLE #3
2025-11-30 20:22:52 | INFO     | ======================================================================
2025-11-30 20:22:52 | INFO     | Detected: 8 floating names
2025-11-30 20:22:52 | DEBUG    |   Region near center, might be player
2025-11-30 20:22:52 | DEBUG    |   Name #2: Player zone
2025-11-30 20:22:52 | DEBUG    |   Name #3: Cached
2025-11-30 20:22:52 | DEBUG    |   Name #4: Player zone
2025-11-30 20:22:52 | DEBUG    |   Region near center, might be player
2025-11-30 20:22:52 | INFO     |   ✓ Target #6 at (843, 372)
2025-11-30 20:22:52 | INFO     |   ✓ Target #7 at (803, 359)
2025-11-30 20:22:52 | DEBUG    |   Name #8: Cached
2025-11-30 20:22:52 | INFO     | → Valid targets: 2
2025-11-30 20:22:52 | INFO     | 
  Verifying #1...
2025-11-30 20:22:52 | DEBUG    |     Clicking (843, 403)
2025-11-30 20:22:52 | DEBUG    |     Nameplate read in 1 attempts
2025-11-30 20:22:52 | INFO     |     ✓ Elite | HP: 69%
2025-11-30 20:22:52 | INFO     | 
  Verifying #2...
2025-11-30 20:22:52 | DEBUG    |     Clicking (803, 390)
2025-11-30 20:22:53 | DEBUG    |     Nameplate read in 1 attempts
2025-11-30 20:22:53 | INFO     |     ✓ Elite | HP: 3%
2025-11-30 20:22:53 | INFO     | 
>>>>>>>>>>>>>>>>>>>>>>>>>>>>>>>>>>>>>>>>>>>>>>>>>>
2025-11-30 20:22:53 | INFO     | ENGAGING: Elite (HP: 69%)
2025-11-30 20:22:53 | INFO     | >>>>>>>>>>>>>>>>>>>>>>>>>>>>>>>>>>>>>>>>>>>>>>>>>>
2025-11-30 20:22:53 | INFO     |   Skill 1: 1
2025-11-30 20:22:53 | INFO     |   Skill 2: 2
2025-11-30 20:22:54 | INFO     |   Skill 3: 3
2025-11-30 20:22:55 | INFO     |   Skill 4: 4
2025-11-30 20:22:56 | INFO     | <<<<<<<<<<<<<<<<<<<<<<<<<<<<<<<<<<<<<<<<<<<<<<<<<<
2025-11-30 20:22:56 | INFO     | Total engagements: 3

2025-11-30 20:22:56 | INFO     | 
======================================================================
2025-11-30 20:22:56 | INFO     | CYCLE #4
2025-11-30 20:22:56 | INFO     | ======================================================================
2025-11-30 20:22:56 | INFO     | Detected: 8 floating names
2025-11-30 20:22:56 | DEBUG    |   Region near center, might be player
2025-11-30 20:22:56 | DEBUG    |   Name #2: Player zone
2025-11-30 20:22:56 | DEBUG    |   Name #3: Cached
2025-11-30 20:22:56 | DEBUG    |   Name #4: Player zone
2025-11-30 20:22:56 | DEBUG    |   Name #5: Cached
2025-11-30 20:22:56 | DEBUG    |   Name #6: Player zone
2025-11-30 20:22:56 | DEBUG    |   Region near center, might be player
2025-11-30 20:22:56 | DEBUG    |   Region near center, might be player
2025-11-30 20:22:56 | INFO     | → Valid targets: 0
2025-11-30 20:22:56 | INFO     | 
======================================================================
2025-11-30 20:22:56 | INFO     | CYCLE #5
2025-11-30 20:22:56 | INFO     | ======================================================================
2025-11-30 20:22:56 | INFO     | Detected: 7 floating names
2025-11-30 20:22:56 | DEBUG    |   Region near center, might be player
2025-11-30 20:22:56 | DEBUG    |   Name #2: Cached
2025-11-30 20:22:56 | DEBUG    |   Name #3: Cached
2025-11-30 20:22:56 | DEBUG    |   Name #4: Cached
2025-11-30 20:22:56 | DEBUG    |   Region near center, might be player
2025-11-30 20:22:56 | DEBUG    |   Name #6: Cached
2025-11-30 20:22:56 | DEBUG    |   Name #7: Cached
2025-11-30 20:22:56 | INFO     | → Valid targets: 0
2025-11-30 20:22:57 | INFO     | 
======================================================================
2025-11-30 20:22:57 | INFO     | CYCLE #6
2025-11-30 20:22:57 | INFO     | ======================================================================
2025-11-30 20:22:57 | INFO     | Detected: 7 floating names
2025-11-30 20:22:57 | DEBUG    |   Name #1: Cached
2025-11-30 20:22:57 | DEBUG    |   Name #2: Cached
2025-11-30 20:22:57 | DEBUG    |   Name #3: Cached
2025-11-30 20:22:57 | DEBUG    |   Name #4: Cached
2025-11-30 20:22:57 | DEBUG    |   Name #5: Cached
2025-11-30 20:22:57 | DEBUG    |   Name #6: Cached
2025-11-30 20:22:57 | DEBUG    |   Name #7: Cached
2025-11-30 20:22:57 | INFO     | → Valid targets: 0
2025-11-30 20:22:57 | INFO     | 
======================================================================
2025-11-30 20:22:57 | INFO     | CYCLE #7
2025-11-30 20:22:57 | INFO     | ======================================================================
2025-11-30 20:22:57 | INFO     | Detected: 6 floating names
2025-11-30 20:22:57 | DEBUG    |   Name #1: Cached
2025-11-30 20:22:57 | DEBUG    |   Name #2: Cached
2025-11-30 20:22:57 | DEBUG    |   Name #3: Cached
2025-11-30 20:22:57 | DEBUG    |   Name #4: Cached
2025-11-30 20:22:57 | DEBUG    |   Name #5: Cached
2025-11-30 20:22:57 | DEBUG    |   Name #6: Cached
2025-11-30 20:22:57 | INFO     | → Valid targets: 0
2025-11-30 20:22:58 | INFO     | 
======================================================================
2025-11-30 20:22:58 | INFO     | CYCLE #8
2025-11-30 20:22:58 | INFO     | ======================================================================
2025-11-30 20:22:58 | INFO     | Detected: 6 floating names
2025-11-30 20:22:58 | DEBUG    |   Region near center, might be player
2025-11-30 20:22:58 | DEBUG    |   Name #2: Cached
2025-11-30 20:22:58 | DEBUG    |   Name #3: Cached
2025-11-30 20:22:58 | DEBUG    |   Name #4: Cached
2025-11-30 20:22:58 | DEBUG    |   Name #5: Cached
2025-11-30 20:22:58 | DEBUG    |   Name #6: Cached
2025-11-30 20:22:58 | INFO     | → Valid targets: 0
2025-11-30 20:22:58 | INFO     | 
======================================================================
2025-11-30 20:22:58 | INFO     | CYCLE #9
2025-11-30 20:22:58 | INFO     | ======================================================================
2025-11-30 20:22:58 | INFO     | Detected: 6 floating names
2025-11-30 20:22:58 | DEBUG    |   Name #1: Cached
2025-11-30 20:22:58 | DEBUG    |   Name #2: Cached
2025-11-30 20:22:58 | DEBUG    |   Name #3: Cached
2025-11-30 20:22:58 | DEBUG    |   Name #4: Cached
2025-11-30 20:22:58 | DEBUG    |   Name #5: Cached
2025-11-30 20:22:58 | DEBUG    |   Name #6: Cached
2025-11-30 20:22:58 | INFO     | → Valid targets: 0
2025-11-30 20:22:59 | INFO     | 
======================================================================
2025-11-30 20:22:59 | INFO     | CYCLE #10
2025-11-30 20:22:59 | INFO     | ======================================================================
2025-11-30 20:22:59 | INFO     | Detected: 6 floating names
2025-11-30 20:22:59 | DEBUG    |   Region near center, might be player
2025-11-30 20:22:59 | DEBUG    |   Name #2: Player zone
2025-11-30 20:22:59 | DEBUG    |   Name #3: Cached
2025-11-30 20:22:59 | DEBUG    |   Region near center, might be player
2025-11-30 20:22:59 | DEBUG    |   Name #5: Player zone
2025-11-30 20:22:59 | DEBUG    |   Name #6: Cached
2025-11-30 20:22:59 | INFO     | → Valid targets: 0
2025-11-30 20:22:59 | INFO     | 
======================================================================
2025-11-30 20:22:59 | INFO     | CYCLE #11
2025-11-30 20:22:59 | INFO     | ======================================================================
2025-11-30 20:22:59 | INFO     | Detected: 3 floating names
2025-11-30 20:22:59 | DEBUG    |   Name #1: Cached
2025-11-30 20:22:59 | DEBUG    |   Name #2: Player zone
2025-11-30 20:22:59 | DEBUG    |   Region near center, might be player
2025-11-30 20:22:59 | INFO     | → Valid targets: 0
2025-11-30 20:23:00 | INFO     | 
======================================================================
2025-11-30 20:23:00 | INFO     | CYCLE #12
2025-11-30 20:23:00 | INFO     | ======================================================================
2025-11-30 20:23:00 | INFO     | Detected: 7 floating names
2025-11-30 20:23:00 | DEBUG    |   Name #1: Cached
2025-11-30 20:23:00 | DEBUG    |   Region near center, might be player
2025-11-30 20:23:00 | DEBUG    |   Name #3: Cached
2025-11-30 20:23:00 | DEBUG    |   Region near center, might be player
2025-11-30 20:23:00 | DEBUG    |   Region near center, might be player
2025-11-30 20:23:00 | DEBUG    |   Name #6: Cached
2025-11-30 20:23:00 | DEBUG    |   Name #7: Cached
2025-11-30 20:23:00 | INFO     | → Valid targets: 0
2025-11-30 20:23:00 | INFO     | 
======================================================================
2025-11-30 20:23:00 | INFO     | CYCLE #13
2025-11-30 20:23:00 | INFO     | ======================================================================
2025-11-30 20:23:00 | INFO     | Detected: 2 floating names
2025-11-30 20:23:00 | DEBUG    |   Name #1: Cached
2025-11-30 20:23:00 | DEBUG    |   Name #2: Cached
2025-11-30 20:23:00 | INFO     | → Valid targets: 0
2025-11-30 20:23:01 | INFO     | 
======================================================================
2025-11-30 20:23:01 | INFO     | CYCLE #14
2025-11-30 20:23:01 | INFO     | ======================================================================
2025-11-30 20:23:01 | INFO     | Detected: 7 floating names
2025-11-30 20:23:01 | INFO     |   ✓ Target #1 at (1858, 702)
2025-11-30 20:23:01 | DEBUG    |   Name #2: Cached
2025-11-30 20:23:01 | DEBUG    |   Region near center, might be player
2025-11-30 20:23:01 | DEBUG    |   Name #4: Cached
2025-11-30 20:23:01 | DEBUG    |   Name #5: Cached
2025-11-30 20:23:01 | DEBUG    |   Name #6: Cached
2025-11-30 20:23:01 | DEBUG    |   Name #7: Cached
2025-11-30 20:23:01 | INFO     | → Valid targets: 1
2025-11-30 20:23:01 | INFO     | 
  Verifying #1...
2025-11-30 20:23:01 | DEBUG    |     Clicking (1858, 733)
2025-11-30 20:23:01 | DEBUG    |     Nameplate read in 1 attempts
2025-11-30 20:23:01 | INFO     |     ✓ Elite | HP: 69%
2025-11-30 20:23:01 | INFO     | 
>>>>>>>>>>>>>>>>>>>>>>>>>>>>>>>>>>>>>>>>>>>>>>>>>>
2025-11-30 20:23:01 | INFO     | ENGAGING: Elite (HP: 69%)
2025-11-30 20:23:01 | INFO     | >>>>>>>>>>>>>>>>>>>>>>>>>>>>>>>>>>>>>>>>>>>>>>>>>>
2025-11-30 20:23:01 | INFO     |   Skill 1: 1
2025-11-30 20:23:02 | INFO     |   Skill 2: 2
2025-11-30 20:23:02 | INFO     |   Skill 3: 3
2025-11-30 20:23:03 | INFO     |   Skill 4: 4
2025-11-30 20:23:04 | INFO     | <<<<<<<<<<<<<<<<<<<<<<<<<<<<<<<<<<<<<<<<<<<<<<<<<<
2025-11-30 20:23:04 | INFO     | Total engagements: 4

2025-11-30 20:23:04 | INFO     | 
======================================================================
2025-11-30 20:23:04 | INFO     | CYCLE #15
2025-11-30 20:23:04 | INFO     | ======================================================================
2025-11-30 20:23:04 | INFO     | Detected: 9 floating names
2025-11-30 20:23:04 | DEBUG    |   Region near center, might be player
2025-11-30 20:23:04 | DEBUG    |   Region near center, might be player
2025-11-30 20:23:04 | DEBUG    |   Name #3: Player zone
2025-11-30 20:23:04 | DEBUG    |   Name #4: Player zone
2025-11-30 20:23:04 | DEBUG    |   Name #5: Cached
2025-11-30 20:23:04 | DEBUG    |   Name #6: Player zone
2025-11-30 20:23:04 | DEBUG    |   Name #7: Cached
2025-11-30 20:23:04 | INFO     |   ✓ Target #8 at (1672, 763)
2025-11-30 20:23:04 | DEBUG    |   Name #9: Cached
2025-11-30 20:23:04 | INFO     | → Valid targets: 1
2025-11-30 20:23:04 | INFO     | 
  Verifying #1...
2025-11-30 20:23:04 | DEBUG    |     Clicking (1672, 793)
2025-11-30 20:23:05 | DEBUG    |     Nameplate read in 1 attempts
2025-11-30 20:23:05 | INFO     |     ✓ Elite | HP: 3%
2025-11-30 20:23:05 | INFO     | 
======================================================================
2025-11-30 20:23:05 | INFO     | CYCLE #16
2025-11-30 20:23:05 | INFO     | ======================================================================
2025-11-30 20:23:05 | INFO     | Detected: 8 floating names
2025-11-30 20:23:05 | DEBUG    |   Region near center, might be player
2025-11-30 20:23:05 | DEBUG    |   Region near center, might be player
2025-11-30 20:23:05 | DEBUG    |   Name #3: Cached
2025-11-30 20:23:05 | DEBUG    |   Region near center, might be player
2025-11-30 20:23:05 | DEBUG    |   Name #5: Cached
2025-11-30 20:23:05 | DEBUG    |   Region near center, might be player
2025-11-30 20:23:05 | DEBUG    |   Name #7: Cached
2025-11-30 20:23:05 | INFO     |   ✓ Target #8 at (1319, 694)
2025-11-30 20:23:05 | INFO     | → Valid targets: 1
2025-11-30 20:23:05 | INFO     | 
  Verifying #1...
2025-11-30 20:23:05 | DEBUG    |     Clicking (1319, 732)
2025-11-30 20:23:06 | DEBUG    |     Nameplate read in 1 attempts
2025-11-30 20:23:06 | INFO     |     ✓ Elite | HP: 3%
2025-11-30 20:23:06 | INFO     | 
======================================================================
2025-11-30 20:23:06 | INFO     | CYCLE #17
2025-11-30 20:23:06 | INFO     | ======================================================================
2025-11-30 20:23:06 | INFO     | Detected: 8 floating names
2025-11-30 20:23:06 | DEBUG    |   Name #1: Player zone
2025-11-30 20:23:06 | DEBUG    |   Name #2: Cached
2025-11-30 20:23:06 | DEBUG    |   Name #3: Player zone
2025-11-30 20:23:06 | DEBUG    |   Name #4: Player zone
2025-11-30 20:23:06 | DEBUG    |   Name #5: Cached
2025-11-30 20:23:06 | DEBUG    |   Name #6: Player zone
2025-11-30 20:23:06 | DEBUG    |   Region near center, might be player
2025-11-30 20:23:06 | DEBUG    |   Name #8: Cached
2025-11-30 20:23:06 | INFO     | → Valid targets: 0
2025-11-30 20:23:06 | INFO     | 
======================================================================
2025-11-30 20:23:06 | INFO     | CYCLE #18
2025-11-30 20:23:06 | INFO     | ======================================================================
2025-11-30 20:23:06 | INFO     | Detected: 8 floating names
2025-11-30 20:23:06 | DEBUG    |   Name #1: Cached
2025-11-30 20:23:06 | DEBUG    |   Name #2: Cached
2025-11-30 20:23:06 | DEBUG    |   Name #3: Cached
2025-11-30 20:23:06 | DEBUG    |   Name #4: Cached
2025-11-30 20:23:06 | DEBUG    |   Name #5: Cached
2025-11-30 20:23:06 | DEBUG    |   Name #6: Cached
2025-11-30 20:23:06 | DEBUG    |   Name #7: Cached
2025-11-30 20:23:06 | DEBUG    |   Name #8: Cached
2025-11-30 20:23:06 | INFO     | → Valid targets: 0
2025-11-30 20:23:07 | INFO     | 
======================================================================
2025-11-30 20:23:07 | INFO     | CYCLE #19
2025-11-30 20:23:07 | INFO     | ======================================================================
2025-11-30 20:23:07 | INFO     | Detected: 7 floating names
2025-11-30 20:23:07 | DEBUG    |   Name #1: Player zone
2025-11-30 20:23:07 | DEBUG    |   Name #2: Player zone
2025-11-30 20:23:07 | DEBUG    |   Name #3: Cached
2025-11-30 20:23:07 | DEBUG    |   Name #4: Cached
2025-11-30 20:23:07 | DEBUG    |   Name #5: Cached
2025-11-30 20:23:07 | DEBUG    |   Name #6: Cached
2025-11-30 20:23:07 | DEBUG    |   Name #7: Cached
2025-11-30 20:23:07 | INFO     | → Valid targets: 0
2025-11-30 20:23:07 | INFO     | 
======================================================================
2025-11-30 20:23:07 | INFO     | CYCLE #20
2025-11-30 20:23:07 | INFO     | ======================================================================
2025-11-30 20:23:07 | INFO     | Detected: 9 floating names
2025-11-30 20:23:07 | DEBUG    |   Name #1: Cached
2025-11-30 20:23:07 | DEBUG    |   Name #2: Cached
2025-11-30 20:23:07 | DEBUG    |   Name #3: Cached
2025-11-30 20:23:07 | DEBUG    |   Name #4: Cached
2025-11-30 20:23:07 | DEBUG    |   Name #5: Cached
2025-11-30 20:23:07 | DEBUG    |   Name #6: Cached
2025-11-30 20:23:07 | DEBUG    |   Name #7: Cached
2025-11-30 20:23:07 | DEBUG    |   Name #8: Cached
2025-11-30 20:23:07 | DEBUG    |   Name #9: Player zone
2025-11-30 20:23:07 | INFO     | → Valid targets: 0
2025-11-30 20:23:08 | INFO     | 
======================================================================
2025-11-30 20:23:08 | INFO     | CYCLE #21
2025-11-30 20:23:08 | INFO     | ======================================================================
2025-11-30 20:23:08 | INFO     | Detected: 7 floating names
2025-11-30 20:23:08 | DEBUG    |   Name #1: Cached
2025-11-30 20:23:08 | DEBUG    |   Name #2: Cached
2025-11-30 20:23:08 | DEBUG    |   Name #3: Cached
2025-11-30 20:23:08 | DEBUG    |   Name #4: Cached
2025-11-30 20:23:08 | DEBUG    |   Name #5: Cached
2025-11-30 20:23:08 | DEBUG    |   Name #6: Cached
2025-11-30 20:23:08 | DEBUG    |   Name #7: Cached
2025-11-30 20:23:08 | INFO     | → Valid targets: 0
2025-11-30 20:23:08 | INFO     | 
======================================================================
2025-11-30 20:23:08 | INFO     | CYCLE #22
2025-11-30 20:23:08 | INFO     | ======================================================================
2025-11-30 20:23:08 | INFO     | Detected: 7 floating names
2025-11-30 20:23:08 | DEBUG    |   Name #1: Cached
2025-11-30 20:23:08 | DEBUG    |   Name #2: Cached
2025-11-30 20:23:08 | DEBUG    |   Name #3: Cached
2025-11-30 20:23:08 | DEBUG    |   Name #4: Cached
2025-11-30 20:23:08 | DEBUG    |   Name #5: Cached
2025-11-30 20:23:08 | DEBUG    |   Name #6: Cached
2025-11-30 20:23:08 | DEBUG    |   Name #7: Cached
2025-11-30 20:23:08 | INFO     | → Valid targets: 0
2025-11-30 20:23:09 | INFO     | 
======================================================================
2025-11-30 20:23:09 | INFO     | CYCLE #23
2025-11-30 20:23:09 | INFO     | ======================================================================
2025-11-30 20:23:09 | INFO     | Detected: 7 floating names
2025-11-30 20:23:09 | DEBUG    |   Name #1: Player zone
2025-11-30 20:23:09 | DEBUG    |   Name #2: Cached
2025-11-30 20:23:09 | DEBUG    |   Name #3: Cached
2025-11-30 20:23:09 | DEBUG    |   Name #4: Cached
2025-11-30 20:23:09 | DEBUG    |   Name #5: Cached
2025-11-30 20:23:09 | DEBUG    |   Name #6: Cached
2025-11-30 20:23:09 | DEBUG    |   Name #7: Cached
2025-11-30 20:23:09 | INFO     | → Valid targets: 0
2025-11-30 20:23:09 | INFO     | 
======================================================================
2025-11-30 20:23:09 | INFO     | CYCLE #24
2025-11-30 20:23:09 | INFO     | ======================================================================
2025-11-30 20:23:09 | INFO     | Detected: 9 floating names
2025-11-30 20:23:09 | DEBUG    |   Name #1: Cached
2025-11-30 20:23:09 | DEBUG    |   Name #2: Cached
2025-11-30 20:23:09 | DEBUG    |   Name #3: Cached
2025-11-30 20:23:09 | DEBUG    |   Name #4: Cached
2025-11-30 20:23:09 | DEBUG    |   Name #5: Player zone
2025-11-30 20:23:09 | DEBUG    |   Name #6: Cached
2025-11-30 20:23:09 | INFO     |   ✓ Target #7 at (1307, 341)
2025-11-30 20:23:09 | DEBUG    |   Name #8: Cached
2025-11-30 20:23:09 | DEBUG    |   Name #9: Cached
2025-11-30 20:23:09 | INFO     | → Valid targets: 1
2025-11-30 20:23:09 | INFO     | 
  Verifying #1...
2025-11-30 20:23:09 | DEBUG    |     Clicking (1307, 372)
2025-11-30 20:23:10 | DEBUG    |     Nameplate read in 1 attempts
2025-11-30 20:23:10 | INFO     |     ✓ Elite | HP: 69%
2025-11-30 20:23:10 | INFO     | 
>>>>>>>>>>>>>>>>>>>>>>>>>>>>>>>>>>>>>>>>>>>>>>>>>>
2025-11-30 20:23:10 | INFO     | ENGAGING: Elite (HP: 69%)
2025-11-30 20:23:10 | INFO     | >>>>>>>>>>>>>>>>>>>>>>>>>>>>>>>>>>>>>>>>>>>>>>>>>>
2025-11-30 20:23:10 | INFO     |   Skill 1: 1
2025-11-30 20:23:10 | INFO     |   Skill 2: 2
2025-11-30 20:23:11 | INFO     |   Skill 3: 3
2025-11-30 20:23:12 | INFO     |   Skill 4: 4
2025-11-30 20:23:12 | INFO     | <<<<<<<<<<<<<<<<<<<<<<<<<<<<<<<<<<<<<<<<<<<<<<<<<<
2025-11-30 20:23:12 | INFO     | Total engagements: 5

2025-11-30 20:23:13 | INFO     | 
======================================================================
2025-11-30 20:23:13 | INFO     | CYCLE #25
2025-11-30 20:23:13 | INFO     | ======================================================================
2025-11-30 20:23:13 | INFO     | Detected: 10 floating names
2025-11-30 20:23:13 | DEBUG    |   Name #1: Player zone
2025-11-30 20:23:13 | DEBUG    |   Name #2: Cached
2025-11-30 20:23:13 | DEBUG    |   Region near center, might be player
2025-11-30 20:23:13 | DEBUG    |   Name #4: Cached
2025-11-30 20:23:13 | INFO     |   ✓ Target #5 at (311, 323)
2025-11-30 20:23:13 | INFO     |   ✓ Target #6 at (937, 242)
2025-11-30 20:23:13 | INFO     |   ✓ Target #7 at (1010, 241)
2025-11-30 20:23:13 | INFO     |   ✓ Target #8 at (1491, 236)
2025-11-30 20:23:13 | DEBUG    |   Name #9: Cached
2025-11-30 20:23:13 | INFO     |   ✓ Target #10 at (1563, 191)
2025-11-30 20:23:13 | INFO     | → Valid targets: 5
2025-11-30 20:23:13 | INFO     | 
  Verifying #1...
2025-11-30 20:23:13 | DEBUG    |     Clicking (311, 354)
2025-11-30 20:23:13 | DEBUG    |     Nameplate read in 1 attempts
2025-11-30 20:23:13 | INFO     |     ✓ Elite | HP: 69%
2025-11-30 20:23:13 | INFO     | 
  Verifying #2...
2025-11-30 20:23:13 | DEBUG    |     Clicking (937, 273)
2025-11-30 20:23:14 | DEBUG    |     Nameplate read in 1 attempts
2025-11-30 20:23:14 | INFO     |     ✓ Elite | HP: 100%
2025-11-30 20:23:14 | INFO     | 
>>>>>>>>>>>>>>>>>>>>>>>>>>>>>>>>>>>>>>>>>>>>>>>>>>
2025-11-30 20:23:14 | INFO     | ENGAGING: Elite (HP: 69%)
2025-11-30 20:23:14 | INFO     | >>>>>>>>>>>>>>>>>>>>>>>>>>>>>>>>>>>>>>>>>>>>>>>>>>
2025-11-30 20:23:14 | INFO     |   Skill 1: 1
2025-11-30 20:23:14 | INFO     |   Skill 2: 2
2025-11-30 20:23:15 | INFO     |   Skill 3: 3
2025-11-30 20:23:16 | INFO     |   Skill 4: 4
2025-11-30 20:23:16 | INFO     | <<<<<<<<<<<<<<<<<<<<<<<<<<<<<<<<<<<<<<<<<<<<<<<<<<
2025-11-30 20:23:16 | INFO     | Total engagements: 6

2025-11-30 20:23:17 | INFO     | 
======================================================================
2025-11-30 20:23:17 | INFO     | CYCLE #26
2025-11-30 20:23:17 | INFO     | ======================================================================
2025-11-30 20:23:17 | INFO     | Detected: 8 floating names
2025-11-30 20:23:17 | DEBUG    |   Name #1: Player zone
2025-11-30 20:23:17 | DEBUG    |   Name #2: Player zone
2025-11-30 20:23:17 | DEBUG    |   Name #3: Cached
2025-11-30 20:23:17 | INFO     |   ✓ Target #4 at (370, 342)
2025-11-30 20:23:17 | INFO     |   ✓ Target #5 at (998, 284)
2025-11-30 20:23:17 | INFO     |   ✓ Target #6 at (1413, 215)
2025-11-30 20:23:17 | INFO     |   ✓ Target #7 at (1545, 186)
2025-11-30 20:23:17 | DEBUG    |   Name #8: Player zone
2025-11-30 20:23:17 | INFO     | → Valid targets: 4
2025-11-30 20:23:17 | INFO     | 
  Verifying #1...
2025-11-30 20:23:17 | DEBUG    |     Clicking (370, 373)
2025-11-30 20:23:17 | DEBUG    |     Nameplate read in 1 attempts
2025-11-30 20:23:17 | INFO     |     ✓ Elite | HP: 69%
2025-11-30 20:23:17 | INFO     | 
  Verifying #2...
2025-11-30 20:23:17 | DEBUG    |     Clicking (998, 315)
2025-11-30 20:23:18 | DEBUG    |     Nameplate read in 1 attempts
2025-11-30 20:23:18 | INFO     |     ✓ Elite | HP: 69%
2025-11-30 20:23:18 | INFO     | 
>>>>>>>>>>>>>>>>>>>>>>>>>>>>>>>>>>>>>>>>>>>>>>>>>>
2025-11-30 20:23:18 | INFO     | ENGAGING: Elite (HP: 69%)
2025-11-30 20:23:18 | INFO     | >>>>>>>>>>>>>>>>>>>>>>>>>>>>>>>>>>>>>>>>>>>>>>>>>>
2025-11-30 20:23:18 | INFO     |   Skill 1: 1
2025-11-30 20:23:18 | INFO     |   Skill 2: 2
2025-11-30 20:23:19 | INFO     |   Skill 3: 3
2025-11-30 20:23:20 | INFO     |   Skill 4: 4
2025-11-30 20:23:20 | INFO     | 

⛔ Bot stopped by user
2025-11-30 20:23:20 | INFO     | 
======================================================================
2025-11-30 20:23:20 | INFO     | FINAL STATISTICS
2025-11-30 20:23:20 | INFO     | ======================================================================
2025-11-30 20:23:20 | INFO     | Total Cycles: 26
2025-11-30 20:23:20 | INFO     | Total Clicks: 13
2025-11-30 20:23:20 | INFO     | Total Engagements: 6
2025-11-30 20:23:20 | INFO     | Uptime: 35s (0m 35s)
2025-11-30 20:23:20 | INFO     | Cache Hit Rate: 60.9%
2025-11-30 20:23:20 | INFO     | Avg Cycle Time: 1.35s
2025-11-30 20:23:20 | INFO     | ======================================================================
