2025-11-30 20:05:12 | INFO     | ======================================================================
2025-11-30 20:05:12 | INFO     | MOB HUNTER v3.0 - FULL VERSION
2025-11-30 20:05:12 | INFO     | ======================================================================
2025-11-30 20:05:12 | INFO     | Log directory: logs/session_20251130_200512
2025-11-30 20:05:12 | INFO     | Screen: 1920x1080
2025-11-30 20:05:12 | INFO     | Overlay: ENABLED
2025-11-30 20:05:12 | INFO     | ======================================================================
2025-11-30 20:05:12 | INFO     | 
🚀 Bot started! Press Ctrl+C to stop.

2025-11-30 20:05:12 | INFO     | 
======================================================================
2025-11-30 20:05:12 | INFO     | CYCLE #1
2025-11-30 20:05:12 | INFO     | ======================================================================
2025-11-30 20:05:12 | INFO     | Detected: 19 floating names
2025-11-30 20:05:12 | DEBUG    |   Name #1: Player zone
2025-11-30 20:05:12 | DEBUG    |   Name #2: Player zone
2025-11-30 20:05:12 | DEBUG    |   Name #3: Player zone
2025-11-30 20:05:12 | DEBUG    |   Name #4: Cached
2025-11-30 20:05:12 | DEBUG    |   Name #5: Player zone
2025-11-30 20:05:12 | DEBUG    |   Name #6: Player zone
2025-11-30 20:05:12 | INFO     |   ✓ Target #7 at (236, 381)
2025-11-30 20:05:12 | INFO     |   ✓ Target #8 at (610, 376)
2025-11-30 20:05:12 | INFO     |   ✓ Target #9 at (1374, 327)
2025-11-30 20:05:12 | INFO     |   ✓ Target #10 at (722, 316)
2025-11-30 20:05:12 | DEBUG    |   Name #11: Cached
2025-11-30 20:05:12 | INFO     |   ✓ Target #12 at (1111, 284)
2025-11-30 20:05:12 | INFO     |   ✓ Target #13 at (426, 282)
2025-11-30 20:05:12 | INFO     |   ✓ Target #14 at (1211, 250)
2025-11-30 20:05:12 | INFO     |   ✓ Target #15 at (1523, 215)
2025-11-30 20:05:12 | INFO     |   ✓ Target #16 at (817, 195)
2025-11-30 20:05:12 | DEBUG    |   Name #17: Player zone
2025-11-30 20:05:12 | DEBUG    |   Name #18: Cached
2025-11-30 20:05:12 | DEBUG    |   Name #19: Player zone
2025-11-30 20:05:12 | INFO     | → Valid targets: 9
2025-11-30 20:05:12 | INFO     | 
  Verifying #1...
2025-11-30 20:05:12 | DEBUG    |     Clicking (236, 412)
2025-11-30 20:05:12 | DEBUG    |     Nameplate read in 1 attempts
2025-11-30 20:05:12 | INFO     |     ✓ Elite | HP: 69%
2025-11-30 20:05:12 | INFO     | 
  Verifying #2...
2025-11-30 20:05:12 | DEBUG    |     Clicking (610, 407)
2025-11-30 20:05:13 | DEBUG    |     Nameplate read in 1 attempts
2025-11-30 20:05:13 | INFO     |     ✓ Elite | HP: 69%
2025-11-30 20:05:13 | INFO     | 
>>>>>>>>>>>>>>>>>>>>>>>>>>>>>>>>>>>>>>>>>>>>>>>>>>
2025-11-30 20:05:13 | INFO     | ENGAGING: Elite (HP: 69%)
2025-11-30 20:05:13 | INFO     | >>>>>>>>>>>>>>>>>>>>>>>>>>>>>>>>>>>>>>>>>>>>>>>>>>
2025-11-30 20:05:13 | INFO     |   Skill 1: 1
2025-11-30 20:05:13 | INFO     |   Skill 2: 2
2025-11-30 20:05:14 | INFO     |   Skill 3: 3
2025-11-30 20:05:15 | INFO     |   Skill 4: 4
2025-11-30 20:05:15 | INFO     | <<<<<<<<<<<<<<<<<<<<<<<<<<<<<<<<<<<<<<<<<<<<<<<<<<
2025-11-30 20:05:15 | INFO     | Total engagements: 1

2025-11-30 20:05:16 | INFO     | 
======================================================================
2025-11-30 20:05:16 | INFO     | CYCLE #2
2025-11-30 20:05:16 | INFO     | ======================================================================
2025-11-30 20:05:16 | INFO     | Detected: 18 floating names
2025-11-30 20:05:16 | DEBUG    |   Name #1: Player zone
2025-11-30 20:05:16 | DEBUG    |   Name #2: Player zone
2025-11-30 20:05:16 | DEBUG    |   Name #3: Cached
2025-11-30 20:05:16 | DEBUG    |   Name #4: Player zone
2025-11-30 20:05:16 | DEBUG    |   Region near center, might be player
2025-11-30 20:05:16 | DEBUG    |   Region near center, might be player
2025-11-30 20:05:16 | DEBUG    |   Region near center, might be player
2025-11-30 20:05:16 | INFO     |   ✓ Target #8 at (1482, 317)
2025-11-30 20:05:16 | INFO     |   ✓ Target #9 at (440, 317)
2025-11-30 20:05:16 | INFO     |   ✓ Target #10 at (812, 287)
2025-11-30 20:05:16 | INFO     |   ✓ Target #11 at (1160, 264)
2025-11-30 20:05:16 | INFO     |   ✓ Target #12 at (1222, 261)
2025-11-30 20:05:16 | INFO     |   ✓ Target #13 at (783, 248)
2025-11-30 20:05:16 | INFO     |   ✓ Target #14 at (511, 247)
2025-11-30 20:05:16 | INFO     |   ✓ Target #15 at (1255, 227)
2025-11-30 20:05:16 | INFO     |   ✓ Target #16 at (891, 200)
2025-11-30 20:05:16 | DEBUG    |   Name #17: Player zone
2025-11-30 20:05:16 | DEBUG    |   Name #18: Cached
2025-11-30 20:05:16 | INFO     | → Valid targets: 9
2025-11-30 20:05:16 | INFO     | 
  Verifying #1...
2025-11-30 20:05:16 | DEBUG    |     Clicking (1482, 348)
2025-11-30 20:05:16 | DEBUG    |     Nameplate read in 1 attempts
2025-11-30 20:05:16 | INFO     |     ✓ Elite | HP: 69%
2025-11-30 20:05:16 | INFO     | 
  Verifying #2...
2025-11-30 20:05:16 | DEBUG    |     Clicking (440, 348)
2025-11-30 20:05:17 | DEBUG    |     Nameplate read in 1 attempts
2025-11-30 20:05:17 | INFO     |     ✓ Elite | HP: 69%
2025-11-30 20:05:17 | INFO     | 
>>>>>>>>>>>>>>>>>>>>>>>>>>>>>>>>>>>>>>>>>>>>>>>>>>
2025-11-30 20:05:17 | INFO     | ENGAGING: Elite (HP: 69%)
2025-11-30 20:05:17 | INFO     | >>>>>>>>>>>>>>>>>>>>>>>>>>>>>>>>>>>>>>>>>>>>>>>>>>
2025-11-30 20:05:17 | INFO     |   Skill 1: 1
2025-11-30 20:05:17 | INFO     |   Skill 2: 2
2025-11-30 20:05:18 | INFO     |   Skill 3: 3
2025-11-30 20:05:19 | INFO     |   Skill 4: 4
2025-11-30 20:05:19 | INFO     | <<<<<<<<<<<<<<<<<<<<<<<<<<<<<<<<<<<<<<<<<<<<<<<<<<
2025-11-30 20:05:19 | INFO     | Total engagements: 2

2025-11-30 20:05:20 | INFO     | 
======================================================================
2025-11-30 20:05:20 | INFO     | CYCLE #3
2025-11-30 20:05:20 | INFO     | ======================================================================
2025-11-30 20:05:20 | INFO     | Detected: 18 floating names
2025-11-30 20:05:20 | DEBUG    |   Name #1: Player zone
2025-11-30 20:05:20 | DEBUG    |   Name #2: Cached
2025-11-30 20:05:20 | DEBUG    |   Name #3: Player zone
2025-11-30 20:05:20 | DEBUG    |   Name #4: Player zone
2025-11-30 20:05:20 | INFO     |   ✓ Target #5 at (533, 384)
2025-11-30 20:05:20 | INFO     |   ✓ Target #6 at (1768, 355)
2025-11-30 20:05:20 | INFO     |   ✓ Target #7 at (550, 339)
2025-11-30 20:05:20 | DEBUG    |   Name #8: Cached
2025-11-30 20:05:20 | DEBUG    |   Name #9: Cached
2025-11-30 20:05:20 | INFO     |   ✓ Target #10 at (1491, 281)
2025-11-30 20:05:20 | INFO     |   ✓ Target #11 at (978, 272)
2025-11-30 20:05:20 | INFO     |   ✓ Target #12 at (645, 270)
2025-11-30 20:05:20 | INFO     |   ✓ Target #13 at (1331, 253)
2025-11-30 20:05:20 | INFO     |   ✓ Target #14 at (492, 250)
2025-11-30 20:05:20 | INFO     |   ✓ Target #15 at (886, 247)
2025-11-30 20:05:20 | INFO     |   ✓ Target #16 at (1396, 229)
2025-11-30 20:05:20 | INFO     |   ✓ Target #17 at (1066, 215)
2025-11-30 20:05:20 | INFO     |   ✓ Target #18 at (731, 202)
2025-11-30 20:05:20 | INFO     | → Valid targets: 12
2025-11-30 20:05:20 | INFO     | 
  Verifying #1...
2025-11-30 20:05:20 | DEBUG    |     Clicking (533, 415)
2025-11-30 20:05:20 | DEBUG    |     Nameplate read in 1 attempts
2025-11-30 20:05:20 | INFO     |     ✓ Elite | HP: 69%
2025-11-30 20:05:20 | INFO     | 
  Verifying #2...
2025-11-30 20:05:20 | DEBUG    |     Clicking (1768, 388)
2025-11-30 20:05:21 | DEBUG    |     Nameplate read in 1 attempts
2025-11-30 20:05:21 | INFO     |     ✓ Elite | HP: 69%
2025-11-30 20:05:21 | INFO     | 
>>>>>>>>>>>>>>>>>>>>>>>>>>>>>>>>>>>>>>>>>>>>>>>>>>
2025-11-30 20:05:21 | INFO     | ENGAGING: Elite (HP: 69%)
2025-11-30 20:05:21 | INFO     | >>>>>>>>>>>>>>>>>>>>>>>>>>>>>>>>>>>>>>>>>>>>>>>>>>
2025-11-30 20:05:21 | INFO     |   Skill 1: 1
2025-11-30 20:05:21 | INFO     |   Skill 2: 2
2025-11-30 20:05:22 | INFO     |   Skill 3: 3
2025-11-30 20:05:23 | INFO     |   Skill 4: 4
2025-11-30 20:05:23 | INFO     | <<<<<<<<<<<<<<<<<<<<<<<<<<<<<<<<<<<<<<<<<<<<<<<<<<
2025-11-30 20:05:23 | INFO     | Total engagements: 3

2025-11-30 20:05:24 | INFO     | 
======================================================================
2025-11-30 20:05:24 | INFO     | CYCLE #4
2025-11-30 20:05:24 | INFO     | ======================================================================
2025-11-30 20:05:24 | INFO     | Detected: 20 floating names
2025-11-30 20:05:24 | INFO     |   ✓ Target #1 at (647, 690)
2025-11-30 20:05:24 | DEBUG    |   Name #2: Cached
2025-11-30 20:05:24 | DEBUG    |   Name #3: Player zone
2025-11-30 20:05:24 | DEBUG    |   Name #4: Player zone
2025-11-30 20:05:24 | DEBUG    |   Region near center, might be player
2025-11-30 20:05:24 | DEBUG    |   Region near center, might be player
2025-11-30 20:05:24 | INFO     |   ✓ Target #7 at (1550, 379)
2025-11-30 20:05:24 | INFO     |   ✓ Target #8 at (322, 377)
2025-11-30 20:05:24 | INFO     |   ✓ Target #9 at (955, 364)
2025-11-30 20:05:24 | INFO     |   ✓ Target #10 at (1372, 359)
2025-11-30 20:05:24 | INFO     |   ✓ Target #11 at (388, 359)
2025-11-30 20:05:24 | DEBUG    |   Name #12: Cached
2025-11-30 20:05:24 | INFO     |   ✓ Target #13 at (187, 335)
2025-11-30 20:05:24 | INFO     |   ✓ Target #14 at (877, 299)
2025-11-30 20:05:24 | INFO     |   ✓ Target #15 at (645, 291)
2025-11-30 20:05:24 | INFO     |   ✓ Target #16 at (775, 282)
2025-11-30 20:05:24 | INFO     |   ✓ Target #17 at (1106, 270)
2025-11-30 20:05:24 | INFO     |   ✓ Target #18 at (573, 255)
2025-11-30 20:05:24 | INFO     |   ✓ Target #19 at (1190, 254)
2025-11-30 20:05:24 | INFO     |   ✓ Target #20 at (1323, 216)
2025-11-30 20:05:24 | INFO     | → Valid targets: 14
2025-11-30 20:05:24 | INFO     | 
  Verifying #1...
2025-11-30 20:05:24 | DEBUG    |     Clicking (647, 720)
2025-11-30 20:05:24 | DEBUG    |     Nameplate read in 1 attempts
2025-11-30 20:05:24 | INFO     |     ✓ Elite | HP: 100%
2025-11-30 20:05:24 | INFO     | 
  Verifying #2...
2025-11-30 20:05:24 | DEBUG    |     Clicking (1550, 411)
2025-11-30 20:05:25 | DEBUG    |     Nameplate read in 1 attempts
2025-11-30 20:05:25 | INFO     |     ✓ Elite | HP: 100%
2025-11-30 20:05:25 | INFO     | 
>>>>>>>>>>>>>>>>>>>>>>>>>>>>>>>>>>>>>>>>>>>>>>>>>>
2025-11-30 20:05:25 | INFO     | ENGAGING: Elite (HP: 100%)
2025-11-30 20:05:25 | INFO     | >>>>>>>>>>>>>>>>>>>>>>>>>>>>>>>>>>>>>>>>>>>>>>>>>>
2025-11-30 20:05:25 | INFO     |   Skill 1: 1
2025-11-30 20:05:25 | INFO     |   Skill 2: 2
2025-11-30 20:05:26 | INFO     |   Skill 3: 3
2025-11-30 20:05:27 | INFO     |   Skill 4: 4
2025-11-30 20:05:28 | INFO     | <<<<<<<<<<<<<<<<<<<<<<<<<<<<<<<<<<<<<<<<<<<<<<<<<<
2025-11-30 20:05:28 | INFO     | Total engagements: 4

2025-11-30 20:05:28 | INFO     | 
======================================================================
2025-11-30 20:05:28 | INFO     | CYCLE #5
2025-11-30 20:05:28 | INFO     | ======================================================================
2025-11-30 20:05:28 | INFO     | Detected: 17 floating names
2025-11-30 20:05:28 | DEBUG    |   Region near center, might be player
2025-11-30 20:05:28 | DEBUG    |   Name #2: Cached
2025-11-30 20:05:28 | DEBUG    |   Name #3: Player zone
2025-11-30 20:05:28 | DEBUG    |   Name #4: Player zone
2025-11-30 20:05:28 | DEBUG    |   Name #5: Player zone
2025-11-30 20:05:28 | DEBUG    |   Region near center, might be player
2025-11-30 20:05:28 | DEBUG    |   Name #7: Cached
2025-11-30 20:05:28 | DEBUG    |   Name #8: Cached
2025-11-30 20:05:28 | DEBUG    |   Name #9: Player zone
2025-11-30 20:05:28 | INFO     |   ✓ Target #10 at (222, 337)
2025-11-30 20:05:28 | INFO     |   ✓ Target #11 at (582, 326)
2025-11-30 20:05:28 | INFO     |   ✓ Target #12 at (734, 304)
2025-11-30 20:05:28 | INFO     |   ✓ Target #13 at (829, 272)
2025-11-30 20:05:28 | INFO     |   ✓ Target #14 at (1439, 260)
2025-11-30 20:05:28 | INFO     |   ✓ Target #15 at (818, 204)
2025-11-30 20:05:28 | DEBUG    |   Name #16: Player zone
2025-11-30 20:05:28 | DEBUG    |   Name #17: Cached
2025-11-30 20:05:28 | INFO     | → Valid targets: 6
2025-11-30 20:05:28 | INFO     | 
  Verifying #1...
2025-11-30 20:05:28 | DEBUG    |     Clicking (222, 368)
2025-11-30 20:05:28 | DEBUG    |     Nameplate read in 1 attempts
2025-11-30 20:05:28 | INFO     |     ✓ Elite | HP: 69%
2025-11-30 20:05:28 | INFO     | 
  Verifying #2...
2025-11-30 20:05:28 | DEBUG    |     Clicking (582, 357)
2025-11-30 20:05:29 | DEBUG    |     Nameplate read in 1 attempts
2025-11-30 20:05:29 | INFO     |     ✓ Elite | HP: 69%
2025-11-30 20:05:29 | INFO     | 
>>>>>>>>>>>>>>>>>>>>>>>>>>>>>>>>>>>>>>>>>>>>>>>>>>
2025-11-30 20:05:29 | INFO     | ENGAGING: Elite (HP: 69%)
2025-11-30 20:05:29 | INFO     | >>>>>>>>>>>>>>>>>>>>>>>>>>>>>>>>>>>>>>>>>>>>>>>>>>
2025-11-30 20:05:29 | INFO     |   Skill 1: 1
2025-11-30 20:05:29 | INFO     |   Skill 2: 2
2025-11-30 20:05:30 | INFO     |   Skill 3: 3
2025-11-30 20:05:31 | INFO     |   Skill 4: 4
2025-11-30 20:05:32 | INFO     | <<<<<<<<<<<<<<<<<<<<<<<<<<<<<<<<<<<<<<<<<<<<<<<<<<
2025-11-30 20:05:32 | INFO     | Total engagements: 5

2025-11-30 20:05:32 | INFO     | 
======================================================================
2025-11-30 20:05:32 | INFO     | CYCLE #6
2025-11-30 20:05:32 | INFO     | ======================================================================
2025-11-30 20:05:32 | INFO     | Detected: 19 floating names
2025-11-30 20:05:32 | DEBUG    |   Region near center, might be player
2025-11-30 20:05:32 | DEBUG    |   Name #2: Player zone
2025-11-30 20:05:32 | DEBUG    |   Region near center, might be player
2025-11-30 20:05:32 | DEBUG    |   Name #4: Player zone
2025-11-30 20:05:32 | DEBUG    |   Name #5: Cached
2025-11-30 20:05:32 | DEBUG    |   Name #6: Cached
2025-11-30 20:05:32 | DEBUG    |   Name #7: Player zone
2025-11-30 20:05:32 | INFO     |   ✓ Target #8 at (700, 362)
2025-11-30 20:05:32 | INFO     |   ✓ Target #9 at (355, 350)
2025-11-30 20:05:32 | DEBUG    |   Name #10: Cached
2025-11-30 20:05:32 | INFO     |   ✓ Target #11 at (586, 336)
2025-11-30 20:05:32 | INFO     |   ✓ Target #12 at (817, 277)
2025-11-30 20:05:32 | INFO     |   ✓ Target #13 at (767, 277)
2025-11-30 20:05:32 | INFO     |   ✓ Target #14 at (871, 248)
2025-11-30 20:05:32 | DEBUG    |   Name #15: Cached
2025-11-30 20:05:32 | DEBUG    |   Name #16: Cached
2025-11-30 20:05:32 | DEBUG    |   Region near center, might be player
2025-11-30 20:05:32 | DEBUG    |   Region near center, might be player
2025-11-30 20:05:32 | DEBUG    |   Region near center, might be player
2025-11-30 20:05:32 | INFO     | → Valid targets: 6
2025-11-30 20:05:32 | INFO     | 
  Verifying #1...
2025-11-30 20:05:32 | DEBUG    |     Clicking (700, 393)
2025-11-30 20:05:32 | DEBUG    |     Nameplate read in 1 attempts
2025-11-30 20:05:32 | INFO     |     ✓ Elite | HP: 100%
2025-11-30 20:05:32 | INFO     | 
  Verifying #2...
2025-11-30 20:05:32 | DEBUG    |     Clicking (355, 381)
2025-11-30 20:05:33 | DEBUG    |     Nameplate read in 1 attempts
2025-11-30 20:05:33 | INFO     |     ✓ Elite | HP: 69%
2025-11-30 20:05:33 | INFO     | 
>>>>>>>>>>>>>>>>>>>>>>>>>>>>>>>>>>>>>>>>>>>>>>>>>>
2025-11-30 20:05:33 | INFO     | ENGAGING: Elite (HP: 100%)
2025-11-30 20:05:33 | INFO     | >>>>>>>>>>>>>>>>>>>>>>>>>>>>>>>>>>>>>>>>>>>>>>>>>>
2025-11-30 20:05:33 | INFO     |   Skill 1: 1
2025-11-30 20:05:34 | INFO     |   Skill 2: 2
2025-11-30 20:05:34 | INFO     |   Skill 3: 3
2025-11-30 20:05:35 | INFO     |   Skill 4: 4
2025-11-30 20:05:36 | INFO     | <<<<<<<<<<<<<<<<<<<<<<<<<<<<<<<<<<<<<<<<<<<<<<<<<<
2025-11-30 20:05:36 | INFO     | Total engagements: 6

2025-11-30 20:05:36 | INFO     | 
======================================================================
2025-11-30 20:05:36 | INFO     | CYCLE #7
2025-11-30 20:05:36 | INFO     | ======================================================================
2025-11-30 20:05:36 | INFO     | Detected: 0 floating names
2025-11-30 20:05:36 | INFO     | 
======================================================================
2025-11-30 20:05:36 | INFO     | CYCLE #8
2025-11-30 20:05:36 | INFO     | ======================================================================
2025-11-30 20:05:37 | INFO     | Detected: 13 floating names
2025-11-30 20:05:37 | DEBUG    |   Name #1: Player zone
2025-11-30 20:05:37 | DEBUG    |   Name #2: Player zone
2025-11-30 20:05:37 | DEBUG    |   Name #3: Cached
2025-11-30 20:05:37 | DEBUG    |   Region near center, might be player
2025-11-30 20:05:37 | DEBUG    |   Name #5: Player zone
2025-11-30 20:05:37 | INFO     |   ✓ Target #6 at (487, 352)
2025-11-30 20:05:37 | INFO     |   ✓ Target #7 at (825, 292)
2025-11-30 20:05:37 | INFO     |   ✓ Target #8 at (668, 286)
2025-11-30 20:05:37 | INFO     |   ✓ Target #9 at (897, 269)
2025-11-30 20:05:37 | DEBUG    |   Name #10: Cached
2025-11-30 20:05:37 | DEBUG    |   Region near center, might be player
2025-11-30 20:05:37 | DEBUG    |   Region near center, might be player
2025-11-30 20:05:37 | DEBUG    |   Name #13: Cached
2025-11-30 20:05:37 | INFO     | → Valid targets: 4
2025-11-30 20:05:37 | INFO     | 
  Verifying #1...
2025-11-30 20:05:37 | DEBUG    |     Clicking (487, 383)
2025-11-30 20:05:37 | DEBUG    |     Nameplate read in 1 attempts
2025-11-30 20:05:37 | INFO     |     ✓ Elite | HP: 69%
2025-11-30 20:05:37 | INFO     | 
  Verifying #2...
2025-11-30 20:05:37 | DEBUG    |     Clicking (825, 323)
2025-11-30 20:05:37 | DEBUG    |     Nameplate read in 1 attempts
2025-11-30 20:05:37 | INFO     |     ✓ Elite | HP: 69%
2025-11-30 20:05:37 | INFO     | 
>>>>>>>>>>>>>>>>>>>>>>>>>>>>>>>>>>>>>>>>>>>>>>>>>>
2025-11-30 20:05:37 | INFO     | ENGAGING: Elite (HP: 69%)
2025-11-30 20:05:37 | INFO     | >>>>>>>>>>>>>>>>>>>>>>>>>>>>>>>>>>>>>>>>>>>>>>>>>>
2025-11-30 20:05:37 | INFO     |   Skill 1: 1
2025-11-30 20:05:38 | INFO     |   Skill 2: 2
2025-11-30 20:05:39 | INFO     |   Skill 3: 3
2025-11-30 20:05:39 | INFO     |   Skill 4: 4
2025-11-30 20:05:40 | INFO     | <<<<<<<<<<<<<<<<<<<<<<<<<<<<<<<<<<<<<<<<<<<<<<<<<<
2025-11-30 20:05:40 | INFO     | Total engagements: 7

2025-11-30 20:05:41 | INFO     | 
======================================================================
2025-11-30 20:05:41 | INFO     | CYCLE #9
2025-11-30 20:05:41 | INFO     | ======================================================================
2025-11-30 20:05:41 | INFO     | Detected: 2 floating names
2025-11-30 20:05:41 | INFO     |   ✓ Target #1 at (496, 384)
2025-11-30 20:05:41 | INFO     |   ✓ Target #2 at (1727, 721)
2025-11-30 20:05:41 | INFO     | → Valid targets: 2
2025-11-30 20:05:41 | INFO     | 
  Verifying #1...
2025-11-30 20:05:41 | DEBUG    |     Clicking (496, 413)
2025-11-30 20:05:41 | DEBUG    |     Nameplate read in 1 attempts
2025-11-30 20:05:41 | INFO     |     ✓ Elite | HP: 69%
2025-11-30 20:05:41 | INFO     | 
  Verifying #2...
2025-11-30 20:05:41 | DEBUG    |     Clicking (1727, 755)
2025-11-30 20:05:41 | DEBUG    |     Nameplate read in 1 attempts
2025-11-30 20:05:41 | INFO     |     ✓ Elite | HP: 69%
2025-11-30 20:05:41 | INFO     | 
>>>>>>>>>>>>>>>>>>>>>>>>>>>>>>>>>>>>>>>>>>>>>>>>>>
2025-11-30 20:05:41 | INFO     | ENGAGING: Elite (HP: 69%)
2025-11-30 20:05:41 | INFO     | >>>>>>>>>>>>>>>>>>>>>>>>>>>>>>>>>>>>>>>>>>>>>>>>>>
2025-11-30 20:05:41 | INFO     |   Skill 1: 1
2025-11-30 20:05:42 | INFO     |   Skill 2: 2
2025-11-30 20:05:43 | INFO     |   Skill 3: 3
2025-11-30 20:05:43 | INFO     |   Skill 4: 4
2025-11-30 20:05:44 | INFO     | <<<<<<<<<<<<<<<<<<<<<<<<<<<<<<<<<<<<<<<<<<<<<<<<<<
2025-11-30 20:05:44 | INFO     | Total engagements: 8

2025-11-30 20:05:45 | INFO     | 
======================================================================
2025-11-30 20:05:45 | INFO     | CYCLE #10
2025-11-30 20:05:45 | INFO     | ======================================================================
2025-11-30 20:05:45 | INFO     | Detected: 3 floating names
2025-11-30 20:05:45 | INFO     |   ✓ Target #1 at (100, 139)
2025-11-30 20:05:45 | INFO     |   ✓ Target #2 at (953, 132)
2025-11-30 20:05:45 | INFO     |   ✓ Target #3 at (1720, 752)
2025-11-30 20:05:45 | INFO     | → Valid targets: 3
2025-11-30 20:05:45 | INFO     | 
  Verifying #1...
2025-11-30 20:05:45 | DEBUG    |     Clicking (100, 169)
2025-11-30 20:05:45 | DEBUG    |     Nameplate read in 1 attempts
2025-11-30 20:05:45 | INFO     |     ✓ Elite | HP: 69%
2025-11-30 20:05:45 | INFO     | 
  Verifying #2...
2025-11-30 20:05:45 | DEBUG    |     Clicking (953, 162)
2025-11-30 20:05:45 | DEBUG    |     Nameplate read in 1 attempts
2025-11-30 20:05:45 | INFO     |     ✓ Elite | HP: 69%
2025-11-30 20:05:45 | INFO     | 
>>>>>>>>>>>>>>>>>>>>>>>>>>>>>>>>>>>>>>>>>>>>>>>>>>
2025-11-30 20:05:45 | INFO     | ENGAGING: Elite (HP: 69%)
2025-11-30 20:05:45 | INFO     | >>>>>>>>>>>>>>>>>>>>>>>>>>>>>>>>>>>>>>>>>>>>>>>>>>
2025-11-30 20:05:45 | INFO     |   Skill 1: 1
2025-11-30 20:05:46 | INFO     |   Skill 2: 2
2025-11-30 20:05:47 | INFO     |   Skill 3: 3
2025-11-30 20:05:48 | INFO     |   Skill 4: 4
2025-11-30 20:05:48 | INFO     | <<<<<<<<<<<<<<<<<<<<<<<<<<<<<<<<<<<<<<<<<<<<<<<<<<
2025-11-30 20:05:48 | INFO     | Total engagements: 9

2025-11-30 20:05:49 | INFO     | 
======================================================================
2025-11-30 20:05:49 | INFO     | CYCLE #11
2025-11-30 20:05:49 | INFO     | ======================================================================
2025-11-30 20:05:49 | INFO     | Detected: 15 floating names
2025-11-30 20:05:49 | DEBUG    |   Name #1: Player zone
2025-11-30 20:05:49 | DEBUG    |   Region near center, might be player
2025-11-30 20:05:49 | DEBUG    |   Name #3: Player zone
2025-11-30 20:05:49 | DEBUG    |   Name #4: Cached
2025-11-30 20:05:49 | DEBUG    |   Name #5: Player zone
2025-11-30 20:05:49 | DEBUG    |   Name #6: Player zone
2025-11-30 20:05:49 | DEBUG    |   Region near center, might be player
2025-11-30 20:05:49 | DEBUG    |   Name #8: Player zone
2025-11-30 20:05:49 | DEBUG    |   Name #9: Player zone
2025-11-30 20:05:49 | INFO     |   ✓ Target #10 at (827, 339)
2025-11-30 20:05:49 | INFO     |   ✓ Target #11 at (1355, 327)
2025-11-30 20:05:49 | INFO     |   ✓ Target #12 at (989, 322)
2025-11-30 20:05:49 | INFO     |   ✓ Target #13 at (900, 311)
2025-11-30 20:05:49 | DEBUG    |   Name #14: Cached
2025-11-30 20:05:49 | DEBUG    |   Name #15: Cached
2025-11-30 20:05:49 | INFO     | → Valid targets: 4
2025-11-30 20:05:49 | INFO     | 
  Verifying #1...
2025-11-30 20:05:49 | DEBUG    |     Clicking (827, 371)
2025-11-30 20:05:49 | DEBUG    |     Nameplate read in 1 attempts
2025-11-30 20:05:49 | INFO     |     ✓ General | HP: 100%
2025-11-30 20:05:49 | INFO     | 
  Verifying #2...
2025-11-30 20:05:49 | DEBUG    |     Clicking (1355, 360)
2025-11-30 20:05:50 | DEBUG    |     Nameplate read in 1 attempts
2025-11-30 20:05:50 | INFO     |     ✓ General | HP: 100%
2025-11-30 20:05:50 | INFO     | 
>>>>>>>>>>>>>>>>>>>>>>>>>>>>>>>>>>>>>>>>>>>>>>>>>>
2025-11-30 20:05:50 | INFO     | ENGAGING: General (HP: 100%)
2025-11-30 20:05:50 | INFO     | >>>>>>>>>>>>>>>>>>>>>>>>>>>>>>>>>>>>>>>>>>>>>>>>>>
2025-11-30 20:05:50 | INFO     |   Skill 1: 1
2025-11-30 20:05:50 | INFO     |   Skill 2: 2
2025-11-30 20:05:51 | INFO     |   Skill 3: 3
2025-11-30 20:05:52 | INFO     |   Skill 4: 4
2025-11-30 20:05:52 | INFO     | <<<<<<<<<<<<<<<<<<<<<<<<<<<<<<<<<<<<<<<<<<<<<<<<<<
2025-11-30 20:05:52 | INFO     | Total engagements: 10

2025-11-30 20:05:53 | INFO     | 
======================================================================
2025-11-30 20:05:53 | INFO     | CYCLE #12
2025-11-30 20:05:53 | INFO     | ======================================================================
2025-11-30 20:05:53 | INFO     | Detected: 22 floating names
2025-11-30 20:05:53 | INFO     |   ✓ Target #1 at (852, 854)
2025-11-30 20:05:53 | DEBUG    |   Name #2: Cached
2025-11-30 20:05:53 | INFO     |   ✓ Target #3 at (1396, 817)
2025-11-30 20:05:53 | INFO     |   ✓ Target #4 at (825, 754)
2025-11-30 20:05:53 | DEBUG    |   Name #5: Cached
2025-11-30 20:05:53 | DEBUG    |   Name #6: Player zone
2025-11-30 20:05:53 | DEBUG    |   Name #7: Player zone
2025-11-30 20:05:53 | DEBUG    |   Name #8: Player zone
2025-11-30 20:05:53 | DEBUG    |   Name #9: Player zone
2025-11-30 20:05:53 | DEBUG    |   Name #10: Player zone
2025-11-30 20:05:53 | DEBUG    |   Name #11: Player zone
2025-11-30 20:05:53 | DEBUG    |   Region near center, might be player
2025-11-30 20:05:53 | INFO     |   ✓ Target #13 at (818, 301)
2025-11-30 20:05:53 | INFO     |   ✓ Target #14 at (853, 273)
2025-11-30 20:05:53 | INFO     |   ✓ Target #15 at (1618, 268)
2025-11-30 20:05:53 | INFO     |   ✓ Target #16 at (985, 267)
2025-11-30 20:05:53 | DEBUG    |   Name #17: Cached
2025-11-30 20:05:53 | INFO     |   ✓ Target #18 at (1080, 237)
2025-11-30 20:05:53 | INFO     |   ✓ Target #19 at (888, 232)
2025-11-30 20:05:53 | INFO     |   ✓ Target #20 at (939, 222)
2025-11-30 20:05:53 | DEBUG    |   Name #21: Cached
2025-11-30 20:05:53 | INFO     |   ✓ Target #22 at (1029, 214)
2025-11-30 20:05:53 | INFO     | → Valid targets: 11
2025-11-30 20:05:53 | INFO     | 
  Verifying #1...
2025-11-30 20:05:53 | DEBUG    |     Clicking (852, 888)
2025-11-30 20:05:53 | DEBUG    |     Nameplate read in 1 attempts
2025-11-30 20:05:53 | INFO     |     ✓ Elite | HP: 69%
2025-11-30 20:05:53 | INFO     | 
  Verifying #2...
2025-11-30 20:05:53 | DEBUG    |     Clicking (1396, 849)
2025-11-30 20:05:54 | DEBUG    |     Nameplate read in 1 attempts
2025-11-30 20:05:54 | INFO     |     ✓ Elite | HP: 69%
2025-11-30 20:05:54 | INFO     | 
>>>>>>>>>>>>>>>>>>>>>>>>>>>>>>>>>>>>>>>>>>>>>>>>>>
2025-11-30 20:05:54 | INFO     | ENGAGING: Elite (HP: 69%)
2025-11-30 20:05:54 | INFO     | >>>>>>>>>>>>>>>>>>>>>>>>>>>>>>>>>>>>>>>>>>>>>>>>>>
2025-11-30 20:05:54 | INFO     |   Skill 1: 1
2025-11-30 20:05:54 | INFO     |   Skill 2: 2
2025-11-30 20:05:55 | INFO     |   Skill 3: 3
2025-11-30 20:05:56 | INFO     |   Skill 4: 4
2025-11-30 20:05:56 | INFO     | <<<<<<<<<<<<<<<<<<<<<<<<<<<<<<<<<<<<<<<<<<<<<<<<<<
2025-11-30 20:05:56 | INFO     | Total engagements: 11

2025-11-30 20:05:57 | INFO     | 
======================================================================
2025-11-30 20:05:57 | INFO     | CYCLE #13
2025-11-30 20:05:57 | INFO     | ======================================================================
2025-11-30 20:05:57 | INFO     | Detected: 25 floating names
2025-11-30 20:05:57 | INFO     |   ✓ Target #1 at (1399, 869)
2025-11-30 20:05:57 | INFO     |   ✓ Target #2 at (1396, 817)
2025-11-30 20:05:57 | INFO     |   ✓ Target #3 at (624, 804)
2025-11-30 20:05:57 | DEBUG    |   Name #4: Cached
2025-11-30 20:05:57 | DEBUG    |   Name #5: Player zone
2025-11-30 20:05:57 | DEBUG    |   Name #6: Player zone
2025-11-30 20:05:57 | DEBUG    |   Region near center, might be player
2025-11-30 20:05:57 | DEBUG    |   Region near center, might be player
2025-11-30 20:05:57 | INFO     |   ✓ Target #9 at (946, 317)
2025-11-30 20:05:57 | INFO     |   ✓ Target #10 at (787, 312)
2025-11-30 20:05:57 | INFO     |   ✓ Target #11 at (859, 284)
2025-11-30 20:05:57 | INFO     |   ✓ Target #12 at (1646, 268)
2025-11-30 20:05:57 | DEBUG    |   Name #13: Cached
2025-11-30 20:05:57 | INFO     |   ✓ Target #14 at (1083, 262)
2025-11-30 20:05:57 | INFO     |   ✓ Target #15 at (803, 256)
2025-11-30 20:05:57 | INFO     |   ✓ Target #16 at (752, 257)
2025-11-30 20:05:57 | INFO     |   ✓ Target #17 at (836, 230)
2025-11-30 20:05:57 | INFO     |   ✓ Target #18 at (931, 222)
2025-11-30 20:05:57 | INFO     |   ✓ Target #19 at (1083, 220)
2025-11-30 20:05:57 | INFO     |   ✓ Target #20 at (1007, 215)
2025-11-30 20:05:57 | DEBUG    |   Name #21: Cached
2025-11-30 20:05:57 | DEBUG    |   Name #22: Cached
2025-11-30 20:05:57 | DEBUG    |   Name #23: Cached
2025-11-30 20:05:57 | DEBUG    |   Name #24: Cached
2025-11-30 20:05:57 | INFO     |   ✓ Target #25 at (1727, 286)
2025-11-30 20:05:57 | INFO     | → Valid targets: 15
2025-11-30 20:05:57 | INFO     | 
  Verifying #1...
2025-11-30 20:05:57 | DEBUG    |     Clicking (1399, 899)
2025-11-30 20:05:57 | DEBUG    |     Nameplate read in 1 attempts
2025-11-30 20:05:57 | INFO     |     ✓ Elite | HP: 3%
2025-11-30 20:05:57 | INFO     | 
  Verifying #2...
2025-11-30 20:05:57 | DEBUG    |     Clicking (1396, 849)
2025-11-30 20:05:58 | DEBUG    |     Nameplate read in 1 attempts
2025-11-30 20:05:58 | INFO     |     ✓ Elite | HP: 3%
2025-11-30 20:05:58 | INFO     | 
======================================================================
2025-11-30 20:05:58 | INFO     | CYCLE #14
2025-11-30 20:05:58 | INFO     | ======================================================================
2025-11-30 20:05:58 | INFO     | Detected: 12 floating names
2025-11-30 20:05:58 | DEBUG    |   Name #1: Cached
2025-11-30 20:05:58 | INFO     |   ✓ Target #2 at (1165, 140)
2025-11-30 20:05:58 | INFO     |   ✓ Target #3 at (1123, 139)
2025-11-30 20:05:58 | INFO     |   ✓ Target #4 at (1022, 138)
2025-11-30 20:05:58 | INFO     |   ✓ Target #5 at (907, 139)
2025-11-30 20:05:58 | INFO     |   ✓ Target #6 at (819, 138)
2025-11-30 20:05:58 | INFO     |   ✓ Target #7 at (726, 138)
2025-11-30 20:05:58 | DEBUG    |   Name #8: Cached
2025-11-30 20:05:58 | DEBUG    |   Name #9: Cached
2025-11-30 20:05:58 | INFO     |   ✓ Target #10 at (1050, 245)
2025-11-30 20:05:58 | DEBUG    |   Region near center, might be player
2025-11-30 20:05:58 | INFO     |   ✓ Target #12 at (1632, 314)
2025-11-30 20:05:58 | INFO     | → Valid targets: 8
2025-11-30 20:05:58 | INFO     | 
  Verifying #1...
2025-11-30 20:05:58 | DEBUG    |     Clicking (1165, 170)
2025-11-30 20:05:59 | DEBUG    |     Nameplate read in 1 attempts
2025-11-30 20:05:59 | INFO     |     ✓ Elite | HP: 3%
2025-11-30 20:05:59 | INFO     | 
  Verifying #2...
2025-11-30 20:05:59 | DEBUG    |     Clicking (1123, 170)
2025-11-30 20:05:59 | DEBUG    |     Nameplate read in 1 attempts
2025-11-30 20:05:59 | INFO     |     ✓ Elite | HP: 3%
2025-11-30 20:05:59 | INFO     | 
======================================================================
2025-11-30 20:05:59 | INFO     | CYCLE #15
2025-11-30 20:05:59 | INFO     | ======================================================================
2025-11-30 20:05:59 | INFO     | Detected: 5 floating names
2025-11-30 20:05:59 | DEBUG    |   Name #1: Cached
2025-11-30 20:05:59 | INFO     |   ✓ Target #2 at (879, 171)
2025-11-30 20:05:59 | INFO     |   ✓ Target #3 at (100, 139)
2025-11-30 20:05:59 | INFO     |   ✓ Target #4 at (953, 132)
2025-11-30 20:05:59 | INFO     |   ✓ Target #5 at (605, 879)
2025-11-30 20:05:59 | INFO     | → Valid targets: 4
2025-11-30 20:05:59 | INFO     | 
  Verifying #1...
2025-11-30 20:05:59 | DEBUG    |     Clicking (879, 200)
2025-11-30 20:06:00 | DEBUG    |     Nameplate read in 1 attempts
2025-11-30 20:06:00 | INFO     |     ✓ Elite | HP: 100%
2025-11-30 20:06:00 | INFO     | 
  Verifying #2...
2025-11-30 20:06:00 | DEBUG    |     Clicking (100, 169)
2025-11-30 20:06:00 | DEBUG    |     Nameplate read in 1 attempts
2025-11-30 20:06:00 | INFO     |     ✓ Elite | HP: 100%
2025-11-30 20:06:00 | INFO     | 
>>>>>>>>>>>>>>>>>>>>>>>>>>>>>>>>>>>>>>>>>>>>>>>>>>
2025-11-30 20:06:00 | INFO     | ENGAGING: Elite (HP: 100%)
2025-11-30 20:06:00 | INFO     | >>>>>>>>>>>>>>>>>>>>>>>>>>>>>>>>>>>>>>>>>>>>>>>>>>
2025-11-30 20:06:00 | INFO     |   Skill 1: 1
2025-11-30 20:06:01 | INFO     |   Skill 2: 2
2025-11-30 20:06:02 | INFO     |   Skill 3: 3
2025-11-30 20:06:02 | INFO     |   Skill 4: 4
2025-11-30 20:06:03 | INFO     | <<<<<<<<<<<<<<<<<<<<<<<<<<<<<<<<<<<<<<<<<<<<<<<<<<
2025-11-30 20:06:03 | INFO     | Total engagements: 12

2025-11-30 20:06:03 | INFO     | 
======================================================================
2025-11-30 20:06:03 | INFO     | CYCLE #16
2025-11-30 20:06:03 | INFO     | ======================================================================
2025-11-30 20:06:03 | INFO     | Detected: 13 floating names
2025-11-30 20:06:03 | INFO     |   ✓ Target #1 at (1622, 838)
2025-11-30 20:06:03 | DEBUG    |   Region near center, might be player
2025-11-30 20:06:03 | DEBUG    |   Region near center, might be player
2025-11-30 20:06:03 | DEBUG    |   Name #4: Player zone
2025-11-30 20:06:03 | DEBUG    |   Name #5: Cached
2025-11-30 20:06:03 | DEBUG    |   Name #6: Player zone
2025-11-30 20:06:03 | DEBUG    |   Region near center, might be player
2025-11-30 20:06:03 | DEBUG    |   Name #8: Cached
2025-11-30 20:06:03 | INFO     |   ✓ Target #9 at (889, 198)
2025-11-30 20:06:03 | INFO     |   ✓ Target #10 at (1329, 196)
2025-11-30 20:06:03 | INFO     |   ✓ Target #11 at (458, 190)
2025-11-30 20:06:03 | DEBUG    |   Name #12: Player zone
2025-11-30 20:06:03 | DEBUG    |   Name #13: Player zone
2025-11-30 20:06:03 | INFO     | → Valid targets: 4
2025-11-30 20:06:03 | INFO     | 
  Verifying #1...
2025-11-30 20:06:03 | DEBUG    |     Clicking (1622, 869)
2025-11-30 20:06:04 | DEBUG    |     Nameplate read in 1 attempts
2025-11-30 20:06:04 | INFO     |     ✓ Elite | HP: 100%
2025-11-30 20:06:04 | INFO     | 
  Verifying #2...
2025-11-30 20:06:04 | DEBUG    |     Clicking (889, 229)
2025-11-30 20:06:04 | DEBUG    |     Nameplate read in 1 attempts
2025-11-30 20:06:04 | INFO     |     ✓ General | HP: 100%
2025-11-30 20:06:04 | INFO     | 
>>>>>>>>>>>>>>>>>>>>>>>>>>>>>>>>>>>>>>>>>>>>>>>>>>
2025-11-30 20:06:04 | INFO     | ENGAGING: General (HP: 100%)
2025-11-30 20:06:04 | INFO     | >>>>>>>>>>>>>>>>>>>>>>>>>>>>>>>>>>>>>>>>>>>>>>>>>>
2025-11-30 20:06:04 | INFO     |   Skill 1: 1
2025-11-30 20:06:05 | INFO     |   Skill 2: 2
2025-11-30 20:06:06 | INFO     |   Skill 3: 3
2025-11-30 20:06:06 | INFO     |   Skill 4: 4
2025-11-30 20:06:07 | INFO     | <<<<<<<<<<<<<<<<<<<<<<<<<<<<<<<<<<<<<<<<<<<<<<<<<<
2025-11-30 20:06:07 | INFO     | Total engagements: 13

2025-11-30 20:06:07 | INFO     | 
======================================================================
2025-11-30 20:06:07 | INFO     | CYCLE #17
2025-11-30 20:06:07 | INFO     | ======================================================================
2025-11-30 20:06:07 | INFO     | Detected: 4 floating names
2025-11-30 20:06:07 | DEBUG    |   Name #1: Player zone
2025-11-30 20:06:07 | DEBUG    |   Name #2: Player zone
2025-11-30 20:06:07 | DEBUG    |   Name #3: Cached
2025-11-30 20:06:07 | DEBUG    |   Name #4: Player zone
2025-11-30 20:06:07 | INFO     | → Valid targets: 0
2025-11-30 20:06:08 | INFO     | 
======================================================================
2025-11-30 20:06:08 | INFO     | CYCLE #18
2025-11-30 20:06:08 | INFO     | ======================================================================
2025-11-30 20:06:08 | INFO     | Detected: 6 floating names
2025-11-30 20:06:08 | DEBUG    |   Name #1: Player zone
2025-11-30 20:06:08 | DEBUG    |   Name #2: Cached
2025-11-30 20:06:08 | DEBUG    |   Name #3: Player zone
2025-11-30 20:06:08 | DEBUG    |   Name #4: Cached
2025-11-30 20:06:08 | DEBUG    |   Name #5: Cached
2025-11-30 20:06:08 | DEBUG    |   Name #6: Player zone
2025-11-30 20:06:08 | INFO     | → Valid targets: 0
2025-11-30 20:06:08 | INFO     | 
======================================================================
2025-11-30 20:06:08 | INFO     | CYCLE #19
2025-11-30 20:06:08 | INFO     | ======================================================================
2025-11-30 20:06:08 | INFO     | Detected: 5 floating names
2025-11-30 20:06:08 | INFO     |   ✓ Target #1 at (951, 885)
2025-11-30 20:06:08 | INFO     |   ✓ Target #2 at (1022, 775)
2025-11-30 20:06:08 | DEBUG    |   Name #3: Cached
2025-11-30 20:06:08 | DEBUG    |   Name #4: Cached
2025-11-30 20:06:08 | INFO     |   ✓ Target #5 at (999, 352)
2025-11-30 20:06:08 | INFO     | → Valid targets: 3
2025-11-30 20:06:08 | INFO     | 
  Verifying #1...
2025-11-30 20:06:08 | DEBUG    |     Clicking (951, 920)
2025-11-30 20:06:09 | DEBUG    |     Nameplate read in 1 attempts
2025-11-30 20:06:09 | INFO     |     ✓ Elite | HP: 100%
2025-11-30 20:06:09 | INFO     | 
  Verifying #2...
2025-11-30 20:06:09 | DEBUG    |     Clicking (1022, 805)
2025-11-30 20:06:09 | DEBUG    |     Nameplate read in 1 attempts
2025-11-30 20:06:09 | INFO     |     ✓ Elite | HP: 100%
2025-11-30 20:06:09 | INFO     | 
>>>>>>>>>>>>>>>>>>>>>>>>>>>>>>>>>>>>>>>>>>>>>>>>>>
2025-11-30 20:06:09 | INFO     | ENGAGING: Elite (HP: 100%)
2025-11-30 20:06:09 | INFO     | >>>>>>>>>>>>>>>>>>>>>>>>>>>>>>>>>>>>>>>>>>>>>>>>>>
2025-11-30 20:06:09 | INFO     |   Skill 1: 1
2025-11-30 20:06:10 | INFO     |   Skill 2: 2
2025-11-30 20:06:11 | INFO     |   Skill 3: 3
2025-11-30 20:06:11 | INFO     |   Skill 4: 4
2025-11-30 20:06:12 | INFO     | <<<<<<<<<<<<<<<<<<<<<<<<<<<<<<<<<<<<<<<<<<<<<<<<<<
2025-11-30 20:06:12 | INFO     | Total engagements: 14

2025-11-30 20:06:12 | INFO     | 
======================================================================
2025-11-30 20:06:12 | INFO     | CYCLE #20
2025-11-30 20:06:12 | INFO     | ======================================================================
2025-11-30 20:06:12 | INFO     | Detected: 13 floating names
2025-11-30 20:06:12 | DEBUG    |   Region near center, might be player
2025-11-30 20:06:12 | DEBUG    |   Region near center, might be player
2025-11-30 20:06:12 | DEBUG    |   Region near center, might be player
2025-11-30 20:06:12 | DEBUG    |   Name #4: Player zone
2025-11-30 20:06:12 | DEBUG    |   Name #5: Cached
2025-11-30 20:06:12 | DEBUG    |   Name #6: Player zone
2025-11-30 20:06:12 | DEBUG    |   Name #7: Player zone
2025-11-30 20:06:12 | INFO     |   ✓ Target #8 at (1392, 325)
2025-11-30 20:06:12 | INFO     |   ✓ Target #9 at (802, 301)
2025-11-30 20:06:12 | INFO     |   ✓ Target #10 at (1271, 262)
2025-11-30 20:06:12 | INFO     |   ✓ Target #11 at (905, 226)
2025-11-30 20:06:12 | DEBUG    |   Name #12: Cached
2025-11-30 20:06:12 | DEBUG    |   Name #13: Cached
2025-11-30 20:06:12 | INFO     | → Valid targets: 4
2025-11-30 20:06:12 | INFO     | 
  Verifying #1...
2025-11-30 20:06:12 | DEBUG    |     Clicking (1392, 356)
2025-11-30 20:06:13 | DEBUG    |     Nameplate read in 1 attempts
2025-11-30 20:06:13 | INFO     |     ✓ Elite | HP: 0%
2025-11-30 20:06:13 | INFO     | 
  Verifying #2...
2025-11-30 20:06:13 | DEBUG    |     Clicking (802, 332)
2025-11-30 20:06:13 | DEBUG    |     Nameplate read in 1 attempts
2025-11-30 20:06:13 | INFO     |     ✓ Elite | HP: 100%
2025-11-30 20:06:14 | INFO     | 
======================================================================
2025-11-30 20:06:14 | INFO     | CYCLE #21
2025-11-30 20:06:14 | INFO     | ======================================================================
2025-11-30 20:06:14 | INFO     | Detected: 9 floating names
2025-11-30 20:06:14 | DEBUG    |   Region near center, might be player
2025-11-30 20:06:14 | DEBUG    |   Name #2: Cached
2025-11-30 20:06:14 | DEBUG    |   Name #3: Cached
2025-11-30 20:06:14 | DEBUG    |   Region near center, might be player
2025-11-30 20:06:14 | DEBUG    |   Name #5: Cached
2025-11-30 20:06:14 | DEBUG    |   Name #6: Cached
2025-11-30 20:06:14 | INFO     |   ✓ Target #7 at (335, 321)
2025-11-30 20:06:14 | DEBUG    |   Name #8: Cached
2025-11-30 20:06:14 | INFO     |   ✓ Target #9 at (506, 254)
2025-11-30 20:06:14 | INFO     | → Valid targets: 2
2025-11-30 20:06:14 | INFO     | 
  Verifying #1...
2025-11-30 20:06:14 | DEBUG    |     Clicking (335, 352)
2025-11-30 20:06:14 | DEBUG    |     Nameplate read in 1 attempts
2025-11-30 20:06:14 | INFO     |     ✓ Elite | HP: 69%
2025-11-30 20:06:14 | INFO     | 
  Verifying #2...
2025-11-30 20:06:14 | DEBUG    |     Clicking (506, 285)
2025-11-30 20:06:15 | DEBUG    |     Nameplate read in 1 attempts
2025-11-30 20:06:15 | INFO     |     ✓ Elite | HP: 69%
2025-11-30 20:06:15 | INFO     | 
>>>>>>>>>>>>>>>>>>>>>>>>>>>>>>>>>>>>>>>>>>>>>>>>>>
2025-11-30 20:06:15 | INFO     | ENGAGING: Elite (HP: 69%)
2025-11-30 20:06:15 | INFO     | >>>>>>>>>>>>>>>>>>>>>>>>>>>>>>>>>>>>>>>>>>>>>>>>>>
2025-11-30 20:06:15 | INFO     |   Skill 1: 1
2025-11-30 20:06:15 | INFO     |   Skill 2: 2
2025-11-30 20:06:16 | INFO     |   Skill 3: 3
2025-11-30 20:06:17 | INFO     |   Skill 4: 4
2025-11-30 20:06:17 | INFO     | <<<<<<<<<<<<<<<<<<<<<<<<<<<<<<<<<<<<<<<<<<<<<<<<<<
2025-11-30 20:06:17 | INFO     | Total engagements: 15

2025-11-30 20:06:18 | INFO     | 
======================================================================
2025-11-30 20:06:18 | INFO     | CYCLE #22
2025-11-30 20:06:18 | INFO     | ======================================================================
2025-11-30 20:06:18 | INFO     | Detected: 17 floating names
2025-11-30 20:06:18 | DEBUG    |   Name #1: Player zone
2025-11-30 20:06:18 | DEBUG    |   Name #2: Player zone
2025-11-30 20:06:18 | DEBUG    |   Name #3: Cached
2025-11-30 20:06:18 | DEBUG    |   Region near center, might be player
2025-11-30 20:06:18 | DEBUG    |   Name #5: Player zone
2025-11-30 20:06:18 | DEBUG    |   Name #6: Player zone
2025-11-30 20:06:18 | DEBUG    |   Name #7: Cached
2025-11-30 20:06:18 | DEBUG    |   Region near center, might be player
2025-11-30 20:06:18 | DEBUG    |   Region near center, might be player
2025-11-30 20:06:18 | INFO     |   ✓ Target #10 at (1181, 376)
2025-11-30 20:06:18 | INFO     |   ✓ Target #11 at (1808, 375)
2025-11-30 20:06:18 | INFO     |   ✓ Target #12 at (1123, 340)
2025-11-30 20:06:18 | INFO     |   ✓ Target #13 at (1072, 341)
2025-11-30 20:06:18 | INFO     |   ✓ Target #14 at (793, 337)
2025-11-30 20:06:18 | INFO     |   ✓ Target #15 at (817, 299)
2025-11-30 20:06:18 | DEBUG    |   Name #16: Cached
2025-11-30 20:06:18 | INFO     |   ✓ Target #17 at (1788, 324)
2025-11-30 20:06:18 | INFO     | → Valid targets: 7
2025-11-30 20:06:18 | INFO     | 
  Verifying #1...
2025-11-30 20:06:18 | DEBUG    |     Clicking (1181, 407)
2025-11-30 20:06:18 | DEBUG    |     Nameplate read in 1 attempts
2025-11-30 20:06:18 | INFO     |     ✓ Elite | HP: 69%
2025-11-30 20:06:18 | INFO     | 
  Verifying #2...
2025-11-30 20:06:18 | DEBUG    |     Clicking (1808, 406)
2025-11-30 20:06:19 | DEBUG    |     Nameplate read in 1 attempts
2025-11-30 20:06:19 | INFO     |     ✓ Elite | HP: 69%
2025-11-30 20:06:19 | INFO     | 
>>>>>>>>>>>>>>>>>>>>>>>>>>>>>>>>>>>>>>>>>>>>>>>>>>
2025-11-30 20:06:19 | INFO     | ENGAGING: Elite (HP: 69%)
2025-11-30 20:06:19 | INFO     | >>>>>>>>>>>>>>>>>>>>>>>>>>>>>>>>>>>>>>>>>>>>>>>>>>
2025-11-30 20:06:19 | INFO     |   Skill 1: 1
2025-11-30 20:06:19 | INFO     |   Skill 2: 2
2025-11-30 20:06:20 | INFO     |   Skill 3: 3
2025-11-30 20:06:21 | INFO     |   Skill 4: 4
2025-11-30 20:06:21 | INFO     | <<<<<<<<<<<<<<<<<<<<<<<<<<<<<<<<<<<<<<<<<<<<<<<<<<
2025-11-30 20:06:21 | INFO     | Total engagements: 16

2025-11-30 20:06:22 | INFO     | 
======================================================================
2025-11-30 20:06:22 | INFO     | CYCLE #23
2025-11-30 20:06:22 | INFO     | ======================================================================
2025-11-30 20:06:22 | INFO     | Detected: 16 floating names
2025-11-30 20:06:22 | INFO     |   ✓ Target #1 at (154, 819)
2025-11-30 20:06:22 | DEBUG    |   Region near center, might be player
2025-11-30 20:06:22 | DEBUG    |   Name #3: Player zone
2025-11-30 20:06:22 | DEBUG    |   Name #4: Cached
2025-11-30 20:06:22 | DEBUG    |   Region near center, might be player
2025-11-30 20:06:22 | DEBUG    |   Region near center, might be player
2025-11-30 20:06:22 | DEBUG    |   Region near center, might be player
2025-11-30 20:06:22 | DEBUG    |   Region near center, might be player
2025-11-30 20:06:22 | DEBUG    |   Name #9: Cached
2025-11-30 20:06:22 | DEBUG    |   Region near center, might be player
2025-11-30 20:06:22 | INFO     |   ✓ Target #11 at (1430, 366)
2025-11-30 20:06:22 | INFO     |   ✓ Target #12 at (331, 343)
2025-11-30 20:06:22 | INFO     |   ✓ Target #13 at (1041, 269)
2025-11-30 20:06:22 | INFO     |   ✓ Target #14 at (1215, 252)
2025-11-30 20:06:22 | DEBUG    |   Region near center, might be player
2025-11-30 20:06:22 | DEBUG    |   Region near center, might be player
2025-11-30 20:06:22 | INFO     | → Valid targets: 5
2025-11-30 20:06:22 | INFO     | 
  Verifying #1...
2025-11-30 20:06:22 | DEBUG    |     Clicking (154, 850)
2025-11-30 20:06:22 | DEBUG    |     Nameplate read in 1 attempts
2025-11-30 20:06:22 | INFO     |     ✓ Elite | HP: 69%
2025-11-30 20:06:22 | INFO     | 
  Verifying #2...
2025-11-30 20:06:22 | DEBUG    |     Clicking (1430, 397)
2025-11-30 20:06:23 | DEBUG    |     Nameplate read in 1 attempts
2025-11-30 20:06:23 | INFO     |     ✓ Elite | HP: 69%
2025-11-30 20:06:23 | INFO     | 
>>>>>>>>>>>>>>>>>>>>>>>>>>>>>>>>>>>>>>>>>>>>>>>>>>
2025-11-30 20:06:23 | INFO     | ENGAGING: Elite (HP: 69%)
2025-11-30 20:06:23 | INFO     | >>>>>>>>>>>>>>>>>>>>>>>>>>>>>>>>>>>>>>>>>>>>>>>>>>
2025-11-30 20:06:23 | INFO     |   Skill 1: 1
2025-11-30 20:06:23 | INFO     |   Skill 2: 2
2025-11-30 20:06:24 | INFO     |   Skill 3: 3
2025-11-30 20:06:25 | INFO     |   Skill 4: 4
2025-11-30 20:06:25 | INFO     | <<<<<<<<<<<<<<<<<<<<<<<<<<<<<<<<<<<<<<<<<<<<<<<<<<
2025-11-30 20:06:25 | INFO     | Total engagements: 17

2025-11-30 20:06:26 | INFO     | 
======================================================================
2025-11-30 20:06:26 | INFO     | CYCLE #24
2025-11-30 20:06:26 | INFO     | ======================================================================
2025-11-30 20:06:26 | INFO     | Detected: 20 floating names
2025-11-30 20:06:26 | INFO     |   ✓ Target #1 at (251, 804)
2025-11-30 20:06:26 | INFO     |   ✓ Target #2 at (499, 711)
2025-11-30 20:06:26 | INFO     |   ✓ Target #3 at (467, 691)
2025-11-30 20:06:26 | DEBUG    |   Name #4: Player zone
2025-11-30 20:06:26 | DEBUG    |   Name #5: Player zone
2025-11-30 20:06:26 | DEBUG    |   Name #6: Player zone
2025-11-30 20:06:26 | DEBUG    |   Region near center, might be player
2025-11-30 20:06:26 | DEBUG    |   Region near center, might be player
2025-11-30 20:06:26 | DEBUG    |   Region near center, might be player
2025-11-30 20:06:26 | DEBUG    |   Region near center, might be player
2025-11-30 20:06:26 | INFO     |   ✓ Target #11 at (709, 390)
2025-11-30 20:06:26 | INFO     |   ✓ Target #12 at (258, 381)
2025-11-30 20:06:26 | INFO     |   ✓ Target #13 at (1409, 368)
2025-11-30 20:06:26 | INFO     |   ✓ Target #14 at (1373, 368)
2025-11-30 20:06:26 | INFO     |   ✓ Target #15 at (1312, 351)
2025-11-30 20:06:26 | DEBUG    |   Name #16: Cached
2025-11-30 20:06:26 | INFO     |   ✓ Target #17 at (927, 270)
2025-11-30 20:06:26 | INFO     |   ✓ Target #18 at (1233, 268)
2025-11-30 20:06:26 | INFO     |   ✓ Target #19 at (564, 790)
2025-11-30 20:06:26 | DEBUG    |   Region near center, might be player
2025-11-30 20:06:26 | INFO     | → Valid targets: 11
2025-11-30 20:06:26 | INFO     | 
  Verifying #1...
2025-11-30 20:06:26 | DEBUG    |     Clicking (251, 833)
2025-11-30 20:06:26 | DEBUG    |     Nameplate read in 1 attempts
2025-11-30 20:06:26 | INFO     |     ✓ Elite | HP: 3%
2025-11-30 20:06:26 | INFO     | 
  Verifying #2...
2025-11-30 20:06:26 | DEBUG    |     Clicking (499, 745)
2025-11-30 20:06:27 | DEBUG    |     Nameplate read in 1 attempts
2025-11-30 20:06:27 | INFO     |     ✓ Elite | HP: 69%
2025-11-30 20:06:27 | INFO     | 
======================================================================
2025-11-30 20:06:27 | INFO     | CYCLE #25
2025-11-30 20:06:27 | INFO     | ======================================================================
2025-11-30 20:06:27 | INFO     | Detected: 17 floating names
2025-11-30 20:06:27 | INFO     |   ✓ Target #1 at (219, 780)
2025-11-30 20:06:27 | DEBUG    |   Region near center, might be player
2025-11-30 20:06:27 | DEBUG    |   Name #3: Cached
2025-11-30 20:06:27 | DEBUG    |   Name #4: Player zone
2025-11-30 20:06:27 | DEBUG    |   Region near center, might be player
2025-11-30 20:06:27 | DEBUG    |   Region near center, might be player
2025-11-30 20:06:27 | DEBUG    |   Name #7: Cached
2025-11-30 20:06:27 | DEBUG    |   Name #8: Player zone
2025-11-30 20:06:27 | DEBUG    |   Name #9: Cached
2025-11-30 20:06:27 | INFO     |   ✓ Target #10 at (990, 376)
2025-11-30 20:06:27 | INFO     |   ✓ Target #11 at (355, 358)
2025-11-30 20:06:27 | INFO     |   ✓ Target #12 at (813, 354)
2025-11-30 20:06:27 | INFO     |   ✓ Target #13 at (1474, 349)
2025-11-30 20:06:27 | INFO     |   ✓ Target #14 at (1301, 246)
2025-11-30 20:06:27 | INFO     |   ✓ Target #15 at (982, 243)
2025-11-30 20:06:27 | DEBUG    |   Name #16: Player zone
2025-11-30 20:06:27 | DEBUG    |   Region near center, might be player
2025-11-30 20:06:27 | INFO     | → Valid targets: 7
2025-11-30 20:06:27 | INFO     | 
  Verifying #1...
2025-11-30 20:06:27 | DEBUG    |     Clicking (219, 812)
2025-11-30 20:06:28 | DEBUG    |     Nameplate read in 1 attempts
2025-11-30 20:06:28 | INFO     |     ✓ Elite | HP: 69%
2025-11-30 20:06:28 | INFO     | 
  Verifying #2...
2025-11-30 20:06:28 | DEBUG    |     Clicking (990, 407)
2025-11-30 20:06:28 | DEBUG    |     Nameplate read in 1 attempts
2025-11-30 20:06:28 | INFO     |     ✓ Elite | HP: 69%
2025-11-30 20:06:28 | INFO     | 
>>>>>>>>>>>>>>>>>>>>>>>>>>>>>>>>>>>>>>>>>>>>>>>>>>
2025-11-30 20:06:28 | INFO     | ENGAGING: Elite (HP: 69%)
2025-11-30 20:06:28 | INFO     | >>>>>>>>>>>>>>>>>>>>>>>>>>>>>>>>>>>>>>>>>>>>>>>>>>
2025-11-30 20:06:28 | INFO     |   Skill 1: 1
2025-11-30 20:06:29 | INFO     |   Skill 2: 2
2025-11-30 20:06:29 | INFO     |   Skill 3: 3
2025-11-30 20:06:30 | INFO     |   Skill 4: 4
2025-11-30 20:06:31 | INFO     | <<<<<<<<<<<<<<<<<<<<<<<<<<<<<<<<<<<<<<<<<<<<<<<<<<
2025-11-30 20:06:31 | INFO     | Total engagements: 18

2025-11-30 20:06:31 | INFO     | 
======================================================================
2025-11-30 20:06:31 | INFO     | CYCLE #26
2025-11-30 20:06:31 | INFO     | ======================================================================
2025-11-30 20:06:31 | INFO     | Detected: 15 floating names
2025-11-30 20:06:31 | INFO     |   ✓ Target #1 at (847, 806)
2025-11-30 20:06:31 | DEBUG    |   Name #2: Cached
2025-11-30 20:06:31 | INFO     |   ✓ Target #3 at (873, 733)
2025-11-30 20:06:31 | DEBUG    |   Region near center, might be player
2025-11-30 20:06:31 | DEBUG    |   Region near center, might be player
2025-11-30 20:06:31 | DEBUG    |   Name #6: Cached
2025-11-30 20:06:31 | DEBUG    |   Name #7: Player zone
2025-11-30 20:06:31 | DEBUG    |   Region near center, might be player
2025-11-30 20:06:31 | DEBUG    |   Name #9: Player zone
2025-11-30 20:06:31 | DEBUG    |   Name #10: Player zone
2025-11-30 20:06:31 | INFO     |   ✓ Target #11 at (1016, 288)
2025-11-30 20:06:31 | DEBUG    |   Name #12: Cached
2025-11-30 20:06:31 | INFO     |   ✓ Target #13 at (1529, 722)
2025-11-30 20:06:31 | DEBUG    |   Name #14: Cached
2025-11-30 20:06:31 | DEBUG    |   Name #15: Cached
2025-11-30 20:06:31 | INFO     | → Valid targets: 4
2025-11-30 20:06:31 | INFO     | 
  Verifying #1...
2025-11-30 20:06:31 | DEBUG    |     Clicking (847, 837)
2025-11-30 20:06:32 | DEBUG    |     Nameplate read in 1 attempts
2025-11-30 20:06:32 | INFO     |     ✓ Elite | HP: 69%
2025-11-30 20:06:32 | INFO     | 
  Verifying #2...
2025-11-30 20:06:32 | DEBUG    |     Clicking (873, 764)
2025-11-30 20:06:32 | DEBUG    |     Nameplate read in 1 attempts
2025-11-30 20:06:32 | INFO     |     ✓ Elite | HP: 69%
2025-11-30 20:06:32 | INFO     | 
>>>>>>>>>>>>>>>>>>>>>>>>>>>>>>>>>>>>>>>>>>>>>>>>>>
2025-11-30 20:06:32 | INFO     | ENGAGING: Elite (HP: 69%)
2025-11-30 20:06:32 | INFO     | >>>>>>>>>>>>>>>>>>>>>>>>>>>>>>>>>>>>>>>>>>>>>>>>>>
2025-11-30 20:06:32 | INFO     |   Skill 1: 1
2025-11-30 20:06:33 | INFO     |   Skill 2: 2
2025-11-30 20:06:33 | INFO     |   Skill 3: 3
2025-11-30 20:06:34 | INFO     |   Skill 4: 4
2025-11-30 20:06:35 | INFO     | <<<<<<<<<<<<<<<<<<<<<<<<<<<<<<<<<<<<<<<<<<<<<<<<<<
2025-11-30 20:06:35 | INFO     | Total engagements: 19

2025-11-30 20:06:35 | INFO     | 
======================================================================
2025-11-30 20:06:35 | INFO     | CYCLE #27
2025-11-30 20:06:35 | INFO     | ======================================================================
2025-11-30 20:06:35 | INFO     | Detected: 17 floating names
2025-11-30 20:06:35 | DEBUG    |   Name #1: Player zone
2025-11-30 20:06:35 | DEBUG    |   Name #2: Cached
2025-11-30 20:06:35 | DEBUG    |   Name #3: Player zone
2025-11-30 20:06:35 | DEBUG    |   Name #4: Player zone
2025-11-30 20:06:35 | DEBUG    |   Region near center, might be player
2025-11-30 20:06:35 | DEBUG    |   Region near center, might be player
2025-11-30 20:06:35 | DEBUG    |   Region near center, might be player
2025-11-30 20:06:35 | DEBUG    |   Name #8: Cached
2025-11-30 20:06:35 | DEBUG    |   Region near center, might be player
2025-11-30 20:06:35 | INFO     |   ✓ Target #10 at (954, 365)
2025-11-30 20:06:35 | INFO     |   ✓ Target #11 at (975, 239)
2025-11-30 20:06:35 | INFO     |   ✓ Target #12 at (868, 230)
2025-11-30 20:06:35 | INFO     |   ✓ Target #13 at (817, 231)
2025-11-30 20:06:35 | DEBUG    |   Name #14: Player zone
2025-11-30 20:06:35 | INFO     |   ✓ Target #15 at (1855, 211)
2025-11-30 20:06:35 | INFO     |   ✓ Target #16 at (471, 826)
2025-11-30 20:06:35 | DEBUG    |   Name #17: Cached
2025-11-30 20:06:35 | INFO     | → Valid targets: 6
2025-11-30 20:06:35 | INFO     | 
  Verifying #1...
2025-11-30 20:06:35 | DEBUG    |     Clicking (954, 396)
2025-11-30 20:06:36 | DEBUG    |     Nameplate read in 1 attempts
2025-11-30 20:06:36 | INFO     |     ✓ Elite | HP: 69%
2025-11-30 20:06:36 | INFO     | 
  Verifying #2...
2025-11-30 20:06:36 | DEBUG    |     Clicking (975, 270)
2025-11-30 20:06:36 | DEBUG    |     Nameplate read in 1 attempts
2025-11-30 20:06:36 | INFO     |     ✓ Elite | HP: 69%
2025-11-30 20:06:36 | INFO     | 
>>>>>>>>>>>>>>>>>>>>>>>>>>>>>>>>>>>>>>>>>>>>>>>>>>
2025-11-30 20:06:36 | INFO     | ENGAGING: Elite (HP: 69%)
2025-11-30 20:06:36 | INFO     | >>>>>>>>>>>>>>>>>>>>>>>>>>>>>>>>>>>>>>>>>>>>>>>>>>
2025-11-30 20:06:36 | INFO     |   Skill 1: 1
2025-11-30 20:06:37 | INFO     |   Skill 2: 2
2025-11-30 20:06:37 | INFO     |   Skill 3: 3
2025-11-30 20:06:38 | INFO     |   Skill 4: 4
2025-11-30 20:06:39 | INFO     | <<<<<<<<<<<<<<<<<<<<<<<<<<<<<<<<<<<<<<<<<<<<<<<<<<
2025-11-30 20:06:39 | INFO     | Total engagements: 20

2025-11-30 20:06:39 | INFO     | 
======================================================================
2025-11-30 20:06:39 | INFO     | CYCLE #28
2025-11-30 20:06:39 | INFO     | ======================================================================
2025-11-30 20:06:39 | INFO     | Detected: 9 floating names
2025-11-30 20:06:39 | DEBUG    |   Region near center, might be player
2025-11-30 20:06:39 | DEBUG    |   Region near center, might be player
2025-11-30 20:06:39 | DEBUG    |   Region near center, might be player
2025-11-30 20:06:39 | DEBUG    |   Region near center, might be player
2025-11-30 20:06:39 | INFO     |   ✓ Target #5 at (1613, 379)
2025-11-30 20:06:39 | INFO     |   ✓ Target #6 at (1562, 380)
2025-11-30 20:06:39 | INFO     |   ✓ Target #7 at (1855, 211)
2025-11-30 20:06:39 | DEBUG    |   Name #8: Cached
2025-11-30 20:06:39 | DEBUG    |   Region near center, might be player
2025-11-30 20:06:39 | INFO     | → Valid targets: 3
2025-11-30 20:06:39 | INFO     | 
  Verifying #1...
2025-11-30 20:06:39 | DEBUG    |     Clicking (1613, 409)
2025-11-30 20:06:40 | DEBUG    |     Nameplate read in 1 attempts
2025-11-30 20:06:40 | INFO     |     ✓ Elite | HP: 69%
2025-11-30 20:06:40 | INFO     | 
  Verifying #2...
2025-11-30 20:06:40 | DEBUG    |     Clicking (1562, 411)
2025-11-30 20:06:40 | DEBUG    |     Nameplate read in 1 attempts
2025-11-30 20:06:40 | INFO     |     ✓ Elite | HP: 69%
2025-11-30 20:06:40 | INFO     | 
>>>>>>>>>>>>>>>>>>>>>>>>>>>>>>>>>>>>>>>>>>>>>>>>>>
2025-11-30 20:06:40 | INFO     | ENGAGING: Elite (HP: 69%)
2025-11-30 20:06:40 | INFO     | >>>>>>>>>>>>>>>>>>>>>>>>>>>>>>>>>>>>>>>>>>>>>>>>>>
2025-11-30 20:06:40 | INFO     |   Skill 1: 1
2025-11-30 20:06:41 | INFO     |   Skill 2: 2
2025-11-30 20:06:41 | INFO     | 

⛔ Bot stopped by user
2025-11-30 20:06:41 | INFO     | 
======================================================================
2025-11-30 20:06:41 | INFO     | FINAL STATISTICS
2025-11-30 20:06:41 | INFO     | ======================================================================
2025-11-30 20:06:41 | INFO     | Total Cycles: 28
2025-11-30 20:06:41 | INFO     | Total Clicks: 50
2025-11-30 20:06:41 | INFO     | Total Engagements: 20
2025-11-30 20:06:41 | INFO     | Uptime: 89s (1m 29s)
2025-11-30 20:06:41 | INFO     | Cache Hit Rate: 19.8%
2025-11-30 20:06:41 | INFO     | Avg Cycle Time: 3.18s
2025-11-30 20:06:41 | INFO     | ======================================================================
