2025-12-04 18:05:39 | INFO     | ======================================================================
2025-12-04 18:05:39 | INFO     | MOB HUNTER v3.0 - CENTER-OUT + BINARY HEALTH
2025-12-04 18:05:39 | INFO     | ======================================================================
2025-12-04 18:05:39 | INFO     | Log directory: logs/session_20251204_180539
2025-12-04 18:05:39 | INFO     | Screen: 1920x1080
2025-12-04 18:05:39 | INFO     | Strategy: Attack closest to center first
2025-12-04 18:05:39 | INFO     | Health: Binary (ALIVE/DEAD) detection
2025-12-04 18:05:39 | INFO     | Pet Filter: Via nameplate class detection
2025-12-04 18:05:39 | INFO     | ======================================================================
2025-12-04 18:05:39 | INFO     | 
🚀 Bot started! Press Ctrl+C to stop.

2025-12-04 18:05:39 | INFO     | 💡 Controls: CapsLock = Pause/Resume | O = Toggle Overlay

2025-12-04 18:05:39 | INFO     | ⌨️  Global keyboard listener active (works in any window)

2025-12-04 18:05:39 | INFO     | 🖥️  Click-through overlay starting...
2025-12-04 18:05:39 | INFO     | 
Running INITIAL buffer sequence...
2025-12-04 18:05:39 | INFO     | 
============================================================
2025-12-04 18:05:39 | INFO     | RUNNING BUFFER SEQUENCE
2025-12-04 18:05:39 | INFO     | ============================================================
2025-12-04 18:05:39 | INFO     |   [1/6] Pressing: F2
2025-12-04 18:05:39 | INFO     |   [2/6] Pressing: 1
2025-12-04 18:05:39 | INFO     |   [3/6] Pressing: 2
2025-12-04 18:05:39 | INFO     |       Waiting 1.0s...
2025-12-04 18:05:39 | INFO     | ✅ Overlay is now CLICK-THROUGH and transparent
2025-12-04 18:05:40 | INFO     |   [4/6] Pressing: 3
2025-12-04 18:05:40 | INFO     |       Waiting 1.0s...
2025-12-04 18:05:41 | INFO     |   [5/6] Pressing: 4
2025-12-04 18:05:41 | INFO     |       Waiting 1.0s...
2025-12-04 18:05:42 | INFO     |   [6/6] Pressing: F1
2025-12-04 18:05:43 | INFO     | ============================================================
2025-12-04 18:05:43 | INFO     | Buffer sequence complete (Total: 1)
2025-12-04 18:05:43 | INFO     | Next buffer in 120s (2m)
2025-12-04 18:05:43 | INFO     | ============================================================

2025-12-04 18:05:43 | INFO     | 
======================================================================
2025-12-04 18:05:43 | INFO     | CYCLE #1
2025-12-04 18:05:43 | INFO     | ======================================================================
2025-12-04 18:05:43 | DEBUG    | Death detection: Gold=2381, Dark=67674, Brown=1475, White=608
2025-12-04 18:05:43 | WARNING  | 💀 DEATH DETECTED - Player is dead!
2025-12-04 18:05:43 | WARNING  |    Indicators: Gold=True, Dark=True, Brown=False, Text=True
2025-12-04 18:05:43 | WARNING  | ⚠️  Player is dead - pausing hunting
2025-12-04 18:05:43 | INFO     | 
======================================================================
2025-12-04 18:05:43 | INFO     | 💀 DEATH HANDLER ACTIVATED
2025-12-04 18:05:43 | INFO     | ======================================================================
2025-12-04 18:05:43 | INFO     | Death #1
2025-12-04 18:05:43 | INFO     | Waiting 2.0s before reviving...
2025-12-04 18:05:45 | INFO     | Pressing F4 (open revive menu)...
2025-12-04 18:05:45 | INFO     | Pressing 0 (resurrect at specified point)...
2025-12-04 18:05:45 | INFO     | Waiting for respawn (3s)...
2025-12-04 18:05:48 | INFO     | ✅ Revive sequence completed!
2025-12-04 18:05:48 | INFO     | ======================================================================

2025-12-04 18:05:48 | INFO     | 🔄 Running buffer sequence after revive...
2025-12-04 18:05:48 | INFO     | 
============================================================
2025-12-04 18:05:48 | INFO     | RUNNING BUFFER SEQUENCE
2025-12-04 18:05:48 | INFO     | ============================================================
2025-12-04 18:05:48 | INFO     |   [1/6] Pressing: F2
2025-12-04 18:05:49 | INFO     |   [2/6] Pressing: 1
2025-12-04 18:05:49 | INFO     |   [3/6] Pressing: 2
2025-12-04 18:05:49 | INFO     |       Waiting 1.0s...
2025-12-04 18:05:50 | INFO     |   [4/6] Pressing: 3
2025-12-04 18:05:50 | INFO     |       Waiting 1.0s...
2025-12-04 18:05:51 | INFO     |   [5/6] Pressing: 4
2025-12-04 18:05:51 | INFO     |       Waiting 1.0s...
2025-12-04 18:05:52 | INFO     |   [6/6] Pressing: F1
2025-12-04 18:05:52 | INFO     | ============================================================
2025-12-04 18:05:52 | INFO     | Buffer sequence complete (Total: 2)
2025-12-04 18:05:52 | INFO     | Next buffer in 120s (2m)
2025-12-04 18:05:52 | INFO     | ============================================================

2025-12-04 18:05:52 | INFO     | ✅ Ready to resume hunting!
2025-12-04 18:05:53 | INFO     | 
======================================================================
2025-12-04 18:05:53 | INFO     | CYCLE #2
2025-12-04 18:05:53 | INFO     | ======================================================================
2025-12-04 18:05:53 | DEBUG    | Death detection: Gold=428, Dark=57399, Brown=643, White=835
2025-12-04 18:05:53 | WARNING  | 💀 DEATH DETECTED - Player is dead!
2025-12-04 18:05:53 | WARNING  |    Indicators: Gold=False, Dark=True, Brown=False, Text=True
2025-12-04 18:05:53 | WARNING  | ⚠️  Player is dead - pausing hunting
2025-12-04 18:05:53 | INFO     | 
======================================================================
2025-12-04 18:05:53 | INFO     | 💀 DEATH HANDLER ACTIVATED
2025-12-04 18:05:53 | INFO     | ======================================================================
2025-12-04 18:05:53 | INFO     | Death #2
2025-12-04 18:05:53 | INFO     | Waiting 2.0s before reviving...
2025-12-04 18:05:55 | INFO     | Pressing F4 (open revive menu)...
2025-12-04 18:05:55 | INFO     | Pressing 0 (resurrect at specified point)...
2025-12-04 18:05:55 | INFO     | Waiting for respawn (3s)...
2025-12-04 18:05:58 | INFO     | ✅ Revive sequence completed!
2025-12-04 18:05:58 | INFO     | ======================================================================

2025-12-04 18:05:59 | INFO     | 🔄 Running buffer sequence after revive...
2025-12-04 18:05:59 | INFO     | 
============================================================
2025-12-04 18:05:59 | INFO     | RUNNING BUFFER SEQUENCE
2025-12-04 18:05:59 | INFO     | ============================================================
2025-12-04 18:05:59 | INFO     |   [1/6] Pressing: F2
2025-12-04 18:05:59 | INFO     |   [2/6] Pressing: 1
2025-12-04 18:05:59 | INFO     |   [3/6] Pressing: 2
2025-12-04 18:05:59 | INFO     |       Waiting 1.0s...
2025-12-04 18:06:00 | INFO     |   [4/6] Pressing: 3
2025-12-04 18:06:00 | INFO     |       Waiting 1.0s...
2025-12-04 18:06:01 | INFO     |   [5/6] Pressing: 4
2025-12-04 18:06:01 | INFO     |       Waiting 1.0s...
2025-12-04 18:06:02 | INFO     |   [6/6] Pressing: F1
2025-12-04 18:06:02 | INFO     | ============================================================
2025-12-04 18:06:02 | INFO     | Buffer sequence complete (Total: 3)
2025-12-04 18:06:02 | INFO     | Next buffer in 120s (2m)
2025-12-04 18:06:02 | INFO     | ============================================================

2025-12-04 18:06:02 | INFO     | ✅ Ready to resume hunting!
2025-12-04 18:06:03 | INFO     | 
======================================================================
2025-12-04 18:06:03 | INFO     | CYCLE #3
2025-12-04 18:06:03 | INFO     | ======================================================================
2025-12-04 18:06:03 | DEBUG    | Death detection: Gold=333, Dark=52975, Brown=214, White=756
2025-12-04 18:06:03 | WARNING  | 💀 DEATH DETECTED - Player is dead!
2025-12-04 18:06:03 | WARNING  |    Indicators: Gold=False, Dark=True, Brown=False, Text=True
2025-12-04 18:06:03 | WARNING  | ⚠️  Player is dead - pausing hunting
2025-12-04 18:06:03 | INFO     | 
======================================================================
2025-12-04 18:06:03 | INFO     | 💀 DEATH HANDLER ACTIVATED
2025-12-04 18:06:03 | INFO     | ======================================================================
2025-12-04 18:06:03 | INFO     | Death #3
2025-12-04 18:06:03 | INFO     | Waiting 2.0s before reviving...
2025-12-04 18:06:05 | INFO     | Pressing F4 (open revive menu)...
2025-12-04 18:06:05 | INFO     | Pressing 0 (resurrect at specified point)...
2025-12-04 18:06:06 | INFO     | Waiting for respawn (3s)...
2025-12-04 18:06:09 | INFO     | ✅ Revive sequence completed!
2025-12-04 18:06:09 | INFO     | ======================================================================

2025-12-04 18:06:09 | INFO     | 🔄 Running buffer sequence after revive...
2025-12-04 18:06:09 | INFO     | 
============================================================
2025-12-04 18:06:09 | INFO     | RUNNING BUFFER SEQUENCE
2025-12-04 18:06:09 | INFO     | ============================================================
2025-12-04 18:06:09 | INFO     |   [1/6] Pressing: F2
2025-12-04 18:06:09 | INFO     |   [2/6] Pressing: 1
2025-12-04 18:06:09 | INFO     |   [3/6] Pressing: 2
2025-12-04 18:06:09 | INFO     |       Waiting 1.0s...
2025-12-04 18:06:10 | INFO     |   [4/6] Pressing: 3
2025-12-04 18:06:10 | INFO     |       Waiting 1.0s...
2025-12-04 18:06:11 | INFO     |   [5/6] Pressing: 4
2025-12-04 18:06:11 | INFO     |       Waiting 1.0s...
2025-12-04 18:06:12 | INFO     |   [6/6] Pressing: F1
2025-12-04 18:06:13 | INFO     | ============================================================
2025-12-04 18:06:13 | INFO     | Buffer sequence complete (Total: 4)
2025-12-04 18:06:13 | INFO     | Next buffer in 120s (2m)
2025-12-04 18:06:13 | INFO     | ============================================================

2025-12-04 18:06:13 | INFO     | ✅ Ready to resume hunting!
2025-12-04 18:06:13 | INFO     | 
======================================================================
2025-12-04 18:06:13 | INFO     | CYCLE #4
2025-12-04 18:06:13 | INFO     | ======================================================================
2025-12-04 18:06:13 | DEBUG    | Death detection: Gold=2382, Dark=57634, Brown=1745, White=716
2025-12-04 18:06:13 | WARNING  | 💀 DEATH DETECTED - Player is dead!
2025-12-04 18:06:13 | WARNING  |    Indicators: Gold=True, Dark=True, Brown=False, Text=True
2025-12-04 18:06:13 | WARNING  | ⚠️  Player is dead - pausing hunting
2025-12-04 18:06:13 | INFO     | 
======================================================================
2025-12-04 18:06:13 | INFO     | 💀 DEATH HANDLER ACTIVATED
2025-12-04 18:06:13 | INFO     | ======================================================================
2025-12-04 18:06:13 | INFO     | Death #4
2025-12-04 18:06:13 | INFO     | Waiting 2.0s before reviving...
2025-12-04 18:06:15 | INFO     | Pressing F4 (open revive menu)...
2025-12-04 18:06:16 | INFO     | Pressing 0 (resurrect at specified point)...
2025-12-04 18:06:16 | INFO     | Waiting for respawn (3s)...
2025-12-04 18:06:19 | INFO     | ✅ Revive sequence completed!
2025-12-04 18:06:19 | INFO     | ======================================================================

2025-12-04 18:06:19 | INFO     | 🔄 Running buffer sequence after revive...
2025-12-04 18:06:19 | INFO     | 
============================================================
2025-12-04 18:06:19 | INFO     | RUNNING BUFFER SEQUENCE
2025-12-04 18:06:19 | INFO     | ============================================================
2025-12-04 18:06:19 | INFO     |   [1/6] Pressing: F2
2025-12-04 18:06:19 | INFO     |   [2/6] Pressing: 1
2025-12-04 18:06:19 | INFO     |   [3/6] Pressing: 2
2025-12-04 18:06:19 | INFO     |       Waiting 1.0s...
2025-12-04 18:06:20 | INFO     |   [4/6] Pressing: 3
2025-12-04 18:06:20 | INFO     |       Waiting 1.0s...
2025-12-04 18:06:21 | INFO     |   [5/6] Pressing: 4
2025-12-04 18:06:21 | INFO     |       Waiting 1.0s...
2025-12-04 18:06:22 | INFO     |   [6/6] Pressing: F1
2025-12-04 18:06:23 | INFO     | ============================================================
2025-12-04 18:06:23 | INFO     | Buffer sequence complete (Total: 5)
2025-12-04 18:06:23 | INFO     | Next buffer in 120s (2m)
2025-12-04 18:06:23 | INFO     | ============================================================

2025-12-04 18:06:23 | INFO     | ✅ Ready to resume hunting!
2025-12-04 18:06:23 | INFO     | 
======================================================================
2025-12-04 18:06:23 | INFO     | CYCLE #5
2025-12-04 18:06:23 | INFO     | ======================================================================
2025-12-04 18:06:23 | DEBUG    | Death detection: Gold=428, Dark=68847, Brown=21, White=807
2025-12-04 18:06:23 | WARNING  | 💀 DEATH DETECTED - Player is dead!
2025-12-04 18:06:23 | WARNING  |    Indicators: Gold=False, Dark=True, Brown=False, Text=True
2025-12-04 18:06:23 | WARNING  | ⚠️  Player is dead - pausing hunting
2025-12-04 18:06:23 | INFO     | 
======================================================================
2025-12-04 18:06:23 | INFO     | 💀 DEATH HANDLER ACTIVATED
2025-12-04 18:06:23 | INFO     | ======================================================================
2025-12-04 18:06:23 | INFO     | Death #5
2025-12-04 18:06:23 | INFO     | Waiting 2.0s before reviving...
2025-12-04 18:06:25 | INFO     | Pressing F4 (open revive menu)...
2025-12-04 18:06:26 | INFO     | Pressing 0 (resurrect at specified point)...
2025-12-04 18:06:26 | INFO     | Waiting for respawn (3s)...
2025-12-04 18:06:29 | INFO     | ✅ Revive sequence completed!
2025-12-04 18:06:29 | INFO     | ======================================================================

2025-12-04 18:06:29 | INFO     | 🔄 Running buffer sequence after revive...
2025-12-04 18:06:29 | INFO     | 
============================================================
2025-12-04 18:06:29 | INFO     | RUNNING BUFFER SEQUENCE
2025-12-04 18:06:29 | INFO     | ============================================================
2025-12-04 18:06:29 | INFO     |   [1/6] Pressing: F2
2025-12-04 18:06:29 | INFO     |   [2/6] Pressing: 1
2025-12-04 18:06:29 | INFO     |   [3/6] Pressing: 2
2025-12-04 18:06:29 | INFO     |       Waiting 1.0s...
2025-12-04 18:06:30 | INFO     |   [4/6] Pressing: 3
2025-12-04 18:06:30 | INFO     |       Waiting 1.0s...
2025-12-04 18:06:31 | INFO     |   [5/6] Pressing: 4
2025-12-04 18:06:31 | INFO     |       Waiting 1.0s...
2025-12-04 18:06:32 | INFO     |   [6/6] Pressing: F1
2025-12-04 18:06:33 | INFO     | ============================================================
2025-12-04 18:06:33 | INFO     | Buffer sequence complete (Total: 6)
2025-12-04 18:06:33 | INFO     | Next buffer in 120s (2m)
2025-12-04 18:06:33 | INFO     | ============================================================

2025-12-04 18:06:33 | INFO     | ✅ Ready to resume hunting!
2025-12-04 18:06:33 | INFO     | 
======================================================================
2025-12-04 18:06:33 | INFO     | CYCLE #6
2025-12-04 18:06:33 | INFO     | ======================================================================
2025-12-04 18:06:33 | DEBUG    | Death detection: Gold=366, Dark=69616, Brown=0, White=2298
2025-12-04 18:06:33 | WARNING  | 💀 DEATH DETECTED - Player is dead!
2025-12-04 18:06:33 | WARNING  |    Indicators: Gold=False, Dark=True, Brown=False, Text=True
2025-12-04 18:06:33 | WARNING  | ⚠️  Player is dead - pausing hunting
2025-12-04 18:06:33 | INFO     | 
======================================================================
2025-12-04 18:06:33 | INFO     | 💀 DEATH HANDLER ACTIVATED
2025-12-04 18:06:33 | INFO     | ======================================================================
2025-12-04 18:06:33 | INFO     | Death #6
2025-12-04 18:06:33 | INFO     | Waiting 2.0s before reviving...
2025-12-04 18:06:34 | INFO     | 

⛔ Bot stopped by user
2025-12-04 18:06:34 | INFO     | 
======================================================================
2025-12-04 18:06:34 | INFO     | FINAL STATISTICS
2025-12-04 18:06:34 | INFO     | ======================================================================
2025-12-04 18:06:34 | INFO     | Total Cycles: 6
2025-12-04 18:06:34 | INFO     | Total Clicks: 0
2025-12-04 18:06:34 | INFO     | Verified Mobs: 0
2025-12-04 18:06:34 | INFO     | Filtered Pets: 0
2025-12-04 18:06:34 | INFO     | Total Kills: 0
2025-12-04 18:06:34 | INFO     | Deaths: 6
2025-12-04 18:06:34 | INFO     | Buffer Sequences: 6
2025-12-04 18:06:34 | INFO     | Early Stops: 0 (stopped rotation early due to death)
2025-12-04 18:06:34 | INFO     | Skills Used: 0
2025-12-04 18:06:34 | INFO     | N/A
2025-12-04 18:06:34 | INFO     | Uptime: 55s (0m 55s)
2025-12-04 18:06:34 | INFO     | Cache Hit Rate: 0.0%
2025-12-04 18:06:34 | INFO     | ======================================================================
