2025-11-30 20:21:33 | INFO     | ======================================================================
2025-11-30 20:21:33 | INFO     | MOB HUNTER v3.0 - CLICK-THROUGH OVERLAY
2025-11-30 20:21:33 | INFO     | ======================================================================
2025-11-30 20:21:33 | INFO     | Log directory: logs/session_20251130_202133
2025-11-30 20:21:33 | INFO     | Screen: 1920x1080
2025-11-30 20:21:33 | INFO     | Overlay: ENABLED
2025-11-30 20:21:33 | INFO     | ======================================================================
2025-11-30 20:21:33 | INFO     | 
ðŸš€ Bot started! Press Ctrl+C to stop.

2025-11-30 20:21:33 | INFO     | ðŸ–¥ï¸  Click-through overlay started
2025-11-30 20:21:33 | INFO     | 
======================================================================
2025-11-30 20:21:33 | INFO     | CYCLE #1
2025-11-30 20:21:33 | INFO     | ======================================================================
2025-11-30 20:21:33 | INFO     | Detected: 10 floating names
2025-11-30 20:21:33 | INFO     |   âœ“ Target #1 at (409, 706)
2025-11-30 20:21:33 | INFO     |   âœ“ Target #2 at (1602, 690)
2025-11-30 20:21:33 | DEBUG    |   Name #3: Player zone
2025-11-30 20:21:33 | DEBUG    |   Name #4: Cached
2025-11-30 20:21:33 | DEBUG    |   Region near center, might be player
2025-11-30 20:21:33 | DEBUG    |   Name #6: Cached
2025-11-30 20:21:33 | DEBUG    |   Name #7: Player zone
2025-11-30 20:21:33 | INFO     |   âœ“ Target #8 at (1171, 317)
2025-11-30 20:21:33 | INFO     |   âœ“ Target #9 at (877, 297)
2025-11-30 20:21:33 | INFO     |   âœ“ Target #10 at (841, 297)
2025-11-30 20:21:33 | INFO     | â†’ Valid targets: 5
2025-11-30 20:21:33 | INFO     | 
  Verifying #1...
2025-11-30 20:21:33 | DEBUG    |     Clicking (409, 737)
2025-11-30 20:21:34 | DEBUG    |     Nameplate read in 1 attempts
2025-11-30 20:21:34 | INFO     |     âœ“ Elite | HP: 69%
2025-11-30 20:21:34 | INFO     | 
  Verifying #2...
2025-11-30 20:21:34 | DEBUG    |     Clicking (1602, 721)
2025-11-30 20:21:34 | INFO     | âœ… Overlay is now click-through and transparent
2025-11-30 20:21:34 | DEBUG    |     Nameplate read in 1 attempts
2025-11-30 20:21:34 | INFO     |     âœ“ Unique | HP: 69%
2025-11-30 20:21:34 | INFO     | 
>>>>>>>>>>>>>>>>>>>>>>>>>>>>>>>>>>>>>>>>>>>>>>>>>>
2025-11-30 20:21:34 | INFO     | ENGAGING: Unique (HP: 69%)
2025-11-30 20:21:34 | INFO     | >>>>>>>>>>>>>>>>>>>>>>>>>>>>>>>>>>>>>>>>>>>>>>>>>>
2025-11-30 20:21:34 | INFO     |   Skill 1: 1
2025-11-30 20:21:35 | INFO     |   Skill 2: 2
2025-11-30 20:21:35 | INFO     |   Skill 3: 3
2025-11-30 20:21:36 | INFO     |   Skill 4: 4
2025-11-30 20:21:37 | INFO     | <<<<<<<<<<<<<<<<<<<<<<<<<<<<<<<<<<<<<<<<<<<<<<<<<<
2025-11-30 20:21:37 | INFO     | Total engagements: 1

2025-11-30 20:21:37 | INFO     | 
======================================================================
2025-11-30 20:21:37 | INFO     | CYCLE #2
2025-11-30 20:21:37 | INFO     | ======================================================================
2025-11-30 20:21:37 | INFO     | Detected: 0 floating names
2025-11-30 20:21:38 | INFO     | 
======================================================================
2025-11-30 20:21:38 | INFO     | CYCLE #3
2025-11-30 20:21:38 | INFO     | ======================================================================
2025-11-30 20:21:38 | INFO     | Detected: 0 floating names
2025-11-30 20:21:38 | INFO     | 
======================================================================
2025-11-30 20:21:38 | INFO     | CYCLE #4
2025-11-30 20:21:38 | INFO     | ======================================================================
2025-11-30 20:21:38 | INFO     | Detected: 0 floating names
2025-11-30 20:21:38 | INFO     | 
======================================================================
2025-11-30 20:21:38 | INFO     | CYCLE #5
2025-11-30 20:21:38 | INFO     | ======================================================================
2025-11-30 20:21:38 | INFO     | Detected: 0 floating names
2025-11-30 20:21:39 | INFO     | 
======================================================================
2025-11-30 20:21:39 | INFO     | CYCLE #6
2025-11-30 20:21:39 | INFO     | ======================================================================
2025-11-30 20:21:39 | INFO     | Detected: 0 floating names
2025-11-30 20:21:39 | INFO     | 
======================================================================
2025-11-30 20:21:39 | INFO     | CYCLE #7
2025-11-30 20:21:39 | INFO     | ======================================================================
2025-11-30 20:21:39 | INFO     | Detected: 0 floating names
2025-11-30 20:21:40 | INFO     | 
======================================================================
2025-11-30 20:21:40 | INFO     | CYCLE #8
2025-11-30 20:21:40 | INFO     | ======================================================================
2025-11-30 20:21:40 | INFO     | Detected: 0 floating names
2025-11-30 20:21:40 | INFO     | 
======================================================================
2025-11-30 20:21:40 | INFO     | CYCLE #9
2025-11-30 20:21:40 | INFO     | ======================================================================
2025-11-30 20:21:40 | INFO     | Detected: 0 floating names
2025-11-30 20:21:41 | INFO     | 
======================================================================
2025-11-30 20:21:41 | INFO     | CYCLE #10
2025-11-30 20:21:41 | INFO     | ======================================================================
2025-11-30 20:21:41 | INFO     | Detected: 0 floating names
2025-11-30 20:21:41 | INFO     | 
======================================================================
2025-11-30 20:21:41 | INFO     | CYCLE #11
2025-11-30 20:21:41 | INFO     | ======================================================================
2025-11-30 20:21:41 | INFO     | Detected: 0 floating names
2025-11-30 20:21:42 | INFO     | 
======================================================================
2025-11-30 20:21:42 | INFO     | CYCLE #12
2025-11-30 20:21:42 | INFO     | ======================================================================
2025-11-30 20:21:42 | INFO     | Detected: 0 floating names
2025-11-30 20:21:42 | INFO     | 
======================================================================
2025-11-30 20:21:42 | INFO     | CYCLE #13
2025-11-30 20:21:42 | INFO     | ======================================================================
2025-11-30 20:21:42 | INFO     | Detected: 0 floating names
2025-11-30 20:21:42 | INFO     | 
======================================================================
2025-11-30 20:21:42 | INFO     | CYCLE #14
2025-11-30 20:21:42 | INFO     | ======================================================================
2025-11-30 20:21:42 | INFO     | Detected: 0 floating names
2025-11-30 20:21:43 | INFO     | 
======================================================================
2025-11-30 20:21:43 | INFO     | CYCLE #15
2025-11-30 20:21:43 | INFO     | ======================================================================
2025-11-30 20:21:43 | INFO     | Detected: 0 floating names
2025-11-30 20:21:43 | INFO     | 
======================================================================
2025-11-30 20:21:43 | INFO     | CYCLE #16
2025-11-30 20:21:43 | INFO     | ======================================================================
2025-11-30 20:21:43 | INFO     | Detected: 0 floating names
2025-11-30 20:21:44 | INFO     | 
======================================================================
2025-11-30 20:21:44 | INFO     | CYCLE #17
2025-11-30 20:21:44 | INFO     | ======================================================================
2025-11-30 20:21:44 | INFO     | Detected: 0 floating names
2025-11-30 20:21:44 | INFO     | 
======================================================================
2025-11-30 20:21:44 | INFO     | CYCLE #18
2025-11-30 20:21:44 | INFO     | ======================================================================
2025-11-30 20:21:44 | INFO     | Detected: 0 floating names
2025-11-30 20:21:45 | INFO     | 
======================================================================
2025-11-30 20:21:45 | INFO     | CYCLE #19
2025-11-30 20:21:45 | INFO     | ======================================================================
2025-11-30 20:21:45 | INFO     | Detected: 0 floating names
2025-11-30 20:21:45 | INFO     | 
======================================================================
2025-11-30 20:21:45 | INFO     | CYCLE #20
2025-11-30 20:21:45 | INFO     | ======================================================================
2025-11-30 20:21:45 | INFO     | Detected: 0 floating names
2025-11-30 20:21:45 | INFO     | 
======================================================================
2025-11-30 20:21:45 | INFO     | CYCLE #21
2025-11-30 20:21:45 | INFO     | ======================================================================
2025-11-30 20:21:46 | INFO     | Detected: 0 floating names
2025-11-30 20:21:46 | INFO     | 
======================================================================
2025-11-30 20:21:46 | INFO     | CYCLE #22
2025-11-30 20:21:46 | INFO     | ======================================================================
2025-11-30 20:21:46 | INFO     | Detected: 0 floating names
2025-11-30 20:21:46 | INFO     | 
======================================================================
2025-11-30 20:21:46 | INFO     | CYCLE #23
2025-11-30 20:21:46 | INFO     | ======================================================================
2025-11-30 20:21:46 | INFO     | Detected: 0 floating names
2025-11-30 20:21:47 | INFO     | 
======================================================================
2025-11-30 20:21:47 | INFO     | CYCLE #24
2025-11-30 20:21:47 | INFO     | ======================================================================
2025-11-30 20:21:47 | INFO     | Detected: 0 floating names
2025-11-30 20:21:47 | INFO     | 
======================================================================
2025-11-30 20:21:47 | INFO     | CYCLE #25
2025-11-30 20:21:47 | INFO     | ======================================================================
2025-11-30 20:21:47 | INFO     | Detected: 0 floating names
2025-11-30 20:21:48 | INFO     | 
======================================================================
2025-11-30 20:21:48 | INFO     | CYCLE #26
2025-11-30 20:21:48 | INFO     | ======================================================================
2025-11-30 20:21:48 | INFO     | Detected: 0 floating names
2025-11-30 20:21:48 | INFO     | 
======================================================================
2025-11-30 20:21:48 | INFO     | CYCLE #27
2025-11-30 20:21:48 | INFO     | ======================================================================
2025-11-30 20:21:48 | INFO     | Detected: 0 floating names
2025-11-30 20:21:49 | INFO     | 
======================================================================
2025-11-30 20:21:49 | INFO     | CYCLE #28
2025-11-30 20:21:49 | INFO     | ======================================================================
2025-11-30 20:21:49 | INFO     | Detected: 0 floating names
2025-11-30 20:21:49 | INFO     | 
======================================================================
2025-11-30 20:21:49 | INFO     | CYCLE #29
2025-11-30 20:21:49 | INFO     | ======================================================================
2025-11-30 20:21:49 | INFO     | Detected: 0 floating names
2025-11-30 20:21:49 | INFO     | 
======================================================================
2025-11-30 20:21:49 | INFO     | CYCLE #30
2025-11-30 20:21:49 | INFO     | ======================================================================
2025-11-30 20:21:49 | INFO     | Detected: 0 floating names
2025-11-30 20:21:50 | INFO     | 
======================================================================
2025-11-30 20:21:50 | INFO     | CYCLE #31
2025-11-30 20:21:50 | INFO     | ======================================================================
2025-11-30 20:21:50 | INFO     | Detected: 0 floating names
2025-11-30 20:21:50 | INFO     | 
======================================================================
2025-11-30 20:21:50 | INFO     | CYCLE #32
2025-11-30 20:21:50 | INFO     | ======================================================================
2025-11-30 20:21:50 | INFO     | Detected: 0 floating names
2025-11-30 20:21:51 | INFO     | 
======================================================================
2025-11-30 20:21:51 | INFO     | CYCLE #33
2025-11-30 20:21:51 | INFO     | ======================================================================
2025-11-30 20:21:51 | INFO     | Detected: 0 floating names
2025-11-30 20:21:51 | INFO     | 
======================================================================
2025-11-30 20:21:51 | INFO     | CYCLE #34
2025-11-30 20:21:51 | INFO     | ======================================================================
2025-11-30 20:21:51 | INFO     | Detected: 0 floating names
2025-11-30 20:21:52 | INFO     | 
======================================================================
2025-11-30 20:21:52 | INFO     | CYCLE #35
2025-11-30 20:21:52 | INFO     | ======================================================================
2025-11-30 20:21:52 | INFO     | Detected: 0 floating names
2025-11-30 20:21:52 | INFO     | 
======================================================================
2025-11-30 20:21:52 | INFO     | CYCLE #36
2025-11-30 20:21:52 | INFO     | ======================================================================
2025-11-30 20:21:52 | INFO     | Detected: 0 floating names
2025-11-30 20:21:52 | INFO     | 
======================================================================
2025-11-30 20:21:52 | INFO     | CYCLE #37
2025-11-30 20:21:52 | INFO     | ======================================================================
2025-11-30 20:21:53 | INFO     | Detected: 0 floating names
2025-11-30 20:21:53 | INFO     | 
======================================================================
2025-11-30 20:21:53 | INFO     | CYCLE #38
2025-11-30 20:21:53 | INFO     | ======================================================================
2025-11-30 20:21:53 | INFO     | Detected: 0 floating names
2025-11-30 20:21:53 | INFO     | 
======================================================================
2025-11-30 20:21:53 | INFO     | CYCLE #39
2025-11-30 20:21:53 | INFO     | ======================================================================
2025-11-30 20:21:53 | INFO     | Detected: 0 floating names
2025-11-30 20:21:54 | INFO     | 
======================================================================
2025-11-30 20:21:54 | INFO     | CYCLE #40
2025-11-30 20:21:54 | INFO     | ======================================================================
2025-11-30 20:21:54 | INFO     | Detected: 0 floating names
2025-11-30 20:21:54 | INFO     | 
======================================================================
2025-11-30 20:21:54 | INFO     | CYCLE #41
2025-11-30 20:21:54 | INFO     | ======================================================================
2025-11-30 20:21:54 | INFO     | Detected: 0 floating names
2025-11-30 20:21:55 | INFO     | 
======================================================================
2025-11-30 20:21:55 | INFO     | CYCLE #42
2025-11-30 20:21:55 | INFO     | ======================================================================
2025-11-30 20:21:55 | INFO     | Detected: 0 floating names
2025-11-30 20:21:55 | INFO     | 
======================================================================
2025-11-30 20:21:55 | INFO     | CYCLE #43
2025-11-30 20:21:55 | INFO     | ======================================================================
2025-11-30 20:21:55 | INFO     | Detected: 0 floating names
2025-11-30 20:21:56 | INFO     | 
======================================================================
2025-11-30 20:21:56 | INFO     | CYCLE #44
2025-11-30 20:21:56 | INFO     | ======================================================================
2025-11-30 20:21:56 | INFO     | Detected: 0 floating names
2025-11-30 20:21:56 | INFO     | 
======================================================================
2025-11-30 20:21:56 | INFO     | CYCLE #45
2025-11-30 20:21:56 | INFO     | ======================================================================
2025-11-30 20:21:56 | INFO     | Detected: 0 floating names
2025-11-30 20:21:56 | INFO     | 
======================================================================
2025-11-30 20:21:56 | INFO     | CYCLE #46
2025-11-30 20:21:56 | INFO     | ======================================================================
2025-11-30 20:21:56 | INFO     | Detected: 0 floating names
2025-11-30 20:21:57 | INFO     | 
======================================================================
2025-11-30 20:21:57 | INFO     | CYCLE #47
2025-11-30 20:21:57 | INFO     | ======================================================================
2025-11-30 20:21:57 | INFO     | Detected: 0 floating names
2025-11-30 20:21:57 | INFO     | 
======================================================================
2025-11-30 20:21:57 | INFO     | CYCLE #48
2025-11-30 20:21:57 | INFO     | ======================================================================
2025-11-30 20:21:57 | INFO     | Detected: 0 floating names
2025-11-30 20:21:58 | INFO     | 
======================================================================
2025-11-30 20:21:58 | INFO     | CYCLE #49
2025-11-30 20:21:58 | INFO     | ======================================================================
2025-11-30 20:21:58 | INFO     | Detected: 0 floating names
2025-11-30 20:21:58 | INFO     | 
======================================================================
2025-11-30 20:21:58 | INFO     | CYCLE #50
2025-11-30 20:21:58 | INFO     | ======================================================================
2025-11-30 20:21:58 | INFO     | Detected: 0 floating names
2025-11-30 20:21:59 | INFO     | 
======================================================================
2025-11-30 20:21:59 | INFO     | CYCLE #51
2025-11-30 20:21:59 | INFO     | ======================================================================
2025-11-30 20:21:59 | INFO     | Detected: 0 floating names
2025-11-30 20:21:59 | INFO     | 
======================================================================
2025-11-30 20:21:59 | INFO     | CYCLE #52
2025-11-30 20:21:59 | INFO     | ======================================================================
2025-11-30 20:21:59 | INFO     | Detected: 0 floating names
2025-11-30 20:21:59 | INFO     | 
======================================================================
2025-11-30 20:21:59 | INFO     | CYCLE #53
2025-11-30 20:21:59 | INFO     | ======================================================================
2025-11-30 20:21:59 | INFO     | Detected: 0 floating names
2025-11-30 20:22:00 | INFO     | 
======================================================================
2025-11-30 20:22:00 | INFO     | CYCLE #54
2025-11-30 20:22:00 | INFO     | ======================================================================
2025-11-30 20:22:00 | INFO     | Detected: 0 floating names
2025-11-30 20:22:00 | INFO     | 
======================================================================
2025-11-30 20:22:00 | INFO     | CYCLE #55
2025-11-30 20:22:00 | INFO     | ======================================================================
2025-11-30 20:22:00 | INFO     | Detected: 0 floating names
2025-11-30 20:22:01 | INFO     | 
======================================================================
2025-11-30 20:22:01 | INFO     | CYCLE #56
2025-11-30 20:22:01 | INFO     | ======================================================================
2025-11-30 20:22:01 | INFO     | Detected: 2 floating names
2025-11-30 20:22:01 | DEBUG    |   Name #1: Player zone
2025-11-30 20:22:01 | DEBUG    |   Region near center, might be player
2025-11-30 20:22:01 | INFO     | â†’ Valid targets: 0
2025-11-30 20:22:01 | INFO     | 
======================================================================
2025-11-30 20:22:01 | INFO     | CYCLE #57
2025-11-30 20:22:01 | INFO     | ======================================================================
2025-11-30 20:22:01 | INFO     | Detected: 2 floating names
2025-11-30 20:22:01 | DEBUG    |   Name #1: Cached
2025-11-30 20:22:01 | DEBUG    |   Name #2: Cached
2025-11-30 20:22:01 | INFO     | â†’ Valid targets: 0
2025-11-30 20:22:02 | INFO     | 
======================================================================
2025-11-30 20:22:02 | INFO     | CYCLE #58
2025-11-30 20:22:02 | INFO     | ======================================================================
2025-11-30 20:22:02 | INFO     | Detected: 0 floating names
2025-11-30 20:22:02 | INFO     | 
======================================================================
2025-11-30 20:22:02 | INFO     | CYCLE #59
2025-11-30 20:22:02 | INFO     | ======================================================================
2025-11-30 20:22:02 | INFO     | Detected: 0 floating names
2025-11-30 20:22:02 | INFO     | 
======================================================================
2025-11-30 20:22:02 | INFO     | CYCLE #60
2025-11-30 20:22:03 | INFO     | ======================================================================
2025-11-30 20:22:03 | INFO     | Detected: 0 floating names
2025-11-30 20:22:03 | INFO     | 
======================================================================
2025-11-30 20:22:03 | INFO     | CYCLE #61
2025-11-30 20:22:03 | INFO     | ======================================================================
2025-11-30 20:22:03 | INFO     | Detected: 0 floating names
2025-11-30 20:22:03 | INFO     | 
======================================================================
2025-11-30 20:22:03 | INFO     | CYCLE #62
2025-11-30 20:22:03 | INFO     | ======================================================================
2025-11-30 20:22:03 | INFO     | Detected: 0 floating names
2025-11-30 20:22:04 | INFO     | 
======================================================================
2025-11-30 20:22:04 | INFO     | CYCLE #63
2025-11-30 20:22:04 | INFO     | ======================================================================
2025-11-30 20:22:04 | INFO     | Detected: 0 floating names
2025-11-30 20:22:04 | INFO     | 
======================================================================
2025-11-30 20:22:04 | INFO     | CYCLE #64
2025-11-30 20:22:04 | INFO     | ======================================================================
2025-11-30 20:22:04 | INFO     | Detected: 0 floating names
2025-11-30 20:22:05 | INFO     | 
======================================================================
2025-11-30 20:22:05 | INFO     | CYCLE #65
2025-11-30 20:22:05 | INFO     | ======================================================================
2025-11-30 20:22:05 | INFO     | Detected: 0 floating names
2025-11-30 20:22:05 | INFO     | 
======================================================================
2025-11-30 20:22:05 | INFO     | CYCLE #66
2025-11-30 20:22:05 | INFO     | ======================================================================
2025-11-30 20:22:05 | INFO     | Detected: 0 floating names
2025-11-30 20:22:06 | INFO     | 
======================================================================
2025-11-30 20:22:06 | INFO     | CYCLE #67
2025-11-30 20:22:06 | INFO     | ======================================================================
2025-11-30 20:22:06 | INFO     | Detected: 0 floating names
2025-11-30 20:22:06 | INFO     | 
======================================================================
2025-11-30 20:22:06 | INFO     | CYCLE #68
2025-11-30 20:22:06 | INFO     | ======================================================================
2025-11-30 20:22:06 | INFO     | Detected: 0 floating names
2025-11-30 20:22:06 | INFO     | 
======================================================================
2025-11-30 20:22:06 | INFO     | CYCLE #69
2025-11-30 20:22:06 | INFO     | ======================================================================
2025-11-30 20:22:06 | INFO     | Detected: 0 floating names
2025-11-30 20:22:07 | INFO     | 
======================================================================
2025-11-30 20:22:07 | INFO     | CYCLE #70
2025-11-30 20:22:07 | INFO     | ======================================================================
2025-11-30 20:22:07 | INFO     | Detected: 0 floating names
2025-11-30 20:22:07 | INFO     | 
======================================================================
2025-11-30 20:22:07 | INFO     | CYCLE #71
2025-11-30 20:22:07 | INFO     | ======================================================================
2025-11-30 20:22:07 | INFO     | Detected: 0 floating names
2025-11-30 20:22:08 | INFO     | 
======================================================================
2025-11-30 20:22:08 | INFO     | CYCLE #72
2025-11-30 20:22:08 | INFO     | ======================================================================
2025-11-30 20:22:08 | INFO     | Detected: 0 floating names
2025-11-30 20:22:08 | INFO     | 
======================================================================
2025-11-30 20:22:08 | INFO     | CYCLE #73
2025-11-30 20:22:08 | INFO     | ======================================================================
2025-11-30 20:22:08 | INFO     | Detected: 0 floating names
2025-11-30 20:22:09 | INFO     | 
======================================================================
2025-11-30 20:22:09 | INFO     | CYCLE #74
2025-11-30 20:22:09 | INFO     | ======================================================================
2025-11-30 20:22:09 | INFO     | Detected: 0 floating names
2025-11-30 20:22:09 | INFO     | 
======================================================================
2025-11-30 20:22:09 | INFO     | CYCLE #75
2025-11-30 20:22:09 | INFO     | ======================================================================
2025-11-30 20:22:09 | INFO     | Detected: 0 floating names
2025-11-30 20:22:09 | INFO     | 

â›” Bot stopped by user
2025-11-30 20:22:09 | INFO     | 
======================================================================
2025-11-30 20:22:09 | INFO     | FINAL STATISTICS
2025-11-30 20:22:09 | INFO     | ======================================================================
2025-11-30 20:22:09 | INFO     | Total Cycles: 75
2025-11-30 20:22:09 | INFO     | Total Clicks: 2
2025-11-30 20:22:09 | INFO     | Total Engagements: 1
2025-11-30 20:22:09 | INFO     | Uptime: 36s (0m 36s)
2025-11-30 20:22:09 | INFO     | Cache Hit Rate: 28.6%
2025-11-30 20:22:09 | INFO     | Avg Cycle Time: 0.48s
2025-11-30 20:22:09 | INFO     | ======================================================================
