2025-12-02 19:57:48 | INFO     | ======================================================================
2025-12-02 19:57:48 | INFO     | MOB HUNTER v3.0 - CENTER-OUT + BINARY HEALTH
2025-12-02 19:57:48 | INFO     | ======================================================================
2025-12-02 19:57:48 | INFO     | Log directory: logs/session_20251202_195748
2025-12-02 19:57:48 | INFO     | Screen: 1920x1080
2025-12-02 19:57:48 | INFO     | Strategy: Attack closest to center first
2025-12-02 19:57:48 | INFO     | Health: Binary (ALIVE/DEAD) detection
2025-12-02 19:57:48 | INFO     | Pet Filter: Via nameplate class detection
2025-12-02 19:57:48 | INFO     | ======================================================================
2025-12-02 19:57:48 | INFO     | 
🚀 Bot started! Press Ctrl+C to stop.

2025-12-02 19:57:48 | INFO     | 💡 Controls: CapsLock = Pause/Resume

2025-12-02 19:57:48 | INFO     | 
======================================================================
2025-12-02 19:57:48 | INFO     | CYCLE #1
2025-12-02 19:57:48 | INFO     | ======================================================================
2025-12-02 19:57:48 | INFO     |   → After filtering: 0 valid detections
2025-12-02 19:57:48 | INFO     | Detected: 0 floating names
2025-12-02 19:57:48 | INFO     | → No floating names found
2025-12-02 19:57:48 | INFO     | 
======================================================================
2025-12-02 19:57:48 | INFO     | CYCLE #2
2025-12-02 19:57:48 | INFO     | ======================================================================
2025-12-02 19:57:48 | INFO     |   → After filtering: 0 valid detections
2025-12-02 19:57:48 | INFO     | Detected: 0 floating names
2025-12-02 19:57:48 | INFO     | → No floating names found
2025-12-02 19:57:49 | INFO     | 
======================================================================
2025-12-02 19:57:49 | INFO     | CYCLE #3
2025-12-02 19:57:49 | INFO     | ======================================================================
2025-12-02 19:57:49 | INFO     |   → After filtering: 0 valid detections
2025-12-02 19:57:49 | INFO     | Detected: 0 floating names
2025-12-02 19:57:49 | INFO     | → No floating names found
2025-12-02 19:57:49 | INFO     | 
======================================================================
2025-12-02 19:57:49 | INFO     | CYCLE #4
2025-12-02 19:57:49 | INFO     | ======================================================================
2025-12-02 19:57:49 | INFO     |   → After filtering: 0 valid detections
2025-12-02 19:57:49 | INFO     | Detected: 0 floating names
2025-12-02 19:57:49 | INFO     | → No floating names found
2025-12-02 19:57:49 | INFO     | 
======================================================================
2025-12-02 19:57:49 | INFO     | CYCLE #5
2025-12-02 19:57:49 | INFO     | ======================================================================
2025-12-02 19:57:49 | INFO     |   → After filtering: 0 valid detections
2025-12-02 19:57:49 | INFO     | Detected: 0 floating names
2025-12-02 19:57:49 | INFO     | → No floating names found
2025-12-02 19:57:50 | INFO     | 
======================================================================
2025-12-02 19:57:50 | INFO     | CYCLE #6
2025-12-02 19:57:50 | INFO     | ======================================================================
2025-12-02 19:57:50 | INFO     |   → After filtering: 0 valid detections
2025-12-02 19:57:50 | INFO     | Detected: 0 floating names
2025-12-02 19:57:50 | INFO     | → No floating names found
2025-12-02 19:57:50 | INFO     | 
======================================================================
2025-12-02 19:57:50 | INFO     | CYCLE #7
2025-12-02 19:57:50 | INFO     | ======================================================================
2025-12-02 19:57:50 | INFO     |   → After filtering: 0 valid detections
2025-12-02 19:57:50 | INFO     | Detected: 0 floating names
2025-12-02 19:57:50 | INFO     | → No floating names found
2025-12-02 19:57:51 | INFO     | 
======================================================================
2025-12-02 19:57:51 | INFO     | CYCLE #8
2025-12-02 19:57:51 | INFO     | ======================================================================
2025-12-02 19:57:51 | INFO     |   → After filtering: 0 valid detections
2025-12-02 19:57:51 | INFO     | Detected: 0 floating names
2025-12-02 19:57:51 | INFO     | → No floating names found
2025-12-02 19:57:51 | INFO     | 
======================================================================
2025-12-02 19:57:51 | INFO     | CYCLE #9
2025-12-02 19:57:51 | INFO     | ======================================================================
2025-12-02 19:57:51 | INFO     |   → After filtering: 0 valid detections
2025-12-02 19:57:51 | INFO     | Detected: 0 floating names
2025-12-02 19:57:51 | INFO     | → No floating names found
2025-12-02 19:57:52 | INFO     | 
======================================================================
2025-12-02 19:57:52 | INFO     | CYCLE #10
2025-12-02 19:57:52 | INFO     | ======================================================================
2025-12-02 19:57:52 | INFO     |   → After filtering: 0 valid detections
2025-12-02 19:57:52 | INFO     | Detected: 0 floating names
2025-12-02 19:57:52 | INFO     | → No floating names found
2025-12-02 19:57:52 | INFO     | 
======================================================================
2025-12-02 19:57:52 | INFO     | CYCLE #11
2025-12-02 19:57:52 | INFO     | ======================================================================
2025-12-02 19:57:52 | INFO     |   → After filtering: 0 valid detections
2025-12-02 19:57:52 | INFO     | Detected: 0 floating names
2025-12-02 19:57:52 | INFO     | → No floating names found
2025-12-02 19:57:53 | INFO     | 
======================================================================
2025-12-02 19:57:53 | INFO     | CYCLE #12
2025-12-02 19:57:53 | INFO     | ======================================================================
2025-12-02 19:57:53 | INFO     |   → After filtering: 0 valid detections
2025-12-02 19:57:53 | INFO     | Detected: 0 floating names
2025-12-02 19:57:53 | INFO     | → No floating names found
2025-12-02 19:57:53 | INFO     | 
⏸️  PAUSED - Press CapsLock to resume

2025-12-02 19:58:07 | INFO     | 
▶️  RESUMED - Press CapsLock to pause

2025-12-02 19:58:07 | INFO     | 
======================================================================
2025-12-02 19:58:07 | INFO     | CYCLE #13
2025-12-02 19:58:07 | INFO     | ======================================================================
2025-12-02 19:58:07 | INFO     |   → After filtering: 0 valid detections
2025-12-02 19:58:07 | INFO     | Detected: 0 floating names
2025-12-02 19:58:07 | INFO     | → No floating names found
2025-12-02 19:58:08 | INFO     | 
======================================================================
2025-12-02 19:58:08 | INFO     | CYCLE #14
2025-12-02 19:58:08 | INFO     | ======================================================================
2025-12-02 19:58:08 | INFO     |   → After filtering: 0 valid detections
2025-12-02 19:58:08 | INFO     | Detected: 0 floating names
2025-12-02 19:58:08 | INFO     | → No floating names found
2025-12-02 19:58:08 | INFO     | 
======================================================================
2025-12-02 19:58:08 | INFO     | CYCLE #15
2025-12-02 19:58:08 | INFO     | ======================================================================
2025-12-02 19:58:08 | INFO     |   → After filtering: 0 valid detections
2025-12-02 19:58:08 | INFO     | Detected: 0 floating names
2025-12-02 19:58:08 | INFO     | → No floating names found
2025-12-02 19:58:09 | INFO     | 
======================================================================
2025-12-02 19:58:09 | INFO     | CYCLE #16
2025-12-02 19:58:09 | INFO     | ======================================================================
2025-12-02 19:58:09 | INFO     |   → After filtering: 0 valid detections
2025-12-02 19:58:09 | INFO     | Detected: 0 floating names
2025-12-02 19:58:09 | INFO     | → No floating names found
2025-12-02 19:58:09 | INFO     | 
======================================================================
2025-12-02 19:58:09 | INFO     | CYCLE #17
2025-12-02 19:58:09 | INFO     | ======================================================================
2025-12-02 19:58:09 | INFO     |   → After filtering: 0 valid detections
2025-12-02 19:58:09 | INFO     | Detected: 0 floating names
2025-12-02 19:58:09 | INFO     | → No floating names found
2025-12-02 19:58:10 | INFO     | 
======================================================================
2025-12-02 19:58:10 | INFO     | CYCLE #18
2025-12-02 19:58:10 | INFO     | ======================================================================
2025-12-02 19:58:10 | INFO     |   → After filtering: 0 valid detections
2025-12-02 19:58:10 | INFO     | Detected: 0 floating names
2025-12-02 19:58:10 | INFO     | → No floating names found
2025-12-02 19:58:10 | INFO     | 
======================================================================
2025-12-02 19:58:10 | INFO     | CYCLE #19
2025-12-02 19:58:10 | INFO     | ======================================================================
2025-12-02 19:58:10 | INFO     |   → After filtering: 0 valid detections
2025-12-02 19:58:10 | INFO     | Detected: 0 floating names
2025-12-02 19:58:10 | INFO     | → No floating names found
2025-12-02 19:58:10 | INFO     | 
======================================================================
2025-12-02 19:58:10 | INFO     | CYCLE #20
2025-12-02 19:58:10 | INFO     | ======================================================================
2025-12-02 19:58:10 | INFO     |   → After filtering: 0 valid detections
2025-12-02 19:58:10 | INFO     | Detected: 0 floating names
2025-12-02 19:58:10 | INFO     | → No floating names found
2025-12-02 19:58:11 | INFO     | 
======================================================================
2025-12-02 19:58:11 | INFO     | CYCLE #21
2025-12-02 19:58:11 | INFO     | ======================================================================
2025-12-02 19:58:11 | INFO     |   → After filtering: 0 valid detections
2025-12-02 19:58:11 | INFO     | Detected: 0 floating names
2025-12-02 19:58:11 | INFO     | → No floating names found
2025-12-02 19:58:11 | INFO     | 
======================================================================
2025-12-02 19:58:11 | INFO     | CYCLE #22
2025-12-02 19:58:11 | INFO     | ======================================================================
2025-12-02 19:58:11 | INFO     |   → After filtering: 0 valid detections
2025-12-02 19:58:11 | INFO     | Detected: 0 floating names
2025-12-02 19:58:11 | INFO     | → No floating names found
2025-12-02 19:58:12 | INFO     | 
======================================================================
2025-12-02 19:58:12 | INFO     | CYCLE #23
2025-12-02 19:58:12 | INFO     | ======================================================================
2025-12-02 19:58:12 | INFO     |   → After filtering: 0 valid detections
2025-12-02 19:58:12 | INFO     | Detected: 0 floating names
2025-12-02 19:58:12 | INFO     | → No floating names found
2025-12-02 19:58:12 | INFO     | 
======================================================================
2025-12-02 19:58:12 | INFO     | CYCLE #24
2025-12-02 19:58:12 | INFO     | ======================================================================
2025-12-02 19:58:12 | INFO     |   → After filtering: 0 valid detections
2025-12-02 19:58:12 | INFO     | Detected: 0 floating names
2025-12-02 19:58:12 | INFO     | → No floating names found
2025-12-02 19:58:13 | INFO     | 
======================================================================
2025-12-02 19:58:13 | INFO     | CYCLE #25
2025-12-02 19:58:13 | INFO     | ======================================================================
2025-12-02 19:58:13 | INFO     |   → After filtering: 0 valid detections
2025-12-02 19:58:13 | INFO     | Detected: 0 floating names
2025-12-02 19:58:13 | INFO     | → No floating names found
2025-12-02 19:58:13 | INFO     | 
======================================================================
2025-12-02 19:58:13 | INFO     | CYCLE #26
2025-12-02 19:58:13 | INFO     | ======================================================================
2025-12-02 19:58:13 | INFO     |   → After filtering: 0 valid detections
2025-12-02 19:58:13 | INFO     | Detected: 0 floating names
2025-12-02 19:58:13 | INFO     | → No floating names found
2025-12-02 19:58:14 | INFO     | 
======================================================================
2025-12-02 19:58:14 | INFO     | CYCLE #27
2025-12-02 19:58:14 | INFO     | ======================================================================
2025-12-02 19:58:14 | INFO     |   → After filtering: 0 valid detections
2025-12-02 19:58:14 | INFO     | Detected: 0 floating names
2025-12-02 19:58:14 | INFO     | → No floating names found
2025-12-02 19:58:14 | INFO     | 
======================================================================
2025-12-02 19:58:14 | INFO     | CYCLE #28
2025-12-02 19:58:14 | INFO     | ======================================================================
2025-12-02 19:58:14 | INFO     |   → After filtering: 0 valid detections
2025-12-02 19:58:14 | INFO     | Detected: 0 floating names
2025-12-02 19:58:14 | INFO     | → No floating names found
2025-12-02 19:58:14 | INFO     | 
======================================================================
2025-12-02 19:58:14 | INFO     | CYCLE #29
2025-12-02 19:58:14 | INFO     | ======================================================================
2025-12-02 19:58:15 | INFO     |   → After filtering: 0 valid detections
2025-12-02 19:58:15 | INFO     | Detected: 0 floating names
2025-12-02 19:58:15 | INFO     | → No floating names found
2025-12-02 19:58:15 | INFO     | 
======================================================================
2025-12-02 19:58:15 | INFO     | CYCLE #30
2025-12-02 19:58:15 | INFO     | ======================================================================
2025-12-02 19:58:15 | INFO     |   → After filtering: 0 valid detections
2025-12-02 19:58:15 | INFO     | Detected: 0 floating names
2025-12-02 19:58:15 | INFO     | → No floating names found
2025-12-02 19:58:15 | INFO     | 
======================================================================
2025-12-02 19:58:15 | INFO     | CYCLE #31
2025-12-02 19:58:15 | INFO     | ======================================================================
2025-12-02 19:58:15 | INFO     |   → After filtering: 0 valid detections
2025-12-02 19:58:15 | INFO     | Detected: 0 floating names
2025-12-02 19:58:15 | INFO     | → No floating names found
2025-12-02 19:58:16 | INFO     | 
======================================================================
2025-12-02 19:58:16 | INFO     | CYCLE #32
2025-12-02 19:58:16 | INFO     | ======================================================================
2025-12-02 19:58:16 | INFO     |   → After filtering: 0 valid detections
2025-12-02 19:58:16 | INFO     | Detected: 0 floating names
2025-12-02 19:58:16 | INFO     | → No floating names found
2025-12-02 19:58:16 | INFO     | 
======================================================================
2025-12-02 19:58:16 | INFO     | CYCLE #33
2025-12-02 19:58:16 | INFO     | ======================================================================
2025-12-02 19:58:16 | INFO     |   → After filtering: 0 valid detections
2025-12-02 19:58:16 | INFO     | Detected: 0 floating names
2025-12-02 19:58:16 | INFO     | → No floating names found
2025-12-02 19:58:17 | INFO     | 
======================================================================
2025-12-02 19:58:17 | INFO     | CYCLE #34
2025-12-02 19:58:17 | INFO     | ======================================================================
2025-12-02 19:58:17 | INFO     |   → After filtering: 0 valid detections
2025-12-02 19:58:17 | INFO     | Detected: 0 floating names
2025-12-02 19:58:17 | INFO     | → No floating names found
2025-12-02 19:58:17 | INFO     | 
======================================================================
2025-12-02 19:58:17 | INFO     | CYCLE #35
2025-12-02 19:58:17 | INFO     | ======================================================================
2025-12-02 19:58:17 | INFO     |   → After filtering: 0 valid detections
2025-12-02 19:58:17 | INFO     | Detected: 0 floating names
2025-12-02 19:58:17 | INFO     | → No floating names found
2025-12-02 19:58:18 | INFO     | 
======================================================================
2025-12-02 19:58:18 | INFO     | CYCLE #36
2025-12-02 19:58:18 | INFO     | ======================================================================
2025-12-02 19:58:18 | INFO     |   → After filtering: 0 valid detections
2025-12-02 19:58:18 | INFO     | Detected: 0 floating names
2025-12-02 19:58:18 | INFO     | → No floating names found
2025-12-02 19:58:18 | INFO     | 
======================================================================
2025-12-02 19:58:18 | INFO     | CYCLE #37
2025-12-02 19:58:18 | INFO     | ======================================================================
2025-12-02 19:58:18 | INFO     |   → After filtering: 0 valid detections
2025-12-02 19:58:18 | INFO     | Detected: 0 floating names
2025-12-02 19:58:18 | INFO     | → No floating names found
2025-12-02 19:58:19 | INFO     | 
======================================================================
2025-12-02 19:58:19 | INFO     | CYCLE #38
2025-12-02 19:58:19 | INFO     | ======================================================================
2025-12-02 19:58:19 | INFO     |   → After filtering: 0 valid detections
2025-12-02 19:58:19 | INFO     | Detected: 0 floating names
2025-12-02 19:58:19 | INFO     | → No floating names found
2025-12-02 19:58:19 | INFO     | 
======================================================================
2025-12-02 19:58:19 | INFO     | CYCLE #39
2025-12-02 19:58:19 | INFO     | ======================================================================
2025-12-02 19:58:19 | INFO     |   → After filtering: 0 valid detections
2025-12-02 19:58:19 | INFO     | Detected: 0 floating names
2025-12-02 19:58:19 | INFO     | → No floating names found
2025-12-02 19:58:19 | INFO     | 
======================================================================
2025-12-02 19:58:19 | INFO     | CYCLE #40
2025-12-02 19:58:19 | INFO     | ======================================================================
2025-12-02 19:58:19 | INFO     |   → After filtering: 0 valid detections
2025-12-02 19:58:19 | INFO     | Detected: 0 floating names
2025-12-02 19:58:19 | INFO     | → No floating names found
2025-12-02 19:58:20 | INFO     | 
======================================================================
2025-12-02 19:58:20 | INFO     | CYCLE #41
2025-12-02 19:58:20 | INFO     | ======================================================================
2025-12-02 19:58:20 | INFO     |   → After filtering: 0 valid detections
2025-12-02 19:58:20 | INFO     | Detected: 0 floating names
2025-12-02 19:58:20 | INFO     | → No floating names found
2025-12-02 19:58:20 | INFO     | 
======================================================================
2025-12-02 19:58:20 | INFO     | CYCLE #42
2025-12-02 19:58:20 | INFO     | ======================================================================
2025-12-02 19:58:20 | INFO     |   → After filtering: 0 valid detections
2025-12-02 19:58:20 | INFO     | Detected: 0 floating names
2025-12-02 19:58:20 | INFO     | → No floating names found
2025-12-02 19:58:21 | INFO     | 
======================================================================
2025-12-02 19:58:21 | INFO     | CYCLE #43
2025-12-02 19:58:21 | INFO     | ======================================================================
2025-12-02 19:58:21 | INFO     |   → After filtering: 0 valid detections
2025-12-02 19:58:21 | INFO     | Detected: 0 floating names
2025-12-02 19:58:21 | INFO     | → No floating names found
2025-12-02 19:58:21 | INFO     | 
======================================================================
2025-12-02 19:58:21 | INFO     | CYCLE #44
2025-12-02 19:58:21 | INFO     | ======================================================================
2025-12-02 19:58:21 | INFO     |   → After filtering: 0 valid detections
2025-12-02 19:58:21 | INFO     | Detected: 0 floating names
2025-12-02 19:58:21 | INFO     | → No floating names found
2025-12-02 19:58:22 | INFO     | 
======================================================================
2025-12-02 19:58:22 | INFO     | CYCLE #45
2025-12-02 19:58:22 | INFO     | ======================================================================
2025-12-02 19:58:22 | INFO     |   → After filtering: 0 valid detections
2025-12-02 19:58:22 | INFO     | Detected: 0 floating names
2025-12-02 19:58:22 | INFO     | → No floating names found
2025-12-02 19:58:22 | INFO     | 
======================================================================
2025-12-02 19:58:22 | INFO     | CYCLE #46
2025-12-02 19:58:22 | INFO     | ======================================================================
2025-12-02 19:58:22 | INFO     |   → After filtering: 0 valid detections
2025-12-02 19:58:22 | INFO     | Detected: 0 floating names
2025-12-02 19:58:22 | INFO     | → No floating names found
2025-12-02 19:58:23 | INFO     | 
======================================================================
2025-12-02 19:58:23 | INFO     | CYCLE #47
2025-12-02 19:58:23 | INFO     | ======================================================================
2025-12-02 19:58:23 | INFO     |   → After filtering: 0 valid detections
2025-12-02 19:58:23 | INFO     | Detected: 0 floating names
2025-12-02 19:58:23 | INFO     | → No floating names found
2025-12-02 19:58:23 | INFO     | 
======================================================================
2025-12-02 19:58:23 | INFO     | CYCLE #48
2025-12-02 19:58:23 | INFO     | ======================================================================
2025-12-02 19:58:23 | INFO     |   → After filtering: 0 valid detections
2025-12-02 19:58:23 | INFO     | Detected: 0 floating names
2025-12-02 19:58:23 | INFO     | → No floating names found
2025-12-02 19:58:23 | INFO     | 
======================================================================
2025-12-02 19:58:23 | INFO     | CYCLE #49
2025-12-02 19:58:23 | INFO     | ======================================================================
2025-12-02 19:58:23 | INFO     |   → After filtering: 0 valid detections
2025-12-02 19:58:23 | INFO     | Detected: 0 floating names
2025-12-02 19:58:23 | INFO     | → No floating names found
2025-12-02 19:58:24 | INFO     | 
======================================================================
2025-12-02 19:58:24 | INFO     | CYCLE #50
2025-12-02 19:58:24 | INFO     | ======================================================================
2025-12-02 19:58:24 | INFO     |   → After filtering: 0 valid detections
2025-12-02 19:58:24 | INFO     | Detected: 0 floating names
2025-12-02 19:58:24 | INFO     | → No floating names found
2025-12-02 19:58:24 | INFO     | 
======================================================================
2025-12-02 19:58:24 | INFO     | CYCLE #51
2025-12-02 19:58:24 | INFO     | ======================================================================
2025-12-02 19:58:24 | INFO     |   → After filtering: 0 valid detections
2025-12-02 19:58:24 | INFO     | Detected: 0 floating names
2025-12-02 19:58:24 | INFO     | → No floating names found
2025-12-02 19:58:25 | INFO     | 
======================================================================
2025-12-02 19:58:25 | INFO     | CYCLE #52
2025-12-02 19:58:25 | INFO     | ======================================================================
2025-12-02 19:58:25 | INFO     |   → After filtering: 0 valid detections
2025-12-02 19:58:25 | INFO     | Detected: 0 floating names
2025-12-02 19:58:25 | INFO     | → No floating names found
2025-12-02 19:58:25 | INFO     | 
======================================================================
2025-12-02 19:58:25 | INFO     | CYCLE #53
2025-12-02 19:58:25 | INFO     | ======================================================================
2025-12-02 19:58:25 | INFO     |   → After filtering: 0 valid detections
2025-12-02 19:58:25 | INFO     | Detected: 0 floating names
2025-12-02 19:58:25 | INFO     | → No floating names found
2025-12-02 19:58:26 | INFO     | 
======================================================================
2025-12-02 19:58:26 | INFO     | CYCLE #54
2025-12-02 19:58:26 | INFO     | ======================================================================
2025-12-02 19:58:26 | INFO     |   → After filtering: 0 valid detections
2025-12-02 19:58:26 | INFO     | Detected: 0 floating names
2025-12-02 19:58:26 | INFO     | → No floating names found
2025-12-02 19:58:26 | INFO     | 
======================================================================
2025-12-02 19:58:26 | INFO     | CYCLE #55
2025-12-02 19:58:26 | INFO     | ======================================================================
2025-12-02 19:58:26 | INFO     |   → After filtering: 0 valid detections
2025-12-02 19:58:26 | INFO     | Detected: 0 floating names
2025-12-02 19:58:26 | INFO     | → No floating names found
2025-12-02 19:58:27 | INFO     | 
======================================================================
2025-12-02 19:58:27 | INFO     | CYCLE #56
2025-12-02 19:58:27 | INFO     | ======================================================================
2025-12-02 19:58:27 | INFO     |   → After filtering: 0 valid detections
2025-12-02 19:58:27 | INFO     | Detected: 0 floating names
2025-12-02 19:58:27 | INFO     | → No floating names found
2025-12-02 19:58:27 | INFO     | 
======================================================================
2025-12-02 19:58:27 | INFO     | CYCLE #57
2025-12-02 19:58:27 | INFO     | ======================================================================
2025-12-02 19:58:27 | INFO     |   → After filtering: 0 valid detections
2025-12-02 19:58:27 | INFO     | Detected: 0 floating names
2025-12-02 19:58:27 | INFO     | → No floating names found
2025-12-02 19:58:27 | INFO     | 
======================================================================
2025-12-02 19:58:27 | INFO     | CYCLE #58
2025-12-02 19:58:27 | INFO     | ======================================================================
2025-12-02 19:58:28 | INFO     |   → After filtering: 0 valid detections
2025-12-02 19:58:28 | INFO     | Detected: 0 floating names
2025-12-02 19:58:28 | INFO     | → No floating names found
2025-12-02 19:58:28 | INFO     | 
======================================================================
2025-12-02 19:58:28 | INFO     | CYCLE #59
2025-12-02 19:58:28 | INFO     | ======================================================================
2025-12-02 19:58:28 | INFO     |   → After filtering: 0 valid detections
2025-12-02 19:58:28 | INFO     | Detected: 0 floating names
2025-12-02 19:58:28 | INFO     | → No floating names found
2025-12-02 19:58:28 | INFO     | 
======================================================================
2025-12-02 19:58:28 | INFO     | CYCLE #60
2025-12-02 19:58:28 | INFO     | ======================================================================
2025-12-02 19:58:28 | INFO     |   → After filtering: 0 valid detections
2025-12-02 19:58:28 | INFO     | Detected: 0 floating names
2025-12-02 19:58:28 | INFO     | → No floating names found
2025-12-02 19:58:29 | INFO     | 
======================================================================
2025-12-02 19:58:29 | INFO     | CYCLE #61
2025-12-02 19:58:29 | INFO     | ======================================================================
2025-12-02 19:58:29 | INFO     |   → After filtering: 0 valid detections
2025-12-02 19:58:29 | INFO     | Detected: 0 floating names
2025-12-02 19:58:29 | INFO     | → No floating names found
2025-12-02 19:58:29 | INFO     | 
======================================================================
2025-12-02 19:58:29 | INFO     | CYCLE #62
2025-12-02 19:58:29 | INFO     | ======================================================================
2025-12-02 19:58:29 | INFO     |   → After filtering: 0 valid detections
2025-12-02 19:58:29 | INFO     | Detected: 0 floating names
2025-12-02 19:58:29 | INFO     | → No floating names found
2025-12-02 19:58:30 | INFO     | 
======================================================================
2025-12-02 19:58:30 | INFO     | CYCLE #63
2025-12-02 19:58:30 | INFO     | ======================================================================
2025-12-02 19:58:30 | INFO     |   → After filtering: 0 valid detections
2025-12-02 19:58:30 | INFO     | Detected: 0 floating names
2025-12-02 19:58:30 | INFO     | → No floating names found
2025-12-02 19:58:30 | INFO     | 
======================================================================
2025-12-02 19:58:30 | INFO     | CYCLE #64
2025-12-02 19:58:30 | INFO     | ======================================================================
2025-12-02 19:58:30 | INFO     |   → After filtering: 0 valid detections
2025-12-02 19:58:30 | INFO     | Detected: 0 floating names
2025-12-02 19:58:30 | INFO     | → No floating names found
2025-12-02 19:58:31 | INFO     | 
======================================================================
2025-12-02 19:58:31 | INFO     | CYCLE #65
2025-12-02 19:58:31 | INFO     | ======================================================================
2025-12-02 19:58:31 | INFO     |   → After filtering: 0 valid detections
2025-12-02 19:58:31 | INFO     | Detected: 0 floating names
2025-12-02 19:58:31 | INFO     | → No floating names found
2025-12-02 19:58:31 | INFO     | 
======================================================================
2025-12-02 19:58:31 | INFO     | CYCLE #66
2025-12-02 19:58:31 | INFO     | ======================================================================
2025-12-02 19:58:31 | INFO     |   → After filtering: 0 valid detections
2025-12-02 19:58:31 | INFO     | Detected: 0 floating names
2025-12-02 19:58:31 | INFO     | → No floating names found
2025-12-02 19:58:31 | INFO     | 
======================================================================
2025-12-02 19:58:31 | INFO     | CYCLE #67
2025-12-02 19:58:31 | INFO     | ======================================================================
2025-12-02 19:58:32 | INFO     |   → After filtering: 0 valid detections
2025-12-02 19:58:32 | INFO     | Detected: 0 floating names
2025-12-02 19:58:32 | INFO     | → No floating names found
2025-12-02 19:58:32 | INFO     | 
======================================================================
2025-12-02 19:58:32 | INFO     | CYCLE #68
2025-12-02 19:58:32 | INFO     | ======================================================================
2025-12-02 19:58:32 | INFO     |   → After filtering: 0 valid detections
2025-12-02 19:58:32 | INFO     | Detected: 0 floating names
2025-12-02 19:58:32 | INFO     | → No floating names found
2025-12-02 19:58:32 | INFO     | 
======================================================================
2025-12-02 19:58:32 | INFO     | CYCLE #69
2025-12-02 19:58:32 | INFO     | ======================================================================
2025-12-02 19:58:32 | INFO     |   → After filtering: 0 valid detections
2025-12-02 19:58:32 | INFO     | Detected: 0 floating names
2025-12-02 19:58:32 | INFO     | → No floating names found
2025-12-02 19:58:33 | INFO     | 
======================================================================
2025-12-02 19:58:33 | INFO     | CYCLE #70
2025-12-02 19:58:33 | INFO     | ======================================================================
2025-12-02 19:58:33 | INFO     |   → After filtering: 0 valid detections
2025-12-02 19:58:33 | INFO     | Detected: 0 floating names
2025-12-02 19:58:33 | INFO     | → No floating names found
2025-12-02 19:58:33 | INFO     | 
======================================================================
2025-12-02 19:58:33 | INFO     | CYCLE #71
2025-12-02 19:58:33 | INFO     | ======================================================================
2025-12-02 19:58:33 | INFO     | 

⛔ Bot stopped by user
2025-12-02 19:58:33 | INFO     | 
======================================================================
2025-12-02 19:58:33 | INFO     | FINAL STATISTICS
2025-12-02 19:58:33 | INFO     | ======================================================================
2025-12-02 19:58:33 | INFO     | Total Cycles: 71
2025-12-02 19:58:33 | INFO     | Total Clicks: 0
2025-12-02 19:58:33 | INFO     | Verified Mobs: 0
2025-12-02 19:58:33 | INFO     | Filtered Pets: 0
2025-12-02 19:58:33 | INFO     | Total Kills: 0
2025-12-02 19:58:33 | INFO     | Early Stops: 0 (stopped rotation early due to death)
2025-12-02 19:58:33 | INFO     | Skills Used: 0
2025-12-02 19:58:33 | INFO     | N/A
2025-12-02 19:58:33 | INFO     | Uptime: 45s (0m 45s)
2025-12-02 19:58:33 | INFO     | Cache Hit Rate: 0.0%
2025-12-02 19:58:33 | INFO     | ======================================================================
