2025-12-01 12:16:40 | INFO     | ======================================================================
2025-12-01 12:16:40 | INFO     | MOB HUNTER v3.0 - CENTER-OUT + BINARY HEALTH
2025-12-01 12:16:40 | INFO     | ======================================================================
2025-12-01 12:16:40 | INFO     | Log directory: logs/session_20251201_121640
2025-12-01 12:16:40 | INFO     | Screen: 1920x1080
2025-12-01 12:16:40 | INFO     | Strategy: Attack closest to center first
2025-12-01 12:16:40 | INFO     | Health: Binary (ALIVE/DEAD) detection
2025-12-01 12:16:40 | INFO     | Pet Filter: Via nameplate class detection
2025-12-01 12:16:40 | INFO     | ======================================================================
2025-12-01 12:16:40 | INFO     | 
ðŸš€ Bot started! Press Ctrl+C to stop.

2025-12-01 12:16:40 | INFO     | ðŸ’¡ Controls: CapsLock = Pause/Resume

2025-12-01 12:16:40 | INFO     | 
======================================================================
2025-12-01 12:16:40 | INFO     | CYCLE #1
2025-12-01 12:16:40 | INFO     | ======================================================================
2025-12-01 12:16:40 | DEBUG    | Detection at (962, 475): size=41x9, aspect=4.6
2025-12-01 12:16:40 | INFO     | Detected: 1 floating names
2025-12-01 12:16:40 | INFO     | â†’ Valid targets (after cache): 1
2025-12-01 12:16:40 | INFO     | â†’ Target priority (closest to farthest):
2025-12-01 12:16:40 | INFO     |    #1: Distance=65px from center
2025-12-01 12:16:40 | INFO     | 
  Verifying target #1 (D=65px)...
2025-12-01 12:16:40 | DEBUG    |     Clicking (962, 505)
2025-12-01 12:16:40 | DEBUG    |     Health check: 0 red pixels -> DEAD
2025-12-01 12:16:40 | DEBUG    |     âœ“ Verified MOB in 1 attempts
2025-12-01 12:16:40 | INFO     |     âœ— Mob already DEAD
2025-12-01 12:16:41 | INFO     | 
======================================================================
2025-12-01 12:16:41 | INFO     | CYCLE #2
2025-12-01 12:16:41 | INFO     | ======================================================================
2025-12-01 12:16:41 | INFO     | Detected: 0 floating names
2025-12-01 12:16:41 | INFO     | â†’ No floating names found
2025-12-01 12:16:41 | INFO     | 
======================================================================
2025-12-01 12:16:41 | INFO     | CYCLE #3
2025-12-01 12:16:41 | INFO     | ======================================================================
2025-12-01 12:16:41 | DEBUG    | Detection at (966, 476): size=28x8, aspect=3.5
2025-12-01 12:16:41 | INFO     | Detected: 1 floating names
2025-12-01 12:16:41 | DEBUG    |   Name #1: Cached, skipping
2025-12-01 12:16:41 | INFO     | â†’ Valid targets (after cache): 0
2025-12-01 12:16:42 | INFO     | 
======================================================================
2025-12-01 12:16:42 | INFO     | CYCLE #4
2025-12-01 12:16:42 | INFO     | ======================================================================
2025-12-01 12:16:42 | INFO     | Detected: 0 floating names
2025-12-01 12:16:42 | INFO     | â†’ No floating names found
2025-12-01 12:16:42 | INFO     | 
======================================================================
2025-12-01 12:16:42 | INFO     | CYCLE #5
2025-12-01 12:16:42 | INFO     | ======================================================================
2025-12-01 12:16:42 | INFO     | Detected: 0 floating names
2025-12-01 12:16:42 | INFO     | â†’ No floating names found
2025-12-01 12:16:42 | INFO     | 
======================================================================
2025-12-01 12:16:42 | INFO     | CYCLE #6
2025-12-01 12:16:42 | INFO     | ======================================================================
2025-12-01 12:16:43 | DEBUG    | Detection at (966, 475): size=28x9, aspect=3.1
2025-12-01 12:16:43 | INFO     | Detected: 1 floating names
2025-12-01 12:16:43 | INFO     | â†’ Valid targets (after cache): 1
2025-12-01 12:16:43 | INFO     | â†’ Target priority (closest to farthest):
2025-12-01 12:16:43 | INFO     |    #1: Distance=65px from center
2025-12-01 12:16:43 | INFO     | 
  Verifying target #1 (D=65px)...
2025-12-01 12:16:43 | DEBUG    |     Clicking (966, 505)
2025-12-01 12:16:43 | DEBUG    |     Health check: 0 red pixels -> DEAD
2025-12-01 12:16:43 | DEBUG    |     âœ“ Verified MOB in 1 attempts
2025-12-01 12:16:43 | INFO     |     âœ— Mob already DEAD
2025-12-01 12:16:43 | INFO     | 
======================================================================
2025-12-01 12:16:43 | INFO     | CYCLE #7
2025-12-01 12:16:43 | INFO     | ======================================================================
2025-12-01 12:16:43 | INFO     | Detected: 0 floating names
2025-12-01 12:16:43 | INFO     | â†’ No floating names found
2025-12-01 12:16:44 | INFO     | 
======================================================================
2025-12-01 12:16:44 | INFO     | CYCLE #8
2025-12-01 12:16:44 | INFO     | ======================================================================
2025-12-01 12:16:44 | DEBUG    | Detection at (965, 475): size=29x9, aspect=3.2
2025-12-01 12:16:44 | INFO     | Detected: 1 floating names
2025-12-01 12:16:44 | DEBUG    |   Name #1: Cached, skipping
2025-12-01 12:16:44 | INFO     | â†’ Valid targets (after cache): 0
2025-12-01 12:16:44 | INFO     | 
======================================================================
2025-12-01 12:16:44 | INFO     | CYCLE #9
2025-12-01 12:16:44 | INFO     | ======================================================================
2025-12-01 12:16:44 | INFO     | Detected: 0 floating names
2025-12-01 12:16:44 | INFO     | â†’ No floating names found
2025-12-01 12:16:45 | INFO     | 
======================================================================
2025-12-01 12:16:45 | INFO     | CYCLE #10
2025-12-01 12:16:45 | INFO     | ======================================================================
2025-12-01 12:16:45 | INFO     | Detected: 0 floating names
2025-12-01 12:16:45 | INFO     | â†’ No floating names found
2025-12-01 12:16:45 | INFO     | 
======================================================================
2025-12-01 12:16:45 | INFO     | CYCLE #11
2025-12-01 12:16:45 | INFO     | ======================================================================
2025-12-01 12:16:45 | INFO     | Detected: 0 floating names
2025-12-01 12:16:45 | INFO     | â†’ No floating names found
2025-12-01 12:16:45 | INFO     | 
======================================================================
2025-12-01 12:16:45 | INFO     | CYCLE #12
2025-12-01 12:16:45 | INFO     | ======================================================================
2025-12-01 12:16:46 | INFO     | Detected: 0 floating names
2025-12-01 12:16:46 | INFO     | â†’ No floating names found
2025-12-01 12:16:46 | INFO     | 
======================================================================
2025-12-01 12:16:46 | INFO     | CYCLE #13
2025-12-01 12:16:46 | INFO     | ======================================================================
2025-12-01 12:16:46 | INFO     | Detected: 0 floating names
2025-12-01 12:16:46 | INFO     | â†’ No floating names found
2025-12-01 12:16:46 | INFO     | 
======================================================================
2025-12-01 12:16:46 | INFO     | CYCLE #14
2025-12-01 12:16:46 | INFO     | ======================================================================
2025-12-01 12:16:46 | INFO     | Detected: 0 floating names
2025-12-01 12:16:46 | INFO     | â†’ No floating names found
2025-12-01 12:16:47 | INFO     | 
======================================================================
2025-12-01 12:16:47 | INFO     | CYCLE #15
2025-12-01 12:16:47 | INFO     | ======================================================================
2025-12-01 12:16:47 | INFO     | Detected: 0 floating names
2025-12-01 12:16:47 | INFO     | â†’ No floating names found
2025-12-01 12:16:47 | INFO     | 
======================================================================
2025-12-01 12:16:47 | INFO     | CYCLE #16
2025-12-01 12:16:47 | INFO     | ======================================================================
2025-12-01 12:16:47 | INFO     | Detected: 0 floating names
2025-12-01 12:16:47 | INFO     | â†’ No floating names found
2025-12-01 12:16:48 | INFO     | 
======================================================================
2025-12-01 12:16:48 | INFO     | CYCLE #17
2025-12-01 12:16:48 | INFO     | ======================================================================
2025-12-01 12:16:48 | INFO     | Detected: 0 floating names
2025-12-01 12:16:48 | INFO     | â†’ No floating names found
2025-12-01 12:16:48 | INFO     | 
======================================================================
2025-12-01 12:16:48 | INFO     | CYCLE #18
2025-12-01 12:16:48 | INFO     | ======================================================================
2025-12-01 12:16:48 | INFO     | Detected: 0 floating names
2025-12-01 12:16:48 | INFO     | â†’ No floating names found
2025-12-01 12:16:49 | INFO     | 
======================================================================
2025-12-01 12:16:49 | INFO     | CYCLE #19
2025-12-01 12:16:49 | INFO     | ======================================================================
2025-12-01 12:16:49 | DEBUG    | Detection at (965, 476): size=29x8, aspect=3.6
2025-12-01 12:16:49 | INFO     | Detected: 1 floating names
2025-12-01 12:16:49 | INFO     | â†’ Valid targets (after cache): 1
2025-12-01 12:16:49 | INFO     | â†’ Target priority (closest to farthest):
2025-12-01 12:16:49 | INFO     |    #1: Distance=64px from center
2025-12-01 12:16:49 | INFO     | 
  Verifying target #1 (D=64px)...
2025-12-01 12:16:49 | DEBUG    |     Clicking (965, 505)
2025-12-01 12:16:49 | DEBUG    |     Health check: 0 red pixels -> DEAD
2025-12-01 12:16:49 | DEBUG    |     âœ“ Verified MOB in 1 attempts
2025-12-01 12:16:49 | INFO     |     âœ— Mob already DEAD
2025-12-01 12:16:49 | INFO     | 
======================================================================
2025-12-01 12:16:49 | INFO     | CYCLE #20
2025-12-01 12:16:49 | INFO     | ======================================================================
2025-12-01 12:16:49 | INFO     | Detected: 0 floating names
2025-12-01 12:16:49 | INFO     | â†’ No floating names found
2025-12-01 12:16:50 | INFO     | 
======================================================================
2025-12-01 12:16:50 | INFO     | CYCLE #21
2025-12-01 12:16:50 | INFO     | ======================================================================
2025-12-01 12:16:50 | INFO     | Detected: 0 floating names
2025-12-01 12:16:50 | INFO     | â†’ No floating names found
2025-12-01 12:16:50 | INFO     | 
======================================================================
2025-12-01 12:16:50 | INFO     | CYCLE #22
2025-12-01 12:16:50 | INFO     | ======================================================================
2025-12-01 12:16:50 | INFO     | Detected: 0 floating names
2025-12-01 12:16:50 | INFO     | â†’ No floating names found
2025-12-01 12:16:51 | INFO     | 
======================================================================
2025-12-01 12:16:51 | INFO     | CYCLE #23
2025-12-01 12:16:51 | INFO     | ======================================================================
2025-12-01 12:16:51 | INFO     | Detected: 0 floating names
2025-12-01 12:16:51 | INFO     | â†’ No floating names found
2025-12-01 12:16:51 | INFO     | 
======================================================================
2025-12-01 12:16:51 | INFO     | CYCLE #24
2025-12-01 12:16:51 | INFO     | ======================================================================
2025-12-01 12:16:51 | INFO     | Detected: 0 floating names
2025-12-01 12:16:51 | INFO     | â†’ No floating names found
2025-12-01 12:16:52 | INFO     | 
======================================================================
2025-12-01 12:16:52 | INFO     | CYCLE #25
2025-12-01 12:16:52 | INFO     | ======================================================================
2025-12-01 12:16:52 | DEBUG    | Detection at (960, 475): size=39x9, aspect=4.3
2025-12-01 12:16:52 | INFO     | Detected: 1 floating names
2025-12-01 12:16:52 | INFO     | â†’ Valid targets (after cache): 1
2025-12-01 12:16:52 | INFO     | â†’ Target priority (closest to farthest):
2025-12-01 12:16:52 | INFO     |    #1: Distance=65px from center
2025-12-01 12:16:52 | INFO     | 
  Verifying target #1 (D=65px)...
2025-12-01 12:16:52 | DEBUG    |     Clicking (960, 505)
2025-12-01 12:16:52 | DEBUG    |     Health check: 0 red pixels -> DEAD
2025-12-01 12:16:52 | DEBUG    |     âœ“ Verified MOB in 1 attempts
2025-12-01 12:16:52 | INFO     |     âœ— Mob already DEAD
2025-12-01 12:16:52 | INFO     | 
======================================================================
2025-12-01 12:16:52 | INFO     | CYCLE #26
2025-12-01 12:16:52 | INFO     | ======================================================================
2025-12-01 12:16:52 | DEBUG    | Detection at (962, 497): size=34x9, aspect=3.8
2025-12-01 12:16:52 | DEBUG    | Detection at (966, 475): size=48x9, aspect=5.3
2025-12-01 12:16:52 | INFO     | Detected: 2 floating names
2025-12-01 12:16:52 | DEBUG    |   Name #1: Cached, skipping
2025-12-01 12:16:52 | DEBUG    |   Name #2: Cached, skipping
2025-12-01 12:16:52 | INFO     | â†’ Valid targets (after cache): 0
2025-12-01 12:16:53 | INFO     | 
======================================================================
2025-12-01 12:16:53 | INFO     | CYCLE #27
2025-12-01 12:16:53 | INFO     | ======================================================================
2025-12-01 12:16:53 | DEBUG    | Detection at (966, 476): size=28x8, aspect=3.5
2025-12-01 12:16:53 | INFO     | Detected: 1 floating names
2025-12-01 12:16:53 | DEBUG    |   Name #1: Cached, skipping
2025-12-01 12:16:53 | INFO     | â†’ Valid targets (after cache): 0
2025-12-01 12:16:53 | INFO     | 
======================================================================
2025-12-01 12:16:53 | INFO     | CYCLE #28
2025-12-01 12:16:53 | INFO     | ======================================================================
2025-12-01 12:16:53 | INFO     | Detected: 0 floating names
2025-12-01 12:16:53 | INFO     | â†’ No floating names found
2025-12-01 12:16:54 | INFO     | 
======================================================================
2025-12-01 12:16:54 | INFO     | CYCLE #29
2025-12-01 12:16:54 | INFO     | ======================================================================
2025-12-01 12:16:54 | DEBUG    | Detection at (966, 476): size=28x8, aspect=3.5
2025-12-01 12:16:54 | INFO     | Detected: 1 floating names
2025-12-01 12:16:54 | DEBUG    |   Name #1: Cached, skipping
2025-12-01 12:16:54 | INFO     | â†’ Valid targets (after cache): 0
2025-12-01 12:16:54 | INFO     | 
======================================================================
2025-12-01 12:16:54 | INFO     | CYCLE #30
2025-12-01 12:16:54 | INFO     | ======================================================================
2025-12-01 12:16:54 | INFO     | Detected: 0 floating names
2025-12-01 12:16:54 | INFO     | â†’ No floating names found
2025-12-01 12:16:55 | INFO     | 
======================================================================
2025-12-01 12:16:55 | INFO     | CYCLE #31
2025-12-01 12:16:55 | INFO     | ======================================================================
2025-12-01 12:16:55 | INFO     | Detected: 0 floating names
2025-12-01 12:16:55 | INFO     | â†’ No floating names found
2025-12-01 12:16:55 | INFO     | 
======================================================================
2025-12-01 12:16:55 | INFO     | CYCLE #32
2025-12-01 12:16:55 | INFO     | ======================================================================
2025-12-01 12:16:55 | INFO     | Detected: 0 floating names
2025-12-01 12:16:55 | INFO     | â†’ No floating names found
2025-12-01 12:16:55 | INFO     | 
======================================================================
2025-12-01 12:16:55 | INFO     | CYCLE #33
2025-12-01 12:16:55 | INFO     | ======================================================================
2025-12-01 12:16:55 | INFO     | Detected: 0 floating names
2025-12-01 12:16:55 | INFO     | â†’ No floating names found
2025-12-01 12:16:56 | INFO     | 
======================================================================
2025-12-01 12:16:56 | INFO     | CYCLE #34
2025-12-01 12:16:56 | INFO     | ======================================================================
2025-12-01 12:16:56 | INFO     | Detected: 0 floating names
2025-12-01 12:16:56 | INFO     | â†’ No floating names found
2025-12-01 12:16:56 | INFO     | 
======================================================================
2025-12-01 12:16:56 | INFO     | CYCLE #35
2025-12-01 12:16:56 | INFO     | ======================================================================
2025-12-01 12:16:56 | DEBUG    | Detection at (965, 475): size=29x9, aspect=3.2
2025-12-01 12:16:56 | INFO     | Detected: 1 floating names
2025-12-01 12:16:56 | INFO     | â†’ Valid targets (after cache): 1
2025-12-01 12:16:56 | INFO     | â†’ Target priority (closest to farthest):
2025-12-01 12:16:56 | INFO     |    #1: Distance=65px from center
2025-12-01 12:16:56 | INFO     | 
  Verifying target #1 (D=65px)...
2025-12-01 12:16:56 | DEBUG    |     Clicking (965, 505)
2025-12-01 12:16:57 | DEBUG    |     Health check: 0 red pixels -> DEAD
2025-12-01 12:16:57 | DEBUG    |     âœ“ Verified MOB in 1 attempts
2025-12-01 12:16:57 | INFO     |     âœ— Mob already DEAD
2025-12-01 12:16:57 | INFO     | 
======================================================================
2025-12-01 12:16:57 | INFO     | CYCLE #36
2025-12-01 12:16:57 | INFO     | ======================================================================
2025-12-01 12:16:57 | INFO     | Detected: 0 floating names
2025-12-01 12:16:57 | INFO     | â†’ No floating names found
2025-12-01 12:16:58 | INFO     | 
======================================================================
2025-12-01 12:16:58 | INFO     | CYCLE #37
2025-12-01 12:16:58 | INFO     | ======================================================================
2025-12-01 12:16:58 | DEBUG    | Detection at (966, 476): size=28x8, aspect=3.5
2025-12-01 12:16:58 | INFO     | Detected: 1 floating names
2025-12-01 12:16:58 | DEBUG    |   Name #1: Cached, skipping
2025-12-01 12:16:58 | INFO     | â†’ Valid targets (after cache): 0
2025-12-01 12:16:58 | INFO     | 
======================================================================
2025-12-01 12:16:58 | INFO     | CYCLE #38
2025-12-01 12:16:58 | INFO     | ======================================================================
2025-12-01 12:16:58 | INFO     | Detected: 0 floating names
2025-12-01 12:16:58 | INFO     | â†’ No floating names found
2025-12-01 12:16:58 | INFO     | 
======================================================================
2025-12-01 12:16:58 | INFO     | CYCLE #39
2025-12-01 12:16:58 | INFO     | ======================================================================
2025-12-01 12:16:58 | DEBUG    | Detection at (960, 475): size=39x9, aspect=4.3
2025-12-01 12:16:58 | INFO     | Detected: 1 floating names
2025-12-01 12:16:58 | DEBUG    |   Name #1: Cached, skipping
2025-12-01 12:16:58 | INFO     | â†’ Valid targets (after cache): 0
2025-12-01 12:16:59 | INFO     | 
======================================================================
2025-12-01 12:16:59 | INFO     | CYCLE #40
2025-12-01 12:16:59 | INFO     | ======================================================================
2025-12-01 12:16:59 | INFO     | Detected: 0 floating names
2025-12-01 12:16:59 | INFO     | â†’ No floating names found
2025-12-01 12:16:59 | INFO     | 
======================================================================
2025-12-01 12:16:59 | INFO     | CYCLE #41
2025-12-01 12:16:59 | INFO     | ======================================================================
2025-12-01 12:16:59 | INFO     | Detected: 0 floating names
2025-12-01 12:16:59 | INFO     | â†’ No floating names found
2025-12-01 12:17:00 | INFO     | 
======================================================================
2025-12-01 12:17:00 | INFO     | CYCLE #42
2025-12-01 12:17:00 | INFO     | ======================================================================
2025-12-01 12:17:00 | INFO     | Detected: 0 floating names
2025-12-01 12:17:00 | INFO     | â†’ No floating names found
2025-12-01 12:17:00 | INFO     | 
======================================================================
2025-12-01 12:17:00 | INFO     | CYCLE #43
2025-12-01 12:17:00 | INFO     | ======================================================================
2025-12-01 12:17:00 | DEBUG    | Detection at (966, 501): size=59x9, aspect=6.6
2025-12-01 12:17:00 | INFO     | Detected: 1 floating names
2025-12-01 12:17:00 | INFO     | â†’ Valid targets (after cache): 1
2025-12-01 12:17:00 | INFO     | â†’ Target priority (closest to farthest):
2025-12-01 12:17:00 | INFO     |    #1: Distance=39px from center
2025-12-01 12:17:00 | INFO     | 
  Verifying target #1 (D=39px)...
2025-12-01 12:17:00 | DEBUG    |     Clicking (966, 531)
2025-12-01 12:17:01 | DEBUG    |     Health check: 0 red pixels -> DEAD
2025-12-01 12:17:01 | DEBUG    |     âœ“ Verified MOB in 1 attempts
2025-12-01 12:17:01 | INFO     |     âœ— Mob already DEAD
2025-12-01 12:17:01 | INFO     | 
======================================================================
2025-12-01 12:17:01 | INFO     | CYCLE #44
2025-12-01 12:17:01 | INFO     | ======================================================================
2025-12-01 12:17:01 | DEBUG    | Detection at (981, 573): size=31x9, aspect=3.4
2025-12-01 12:17:01 | DEBUG    | Detection at (981, 553): size=71x9, aspect=7.9
2025-12-01 12:17:01 | DEBUG    | Detection at (960, 501): size=71x9, aspect=7.9
2025-12-01 12:17:01 | INFO     | Detected: 3 floating names
2025-12-01 12:17:01 | DEBUG    |   Name #2: Cached, skipping
2025-12-01 12:17:01 | DEBUG    |   Name #3: Cached, skipping
2025-12-01 12:17:01 | INFO     | â†’ Valid targets (after cache): 1
2025-12-01 12:17:01 | INFO     | â†’ Target priority (closest to farthest):
2025-12-01 12:17:01 | INFO     |    #1: Distance=39px from center
2025-12-01 12:17:01 | INFO     | 
  Verifying target #1 (D=39px)...
2025-12-01 12:17:01 | DEBUG    |     Clicking (981, 603)
2025-12-01 12:17:01 | DEBUG    |     Health check: 0 red pixels -> DEAD
2025-12-01 12:17:01 | DEBUG    |     âœ“ Verified MOB in 1 attempts
2025-12-01 12:17:01 | INFO     |     âœ— Mob already DEAD
2025-12-01 12:17:02 | INFO     | 
======================================================================
2025-12-01 12:17:02 | INFO     | CYCLE #45
2025-12-01 12:17:02 | INFO     | ======================================================================
2025-12-01 12:17:02 | DEBUG    | Detection at (966, 501): size=59x9, aspect=6.6
2025-12-01 12:17:02 | INFO     | Detected: 1 floating names
2025-12-01 12:17:02 | DEBUG    |   Name #1: Cached, skipping
2025-12-01 12:17:02 | INFO     | â†’ Valid targets (after cache): 0
2025-12-01 12:17:02 | INFO     | 
======================================================================
2025-12-01 12:17:02 | INFO     | CYCLE #46
2025-12-01 12:17:02 | INFO     | ======================================================================
2025-12-01 12:17:02 | DEBUG    | Detection at (965, 501): size=61x9, aspect=6.8
2025-12-01 12:17:02 | INFO     | Detected: 1 floating names
2025-12-01 12:17:02 | DEBUG    |   Name #1: Cached, skipping
2025-12-01 12:17:02 | INFO     | â†’ Valid targets (after cache): 0
2025-12-01 12:17:03 | INFO     | 
======================================================================
2025-12-01 12:17:03 | INFO     | CYCLE #47
2025-12-01 12:17:03 | INFO     | ======================================================================
2025-12-01 12:17:03 | DEBUG    | Detection at (993, 564): size=43x16, aspect=2.7
2025-12-01 12:17:03 | DEBUG    | Detection at (965, 501): size=57x9, aspect=6.3
2025-12-01 12:17:03 | INFO     | Detected: 2 floating names
2025-12-01 12:17:03 | DEBUG    |   Name #1: Cached, skipping
2025-12-01 12:17:03 | INFO     | â†’ Valid targets (after cache): 1
2025-12-01 12:17:03 | INFO     | â†’ Target priority (closest to farthest):
2025-12-01 12:17:03 | INFO     |    #1: Distance=39px from center
2025-12-01 12:17:03 | INFO     | 
  Verifying target #1 (D=39px)...
2025-12-01 12:17:03 | DEBUG    |     Clicking (965, 531)
2025-12-01 12:17:03 | DEBUG    |     Health check: 0 red pixels -> DEAD
2025-12-01 12:17:03 | DEBUG    |     âœ“ Verified MOB in 1 attempts
2025-12-01 12:17:03 | INFO     |     âœ— Mob already DEAD
2025-12-01 12:17:03 | INFO     | 
======================================================================
2025-12-01 12:17:03 | INFO     | CYCLE #48
2025-12-01 12:17:03 | INFO     | ======================================================================
2025-12-01 12:17:04 | DEBUG    | Detection at (964, 501): size=59x9, aspect=6.6
2025-12-01 12:17:04 | INFO     | Detected: 1 floating names
2025-12-01 12:17:04 | DEBUG    |   Name #1: Cached, skipping
2025-12-01 12:17:04 | INFO     | â†’ Valid targets (after cache): 0
2025-12-01 12:17:04 | INFO     | 
======================================================================
2025-12-01 12:17:04 | INFO     | CYCLE #49
2025-12-01 12:17:04 | INFO     | ======================================================================
2025-12-01 12:17:04 | DEBUG    | Detection at (952, 501): size=35x9, aspect=3.9
2025-12-01 12:17:04 | INFO     | Detected: 1 floating names
2025-12-01 12:17:04 | DEBUG    |   Name #1: Cached, skipping
2025-12-01 12:17:04 | INFO     | â†’ Valid targets (after cache): 0
2025-12-01 12:17:04 | INFO     | 
======================================================================
2025-12-01 12:17:04 | INFO     | CYCLE #50
2025-12-01 12:17:04 | INFO     | ======================================================================
2025-12-01 12:17:04 | DEBUG    | Detection at (952, 501): size=35x9, aspect=3.9
2025-12-01 12:17:04 | INFO     | Detected: 1 floating names
2025-12-01 12:17:04 | DEBUG    |   Name #1: Cached, skipping
2025-12-01 12:17:04 | INFO     | â†’ Valid targets (after cache): 0
2025-12-01 12:17:05 | INFO     | 
======================================================================
2025-12-01 12:17:05 | INFO     | CYCLE #51
2025-12-01 12:17:05 | INFO     | ======================================================================
2025-12-01 12:17:05 | DEBUG    | Detection at (953, 501): size=33x9, aspect=3.7
2025-12-01 12:17:05 | INFO     | Detected: 1 floating names
2025-12-01 12:17:05 | DEBUG    |   Name #1: Cached, skipping
2025-12-01 12:17:05 | INFO     | â†’ Valid targets (after cache): 0
2025-12-01 12:17:05 | INFO     | 
======================================================================
2025-12-01 12:17:05 | INFO     | CYCLE #52
2025-12-01 12:17:05 | INFO     | ======================================================================
2025-12-01 12:17:05 | DEBUG    | Detection at (952, 501): size=35x9, aspect=3.9
2025-12-01 12:17:05 | INFO     | Detected: 1 floating names
2025-12-01 12:17:05 | INFO     | â†’ Valid targets (after cache): 1
2025-12-01 12:17:05 | INFO     | â†’ Target priority (closest to farthest):
2025-12-01 12:17:05 | INFO     |    #1: Distance=39px from center
2025-12-01 12:17:05 | INFO     | 
  Verifying target #1 (D=39px)...
2025-12-01 12:17:05 | DEBUG    |     Clicking (952, 531)
2025-12-01 12:17:06 | DEBUG    |     Health check: 0 red pixels -> DEAD
2025-12-01 12:17:06 | DEBUG    |     âœ“ Verified MOB in 1 attempts
2025-12-01 12:17:06 | INFO     |     âœ— Mob already DEAD
2025-12-01 12:17:06 | INFO     | 
======================================================================
2025-12-01 12:17:06 | INFO     | CYCLE #53
2025-12-01 12:17:06 | INFO     | ======================================================================
2025-12-01 12:17:06 | DEBUG    | Detection at (952, 501): size=35x9, aspect=3.9
2025-12-01 12:17:06 | INFO     | Detected: 1 floating names
2025-12-01 12:17:06 | DEBUG    |   Name #1: Cached, skipping
2025-12-01 12:17:06 | INFO     | â†’ Valid targets (after cache): 0
2025-12-01 12:17:06 | INFO     | 
======================================================================
2025-12-01 12:17:06 | INFO     | CYCLE #54
2025-12-01 12:17:06 | INFO     | ======================================================================
2025-12-01 12:17:07 | DEBUG    | Detection at (952, 501): size=35x9, aspect=3.9
2025-12-01 12:17:07 | INFO     | Detected: 1 floating names
2025-12-01 12:17:07 | DEBUG    |   Name #1: Cached, skipping
2025-12-01 12:17:07 | INFO     | â†’ Valid targets (after cache): 0
2025-12-01 12:17:07 | INFO     | 
======================================================================
2025-12-01 12:17:07 | INFO     | CYCLE #55
2025-12-01 12:17:07 | INFO     | ======================================================================
2025-12-01 12:17:07 | DEBUG    | Detection at (952, 501): size=35x9, aspect=3.9
2025-12-01 12:17:07 | INFO     | Detected: 1 floating names
2025-12-01 12:17:07 | DEBUG    |   Name #1: Cached, skipping
2025-12-01 12:17:07 | INFO     | â†’ Valid targets (after cache): 0
2025-12-01 12:17:07 | INFO     | 
======================================================================
2025-12-01 12:17:07 | INFO     | CYCLE #56
2025-12-01 12:17:07 | INFO     | ======================================================================
2025-12-01 12:17:07 | DEBUG    | Detection at (952, 501): size=35x9, aspect=3.9
2025-12-01 12:17:07 | INFO     | Detected: 1 floating names
2025-12-01 12:17:07 | DEBUG    |   Name #1: Cached, skipping
2025-12-01 12:17:07 | INFO     | â†’ Valid targets (after cache): 0
2025-12-01 12:17:08 | INFO     | 
======================================================================
2025-12-01 12:17:08 | INFO     | CYCLE #57
2025-12-01 12:17:08 | INFO     | ======================================================================
2025-12-01 12:17:08 | INFO     | Detected: 0 floating names
2025-12-01 12:17:08 | INFO     | â†’ No floating names found
2025-12-01 12:17:08 | INFO     | 
======================================================================
2025-12-01 12:17:08 | INFO     | CYCLE #58
2025-12-01 12:17:08 | INFO     | ======================================================================
2025-12-01 12:17:08 | INFO     | Detected: 0 floating names
2025-12-01 12:17:08 | INFO     | â†’ No floating names found
2025-12-01 12:17:09 | INFO     | 
======================================================================
2025-12-01 12:17:09 | INFO     | CYCLE #59
2025-12-01 12:17:09 | INFO     | ======================================================================
2025-12-01 12:17:09 | INFO     | Detected: 0 floating names
2025-12-01 12:17:09 | INFO     | â†’ No floating names found
2025-12-01 12:17:09 | INFO     | 
======================================================================
2025-12-01 12:17:09 | INFO     | CYCLE #60
2025-12-01 12:17:09 | INFO     | ======================================================================
2025-12-01 12:17:09 | INFO     | Detected: 0 floating names
2025-12-01 12:17:09 | INFO     | â†’ No floating names found
2025-12-01 12:17:10 | INFO     | 
======================================================================
2025-12-01 12:17:10 | INFO     | CYCLE #61
2025-12-01 12:17:10 | INFO     | ======================================================================
2025-12-01 12:17:10 | DEBUG    | Detection at (965, 499): size=32x9, aspect=3.6
2025-12-01 12:17:10 | INFO     | Detected: 1 floating names
2025-12-01 12:17:10 | INFO     | â†’ Valid targets (after cache): 1
2025-12-01 12:17:10 | INFO     | â†’ Target priority (closest to farthest):
2025-12-01 12:17:10 | INFO     |    #1: Distance=41px from center
2025-12-01 12:17:10 | INFO     | 
  Verifying target #1 (D=41px)...
2025-12-01 12:17:10 | DEBUG    |     Clicking (965, 529)
2025-12-01 12:17:10 | DEBUG    |     Health check: 0 red pixels -> DEAD
2025-12-01 12:17:10 | DEBUG    |     âœ“ Verified MOB in 1 attempts
2025-12-01 12:17:10 | INFO     |     âœ— Mob already DEAD
2025-12-01 12:17:10 | INFO     | 
======================================================================
2025-12-01 12:17:10 | INFO     | CYCLE #62
2025-12-01 12:17:10 | INFO     | ======================================================================
2025-12-01 12:17:10 | DEBUG    | Detection at (973, 513): size=33x9, aspect=3.7
2025-12-01 12:17:10 | INFO     | Detected: 1 floating names
2025-12-01 12:17:10 | DEBUG    |   Name #1: Cached, skipping
2025-12-01 12:17:10 | INFO     | â†’ Valid targets (after cache): 0
2025-12-01 12:17:11 | INFO     | 
======================================================================
2025-12-01 12:17:11 | INFO     | CYCLE #63
2025-12-01 12:17:11 | INFO     | ======================================================================
2025-12-01 12:17:11 | INFO     | Detected: 0 floating names
2025-12-01 12:17:11 | INFO     | â†’ No floating names found
2025-12-01 12:17:11 | INFO     | 
======================================================================
2025-12-01 12:17:11 | INFO     | CYCLE #64
2025-12-01 12:17:11 | INFO     | ======================================================================
2025-12-01 12:17:11 | DEBUG    | Detection at (959, 498): size=58x9, aspect=6.4
2025-12-01 12:17:11 | INFO     | Detected: 1 floating names
2025-12-01 12:17:11 | DEBUG    |   Name #1: Cached, skipping
2025-12-01 12:17:11 | INFO     | â†’ Valid targets (after cache): 0
2025-12-01 12:17:12 | INFO     | 
======================================================================
2025-12-01 12:17:12 | INFO     | CYCLE #65
2025-12-01 12:17:12 | INFO     | ======================================================================
2025-12-01 12:17:12 | INFO     | Detected: 0 floating names
2025-12-01 12:17:12 | INFO     | â†’ No floating names found
2025-12-01 12:17:12 | INFO     | 
======================================================================
2025-12-01 12:17:12 | INFO     | CYCLE #66
2025-12-01 12:17:12 | INFO     | ======================================================================
2025-12-01 12:17:12 | INFO     | Detected: 0 floating names
2025-12-01 12:17:12 | INFO     | â†’ No floating names found
2025-12-01 12:17:13 | INFO     | 
======================================================================
2025-12-01 12:17:13 | INFO     | CYCLE #67
2025-12-01 12:17:13 | INFO     | ======================================================================
2025-12-01 12:17:13 | INFO     | Detected: 0 floating names
2025-12-01 12:17:13 | INFO     | â†’ No floating names found
2025-12-01 12:17:13 | INFO     | 
======================================================================
2025-12-01 12:17:13 | INFO     | CYCLE #68
2025-12-01 12:17:13 | INFO     | ======================================================================
2025-12-01 12:17:13 | INFO     | Detected: 0 floating names
2025-12-01 12:17:13 | INFO     | â†’ No floating names found
2025-12-01 12:17:13 | INFO     | 
======================================================================
2025-12-01 12:17:13 | INFO     | CYCLE #69
2025-12-01 12:17:13 | INFO     | ======================================================================
2025-12-01 12:17:13 | INFO     | Detected: 0 floating names
2025-12-01 12:17:13 | INFO     | â†’ No floating names found
2025-12-01 12:17:14 | INFO     | 
======================================================================
2025-12-01 12:17:14 | INFO     | CYCLE #70
2025-12-01 12:17:14 | INFO     | ======================================================================
2025-12-01 12:17:14 | INFO     | Detected: 0 floating names
2025-12-01 12:17:14 | INFO     | â†’ No floating names found
2025-12-01 12:17:14 | INFO     | 
======================================================================
2025-12-01 12:17:14 | INFO     | CYCLE #71
2025-12-01 12:17:14 | INFO     | ======================================================================
2025-12-01 12:17:14 | INFO     | Detected: 0 floating names
2025-12-01 12:17:14 | INFO     | â†’ No floating names found
2025-12-01 12:17:15 | INFO     | 
======================================================================
2025-12-01 12:17:15 | INFO     | CYCLE #72
2025-12-01 12:17:15 | INFO     | ======================================================================
2025-12-01 12:17:15 | DEBUG    | Detection at (963, 499): size=33x8, aspect=4.1
2025-12-01 12:17:15 | INFO     | Detected: 1 floating names
2025-12-01 12:17:15 | INFO     | â†’ Valid targets (after cache): 1
2025-12-01 12:17:15 | INFO     | â†’ Target priority (closest to farthest):
2025-12-01 12:17:15 | INFO     |    #1: Distance=41px from center
2025-12-01 12:17:15 | INFO     | 
  Verifying target #1 (D=41px)...
2025-12-01 12:17:15 | DEBUG    |     Clicking (963, 528)
2025-12-01 12:17:15 | DEBUG    |     Health check: 0 red pixels -> DEAD
2025-12-01 12:17:15 | DEBUG    |     âœ“ Verified MOB in 1 attempts
2025-12-01 12:17:15 | INFO     |     âœ— Mob already DEAD
2025-12-01 12:17:16 | INFO     | 
======================================================================
2025-12-01 12:17:16 | INFO     | CYCLE #73
2025-12-01 12:17:16 | INFO     | ======================================================================
2025-12-01 12:17:16 | DEBUG    | Detection at (1076, 137): size=60x9, aspect=6.7
2025-12-01 12:17:16 | DEBUG    | Detection at (989, 137): size=28x9, aspect=3.1
2025-12-01 12:17:16 | DEBUG    | Detection at (891, 137): size=33x9, aspect=3.7
2025-12-01 12:17:16 | DEBUG    | Detection at (842, 138): size=54x11, aspect=4.9
2025-12-01 12:17:16 | INFO     | Detected: 4 floating names
2025-12-01 12:17:16 | INFO     | â†’ Valid targets (after cache): 4
2025-12-01 12:17:16 | INFO     | â†’ Target priority (closest to farthest):
2025-12-01 12:17:16 | INFO     |    #1: Distance=404px from center
2025-12-01 12:17:16 | INFO     |    #2: Distance=408px from center
2025-12-01 12:17:16 | INFO     |    #3: Distance=418px from center
2025-12-01 12:17:16 | INFO     |    #4: Distance=419px from center
2025-12-01 12:17:16 | INFO     | 
  Verifying target #1 (D=404px)...
2025-12-01 12:17:16 | DEBUG    |     Clicking (989, 167)
2025-12-01 12:17:16 | DEBUG    |     Health check: 0 red pixels -> DEAD
2025-12-01 12:17:16 | DEBUG    |     âœ“ Verified MOB in 1 attempts
2025-12-01 12:17:16 | INFO     |     âœ— Mob already DEAD
2025-12-01 12:17:16 | INFO     | 
  Verifying target #2 (D=408px)...
2025-12-01 12:17:16 | DEBUG    |     Clicking (891, 167)
2025-12-01 12:17:16 | DEBUG    |     Health check: 0 red pixels -> DEAD
2025-12-01 12:17:16 | DEBUG    |     âœ“ Verified MOB in 1 attempts
2025-12-01 12:17:16 | INFO     |     âœ— Mob already DEAD
2025-12-01 12:17:16 | INFO     | 
  Verifying target #3 (D=418px)...
2025-12-01 12:17:16 | DEBUG    |     Clicking (842, 169)
2025-12-01 12:17:17 | DEBUG    |     Health check: 0 red pixels -> DEAD
2025-12-01 12:17:17 | DEBUG    |     âœ“ Verified MOB in 1 attempts
2025-12-01 12:17:17 | INFO     |     âœ— Mob already DEAD
2025-12-01 12:17:17 | INFO     | 
======================================================================
2025-12-01 12:17:17 | INFO     | CYCLE #74
2025-12-01 12:17:17 | INFO     | ======================================================================
2025-12-01 12:17:17 | DEBUG    | Detection at (1076, 137): size=60x9, aspect=6.7
2025-12-01 12:17:17 | DEBUG    | Detection at (989, 137): size=28x9, aspect=3.1
2025-12-01 12:17:17 | DEBUG    | Detection at (891, 137): size=33x9, aspect=3.7
2025-12-01 12:17:17 | DEBUG    | Detection at (842, 138): size=54x11, aspect=4.9
2025-12-01 12:17:17 | INFO     | Detected: 4 floating names
2025-12-01 12:17:17 | DEBUG    |   Name #1: Cached, skipping
2025-12-01 12:17:17 | DEBUG    |   Name #2: Cached, skipping
2025-12-01 12:17:17 | DEBUG    |   Name #3: Cached, skipping
2025-12-01 12:17:17 | DEBUG    |   Name #4: Cached, skipping
2025-12-01 12:17:17 | INFO     | â†’ Valid targets (after cache): 0
2025-12-01 12:17:18 | INFO     | 
======================================================================
2025-12-01 12:17:18 | INFO     | CYCLE #75
2025-12-01 12:17:18 | INFO     | ======================================================================
2025-12-01 12:17:18 | DEBUG    | Detection at (928, 740): size=25x8, aspect=3.1
2025-12-01 12:17:18 | DEBUG    | Detection at (957, 534): size=33x20, aspect=1.6
2025-12-01 12:17:18 | DEBUG    | Detection at (1076, 137): size=60x9, aspect=6.7
2025-12-01 12:17:18 | DEBUG    | Detection at (989, 137): size=28x9, aspect=3.1
2025-12-01 12:17:18 | DEBUG    | Detection at (891, 137): size=33x9, aspect=3.7
2025-12-01 12:17:18 | DEBUG    | Detection at (842, 138): size=54x11, aspect=4.9
2025-12-01 12:17:18 | INFO     | Detected: 6 floating names
2025-12-01 12:17:18 | DEBUG    |   Name #3: Cached, skipping
2025-12-01 12:17:18 | DEBUG    |   Name #4: Cached, skipping
2025-12-01 12:17:18 | DEBUG    |   Name #5: Cached, skipping
2025-12-01 12:17:18 | DEBUG    |   Name #6: Cached, skipping
2025-12-01 12:17:18 | INFO     | â†’ Valid targets (after cache): 2
2025-12-01 12:17:18 | INFO     | â†’ Target priority (closest to farthest):
2025-12-01 12:17:18 | INFO     |    #1: Distance=6px from center
2025-12-01 12:17:18 | INFO     |    #2: Distance=202px from center
2025-12-01 12:17:18 | INFO     | 
  Verifying target #1 (D=6px)...
2025-12-01 12:17:18 | DEBUG    |     Clicking (957, 569)
2025-12-01 12:17:18 | DEBUG    |     Health check: 0 red pixels -> DEAD
2025-12-01 12:17:18 | DEBUG    |     âœ“ Verified MOB in 1 attempts
2025-12-01 12:17:18 | INFO     |     âœ— Mob already DEAD
2025-12-01 12:17:18 | INFO     | 
  Verifying target #2 (D=202px)...
2025-12-01 12:17:18 | DEBUG    |     Clicking (928, 769)
2025-12-01 12:17:18 | DEBUG    |     Health check: 0 red pixels -> DEAD
2025-12-01 12:17:18 | DEBUG    |     âœ“ Verified MOB in 1 attempts
2025-12-01 12:17:18 | INFO     |     âœ— Mob already DEAD
2025-12-01 12:17:19 | INFO     | 
======================================================================
2025-12-01 12:17:19 | INFO     | CYCLE #76
2025-12-01 12:17:19 | INFO     | ======================================================================
2025-12-01 12:17:19 | DEBUG    | Detection at (1076, 137): size=60x9, aspect=6.7
2025-12-01 12:17:19 | DEBUG    | Detection at (989, 137): size=28x9, aspect=3.1
2025-12-01 12:17:19 | DEBUG    | Detection at (891, 137): size=33x9, aspect=3.7
2025-12-01 12:17:19 | DEBUG    | Detection at (842, 138): size=54x11, aspect=4.9
2025-12-01 12:17:19 | INFO     | Detected: 4 floating names
2025-12-01 12:17:19 | INFO     | â†’ Valid targets (after cache): 4
2025-12-01 12:17:19 | INFO     | â†’ Target priority (closest to farthest):
2025-12-01 12:17:19 | INFO     |    #1: Distance=404px from center
2025-12-01 12:17:19 | INFO     |    #2: Distance=408px from center
2025-12-01 12:17:19 | INFO     |    #3: Distance=418px from center
2025-12-01 12:17:19 | INFO     |    #4: Distance=419px from center
2025-12-01 12:17:19 | INFO     | 
  Verifying target #1 (D=404px)...
2025-12-01 12:17:19 | DEBUG    |     Clicking (989, 167)
2025-12-01 12:17:19 | DEBUG    |     Health check: 0 red pixels -> DEAD
2025-12-01 12:17:19 | DEBUG    |     âœ“ Verified MOB in 1 attempts
2025-12-01 12:17:19 | INFO     |     âœ— Mob already DEAD
2025-12-01 12:17:19 | INFO     | 
  Verifying target #2 (D=408px)...
2025-12-01 12:17:19 | DEBUG    |     Clicking (891, 167)
2025-12-01 12:17:20 | DEBUG    |     Health check: 0 red pixels -> DEAD
2025-12-01 12:17:20 | DEBUG    |     âœ“ Verified MOB in 1 attempts
2025-12-01 12:17:20 | INFO     |     âœ— Mob already DEAD
2025-12-01 12:17:20 | INFO     | 
  Verifying target #3 (D=418px)...
2025-12-01 12:17:20 | DEBUG    |     Clicking (842, 169)
2025-12-01 12:17:20 | DEBUG    |     Health check: 0 red pixels -> DEAD
2025-12-01 12:17:20 | DEBUG    |     âœ“ Verified MOB in 1 attempts
2025-12-01 12:17:20 | INFO     |     âœ— Mob already DEAD
2025-12-01 12:17:20 | INFO     | 
======================================================================
2025-12-01 12:17:20 | INFO     | CYCLE #77
2025-12-01 12:17:20 | INFO     | ======================================================================
2025-12-01 12:17:20 | INFO     | Detected: 0 floating names
2025-12-01 12:17:20 | INFO     | â†’ No floating names found
2025-12-01 12:17:21 | INFO     | 
======================================================================
2025-12-01 12:17:21 | INFO     | CYCLE #78
2025-12-01 12:17:21 | INFO     | ======================================================================
2025-12-01 12:17:21 | DEBUG    | Detection at (956, 535): size=34x20, aspect=1.7
2025-12-01 12:17:21 | INFO     | Detected: 1 floating names
2025-12-01 12:17:21 | INFO     | â†’ Valid targets (after cache): 1
2025-12-01 12:17:21 | INFO     | â†’ Target priority (closest to farthest):
2025-12-01 12:17:21 | INFO     |    #1: Distance=6px from center
2025-12-01 12:17:21 | INFO     | 
  Verifying target #1 (D=6px)...
2025-12-01 12:17:21 | DEBUG    |     Clicking (956, 570)
2025-12-01 12:17:21 | DEBUG    |     Health check: 0 red pixels -> DEAD
2025-12-01 12:17:21 | DEBUG    |     âœ“ Verified MOB in 1 attempts
2025-12-01 12:17:21 | INFO     |     âœ— Mob already DEAD
2025-12-01 12:17:22 | INFO     | 
======================================================================
2025-12-01 12:17:22 | INFO     | CYCLE #79
2025-12-01 12:17:22 | INFO     | ======================================================================
2025-12-01 12:17:22 | INFO     | Detected: 0 floating names
2025-12-01 12:17:22 | INFO     | â†’ No floating names found
2025-12-01 12:17:22 | INFO     | 
======================================================================
2025-12-01 12:17:22 | INFO     | CYCLE #80
2025-12-01 12:17:22 | INFO     | ======================================================================
2025-12-01 12:17:22 | INFO     | Detected: 0 floating names
2025-12-01 12:17:22 | INFO     | â†’ No floating names found
2025-12-01 12:17:23 | INFO     | 
======================================================================
2025-12-01 12:17:23 | INFO     | CYCLE #81
2025-12-01 12:17:23 | INFO     | ======================================================================
2025-12-01 12:17:23 | INFO     | Detected: 0 floating names
2025-12-01 12:17:23 | INFO     | â†’ No floating names found
2025-12-01 12:17:23 | INFO     | 
======================================================================
2025-12-01 12:17:23 | INFO     | CYCLE #82
2025-12-01 12:17:23 | INFO     | ======================================================================
2025-12-01 12:17:23 | INFO     | Detected: 0 floating names
2025-12-01 12:17:23 | INFO     | â†’ No floating names found
2025-12-01 12:17:23 | INFO     | 
======================================================================
2025-12-01 12:17:23 | INFO     | CYCLE #83
2025-12-01 12:17:23 | INFO     | ======================================================================
2025-12-01 12:17:23 | INFO     | Detected: 0 floating names
2025-12-01 12:17:23 | INFO     | â†’ No floating names found
2025-12-01 12:17:24 | INFO     | 
======================================================================
2025-12-01 12:17:24 | INFO     | CYCLE #84
2025-12-01 12:17:24 | INFO     | ======================================================================
2025-12-01 12:17:24 | INFO     | Detected: 0 floating names
2025-12-01 12:17:24 | INFO     | â†’ No floating names found
2025-12-01 12:17:24 | INFO     | 
======================================================================
2025-12-01 12:17:24 | INFO     | CYCLE #85
2025-12-01 12:17:24 | INFO     | ======================================================================
2025-12-01 12:17:24 | INFO     | Detected: 0 floating names
2025-12-01 12:17:24 | INFO     | â†’ No floating names found
2025-12-01 12:17:25 | INFO     | 
======================================================================
2025-12-01 12:17:25 | INFO     | CYCLE #86
2025-12-01 12:17:25 | INFO     | ======================================================================
2025-12-01 12:17:25 | INFO     | Detected: 0 floating names
2025-12-01 12:17:25 | INFO     | â†’ No floating names found
2025-12-01 12:17:25 | INFO     | 
======================================================================
2025-12-01 12:17:25 | INFO     | CYCLE #87
2025-12-01 12:17:25 | INFO     | ======================================================================
2025-12-01 12:17:25 | DEBUG    | Detection at (1410, 449): size=75x30, aspect=2.5
2025-12-01 12:17:25 | INFO     | Detected: 1 floating names
2025-12-01 12:17:25 | INFO     | â†’ Valid targets (after cache): 1
2025-12-01 12:17:25 | INFO     | â†’ Target priority (closest to farthest):
2025-12-01 12:17:25 | INFO     |    #1: Distance=459px from center
2025-12-01 12:17:25 | INFO     | 
  Verifying target #1 (D=459px)...
2025-12-01 12:17:25 | DEBUG    |     Clicking (1410, 489)
2025-12-01 12:17:26 | DEBUG    |     Health check: 0 red pixels -> DEAD
2025-12-01 12:17:26 | DEBUG    |     âœ“ Verified MOB in 1 attempts
2025-12-01 12:17:26 | INFO     |     âœ— Mob already DEAD
2025-12-01 12:17:26 | INFO     | 
======================================================================
2025-12-01 12:17:26 | INFO     | CYCLE #88
2025-12-01 12:17:26 | INFO     | ======================================================================
2025-12-01 12:17:26 | DEBUG    | Detection at (139, 636): size=115x19, aspect=6.1
2025-12-01 12:17:26 | INFO     | Detected: 1 floating names
2025-12-01 12:17:26 | INFO     | â†’ Valid targets (after cache): 1
2025-12-01 12:17:26 | INFO     | â†’ Target priority (closest to farthest):
2025-12-01 12:17:26 | INFO     |    #1: Distance=826px from center
2025-12-01 12:17:26 | INFO     | 
  Verifying target #1 (D=826px)...
2025-12-01 12:17:26 | DEBUG    |     Clicking (139, 671)
2025-12-01 12:17:26 | DEBUG    |     Health check: 0 red pixels -> DEAD
2025-12-01 12:17:26 | DEBUG    |     âœ“ Verified MOB in 1 attempts
2025-12-01 12:17:26 | INFO     |     âœ— Mob already DEAD
2025-12-01 12:17:27 | INFO     | 
======================================================================
2025-12-01 12:17:27 | INFO     | CYCLE #89
2025-12-01 12:17:27 | INFO     | ======================================================================
2025-12-01 12:17:27 | DEBUG    | Detection at (902, 466): size=64x23, aspect=2.8
2025-12-01 12:17:27 | INFO     | Detected: 1 floating names
2025-12-01 12:17:27 | INFO     | â†’ Valid targets (after cache): 1
2025-12-01 12:17:27 | INFO     | â†’ Target priority (closest to farthest):
2025-12-01 12:17:27 | INFO     |    #1: Distance=94px from center
2025-12-01 12:17:27 | INFO     | 
  Verifying target #1 (D=94px)...
2025-12-01 12:17:27 | DEBUG    |     Clicking (902, 503)
2025-12-01 12:17:27 | DEBUG    |     Health check: 0 red pixels -> DEAD
2025-12-01 12:17:27 | DEBUG    |     âœ“ Verified MOB in 1 attempts
2025-12-01 12:17:27 | INFO     |     âœ— Mob already DEAD
2025-12-01 12:17:28 | INFO     | 
======================================================================
2025-12-01 12:17:28 | INFO     | CYCLE #90
2025-12-01 12:17:28 | INFO     | ======================================================================
2025-12-01 12:17:28 | DEBUG    | Detection at (967, 496): size=53x9, aspect=5.9
2025-12-01 12:17:28 | DEBUG    | Detection at (1021, 137): size=38x9, aspect=4.2
2025-12-01 12:17:28 | DEBUG    | Detection at (983, 137): size=28x9, aspect=3.1
2025-12-01 12:17:28 | DEBUG    | Detection at (947, 137): size=36x9, aspect=4.0
2025-12-01 12:17:28 | INFO     | Detected: 4 floating names
2025-12-01 12:17:28 | INFO     | â†’ Valid targets (after cache): 4
2025-12-01 12:17:28 | INFO     | â†’ Target priority (closest to farthest):
2025-12-01 12:17:28 | INFO     |    #1: Distance=44px from center
2025-12-01 12:17:28 | INFO     |    #2: Distance=403px from center
2025-12-01 12:17:28 | INFO     |    #3: Distance=403px from center
2025-12-01 12:17:28 | INFO     |    #4: Distance=407px from center
2025-12-01 12:17:28 | INFO     | 
  Verifying target #1 (D=44px)...
2025-12-01 12:17:28 | DEBUG    |     Clicking (967, 526)
2025-12-01 12:17:28 | DEBUG    |     Health check: 0 red pixels -> DEAD
2025-12-01 12:17:28 | DEBUG    |     âœ“ Verified MOB in 1 attempts
2025-12-01 12:17:28 | INFO     |     âœ— Mob already DEAD
2025-12-01 12:17:28 | INFO     | 
  Verifying target #2 (D=403px)...
2025-12-01 12:17:28 | DEBUG    |     Clicking (947, 167)
2025-12-01 12:17:29 | DEBUG    |     Health check: 0 red pixels -> DEAD
2025-12-01 12:17:29 | DEBUG    |     âœ“ Verified MOB in 1 attempts
2025-12-01 12:17:29 | INFO     |     âœ— Mob already DEAD
2025-12-01 12:17:29 | INFO     | 
  Verifying target #3 (D=403px)...
2025-12-01 12:17:29 | DEBUG    |     Clicking (983, 167)
2025-12-01 12:17:29 | DEBUG    |     Health check: 0 red pixels -> DEAD
2025-12-01 12:17:29 | DEBUG    |     âœ“ Verified MOB in 1 attempts
2025-12-01 12:17:29 | INFO     |     âœ— Mob already DEAD
2025-12-01 12:17:29 | INFO     | 
======================================================================
2025-12-01 12:17:29 | INFO     | CYCLE #91
2025-12-01 12:17:29 | INFO     | ======================================================================
2025-12-01 12:17:29 | DEBUG    | Detection at (971, 497): size=45x9, aspect=5.0
2025-12-01 12:17:29 | DEBUG    | Detection at (1021, 137): size=38x9, aspect=4.2
2025-12-01 12:17:29 | DEBUG    | Detection at (983, 137): size=28x9, aspect=3.1
2025-12-01 12:17:29 | DEBUG    | Detection at (947, 137): size=36x9, aspect=4.0
2025-12-01 12:17:29 | INFO     | Detected: 4 floating names
2025-12-01 12:17:29 | DEBUG    |   Name #1: Cached, skipping
2025-12-01 12:17:29 | DEBUG    |   Name #2: Cached, skipping
2025-12-01 12:17:29 | DEBUG    |   Name #3: Cached, skipping
2025-12-01 12:17:29 | DEBUG    |   Name #4: Cached, skipping
2025-12-01 12:17:29 | INFO     | â†’ Valid targets (after cache): 0
2025-12-01 12:17:30 | INFO     | 
======================================================================
2025-12-01 12:17:30 | INFO     | CYCLE #92
2025-12-01 12:17:30 | INFO     | ======================================================================
2025-12-01 12:17:30 | DEBUG    | Detection at (980, 560): size=42x21, aspect=2.0
2025-12-01 12:17:30 | DEBUG    | Detection at (968, 497): size=45x9, aspect=5.0
2025-12-01 12:17:30 | DEBUG    | Detection at (1021, 137): size=38x9, aspect=4.2
2025-12-01 12:17:30 | DEBUG    | Detection at (983, 137): size=28x9, aspect=3.1
2025-12-01 12:17:30 | DEBUG    | Detection at (947, 137): size=36x9, aspect=4.0
2025-12-01 12:17:30 | INFO     | Detected: 5 floating names
2025-12-01 12:17:30 | DEBUG    |   Name #2: Cached, skipping
2025-12-01 12:17:30 | DEBUG    |   Name #3: Cached, skipping
2025-12-01 12:17:30 | DEBUG    |   Name #4: Cached, skipping
2025-12-01 12:17:30 | DEBUG    |   Name #5: Cached, skipping
2025-12-01 12:17:30 | INFO     | â†’ Valid targets (after cache): 1
2025-12-01 12:17:30 | INFO     | â†’ Target priority (closest to farthest):
2025-12-01 12:17:30 | INFO     |    #1: Distance=28px from center
2025-12-01 12:17:30 | INFO     | 
  Verifying target #1 (D=28px)...
2025-12-01 12:17:30 | DEBUG    |     Clicking (980, 596)
2025-12-01 12:17:30 | DEBUG    |     Health check: 0 red pixels -> DEAD
2025-12-01 12:17:30 | DEBUG    |     âœ“ Verified MOB in 1 attempts
2025-12-01 12:17:30 | INFO     |     âœ— Mob already DEAD
2025-12-01 12:17:31 | INFO     | 
======================================================================
2025-12-01 12:17:31 | INFO     | CYCLE #93
2025-12-01 12:17:31 | INFO     | ======================================================================
2025-12-01 12:17:31 | DEBUG    | Detection at (965, 434): size=30x13, aspect=2.3
2025-12-01 12:17:31 | DEBUG    | Detection at (1021, 137): size=38x9, aspect=4.2
2025-12-01 12:17:31 | DEBUG    | Detection at (983, 137): size=28x9, aspect=3.1
2025-12-01 12:17:31 | DEBUG    | Detection at (947, 137): size=36x9, aspect=4.0
2025-12-01 12:17:31 | INFO     | Detected: 4 floating names
2025-12-01 12:17:31 | INFO     | â†’ Valid targets (after cache): 4
2025-12-01 12:17:31 | INFO     | â†’ Target priority (closest to farthest):
2025-12-01 12:17:31 | INFO     |    #1: Distance=106px from center
2025-12-01 12:17:31 | INFO     |    #2: Distance=403px from center
2025-12-01 12:17:31 | INFO     |    #3: Distance=403px from center
2025-12-01 12:17:31 | INFO     |    #4: Distance=407px from center
2025-12-01 12:17:31 | INFO     | 
  Verifying target #1 (D=106px)...
2025-12-01 12:17:31 | DEBUG    |     Clicking (965, 466)
2025-12-01 12:17:31 | DEBUG    |     Health check: 0 red pixels -> DEAD
2025-12-01 12:17:31 | DEBUG    |     âœ“ Verified MOB in 1 attempts
2025-12-01 12:17:31 | INFO     |     âœ— Mob already DEAD
2025-12-01 12:17:31 | INFO     | 
  Verifying target #2 (D=403px)...
2025-12-01 12:17:31 | DEBUG    |     Clicking (947, 167)
2025-12-01 12:17:31 | DEBUG    |     Health check: 0 red pixels -> DEAD
2025-12-01 12:17:31 | DEBUG    |     âœ“ Verified MOB in 1 attempts
2025-12-01 12:17:31 | INFO     |     âœ— Mob already DEAD
2025-12-01 12:17:31 | INFO     | 
  Verifying target #3 (D=403px)...
2025-12-01 12:17:31 | DEBUG    |     Clicking (983, 167)
2025-12-01 12:17:32 | DEBUG    |     Health check: 0 red pixels -> DEAD
2025-12-01 12:17:32 | DEBUG    |     âœ“ Verified MOB in 1 attempts
2025-12-01 12:17:32 | INFO     |     âœ— Mob already DEAD
2025-12-01 12:17:32 | INFO     | 
======================================================================
2025-12-01 12:17:32 | INFO     | CYCLE #94
2025-12-01 12:17:32 | INFO     | ======================================================================
2025-12-01 12:17:32 | DEBUG    | Detection at (952, 537): size=28x15, aspect=1.9
2025-12-01 12:17:32 | DEBUG    | Detection at (1025, 137): size=42x9, aspect=4.7
2025-12-01 12:17:32 | DEBUG    | Detection at (951, 137): size=38x9, aspect=4.2
2025-12-01 12:17:32 | DEBUG    | Detection at (900, 137): size=51x9, aspect=5.7
2025-12-01 12:17:32 | INFO     | Detected: 4 floating names
2025-12-01 12:17:32 | DEBUG    |   Name #2: Cached, skipping
2025-12-01 12:17:32 | DEBUG    |   Name #3: Cached, skipping
2025-12-01 12:17:32 | INFO     | â†’ Valid targets (after cache): 2
2025-12-01 12:17:32 | INFO     | â†’ Target priority (closest to farthest):
2025-12-01 12:17:32 | INFO     |    #1: Distance=8px from center
2025-12-01 12:17:32 | INFO     |    #2: Distance=407px from center
2025-12-01 12:17:32 | INFO     | 
  Verifying target #1 (D=8px)...
2025-12-01 12:17:32 | DEBUG    |     Clicking (952, 570)
2025-12-01 12:17:33 | DEBUG    |     Health check: 0 red pixels -> DEAD
2025-12-01 12:17:33 | DEBUG    |     âœ“ Verified MOB in 1 attempts
2025-12-01 12:17:33 | INFO     |     âœ— Mob already DEAD
2025-12-01 12:17:33 | INFO     | 
  Verifying target #2 (D=407px)...
2025-12-01 12:17:33 | DEBUG    |     Clicking (900, 167)
2025-12-01 12:17:33 | DEBUG    |     Health check: 0 red pixels -> DEAD
2025-12-01 12:17:33 | DEBUG    |     âœ“ Verified MOB in 1 attempts
2025-12-01 12:17:33 | INFO     |     âœ— Mob already DEAD
2025-12-01 12:17:33 | INFO     | 
======================================================================
2025-12-01 12:17:33 | INFO     | CYCLE #95
2025-12-01 12:17:33 | INFO     | ======================================================================
2025-12-01 12:17:34 | DEBUG    | Detection at (1025, 137): size=42x9, aspect=4.7
2025-12-01 12:17:34 | DEBUG    | Detection at (951, 137): size=38x9, aspect=4.2
2025-12-01 12:17:34 | DEBUG    | Detection at (900, 137): size=51x9, aspect=5.7
2025-12-01 12:17:34 | INFO     | Detected: 3 floating names
2025-12-01 12:17:34 | DEBUG    |   Name #3: Cached, skipping
2025-12-01 12:17:34 | INFO     | â†’ Valid targets (after cache): 2
2025-12-01 12:17:34 | INFO     | â†’ Target priority (closest to farthest):
2025-12-01 12:17:34 | INFO     |    #1: Distance=403px from center
2025-12-01 12:17:34 | INFO     |    #2: Distance=408px from center
2025-12-01 12:17:34 | INFO     | 
  Verifying target #1 (D=403px)...
2025-12-01 12:17:34 | DEBUG    |     Clicking (951, 167)
2025-12-01 12:17:34 | DEBUG    |     Health check: 0 red pixels -> DEAD
2025-12-01 12:17:34 | DEBUG    |     âœ“ Verified MOB in 1 attempts
2025-12-01 12:17:34 | INFO     |     âœ— Mob already DEAD
2025-12-01 12:17:34 | INFO     | 
  Verifying target #2 (D=408px)...
2025-12-01 12:17:34 | DEBUG    |     Clicking (1025, 167)
2025-12-01 12:17:34 | DEBUG    |     Health check: 0 red pixels -> DEAD
2025-12-01 12:17:34 | DEBUG    |     âœ“ Verified MOB in 1 attempts
2025-12-01 12:17:34 | INFO     |     âœ— Mob already DEAD
2025-12-01 12:17:35 | INFO     | 
======================================================================
2025-12-01 12:17:35 | INFO     | CYCLE #96
2025-12-01 12:17:35 | INFO     | ======================================================================
2025-12-01 12:17:35 | DEBUG    | Detection at (1025, 137): size=42x9, aspect=4.7
2025-12-01 12:17:35 | DEBUG    | Detection at (951, 137): size=38x9, aspect=4.2
2025-12-01 12:17:35 | DEBUG    | Detection at (900, 137): size=51x9, aspect=5.7
2025-12-01 12:17:35 | INFO     | Detected: 3 floating names
2025-12-01 12:17:35 | DEBUG    |   Name #1: Cached, skipping
2025-12-01 12:17:35 | DEBUG    |   Name #2: Cached, skipping
2025-12-01 12:17:35 | DEBUG    |   Name #3: Cached, skipping
2025-12-01 12:17:35 | INFO     | â†’ Valid targets (after cache): 0
2025-12-01 12:17:35 | INFO     | 
======================================================================
2025-12-01 12:17:35 | INFO     | CYCLE #97
2025-12-01 12:17:35 | INFO     | ======================================================================
2025-12-01 12:17:35 | DEBUG    | Detection at (973, 477): size=45x9, aspect=5.0
2025-12-01 12:17:35 | DEBUG    | Detection at (1025, 137): size=42x9, aspect=4.7
2025-12-01 12:17:35 | DEBUG    | Detection at (951, 137): size=38x9, aspect=4.2
2025-12-01 12:17:35 | DEBUG    | Detection at (900, 137): size=51x9, aspect=5.7
2025-12-01 12:17:35 | INFO     | Detected: 4 floating names
2025-12-01 12:17:35 | DEBUG    |   Name #2: Cached, skipping
2025-12-01 12:17:35 | DEBUG    |   Name #3: Cached, skipping
2025-12-01 12:17:35 | INFO     | â†’ Valid targets (after cache): 2
2025-12-01 12:17:35 | INFO     | â†’ Target priority (closest to farthest):
2025-12-01 12:17:35 | INFO     |    #1: Distance=64px from center
2025-12-01 12:17:35 | INFO     |    #2: Distance=407px from center
2025-12-01 12:17:35 | INFO     | 
  Verifying target #1 (D=64px)...
2025-12-01 12:17:35 | DEBUG    |     Clicking (973, 507)
2025-12-01 12:17:36 | DEBUG    |     Health check: 0 red pixels -> DEAD
2025-12-01 12:17:36 | DEBUG    |     âœ“ Verified MOB in 1 attempts
2025-12-01 12:17:36 | INFO     |     âœ— Mob already DEAD
2025-12-01 12:17:36 | INFO     | 
  Verifying target #2 (D=407px)...
2025-12-01 12:17:36 | DEBUG    |     Clicking (900, 167)
2025-12-01 12:17:36 | DEBUG    |     Health check: 0 red pixels -> DEAD
2025-12-01 12:17:36 | DEBUG    |     âœ“ Verified MOB in 1 attempts
2025-12-01 12:17:36 | INFO     |     âœ— Mob already DEAD
2025-12-01 12:17:36 | INFO     | 
======================================================================
2025-12-01 12:17:36 | INFO     | CYCLE #98
2025-12-01 12:17:36 | INFO     | ======================================================================
2025-12-01 12:17:36 | DEBUG    | Detection at (956, 536): size=42x27, aspect=1.6
2025-12-01 12:17:36 | DEBUG    | Detection at (1025, 137): size=42x9, aspect=4.7
2025-12-01 12:17:36 | DEBUG    | Detection at (951, 137): size=38x9, aspect=4.2
2025-12-01 12:17:36 | DEBUG    | Detection at (900, 137): size=51x9, aspect=5.7
2025-12-01 12:17:36 | INFO     | Detected: 4 floating names
2025-12-01 12:17:36 | DEBUG    |   Name #4: Cached, skipping
2025-12-01 12:17:36 | INFO     | â†’ Valid targets (after cache): 3
2025-12-01 12:17:36 | INFO     | â†’ Target priority (closest to farthest):
2025-12-01 12:17:36 | INFO     |    #1: Distance=5px from center
2025-12-01 12:17:36 | INFO     |    #2: Distance=403px from center
2025-12-01 12:17:36 | INFO     |    #3: Distance=408px from center
2025-12-01 12:17:36 | INFO     | 
  Verifying target #1 (D=5px)...
2025-12-01 12:17:36 | DEBUG    |     Clicking (956, 575)
2025-12-01 12:17:37 | DEBUG    |     Health check: 0 red pixels -> DEAD
2025-12-01 12:17:37 | DEBUG    |     âœ“ Verified MOB in 1 attempts
2025-12-01 12:17:37 | INFO     |     âœ— Mob already DEAD
2025-12-01 12:17:37 | INFO     | 
  Verifying target #2 (D=403px)...
2025-12-01 12:17:37 | DEBUG    |     Clicking (951, 167)
2025-12-01 12:17:37 | DEBUG    |     Health check: 0 red pixels -> DEAD
2025-12-01 12:17:37 | DEBUG    |     âœ“ Verified MOB in 1 attempts
2025-12-01 12:17:37 | INFO     |     âœ— Mob already DEAD
2025-12-01 12:17:37 | INFO     | 
  Verifying target #3 (D=408px)...
2025-12-01 12:17:37 | DEBUG    |     Clicking (1025, 167)
2025-12-01 12:17:38 | DEBUG    |     Health check: 0 red pixels -> DEAD
2025-12-01 12:17:38 | DEBUG    |     âœ“ Verified MOB in 1 attempts
2025-12-01 12:17:38 | INFO     |     âœ— Mob already DEAD
2025-12-01 12:17:38 | INFO     | 
======================================================================
2025-12-01 12:17:38 | INFO     | CYCLE #99
2025-12-01 12:17:38 | INFO     | ======================================================================
2025-12-01 12:17:38 | DEBUG    | Detection at (961, 477): size=38x9, aspect=4.2
2025-12-01 12:17:38 | INFO     | Detected: 1 floating names
2025-12-01 12:17:38 | INFO     | â†’ Valid targets (after cache): 1
2025-12-01 12:17:38 | INFO     | â†’ Target priority (closest to farthest):
2025-12-01 12:17:38 | INFO     |    #1: Distance=63px from center
2025-12-01 12:17:38 | INFO     | 
  Verifying target #1 (D=63px)...
2025-12-01 12:17:38 | DEBUG    |     Clicking (961, 507)
2025-12-01 12:17:38 | DEBUG    |     Health check: 649 red pixels -> ALIVE
2025-12-01 12:17:38 | DEBUG    |     âœ“ Verified MOB in 1 attempts
2025-12-01 12:17:38 | INFO     |     âœ“ Elite | Status: ALIVE
2025-12-01 12:17:38 | INFO     | 
>>>>>>>>>>>>>>>>>>>>>>>>>>>>>>>>>>>>>>>>>>>>>>>>>>>>>>>>>>>>
2025-12-01 12:17:38 | INFO     | âš”ï¸  ENGAGING: Elite
2025-12-01 12:17:38 | INFO     | >>>>>>>>>>>>>>>>>>>>>>>>>>>>>>>>>>>>>>>>>>>>>>>>>>>>>>>>>>>>
2025-12-01 12:17:38 | DEBUG    |     Health check: 649 red pixels -> ALIVE
2025-12-01 12:17:38 | INFO     |   â†’ Skill 1: 1
2025-12-01 12:17:40 | DEBUG    |     Health check: 649 red pixels -> ALIVE
2025-12-01 12:17:40 | INFO     |   â†’ Skill 2: 2
2025-12-01 12:17:41 | DEBUG    |     Health check: 649 red pixels -> ALIVE
2025-12-01 12:17:41 | INFO     |   â†’ Skill 3: 3
2025-12-01 12:17:42 | DEBUG    |     Health check: 29 red pixels -> DEAD
2025-12-01 12:17:42 | INFO     |   âœ“ Mob DEAD after skill 3!
2025-12-01 12:17:42 | INFO     | <<<<<<<<<<<<<<<<<<<<<<<<<<<<<<<<<<<<<<<<<<<<<<<<<<<<<<<<<<<<
2025-12-01 12:17:42 | INFO     | ðŸ’€ Total kills: 1 | Skills saved: 1
2025-12-01 12:17:42 | INFO     | <<<<<<<<<<<<<<<<<<<<<<<<<<<<<<<<<<<<<<<<<<<<<<<<<<<<<<<<<<<<

2025-12-01 12:17:42 | INFO     | 
======================================================================
2025-12-01 12:17:42 | INFO     | CYCLE #100
2025-12-01 12:17:42 | INFO     | ======================================================================
2025-12-01 12:17:42 | DEBUG    | Detection at (978, 564): size=75x35, aspect=2.1
2025-12-01 12:17:42 | DEBUG    | Detection at (1066, 417): size=32x9, aspect=3.6
2025-12-01 12:17:42 | INFO     | Detected: 2 floating names
2025-12-01 12:17:42 | INFO     | â†’ Valid targets (after cache): 2
2025-12-01 12:17:42 | INFO     | â†’ Target priority (closest to farthest):
2025-12-01 12:17:42 | INFO     |    #1: Distance=30px from center
2025-12-01 12:17:42 | INFO     |    #2: Distance=162px from center
2025-12-01 12:17:42 | INFO     | 
  Verifying target #1 (D=30px)...
2025-12-01 12:17:42 | DEBUG    |     Clicking (978, 607)
2025-12-01 12:17:43 | DEBUG    |     Health check: 649 red pixels -> ALIVE
2025-12-01 12:17:43 | DEBUG    |     âœ“ Verified MOB in 1 attempts
2025-12-01 12:17:43 | INFO     |     âœ“ Elite | Status: ALIVE
2025-12-01 12:17:43 | INFO     | 
>>>>>>>>>>>>>>>>>>>>>>>>>>>>>>>>>>>>>>>>>>>>>>>>>>>>>>>>>>>>
2025-12-01 12:17:43 | INFO     | âš”ï¸  ENGAGING: Elite
2025-12-01 12:17:43 | INFO     | >>>>>>>>>>>>>>>>>>>>>>>>>>>>>>>>>>>>>>>>>>>>>>>>>>>>>>>>>>>>
2025-12-01 12:17:43 | DEBUG    |     Health check: 649 red pixels -> ALIVE
2025-12-01 12:17:43 | INFO     |   â†’ Skill 1: 1
2025-12-01 12:17:44 | DEBUG    |     Health check: 649 red pixels -> ALIVE
2025-12-01 12:17:44 | INFO     |   â†’ Skill 2: 2
2025-12-01 12:17:45 | DEBUG    |     Health check: 649 red pixels -> ALIVE
2025-12-01 12:17:45 | INFO     |   â†’ Skill 3: 3
2025-12-01 12:17:46 | DEBUG    |     Health check: 649 red pixels -> ALIVE
2025-12-01 12:17:46 | INFO     |   â†’ Skill 4: 4
2025-12-01 12:17:47 | DEBUG    |     Health check: 649 red pixels -> ALIVE
2025-12-01 12:17:47 | INFO     |   â„¹ï¸  Rotation complete (mob status unknown)
2025-12-01 12:17:47 | INFO     | <<<<<<<<<<<<<<<<<<<<<<<<<<<<<<<<<<<<<<<<<<<<<<<<<<<<<<<<<<<<
2025-12-01 12:17:47 | INFO     | ðŸ’€ Total kills: 2
2025-12-01 12:17:47 | INFO     | <<<<<<<<<<<<<<<<<<<<<<<<<<<<<<<<<<<<<<<<<<<<<<<<<<<<<<<<<<<<

2025-12-01 12:17:47 | INFO     | 
  Verifying target #2 (D=162px)...
2025-12-01 12:17:47 | DEBUG    |     Clicking (1066, 447)
2025-12-01 12:17:48 | DEBUG    |     Health check: 649 red pixels -> ALIVE
2025-12-01 12:17:48 | DEBUG    |     âœ“ Verified MOB in 1 attempts
2025-12-01 12:17:48 | INFO     |     âœ“ Elite | Status: ALIVE
2025-12-01 12:17:48 | INFO     | 
>>>>>>>>>>>>>>>>>>>>>>>>>>>>>>>>>>>>>>>>>>>>>>>>>>>>>>>>>>>>
2025-12-01 12:17:48 | INFO     | âš”ï¸  ENGAGING: Elite
2025-12-01 12:17:48 | INFO     | >>>>>>>>>>>>>>>>>>>>>>>>>>>>>>>>>>>>>>>>>>>>>>>>>>>>>>>>>>>>
2025-12-01 12:17:48 | DEBUG    |     Health check: 649 red pixels -> ALIVE
2025-12-01 12:17:48 | INFO     |   â†’ Skill 1: 1
2025-12-01 12:17:49 | DEBUG    |     Health check: 649 red pixels -> ALIVE
2025-12-01 12:17:49 | INFO     |   â†’ Skill 2: 2
2025-12-01 12:17:50 | DEBUG    |     Health check: 649 red pixels -> ALIVE
2025-12-01 12:17:50 | INFO     |   â†’ Skill 3: 3
2025-12-01 12:17:51 | DEBUG    |     Health check: 649 red pixels -> ALIVE
2025-12-01 12:17:51 | INFO     |   â†’ Skill 4: 4
2025-12-01 12:17:52 | DEBUG    |     Health check: 649 red pixels -> ALIVE
2025-12-01 12:17:52 | INFO     |   â„¹ï¸  Rotation complete (mob status unknown)
2025-12-01 12:17:52 | INFO     | <<<<<<<<<<<<<<<<<<<<<<<<<<<<<<<<<<<<<<<<<<<<<<<<<<<<<<<<<<<<
2025-12-01 12:17:52 | INFO     | ðŸ’€ Total kills: 3
2025-12-01 12:17:52 | INFO     | <<<<<<<<<<<<<<<<<<<<<<<<<<<<<<<<<<<<<<<<<<<<<<<<<<<<<<<<<<<<

2025-12-01 12:17:53 | INFO     | 
======================================================================
2025-12-01 12:17:53 | INFO     | CYCLE #101
2025-12-01 12:17:53 | INFO     | ======================================================================
2025-12-01 12:17:53 | DEBUG    | Detection at (660, 853): size=25x9, aspect=2.8
2025-12-01 12:17:53 | DEBUG    | Detection at (953, 550): size=47x9, aspect=5.2
2025-12-01 12:17:53 | DEBUG    | Detection at (1058, 453): size=37x18, aspect=2.1
2025-12-01 12:17:53 | DEBUG    | Detection at (1065, 417): size=37x9, aspect=4.1
2025-12-01 12:17:53 | DEBUG    | Detection at (1036, 137): size=53x9, aspect=5.9
2025-12-01 12:17:53 | DEBUG    | Detection at (922, 137): size=37x9, aspect=4.1
2025-12-01 12:17:53 | DEBUG    | Detection at (876, 137): size=45x9, aspect=5.0
2025-12-01 12:17:53 | INFO     | Detected: 7 floating names
2025-12-01 12:17:53 | INFO     | â†’ Valid targets (after cache): 7
2025-12-01 12:17:53 | INFO     | â†’ Target priority (closest to farthest):
2025-12-01 12:17:53 | INFO     |    #1: Distance=12px from center
2025-12-01 12:17:53 | INFO     |    #2: Distance=131px from center
2025-12-01 12:17:53 | INFO     |    #3: Distance=161px from center
2025-12-01 12:17:53 | INFO     |    #4: Distance=404px from center
2025-12-01 12:17:53 | INFO     |    #5: Distance=410px from center
2025-12-01 12:17:53 | INFO     | 
  Verifying target #1 (D=12px)...
2025-12-01 12:17:53 | DEBUG    |     Clicking (953, 580)
2025-12-01 12:17:53 | DEBUG    |     Health check: 0 red pixels -> DEAD
2025-12-01 12:17:53 | DEBUG    |     âœ“ Verified MOB in 1 attempts
2025-12-01 12:17:53 | INFO     |     âœ— Mob already DEAD
2025-12-01 12:17:53 | INFO     | 
  Verifying target #2 (D=131px)...
2025-12-01 12:17:53 | DEBUG    |     Clicking (1058, 487)
2025-12-01 12:17:53 | DEBUG    |     Health check: 649 red pixels -> ALIVE
2025-12-01 12:17:53 | DEBUG    |     âœ“ Verified MOB in 1 attempts
2025-12-01 12:17:53 | INFO     |     âœ“ Elite | Status: ALIVE
2025-12-01 12:17:53 | INFO     | 
>>>>>>>>>>>>>>>>>>>>>>>>>>>>>>>>>>>>>>>>>>>>>>>>>>>>>>>>>>>>
2025-12-01 12:17:53 | INFO     | âš”ï¸  ENGAGING: Elite
2025-12-01 12:17:53 | INFO     | >>>>>>>>>>>>>>>>>>>>>>>>>>>>>>>>>>>>>>>>>>>>>>>>>>>>>>>>>>>>
2025-12-01 12:17:54 | DEBUG    |     Health check: 649 red pixels -> ALIVE
2025-12-01 12:17:54 | INFO     |   â†’ Skill 1: 1
2025-12-01 12:17:55 | DEBUG    |     Health check: 649 red pixels -> ALIVE
2025-12-01 12:17:55 | INFO     |   â†’ Skill 2: 2
2025-12-01 12:17:56 | DEBUG    |     Health check: 649 red pixels -> ALIVE
2025-12-01 12:17:56 | INFO     |   â†’ Skill 3: 3
2025-12-01 12:17:57 | DEBUG    |     Health check: 649 red pixels -> ALIVE
2025-12-01 12:17:57 | INFO     |   â†’ Skill 4: 4
2025-12-01 12:17:58 | DEBUG    |     Health check: 649 red pixels -> ALIVE
2025-12-01 12:17:58 | INFO     |   â„¹ï¸  Rotation complete (mob status unknown)
2025-12-01 12:17:58 | INFO     | <<<<<<<<<<<<<<<<<<<<<<<<<<<<<<<<<<<<<<<<<<<<<<<<<<<<<<<<<<<<
2025-12-01 12:17:58 | INFO     | ðŸ’€ Total kills: 4
2025-12-01 12:17:58 | INFO     | <<<<<<<<<<<<<<<<<<<<<<<<<<<<<<<<<<<<<<<<<<<<<<<<<<<<<<<<<<<<

2025-12-01 12:17:58 | INFO     | 
  Verifying target #3 (D=161px)...
2025-12-01 12:17:58 | DEBUG    |     Clicking (1065, 447)
2025-12-01 12:17:58 | DEBUG    |     Health check: 649 red pixels -> ALIVE
2025-12-01 12:17:58 | DEBUG    |     âœ“ Verified MOB in 1 attempts
2025-12-01 12:17:58 | INFO     |     âœ“ Elite | Status: ALIVE
2025-12-01 12:17:58 | INFO     | 
>>>>>>>>>>>>>>>>>>>>>>>>>>>>>>>>>>>>>>>>>>>>>>>>>>>>>>>>>>>>
2025-12-01 12:17:58 | INFO     | âš”ï¸  ENGAGING: Elite
2025-12-01 12:17:58 | INFO     | >>>>>>>>>>>>>>>>>>>>>>>>>>>>>>>>>>>>>>>>>>>>>>>>>>>>>>>>>>>>
2025-12-01 12:17:58 | DEBUG    |     Health check: 649 red pixels -> ALIVE
2025-12-01 12:17:58 | INFO     |   â†’ Skill 1: 1
2025-12-01 12:18:00 | DEBUG    |     Health check: 649 red pixels -> ALIVE
2025-12-01 12:18:00 | INFO     |   â†’ Skill 2: 2
2025-12-01 12:18:01 | DEBUG    |     Health check: 649 red pixels -> ALIVE
2025-12-01 12:18:01 | INFO     |   â†’ Skill 3: 3
2025-12-01 12:18:02 | DEBUG    |     Health check: 649 red pixels -> ALIVE
2025-12-01 12:18:02 | INFO     |   â†’ Skill 4: 4
2025-12-01 12:18:03 | DEBUG    |     Health check: 649 red pixels -> ALIVE
2025-12-01 12:18:03 | INFO     |   â„¹ï¸  Rotation complete (mob status unknown)
2025-12-01 12:18:03 | INFO     | <<<<<<<<<<<<<<<<<<<<<<<<<<<<<<<<<<<<<<<<<<<<<<<<<<<<<<<<<<<<
2025-12-01 12:18:03 | INFO     | ðŸ’€ Total kills: 5
2025-12-01 12:18:03 | INFO     | <<<<<<<<<<<<<<<<<<<<<<<<<<<<<<<<<<<<<<<<<<<<<<<<<<<<<<<<<<<<

2025-12-01 12:18:03 | INFO     | 
======================================================================
2025-12-01 12:18:03 | INFO     | CYCLE #102
2025-12-01 12:18:03 | INFO     | ======================================================================
2025-12-01 12:18:03 | DEBUG    | Detection at (1271, 616): size=43x17, aspect=2.5
2025-12-01 12:18:03 | DEBUG    | Detection at (1310, 591): size=27x12, aspect=2.2
2025-12-01 12:18:03 | DEBUG    | Detection at (957, 511): size=45x9, aspect=5.0
2025-12-01 12:18:03 | DEBUG    | Detection at (1152, 462): size=49x26, aspect=1.9
2025-12-01 12:18:03 | DEBUG    | Detection at (1036, 137): size=53x9, aspect=5.9
2025-12-01 12:18:03 | DEBUG    | Detection at (922, 137): size=37x9, aspect=4.1
2025-12-01 12:18:03 | DEBUG    | Detection at (876, 137): size=45x9, aspect=5.0
2025-12-01 12:18:03 | INFO     | Detected: 7 floating names
2025-12-01 12:18:03 | INFO     | â†’ Valid targets (after cache): 7
2025-12-01 12:18:03 | INFO     | â†’ Target priority (closest to farthest):
2025-12-01 12:18:03 | INFO     |    #1: Distance=29px from center
2025-12-01 12:18:03 | INFO     |    #2: Distance=207px from center
2025-12-01 12:18:03 | INFO     |    #3: Distance=320px from center
2025-12-01 12:18:03 | INFO     |    #4: Distance=353px from center
2025-12-01 12:18:03 | INFO     |    #5: Distance=404px from center
2025-12-01 12:18:03 | INFO     | 
  Verifying target #1 (D=29px)...
2025-12-01 12:18:03 | DEBUG    |     Clicking (957, 541)
2025-12-01 12:18:04 | DEBUG    |     Health check: 651 red pixels -> ALIVE
2025-12-01 12:18:04 | DEBUG    |     âœ“ Verified MOB in 1 attempts
2025-12-01 12:18:04 | INFO     |     âœ“ Elite | Status: ALIVE
2025-12-01 12:18:04 | INFO     | 
>>>>>>>>>>>>>>>>>>>>>>>>>>>>>>>>>>>>>>>>>>>>>>>>>>>>>>>>>>>>
2025-12-01 12:18:04 | INFO     | âš”ï¸  ENGAGING: Elite
2025-12-01 12:18:04 | INFO     | >>>>>>>>>>>>>>>>>>>>>>>>>>>>>>>>>>>>>>>>>>>>>>>>>>>>>>>>>>>>
2025-12-01 12:18:04 | DEBUG    |     Health check: 652 red pixels -> ALIVE
2025-12-01 12:18:04 | INFO     |   â†’ Skill 1: 1
2025-12-01 12:18:05 | DEBUG    |     Health check: 649 red pixels -> ALIVE
2025-12-01 12:18:05 | INFO     |   â†’ Skill 2: 2
2025-12-01 12:18:06 | DEBUG    |     Health check: 649 red pixels -> ALIVE
2025-12-01 12:18:06 | INFO     |   â†’ Skill 3: 3
2025-12-01 12:18:07 | DEBUG    |     Health check: 649 red pixels -> ALIVE
2025-12-01 12:18:07 | INFO     |   â†’ Skill 4: 4
2025-12-01 12:18:08 | DEBUG    |     Health check: 649 red pixels -> ALIVE
2025-12-01 12:18:08 | INFO     |   â„¹ï¸  Rotation complete (mob status unknown)
2025-12-01 12:18:08 | INFO     | <<<<<<<<<<<<<<<<<<<<<<<<<<<<<<<<<<<<<<<<<<<<<<<<<<<<<<<<<<<<
2025-12-01 12:18:08 | INFO     | ðŸ’€ Total kills: 6
2025-12-01 12:18:08 | INFO     | <<<<<<<<<<<<<<<<<<<<<<<<<<<<<<<<<<<<<<<<<<<<<<<<<<<<<<<<<<<<

2025-12-01 12:18:08 | INFO     | 
  Verifying target #2 (D=207px)...
2025-12-01 12:18:08 | DEBUG    |     Clicking (1152, 500)
2025-12-01 12:18:09 | DEBUG    |     Health check: 651 red pixels -> ALIVE
2025-12-01 12:18:09 | DEBUG    |     âœ“ Verified MOB in 1 attempts
2025-12-01 12:18:09 | INFO     |     âœ“ Elite | Status: ALIVE
2025-12-01 12:18:09 | INFO     | 
>>>>>>>>>>>>>>>>>>>>>>>>>>>>>>>>>>>>>>>>>>>>>>>>>>>>>>>>>>>>
2025-12-01 12:18:09 | INFO     | âš”ï¸  ENGAGING: Elite
2025-12-01 12:18:09 | INFO     | >>>>>>>>>>>>>>>>>>>>>>>>>>>>>>>>>>>>>>>>>>>>>>>>>>>>>>>>>>>>
2025-12-01 12:18:09 | DEBUG    |     Health check: 649 red pixels -> ALIVE
2025-12-01 12:18:09 | INFO     |   â†’ Skill 1: 1
2025-12-01 12:18:10 | DEBUG    |     Health check: 649 red pixels -> ALIVE
2025-12-01 12:18:10 | INFO     |   â†’ Skill 2: 2
2025-12-01 12:18:11 | DEBUG    |     Health check: 649 red pixels -> ALIVE
2025-12-01 12:18:11 | INFO     |   â†’ Skill 3: 3
2025-12-01 12:18:12 | DEBUG    |     Health check: 0 red pixels -> DEAD
2025-12-01 12:18:12 | INFO     |   âœ“ Mob DEAD after skill 3!
2025-12-01 12:18:12 | INFO     | <<<<<<<<<<<<<<<<<<<<<<<<<<<<<<<<<<<<<<<<<<<<<<<<<<<<<<<<<<<<
2025-12-01 12:18:12 | INFO     | ðŸ’€ Total kills: 7 | Skills saved: 1
2025-12-01 12:18:12 | INFO     | <<<<<<<<<<<<<<<<<<<<<<<<<<<<<<<<<<<<<<<<<<<<<<<<<<<<<<<<<<<<

2025-12-01 12:18:12 | INFO     | 
  Verifying target #3 (D=320px)...
2025-12-01 12:18:12 | DEBUG    |     Clicking (1271, 650)
2025-12-01 12:18:13 | DEBUG    |     Health check: 0 red pixels -> DEAD
2025-12-01 12:18:13 | DEBUG    |     âœ“ Verified MOB in 1 attempts
2025-12-01 12:18:13 | INFO     |     âœ— Mob already DEAD
2025-12-01 12:18:13 | INFO     | 
â¸ï¸  PAUSED - Press CapsLock to resume

2025-12-01 12:18:20 | INFO     | 

â›” Bot stopped by user
2025-12-01 12:18:20 | INFO     | 
======================================================================
2025-12-01 12:18:20 | INFO     | FINAL STATISTICS
2025-12-01 12:18:20 | INFO     | ======================================================================
2025-12-01 12:18:20 | INFO     | Total Cycles: 102
2025-12-01 12:18:20 | INFO     | Total Clicks: 48
2025-12-01 12:18:20 | INFO     | Verified Mobs: 48
2025-12-01 12:18:20 | INFO     | Filtered Pets: 0
2025-12-01 12:18:20 | INFO     | Total Kills: 7
2025-12-01 12:18:20 | INFO     | Early Stops: 2 (stopped rotation early due to death)
2025-12-01 12:18:20 | INFO     | Skills Used: 26
2025-12-01 12:18:20 | INFO     | Avg Skills/Kill: 3.7
2025-12-01 12:18:20 | INFO     | Uptime: 99s (1m 39s)
2025-12-01 12:18:20 | INFO     | Cache Hit Rate: 44.4%
2025-12-01 12:18:20 | INFO     | ======================================================================
