2025-12-10 22:29:27 | INFO     | ======================================================================
2025-12-10 22:29:27 | INFO     | MOB HUNTER v3.0 - CENTER-OUT + BINARY HEALTH
2025-12-10 22:29:27 | INFO     | ======================================================================
2025-12-10 22:29:27 | INFO     | Log directory: logs/session_20251210_222927
2025-12-10 22:29:27 | INFO     | Screen: 1920x1080
2025-12-10 22:29:27 | INFO     | Strategy: Attack closest to center first
2025-12-10 22:29:27 | INFO     | Health: Binary (ALIVE/DEAD) detection
2025-12-10 22:29:27 | INFO     | Pet Filter: Via nameplate class detection
2025-12-10 22:29:27 | INFO     | ======================================================================
2025-12-10 22:29:27 | INFO     | 
🚀 Bot started! Press Ctrl+C to stop.

2025-12-10 22:29:27 | INFO     | 💡 Controls: CapsLock = Pause/Resume | O = Toggle Overlay

2025-12-10 22:29:27 | INFO     | ⌨️  Global keyboard listener active (works in any window)

2025-12-10 22:29:27 | INFO     | 📋 Configuration:
2025-12-10 22:29:27 | INFO     |    Death Detection: ✅ Enabled
2025-12-10 22:29:27 | INFO     |    Death Screenshots: ✅ Enabled
2025-12-10 22:29:27 | INFO     |    Error Screenshots: ✅ Enabled
2025-12-10 22:29:27 | INFO     |    Periodic Screenshots: ❌ Disabled
2025-12-10 22:29:27 | INFO     |    Buffer Interval: 120s
2025-12-10 22:29:27 | INFO     |    Overlay: ✅ Enabled
2025-12-10 22:29:27 | INFO     | 
2025-12-10 22:29:27 | INFO     | 🖥️  Click-through overlay starting...
2025-12-10 22:29:27 | INFO     | 
Running INITIAL buffer sequence...
2025-12-10 22:29:27 | INFO     | 
============================================================
2025-12-10 22:29:27 | INFO     | RUNNING BUFFER SEQUENCE
2025-12-10 22:29:27 | INFO     | ============================================================
2025-12-10 22:29:27 | INFO     |   [1/6] Pressing: F2
2025-12-10 22:29:27 | INFO     |   [2/6] Pressing: 1
2025-12-10 22:29:27 | INFO     |   [3/6] Pressing: 2
2025-12-10 22:29:28 | INFO     |       Waiting 1.0s...
2025-12-10 22:29:28 | INFO     | ✅ Overlay is now CLICK-THROUGH and transparent
2025-12-10 22:29:29 | INFO     |   [4/6] Pressing: 3
2025-12-10 22:29:29 | INFO     |       Waiting 1.0s...
2025-12-10 22:29:30 | INFO     |   [5/6] Pressing: 4
2025-12-10 22:29:30 | INFO     |       Waiting 1.0s...
2025-12-10 22:29:31 | INFO     |   [6/6] Pressing: F1
2025-12-10 22:29:31 | INFO     | ============================================================
2025-12-10 22:29:31 | INFO     | Buffer sequence complete (Total: 1)
2025-12-10 22:29:31 | INFO     | Next buffer in 120s (2m)
2025-12-10 22:29:31 | INFO     | ============================================================

2025-12-10 22:29:31 | INFO     | 
======================================================================
2025-12-10 22:29:31 | INFO     | CYCLE #1
2025-12-10 22:29:31 | INFO     | ======================================================================
2025-12-10 22:29:31 | DEBUG    | Death detection: Gold=619, Dark=64225, Brown=115, White=605
2025-12-10 22:29:31 | INFO     | Detected: 6 floating names
2025-12-10 22:29:31 | DEBUG    |   Name #6: Cached, skipping
2025-12-10 22:29:31 | INFO     | → Valid targets (after cache): 5
2025-12-10 22:29:31 | INFO     | → Target priority (closest to farthest):
2025-12-10 22:29:31 | INFO     |    #1: Distance=175px from center
2025-12-10 22:29:31 | INFO     |    #2: Distance=230px from center
2025-12-10 22:29:31 | INFO     |    #3: Distance=836px from center
2025-12-10 22:29:31 | INFO     |    #4: Distance=883px from center
2025-12-10 22:29:31 | INFO     |    #5: Distance=924px from center
2025-12-10 22:29:31 | INFO     | 
  Verifying target #1 (D=175px)...
2025-12-10 22:29:31 | DEBUG    |     Clicking (842, 440)
2025-12-10 22:29:31 | DEBUG    |     Health check: 649 red pixels -> ALIVE
2025-12-10 22:29:31 | DEBUG    |     ✓ Verified MOB in 1 attempts
2025-12-10 22:29:31 | INFO     |     ✓ Unique | Status: ALIVE
2025-12-10 22:29:31 | INFO     | 
>>>>>>>>>>>>>>>>>>>>>>>>>>>>>>>>>>>>>>>>>>>>>>>>>>>>>>>>>>>>
2025-12-10 22:29:31 | INFO     | ⚔️  ENGAGING: Unique
2025-12-10 22:29:31 | INFO     | >>>>>>>>>>>>>>>>>>>>>>>>>>>>>>>>>>>>>>>>>>>>>>>>>>>>>>>>>>>>
2025-12-10 22:29:31 | DEBUG    |     Health check: 649 red pixels -> ALIVE
2025-12-10 22:29:31 | INFO     |   → Skill 1: 1
2025-12-10 22:29:33 | DEBUG    |     Health check: 649 red pixels -> ALIVE
2025-12-10 22:29:33 | INFO     |   → Skill 2: 2
2025-12-10 22:29:34 | DEBUG    |     Health check: 649 red pixels -> ALIVE
2025-12-10 22:29:34 | INFO     |   → Skill 3: 3
2025-12-10 22:29:35 | DEBUG    |     Health check: 336 red pixels -> ALIVE
2025-12-10 22:29:35 | INFO     |   → Skill 4: 4
2025-12-10 22:29:36 | DEBUG    |     Health check: 240 red pixels -> ALIVE
2025-12-10 22:29:36 | INFO     |   ℹ️  Rotation complete (mob status unknown)
2025-12-10 22:29:36 | INFO     | <<<<<<<<<<<<<<<<<<<<<<<<<<<<<<<<<<<<<<<<<<<<<<<<<<<<<<<<<<<<
2025-12-10 22:29:36 | INFO     | 💀 Total kills: 1
2025-12-10 22:29:36 | INFO     | <<<<<<<<<<<<<<<<<<<<<<<<<<<<<<<<<<<<<<<<<<<<<<<<<<<<<<<<<<<<

2025-12-10 22:29:36 | INFO     | 
  Verifying target #2 (D=230px)...
2025-12-10 22:29:36 | DEBUG    |     Clicking (917, 344)
2025-12-10 22:29:36 | DEBUG    |     Health check: 240 red pixels -> ALIVE
2025-12-10 22:29:36 | DEBUG    |     ✓ Verified MOB in 1 attempts
2025-12-10 22:29:36 | INFO     |     ✓ Unique | Status: ALIVE
2025-12-10 22:29:36 | INFO     | 
>>>>>>>>>>>>>>>>>>>>>>>>>>>>>>>>>>>>>>>>>>>>>>>>>>>>>>>>>>>>
2025-12-10 22:29:36 | INFO     | ⚔️  ENGAGING: Unique
2025-12-10 22:29:36 | INFO     | >>>>>>>>>>>>>>>>>>>>>>>>>>>>>>>>>>>>>>>>>>>>>>>>>>>>>>>>>>>>
2025-12-10 22:29:36 | DEBUG    |     Health check: 240 red pixels -> ALIVE
2025-12-10 22:29:36 | INFO     |   → Skill 1: 1
2025-12-10 22:29:38 | DEBUG    |     Health check: 29 red pixels -> DEAD
2025-12-10 22:29:38 | INFO     |   ✓ Mob DEAD after skill 1!
2025-12-10 22:29:38 | INFO     | <<<<<<<<<<<<<<<<<<<<<<<<<<<<<<<<<<<<<<<<<<<<<<<<<<<<<<<<<<<<
2025-12-10 22:29:38 | INFO     | 💀 Total kills: 2 | Skills saved: 3
2025-12-10 22:29:38 | INFO     | <<<<<<<<<<<<<<<<<<<<<<<<<<<<<<<<<<<<<<<<<<<<<<<<<<<<<<<<<<<<

2025-12-10 22:29:38 | INFO     | 
  Verifying target #3 (D=836px)...
2025-12-10 22:29:38 | DEBUG    |     Clicking (192, 902)
2025-12-10 22:29:38 | DEBUG    |     Health check: 29 red pixels -> DEAD
2025-12-10 22:29:38 | DEBUG    |     ✓ Verified MOB in 1 attempts
2025-12-10 22:29:38 | INFO     |     ✗ Mob already DEAD
2025-12-10 22:29:38 | INFO     | 
======================================================================
2025-12-10 22:29:38 | INFO     | CYCLE #2
2025-12-10 22:29:38 | INFO     | ======================================================================
2025-12-10 22:29:38 | DEBUG    | Death detection: Gold=454, Dark=68287, Brown=25, White=505
2025-12-10 22:29:38 | INFO     | Detected: 11 floating names
2025-12-10 22:29:38 | DEBUG    |   Name #9: Cached, skipping
2025-12-10 22:29:38 | INFO     | → Valid targets (after cache): 10
2025-12-10 22:29:38 | INFO     | → Target priority (closest to farthest):
2025-12-10 22:29:38 | INFO     |    #1: Distance=96px from center
2025-12-10 22:29:38 | INFO     |    #2: Distance=306px from center
2025-12-10 22:29:38 | INFO     |    #3: Distance=339px from center
2025-12-10 22:29:38 | INFO     |    #4: Distance=364px from center
2025-12-10 22:29:38 | INFO     |    #5: Distance=373px from center
2025-12-10 22:29:38 | INFO     | 
  Verifying target #1 (D=96px)...
2025-12-10 22:29:38 | DEBUG    |     Clicking (917, 491)
2025-12-10 22:29:39 | DEBUG    |     Health check: 29 red pixels -> DEAD
2025-12-10 22:29:39 | DEBUG    |     ✓ Verified MOB in 1 attempts
2025-12-10 22:29:39 | INFO     |     ✗ Mob already DEAD
2025-12-10 22:29:39 | INFO     | 
  Verifying target #2 (D=306px)...
2025-12-10 22:29:39 | DEBUG    |     Clicking (1231, 426)
2025-12-10 22:29:39 | DEBUG    |     Health check: 0 red pixels -> DEAD
2025-12-10 22:29:39 | DEBUG    |     ✓ Verified MOB in 1 attempts
2025-12-10 22:29:39 | INFO     |     ✗ Mob already DEAD
2025-12-10 22:29:39 | INFO     | 
  Verifying target #3 (D=339px)...
2025-12-10 22:29:39 | DEBUG    |     Clicking (1153, 291)
2025-12-10 22:29:40 | DEBUG    |     Health check: 0 red pixels -> DEAD
2025-12-10 22:29:40 | DEBUG    |     ✓ Verified MOB in 1 attempts
2025-12-10 22:29:40 | INFO     |     ✗ Mob already DEAD
2025-12-10 22:29:40 | INFO     | 
======================================================================
2025-12-10 22:29:40 | INFO     | CYCLE #3
2025-12-10 22:29:40 | INFO     | ======================================================================
2025-12-10 22:29:40 | DEBUG    | Death detection: Gold=377, Dark=68319, Brown=0, White=601
2025-12-10 22:29:40 | INFO     | Detected: 10 floating names
2025-12-10 22:29:40 | DEBUG    |   Name #8: Cached, skipping
2025-12-10 22:29:40 | DEBUG    |   Name #9: Cached, skipping
2025-12-10 22:29:40 | INFO     | → Valid targets (after cache): 8
2025-12-10 22:29:40 | INFO     | → Target priority (closest to farthest):
2025-12-10 22:29:40 | INFO     |    #1: Distance=33px from center
2025-12-10 22:29:40 | INFO     |    #2: Distance=92px from center
2025-12-10 22:29:40 | INFO     |    #3: Distance=161px from center
2025-12-10 22:29:40 | INFO     |    #4: Distance=189px from center
2025-12-10 22:29:40 | INFO     |    #5: Distance=260px from center
2025-12-10 22:29:40 | INFO     | 
  Verifying target #1 (D=33px)...
2025-12-10 22:29:40 | DEBUG    |     Clicking (939, 544)
2025-12-10 22:29:40 | DEBUG    |     Health check: 0 red pixels -> DEAD
2025-12-10 22:29:40 | DEBUG    |     ✓ Verified MOB in 1 attempts
2025-12-10 22:29:40 | INFO     |     ✗ Mob already DEAD
2025-12-10 22:29:40 | INFO     | 
  Verifying target #2 (D=92px)...
2025-12-10 22:29:40 | DEBUG    |     Clicking (979, 484)
2025-12-10 22:29:41 | DEBUG    |     Health check: 0 red pixels -> DEAD
2025-12-10 22:29:41 | DEBUG    |     ✓ Verified MOB in 1 attempts
2025-12-10 22:29:41 | INFO     |     ✗ Mob already DEAD
2025-12-10 22:29:41 | INFO     | 
  Verifying target #3 (D=161px)...
2025-12-10 22:29:41 | DEBUG    |     Clicking (1112, 624)
2025-12-10 22:29:41 | DEBUG    |     Health check: 0 red pixels -> DEAD
2025-12-10 22:29:41 | DEBUG    |     ✓ Verified MOB in 1 attempts
2025-12-10 22:29:41 | INFO     |     ✗ Mob already DEAD
2025-12-10 22:29:42 | INFO     | 
======================================================================
2025-12-10 22:29:42 | INFO     | CYCLE #4
2025-12-10 22:29:42 | INFO     | ======================================================================
2025-12-10 22:29:42 | DEBUG    | Death detection: Gold=487, Dark=68868, Brown=0, White=612
2025-12-10 22:29:42 | INFO     | Detected: 9 floating names
2025-12-10 22:29:42 | DEBUG    |   Name #2: Cached, skipping
2025-12-10 22:29:42 | DEBUG    |   Name #8: Cached, skipping
2025-12-10 22:29:42 | DEBUG    |   Name #9: Cached, skipping
2025-12-10 22:29:42 | INFO     | → Valid targets (after cache): 6
2025-12-10 22:29:42 | INFO     | → Target priority (closest to farthest):
2025-12-10 22:29:42 | INFO     |    #1: Distance=190px from center
2025-12-10 22:29:42 | INFO     |    #2: Distance=222px from center
2025-12-10 22:29:42 | INFO     |    #3: Distance=373px from center
2025-12-10 22:29:42 | INFO     |    #4: Distance=379px from center
2025-12-10 22:29:42 | INFO     |    #5: Distance=385px from center
2025-12-10 22:29:42 | INFO     | 
  Verifying target #1 (D=190px)...
2025-12-10 22:29:42 | DEBUG    |     Clicking (771, 550)
2025-12-10 22:29:42 | DEBUG    |     Health check: 0 red pixels -> DEAD
2025-12-10 22:29:42 | DEBUG    |     ✓ Verified MOB in 1 attempts
2025-12-10 22:29:42 | INFO     |     ✗ Mob already DEAD
2025-12-10 22:29:42 | INFO     | 
  Verifying target #2 (D=222px)...
2025-12-10 22:29:42 | DEBUG    |     Clicking (815, 401)
2025-12-10 22:29:42 | DEBUG    |     Health check: 0 red pixels -> DEAD
2025-12-10 22:29:42 | DEBUG    |     ✓ Verified MOB in 1 attempts
2025-12-10 22:29:42 | INFO     |     ✗ Mob already DEAD
2025-12-10 22:29:42 | INFO     | 
  Verifying target #3 (D=373px)...
2025-12-10 22:29:42 | DEBUG    |     Clicking (937, 197)
2025-12-10 22:29:43 | DEBUG    |     Health check: 0 red pixels -> DEAD
2025-12-10 22:29:43 | DEBUG    |     ✓ Verified MOB in 1 attempts
2025-12-10 22:29:43 | INFO     |     ✗ Mob already DEAD
2025-12-10 22:29:43 | INFO     | 
======================================================================
2025-12-10 22:29:43 | INFO     | CYCLE #5
2025-12-10 22:29:43 | INFO     | ======================================================================
2025-12-10 22:29:43 | DEBUG    | Death detection: Gold=373, Dark=67847, Brown=0, White=542
2025-12-10 22:29:43 | WARNING  | ⚠️  STUCK DETECTED (Scenario 1): No target for 5.6s
2025-12-10 22:29:43 | INFO     | 
======================================================================
2025-12-10 22:29:43 | INFO     | 🔧 ANTI-STUCK RECOVERY ACTIVATED
2025-12-10 22:29:43 | INFO     | ======================================================================
2025-12-10 22:29:43 | INFO     | Scenario: 1
2025-12-10 22:29:43 | INFO     | Total recoveries: 1
2025-12-10 22:29:43 | INFO     | Action: Right-click drag (horizontal movement)
2025-12-10 22:29:47 | INFO     | ✓ Horizontal drag completed
2025-12-10 22:29:47 | INFO     | ======================================================================

2025-12-10 22:29:47 | INFO     | ✅ Stuck recovery completed - resuming hunting
2025-12-10 22:29:48 | INFO     | 
======================================================================
2025-12-10 22:29:48 | INFO     | CYCLE #6
2025-12-10 22:29:48 | INFO     | ======================================================================
2025-12-10 22:29:48 | DEBUG    | Death detection: Gold=552, Dark=65879, Brown=73, White=1029
2025-12-10 22:29:48 | INFO     | Detected: 7 floating names
2025-12-10 22:29:48 | DEBUG    |   Name #5: Cached, skipping
2025-12-10 22:29:48 | INFO     | → Valid targets (after cache): 6
2025-12-10 22:29:48 | INFO     | → Target priority (closest to farthest):
2025-12-10 22:29:48 | INFO     |    #1: Distance=22px from center
2025-12-10 22:29:48 | INFO     |    #2: Distance=94px from center
2025-12-10 22:29:48 | INFO     |    #3: Distance=475px from center
2025-12-10 22:29:48 | INFO     |    #4: Distance=836px from center
2025-12-10 22:29:48 | INFO     |    #5: Distance=883px from center
2025-12-10 22:29:48 | INFO     | 
  Verifying target #1 (D=22px)...
2025-12-10 22:29:48 | DEBUG    |     Clicking (946, 561)
2025-12-10 22:29:48 | DEBUG    |     Health check: 0 red pixels -> DEAD
2025-12-10 22:29:48 | DEBUG    |     ✓ Verified MOB in 1 attempts
2025-12-10 22:29:48 | INFO     |     ✗ Mob already DEAD
2025-12-10 22:29:48 | INFO     | 
  Verifying target #2 (D=94px)...
2025-12-10 22:29:48 | DEBUG    |     Clicking (919, 491)
2025-12-10 22:29:49 | DEBUG    |     Health check: 0 red pixels -> DEAD
2025-12-10 22:29:49 | DEBUG    |     ✓ Verified MOB in 1 attempts
2025-12-10 22:29:49 | INFO     |     ✗ Mob already DEAD
2025-12-10 22:29:49 | INFO     | 
  Verifying target #3 (D=475px)...
2025-12-10 22:29:49 | DEBUG    |     Clicking (1392, 371)
2025-12-10 22:29:49 | DEBUG    |     Health check: 649 red pixels -> ALIVE
2025-12-10 22:29:49 | DEBUG    |     ✓ Verified MOB in 1 attempts
2025-12-10 22:29:49 | INFO     |     ✓ Unique | Status: ALIVE
2025-12-10 22:29:49 | INFO     | 
>>>>>>>>>>>>>>>>>>>>>>>>>>>>>>>>>>>>>>>>>>>>>>>>>>>>>>>>>>>>
2025-12-10 22:29:49 | INFO     | ⚔️  ENGAGING: Unique
2025-12-10 22:29:49 | INFO     | >>>>>>>>>>>>>>>>>>>>>>>>>>>>>>>>>>>>>>>>>>>>>>>>>>>>>>>>>>>>
2025-12-10 22:29:49 | DEBUG    |     Health check: 649 red pixels -> ALIVE
2025-12-10 22:29:49 | INFO     |   → Skill 1: 1
2025-12-10 22:29:50 | DEBUG    |     Health check: 649 red pixels -> ALIVE
2025-12-10 22:29:50 | INFO     |   → Skill 2: 2
2025-12-10 22:29:51 | DEBUG    |     Health check: 649 red pixels -> ALIVE
2025-12-10 22:29:51 | INFO     |   → Skill 3: 3
2025-12-10 22:29:52 | DEBUG    |     Health check: 255 red pixels -> ALIVE
2025-12-10 22:29:52 | INFO     |   → Skill 4: 4
2025-12-10 22:29:54 | DEBUG    |     Health check: 255 red pixels -> ALIVE
2025-12-10 22:29:54 | INFO     |   ℹ️  Rotation complete (mob status unknown)
2025-12-10 22:29:54 | INFO     | <<<<<<<<<<<<<<<<<<<<<<<<<<<<<<<<<<<<<<<<<<<<<<<<<<<<<<<<<<<<
2025-12-10 22:29:54 | INFO     | 💀 Total kills: 3
2025-12-10 22:29:54 | INFO     | <<<<<<<<<<<<<<<<<<<<<<<<<<<<<<<<<<<<<<<<<<<<<<<<<<<<<<<<<<<<

2025-12-10 22:29:54 | INFO     | 
======================================================================
2025-12-10 22:29:54 | INFO     | CYCLE #7
2025-12-10 22:29:54 | INFO     | ======================================================================
2025-12-10 22:29:54 | DEBUG    | Death detection: Gold=317, Dark=69365, Brown=2, White=571
2025-12-10 22:29:54 | INFO     | Detected: 6 floating names
2025-12-10 22:29:54 | DEBUG    |   Name #6: Cached, skipping
2025-12-10 22:29:54 | INFO     | → Valid targets (after cache): 5
2025-12-10 22:29:54 | INFO     | → Target priority (closest to farthest):
2025-12-10 22:29:54 | INFO     |    #1: Distance=88px from center
2025-12-10 22:29:54 | INFO     |    #2: Distance=94px from center
2025-12-10 22:29:54 | INFO     |    #3: Distance=357px from center
2025-12-10 22:29:54 | INFO     |    #4: Distance=390px from center
2025-12-10 22:29:54 | INFO     |    #5: Distance=426px from center
2025-12-10 22:29:54 | INFO     | 
  Verifying target #1 (D=88px)...
2025-12-10 22:29:54 | DEBUG    |     Clicking (966, 482)
2025-12-10 22:29:54 | DEBUG    |     Health check: 255 red pixels -> ALIVE
2025-12-10 22:29:54 | DEBUG    |     ✓ Verified MOB in 1 attempts
2025-12-10 22:29:54 | INFO     |     ✓ Unique | Status: ALIVE
2025-12-10 22:29:54 | INFO     | 
>>>>>>>>>>>>>>>>>>>>>>>>>>>>>>>>>>>>>>>>>>>>>>>>>>>>>>>>>>>>
2025-12-10 22:29:54 | INFO     | ⚔️  ENGAGING: Unique
2025-12-10 22:29:54 | INFO     | >>>>>>>>>>>>>>>>>>>>>>>>>>>>>>>>>>>>>>>>>>>>>>>>>>>>>>>>>>>>
2025-12-10 22:29:54 | DEBUG    |     Health check: 255 red pixels -> ALIVE
2025-12-10 22:29:54 | INFO     |   → Skill 1: 1
2025-12-10 22:29:56 | DEBUG    |     Health check: 29 red pixels -> DEAD
2025-12-10 22:29:56 | INFO     |   ✓ Mob DEAD after skill 1!
2025-12-10 22:29:56 | INFO     | <<<<<<<<<<<<<<<<<<<<<<<<<<<<<<<<<<<<<<<<<<<<<<<<<<<<<<<<<<<<
2025-12-10 22:29:56 | INFO     | 💀 Total kills: 4 | Skills saved: 3
2025-12-10 22:29:56 | INFO     | <<<<<<<<<<<<<<<<<<<<<<<<<<<<<<<<<<<<<<<<<<<<<<<<<<<<<<<<<<<<

2025-12-10 22:29:56 | INFO     | 
  Verifying target #2 (D=94px)...
2025-12-10 22:29:56 | DEBUG    |     Clicking (919, 489)
2025-12-10 22:29:56 | DEBUG    |     Health check: 29 red pixels -> DEAD
2025-12-10 22:29:56 | DEBUG    |     ✓ Verified MOB in 1 attempts
2025-12-10 22:29:56 | INFO     |     ✗ Mob already DEAD
2025-12-10 22:29:56 | INFO     | 
  Verifying target #3 (D=357px)...
2025-12-10 22:29:56 | DEBUG    |     Clicking (1216, 320)
2025-12-10 22:29:56 | DEBUG    |     Health check: 29 red pixels -> DEAD
2025-12-10 22:29:56 | DEBUG    |     ✓ Verified MOB in 1 attempts
2025-12-10 22:29:56 | INFO     |     ✗ Mob already DEAD
2025-12-10 22:29:57 | INFO     | 
======================================================================
2025-12-10 22:29:57 | INFO     | CYCLE #8
2025-12-10 22:29:57 | INFO     | ======================================================================
2025-12-10 22:29:57 | DEBUG    | Death detection: Gold=335, Dark=69082, Brown=0, White=389
2025-12-10 22:29:57 | INFO     | Detected: 14 floating names
2025-12-10 22:29:57 | DEBUG    |   Name #13: Cached, skipping
2025-12-10 22:29:57 | DEBUG    |   Name #14: Cached, skipping
2025-12-10 22:29:57 | INFO     | → Valid targets (after cache): 12
2025-12-10 22:29:57 | INFO     | → Target priority (closest to farthest):
2025-12-10 22:29:57 | INFO     |    #1: Distance=96px from center
2025-12-10 22:29:57 | INFO     |    #2: Distance=168px from center
2025-12-10 22:29:57 | INFO     |    #3: Distance=188px from center
2025-12-10 22:29:57 | INFO     |    #4: Distance=189px from center
2025-12-10 22:29:57 | INFO     |    #5: Distance=212px from center
2025-12-10 22:29:57 | INFO     | 
  Verifying target #1 (D=96px)...
2025-12-10 22:29:57 | DEBUG    |     Clicking (1013, 498)
2025-12-10 22:29:57 | DEBUG    |     Health check: 29 red pixels -> DEAD
2025-12-10 22:29:57 | DEBUG    |     ✓ Verified MOB in 1 attempts
2025-12-10 22:29:57 | INFO     |     ✗ Mob already DEAD
2025-12-10 22:29:57 | INFO     | 
  Verifying target #2 (D=168px)...
2025-12-10 22:29:57 | DEBUG    |     Clicking (1030, 723)
2025-12-10 22:29:58 | DEBUG    |     Health check: 29 red pixels -> DEAD
2025-12-10 22:29:58 | DEBUG    |     ✓ Verified MOB in 1 attempts
2025-12-10 22:29:58 | INFO     |     ✗ Mob already DEAD
2025-12-10 22:29:58 | INFO     | 
  Verifying target #3 (D=188px)...
2025-12-10 22:29:58 | DEBUG    |     Clicking (1114, 678)
2025-12-10 22:29:58 | DEBUG    |     Health check: 29 red pixels -> DEAD
2025-12-10 22:29:58 | DEBUG    |     ✓ Verified MOB in 1 attempts
2025-12-10 22:29:58 | INFO     |     ✗ Mob already DEAD
2025-12-10 22:29:58 | INFO     | 
======================================================================
2025-12-10 22:29:58 | INFO     | CYCLE #9
2025-12-10 22:29:58 | INFO     | ======================================================================
2025-12-10 22:29:58 | DEBUG    | Death detection: Gold=493, Dark=69057, Brown=83, White=692
2025-12-10 22:29:58 | INFO     | Detected: 5 floating names
2025-12-10 22:29:58 | DEBUG    |   Name #5: Cached, skipping
2025-12-10 22:29:58 | INFO     | → Valid targets (after cache): 4
2025-12-10 22:29:58 | INFO     | → Target priority (closest to farthest):
2025-12-10 22:29:58 | INFO     |    #1: Distance=131px from center
2025-12-10 22:29:58 | INFO     |    #2: Distance=194px from center
2025-12-10 22:29:58 | INFO     |    #3: Distance=235px from center
2025-12-10 22:29:58 | INFO     |    #4: Distance=308px from center
2025-12-10 22:29:58 | INFO     | 
  Verifying target #1 (D=131px)...
2025-12-10 22:29:58 | DEBUG    |     Clicking (834, 534)
2025-12-10 22:29:59 | DEBUG    |     Health check: 0 red pixels -> DEAD
2025-12-10 22:29:59 | DEBUG    |     ✓ Verified MOB in 1 attempts
2025-12-10 22:29:59 | INFO     |     ✗ Mob already DEAD
2025-12-10 22:29:59 | INFO     | 
  Verifying target #2 (D=194px)...
2025-12-10 22:29:59 | DEBUG    |     Clicking (766, 554)
2025-12-10 22:29:59 | DEBUG    |     Health check: 0 red pixels -> DEAD
2025-12-10 22:29:59 | DEBUG    |     ✓ Verified MOB in 1 attempts
2025-12-10 22:29:59 | INFO     |     ✗ Mob already DEAD
2025-12-10 22:29:59 | INFO     | 
  Verifying target #3 (D=235px)...
2025-12-10 22:29:59 | DEBUG    |     Clicking (725, 554)
2025-12-10 22:30:00 | DEBUG    |     Health check: 0 red pixels -> DEAD
2025-12-10 22:30:00 | DEBUG    |     ✓ Verified MOB in 1 attempts
2025-12-10 22:30:00 | INFO     |     ✗ Mob already DEAD
2025-12-10 22:30:00 | INFO     | 
======================================================================
2025-12-10 22:30:00 | INFO     | CYCLE #10
2025-12-10 22:30:00 | INFO     | ======================================================================
2025-12-10 22:30:00 | DEBUG    | Death detection: Gold=411, Dark=68712, Brown=0, White=487
2025-12-10 22:30:00 | INFO     | Detected: 10 floating names
2025-12-10 22:30:00 | DEBUG    |   Name #6: Cached, skipping
2025-12-10 22:30:00 | INFO     | → Valid targets (after cache): 9
2025-12-10 22:30:00 | INFO     | → Target priority (closest to farthest):
2025-12-10 22:30:00 | INFO     |    #1: Distance=333px from center
2025-12-10 22:30:00 | INFO     |    #2: Distance=373px from center
2025-12-10 22:30:00 | INFO     |    #3: Distance=379px from center
2025-12-10 22:30:00 | INFO     |    #4: Distance=384px from center
2025-12-10 22:30:00 | INFO     |    #5: Distance=384px from center
2025-12-10 22:30:00 | INFO     | 
  Verifying target #1 (D=333px)...
2025-12-10 22:30:00 | DEBUG    |     Clicking (1293, 568)
2025-12-10 22:30:00 | DEBUG    |     Health check: 0 red pixels -> DEAD
2025-12-10 22:30:00 | DEBUG    |     ✓ Verified MOB in 1 attempts
2025-12-10 22:30:00 | INFO     |     ✗ Mob already DEAD
2025-12-10 22:30:00 | INFO     | 
  Verifying target #2 (D=373px)...
2025-12-10 22:30:00 | DEBUG    |     Clicking (937, 197)
2025-12-10 22:30:01 | DEBUG    |     Health check: 0 red pixels -> DEAD
2025-12-10 22:30:01 | DEBUG    |     ✓ Verified MOB in 1 attempts
2025-12-10 22:30:01 | INFO     |     ✗ Mob already DEAD
2025-12-10 22:30:01 | INFO     | 
  Verifying target #3 (D=379px)...
2025-12-10 22:30:01 | DEBUG    |     Clicking (888, 197)
2025-12-10 22:30:01 | DEBUG    |     Health check: 0 red pixels -> DEAD
2025-12-10 22:30:01 | DEBUG    |     ✓ Verified MOB in 1 attempts
2025-12-10 22:30:01 | INFO     |     ✗ Mob already DEAD
2025-12-10 22:30:02 | INFO     | 
======================================================================
2025-12-10 22:30:02 | INFO     | CYCLE #11
2025-12-10 22:30:02 | INFO     | ======================================================================
2025-12-10 22:30:02 | DEBUG    | Death detection: Gold=402, Dark=69308, Brown=0, White=487
2025-12-10 22:30:02 | WARNING  | ⚠️  STUCK DETECTED (Scenario 1): No target for 6.0s
2025-12-10 22:30:02 | INFO     | 
======================================================================
2025-12-10 22:30:02 | INFO     | 🔧 ANTI-STUCK RECOVERY ACTIVATED
2025-12-10 22:30:02 | INFO     | ======================================================================
2025-12-10 22:30:02 | INFO     | Scenario: 1
2025-12-10 22:30:02 | INFO     | Total recoveries: 2
2025-12-10 22:30:02 | INFO     | Action: Right-click drag (horizontal movement)
2025-12-10 22:30:06 | INFO     | ✓ Horizontal drag completed
2025-12-10 22:30:06 | INFO     | ======================================================================

2025-12-10 22:30:06 | INFO     | ✅ Stuck recovery completed - resuming hunting
2025-12-10 22:30:06 | INFO     | 
======================================================================
2025-12-10 22:30:06 | INFO     | CYCLE #12
2025-12-10 22:30:06 | INFO     | ======================================================================
2025-12-10 22:30:06 | DEBUG    | Death detection: Gold=393, Dark=70371, Brown=0, White=548
2025-12-10 22:30:06 | INFO     | Detected: 4 floating names
2025-12-10 22:30:06 | DEBUG    |   Name #3: Cached, skipping
2025-12-10 22:30:06 | INFO     | → Valid targets (after cache): 3
2025-12-10 22:30:06 | INFO     | → Target priority (closest to farthest):
2025-12-10 22:30:06 | INFO     |    #1: Distance=24px from center
2025-12-10 22:30:06 | INFO     |    #2: Distance=40px from center
2025-12-10 22:30:06 | INFO     |    #3: Distance=916px from center
2025-12-10 22:30:06 | INFO     | 
  Verifying target #1 (D=24px)...
2025-12-10 22:30:06 | DEBUG    |     Clicking (978, 562)
2025-12-10 22:30:07 | DEBUG    |     Health check: 0 red pixels -> DEAD
2025-12-10 22:30:07 | DEBUG    |     ✓ Verified MOB in 1 attempts
2025-12-10 22:30:07 | INFO     |     ✗ Mob already DEAD
2025-12-10 22:30:07 | INFO     | 
  Verifying target #2 (D=40px)...
2025-12-10 22:30:07 | DEBUG    |     Clicking (966, 610)
2025-12-10 22:30:07 | DEBUG    |     Health check: 0 red pixels -> DEAD
2025-12-10 22:30:07 | DEBUG    |     ✓ Verified MOB in 1 attempts
2025-12-10 22:30:07 | INFO     |     ✗ Mob already DEAD
2025-12-10 22:30:07 | INFO     | 
  Verifying target #3 (D=916px)...
2025-12-10 22:30:07 | DEBUG    |     Clicking (95, 874)
2025-12-10 22:30:07 | DEBUG    |     Health check: 649 red pixels -> ALIVE
2025-12-10 22:30:07 | DEBUG    |     ✓ Verified MOB in 1 attempts
2025-12-10 22:30:07 | INFO     |     ✓ Unique | Status: ALIVE
2025-12-10 22:30:07 | INFO     | 
>>>>>>>>>>>>>>>>>>>>>>>>>>>>>>>>>>>>>>>>>>>>>>>>>>>>>>>>>>>>
2025-12-10 22:30:07 | INFO     | ⚔️  ENGAGING: Unique
2025-12-10 22:30:07 | INFO     | >>>>>>>>>>>>>>>>>>>>>>>>>>>>>>>>>>>>>>>>>>>>>>>>>>>>>>>>>>>>
2025-12-10 22:30:07 | DEBUG    |     Health check: 649 red pixels -> ALIVE
2025-12-10 22:30:07 | INFO     |   → Skill 1: 1
2025-12-10 22:30:09 | DEBUG    |     Health check: 649 red pixels -> ALIVE
2025-12-10 22:30:09 | INFO     |   → Skill 2: 2
2025-12-10 22:30:10 | DEBUG    |     Health check: 649 red pixels -> ALIVE
2025-12-10 22:30:10 | INFO     |   → Skill 3: 3
2025-12-10 22:30:11 | DEBUG    |     Health check: 649 red pixels -> ALIVE
2025-12-10 22:30:11 | INFO     |   → Skill 4: 4
2025-12-10 22:30:12 | DEBUG    |     Health check: 649 red pixels -> ALIVE
2025-12-10 22:30:12 | INFO     |   ℹ️  Rotation complete (mob status unknown)
2025-12-10 22:30:12 | INFO     | <<<<<<<<<<<<<<<<<<<<<<<<<<<<<<<<<<<<<<<<<<<<<<<<<<<<<<<<<<<<
2025-12-10 22:30:12 | INFO     | 💀 Total kills: 5
2025-12-10 22:30:12 | INFO     | <<<<<<<<<<<<<<<<<<<<<<<<<<<<<<<<<<<<<<<<<<<<<<<<<<<<<<<<<<<<

2025-12-10 22:30:12 | INFO     | 
======================================================================
2025-12-10 22:30:12 | INFO     | CYCLE #13
2025-12-10 22:30:12 | INFO     | ======================================================================
2025-12-10 22:30:12 | DEBUG    | Death detection: Gold=282, Dark=70861, Brown=0, White=356
2025-12-10 22:30:12 | INFO     | Detected: 19 floating names
2025-12-10 22:30:12 | DEBUG    |   Name #13: Cached, skipping
2025-12-10 22:30:12 | DEBUG    |   Name #15: Cached, skipping
2025-12-10 22:30:12 | INFO     | → Valid targets (after cache): 17
2025-12-10 22:30:12 | INFO     | → Target priority (closest to farthest):
2025-12-10 22:30:12 | INFO     |    #1: Distance=8px from center
2025-12-10 22:30:12 | INFO     |    #2: Distance=284px from center
2025-12-10 22:30:12 | INFO     |    #3: Distance=333px from center
2025-12-10 22:30:12 | INFO     |    #4: Distance=362px from center
2025-12-10 22:30:12 | INFO     |    #5: Distance=484px from center
2025-12-10 22:30:12 | INFO     | 
  Verifying target #1 (D=8px)...
2025-12-10 22:30:12 | DEBUG    |     Clicking (961, 582)
2025-12-10 22:30:13 | DEBUG    |     Health check: 204 red pixels -> ALIVE
2025-12-10 22:30:13 | DEBUG    |     ✓ Verified MOB in 1 attempts
2025-12-10 22:30:13 | INFO     |     ✓ Unique | Status: ALIVE
2025-12-10 22:30:13 | INFO     | 
>>>>>>>>>>>>>>>>>>>>>>>>>>>>>>>>>>>>>>>>>>>>>>>>>>>>>>>>>>>>
2025-12-10 22:30:13 | INFO     | ⚔️  ENGAGING: Unique
2025-12-10 22:30:13 | INFO     | >>>>>>>>>>>>>>>>>>>>>>>>>>>>>>>>>>>>>>>>>>>>>>>>>>>>>>>>>>>>
2025-12-10 22:30:13 | DEBUG    |     Health check: 204 red pixels -> ALIVE
2025-12-10 22:30:13 | INFO     |   → Skill 1: 1
2025-12-10 22:30:14 | DEBUG    |     Health check: 204 red pixels -> ALIVE
2025-12-10 22:30:14 | INFO     |   → Skill 2: 2
2025-12-10 22:30:15 | DEBUG    |     Health check: 29 red pixels -> DEAD
2025-12-10 22:30:15 | INFO     |   ✓ Mob DEAD after skill 2!
2025-12-10 22:30:15 | INFO     | <<<<<<<<<<<<<<<<<<<<<<<<<<<<<<<<<<<<<<<<<<<<<<<<<<<<<<<<<<<<
2025-12-10 22:30:15 | INFO     | 💀 Total kills: 6 | Skills saved: 2
2025-12-10 22:30:15 | INFO     | <<<<<<<<<<<<<<<<<<<<<<<<<<<<<<<<<<<<<<<<<<<<<<<<<<<<<<<<<<<<

2025-12-10 22:30:15 | INFO     | 
  Verifying target #2 (D=284px)...
2025-12-10 22:30:15 | DEBUG    |     Clicking (699, 684)
2025-12-10 22:30:16 | DEBUG    |     Health check: 29 red pixels -> DEAD
2025-12-10 22:30:16 | DEBUG    |     ✓ Verified MOB in 1 attempts
2025-12-10 22:30:16 | INFO     |     ✗ Mob already DEAD
2025-12-10 22:30:16 | INFO     | 
  Verifying target #3 (D=333px)...
2025-12-10 22:30:16 | DEBUG    |     Clicking (743, 824)
2025-12-10 22:30:16 | DEBUG    |     Health check: 29 red pixels -> DEAD
2025-12-10 22:30:16 | DEBUG    |     ✓ Verified MOB in 1 attempts
2025-12-10 22:30:16 | INFO     |     ✗ Mob already DEAD
2025-12-10 22:30:16 | INFO     | 
======================================================================
2025-12-10 22:30:16 | INFO     | CYCLE #14
2025-12-10 22:30:16 | INFO     | ======================================================================
2025-12-10 22:30:16 | DEBUG    | Death detection: Gold=542, Dark=67445, Brown=43, White=1027
2025-12-10 22:30:16 | INFO     | Detected: 15 floating names
2025-12-10 22:30:16 | DEBUG    |   Name #8: Cached, skipping
2025-12-10 22:30:16 | DEBUG    |   Name #9: Cached, skipping
2025-12-10 22:30:16 | DEBUG    |   Name #15: Cached, skipping
2025-12-10 22:30:16 | INFO     | → Valid targets (after cache): 12
2025-12-10 22:30:16 | INFO     | → Target priority (closest to farthest):
2025-12-10 22:30:16 | INFO     |    #1: Distance=11px from center
2025-12-10 22:30:16 | INFO     |    #2: Distance=46px from center
2025-12-10 22:30:16 | INFO     |    #3: Distance=116px from center
2025-12-10 22:30:16 | INFO     |    #4: Distance=373px from center
2025-12-10 22:30:16 | INFO     |    #5: Distance=379px from center
2025-12-10 22:30:16 | INFO     | 
  Verifying target #1 (D=11px)...
2025-12-10 22:30:16 | DEBUG    |     Clicking (968, 581)
2025-12-10 22:30:17 | DEBUG    |     Health check: 29 red pixels -> DEAD
2025-12-10 22:30:17 | DEBUG    |     ✓ Verified MOB in 1 attempts
2025-12-10 22:30:17 | INFO     |     ✗ Mob already DEAD
2025-12-10 22:30:17 | INFO     | 
  Verifying target #2 (D=46px)...
2025-12-10 22:30:17 | DEBUG    |     Clicking (915, 558)
2025-12-10 22:30:17 | DEBUG    |     Health check: 0 red pixels -> DEAD
2025-12-10 22:30:17 | DEBUG    |     ✓ Verified MOB in 1 attempts
2025-12-10 22:30:17 | INFO     |     ✗ Mob already DEAD
2025-12-10 22:30:17 | INFO     | 
  Verifying target #3 (D=116px)...
2025-12-10 22:30:17 | DEBUG    |     Clicking (849, 535)
2025-12-10 22:30:18 | DEBUG    |     Health check: 0 red pixels -> DEAD
2025-12-10 22:30:18 | DEBUG    |     ✓ Verified MOB in 1 attempts
2025-12-10 22:30:18 | INFO     |     ✗ Mob already DEAD
2025-12-10 22:30:18 | INFO     | 
======================================================================
2025-12-10 22:30:18 | INFO     | CYCLE #15
2025-12-10 22:30:18 | INFO     | ======================================================================
2025-12-10 22:30:18 | DEBUG    | Death detection: Gold=408, Dark=68307, Brown=28, White=624
2025-12-10 22:30:18 | INFO     | Detected: 10 floating names
2025-12-10 22:30:18 | DEBUG    |   Name #6: Cached, skipping
2025-12-10 22:30:18 | DEBUG    |   Name #9: Cached, skipping
2025-12-10 22:30:18 | INFO     | → Valid targets (after cache): 8
2025-12-10 22:30:18 | INFO     | → Target priority (closest to farthest):
2025-12-10 22:30:18 | INFO     |    #1: Distance=82px from center
2025-12-10 22:30:18 | INFO     |    #2: Distance=638px from center
2025-12-10 22:30:18 | INFO     |    #3: Distance=746px from center
2025-12-10 22:30:18 | INFO     |    #4: Distance=746px from center
2025-12-10 22:30:18 | INFO     |    #5: Distance=836px from center
2025-12-10 22:30:18 | INFO     | 
  Verifying target #1 (D=82px)...
2025-12-10 22:30:18 | DEBUG    |     Clicking (886, 535)
2025-12-10 22:30:18 | DEBUG    |     Health check: 0 red pixels -> DEAD
2025-12-10 22:30:18 | DEBUG    |     ✓ Verified MOB in 1 attempts
2025-12-10 22:30:18 | INFO     |     ✗ Mob already DEAD
2025-12-10 22:30:18 | INFO     | 
  Verifying target #2 (D=638px)...
2025-12-10 22:30:18 | DEBUG    |     Clicking (361, 790)
2025-12-10 22:30:19 | DEBUG    |     Health check: 0 red pixels -> DEAD
2025-12-10 22:30:19 | DEBUG    |     ✓ Verified MOB in 1 attempts
2025-12-10 22:30:19 | INFO     |     ✗ Mob already DEAD
2025-12-10 22:30:19 | INFO     | 
  Verifying target #3 (D=746px)...
2025-12-10 22:30:19 | DEBUG    |     Clicking (232, 735)
2025-12-10 22:30:19 | DEBUG    |     Health check: 0 red pixels -> DEAD
2025-12-10 22:30:19 | DEBUG    |     ✓ Verified MOB in 1 attempts
2025-12-10 22:30:19 | INFO     |     ✗ Mob already DEAD
2025-12-10 22:30:20 | INFO     | 
======================================================================
2025-12-10 22:30:20 | INFO     | CYCLE #16
2025-12-10 22:30:20 | INFO     | ======================================================================
2025-12-10 22:30:20 | DEBUG    | Death detection: Gold=402, Dark=70183, Brown=0, White=464
2025-12-10 22:30:20 | INFO     | Detected: 20 floating names
2025-12-10 22:30:20 | DEBUG    |   Name #16: Cached, skipping
2025-12-10 22:30:20 | DEBUG    |   Name #17: Cached, skipping
2025-12-10 22:30:20 | DEBUG    |   Name #20: Cached, skipping
2025-12-10 22:30:20 | INFO     | → Valid targets (after cache): 17
2025-12-10 22:30:20 | INFO     | → Target priority (closest to farthest):
2025-12-10 22:30:20 | INFO     |    #1: Distance=15px from center
2025-12-10 22:30:20 | INFO     |    #2: Distance=308px from center
2025-12-10 22:30:20 | INFO     |    #3: Distance=373px from center
2025-12-10 22:30:20 | INFO     |    #4: Distance=379px from center
2025-12-10 22:30:20 | INFO     |    #5: Distance=385px from center
2025-12-10 22:30:20 | INFO     | 
  Verifying target #1 (D=15px)...
2025-12-10 22:30:20 | DEBUG    |     Clicking (960, 567)
2025-12-10 22:30:20 | DEBUG    |     Health check: 0 red pixels -> DEAD
2025-12-10 22:30:20 | DEBUG    |     ✓ Verified MOB in 1 attempts
2025-12-10 22:30:20 | INFO     |     ✗ Mob already DEAD
2025-12-10 22:30:20 | INFO     | 
  Verifying target #2 (D=308px)...
2025-12-10 22:30:20 | DEBUG    |     Clicking (1240, 441)
2025-12-10 22:30:20 | DEBUG    |     Health check: 0 red pixels -> DEAD
2025-12-10 22:30:20 | DEBUG    |     ✓ Verified MOB in 1 attempts
2025-12-10 22:30:20 | INFO     |     ✗ Mob already DEAD
2025-12-10 22:30:20 | INFO     | 
  Verifying target #3 (D=373px)...
2025-12-10 22:30:20 | DEBUG    |     Clicking (937, 197)
2025-12-10 22:30:21 | DEBUG    |     Health check: 0 red pixels -> DEAD
2025-12-10 22:30:21 | DEBUG    |     ✓ Verified MOB in 1 attempts
2025-12-10 22:30:21 | INFO     |     ✗ Mob already DEAD
2025-12-10 22:30:21 | INFO     | 
⏸️  PAUSED - Press CapsLock to resume

2025-12-10 22:30:24 | INFO     | 
▶️  RESUMED - Running buffer sequence...

2025-12-10 22:30:24 | INFO     | Buffer timer reset - will run on next cycle
2025-12-10 22:30:24 | INFO     | 
============================================================
2025-12-10 22:30:24 | INFO     | RUNNING BUFFER SEQUENCE
2025-12-10 22:30:24 | INFO     | ============================================================
2025-12-10 22:30:24 | INFO     |   [1/6] Pressing: F2
2025-12-10 22:30:25 | INFO     |   [2/6] Pressing: 1
2025-12-10 22:30:25 | INFO     |   [3/6] Pressing: 2
2025-12-10 22:30:25 | INFO     |       Waiting 1.0s...
2025-12-10 22:30:26 | INFO     |   [4/6] Pressing: 3
2025-12-10 22:30:26 | INFO     |       Waiting 1.0s...
2025-12-10 22:30:27 | INFO     |   [5/6] Pressing: 4
2025-12-10 22:30:27 | INFO     |       Waiting 1.0s...
2025-12-10 22:30:28 | INFO     |   [6/6] Pressing: F1
2025-12-10 22:30:28 | INFO     | ============================================================
2025-12-10 22:30:28 | INFO     | Buffer sequence complete (Total: 2)
2025-12-10 22:30:28 | INFO     | Next buffer in 120s (2m)
2025-12-10 22:30:28 | INFO     | ============================================================

2025-12-10 22:30:28 | INFO     | 
======================================================================
2025-12-10 22:30:28 | INFO     | CYCLE #17
2025-12-10 22:30:28 | INFO     | ======================================================================
2025-12-10 22:30:28 | DEBUG    | Skipping death detection (just resumed)
2025-12-10 22:30:28 | WARNING  | ⚠️  STUCK DETECTED (Scenario 1): No target for 13.2s
2025-12-10 22:30:28 | INFO     | 
======================================================================
2025-12-10 22:30:28 | INFO     | 🔧 ANTI-STUCK RECOVERY ACTIVATED
2025-12-10 22:30:28 | INFO     | ======================================================================
2025-12-10 22:30:28 | INFO     | Scenario: 1
2025-12-10 22:30:28 | INFO     | Total recoveries: 3
2025-12-10 22:30:28 | INFO     | Action: Right-click drag (horizontal movement)
2025-12-10 22:30:33 | INFO     | ✓ Horizontal drag completed
2025-12-10 22:30:33 | INFO     | ======================================================================

2025-12-10 22:30:33 | INFO     | ✅ Stuck recovery completed - resuming hunting
2025-12-10 22:30:33 | INFO     | 
======================================================================
2025-12-10 22:30:33 | INFO     | CYCLE #18
2025-12-10 22:30:33 | INFO     | ======================================================================
2025-12-10 22:30:33 | DEBUG    | Death detection: Gold=522, Dark=69501, Brown=26, White=665
2025-12-10 22:30:33 | INFO     | Detected: 0 floating names
2025-12-10 22:30:33 | INFO     | → No floating names found
2025-12-10 22:30:33 | INFO     | 
======================================================================
2025-12-10 22:30:33 | INFO     | CYCLE #19
2025-12-10 22:30:33 | INFO     | ======================================================================
2025-12-10 22:30:33 | DEBUG    | Death detection: Gold=522, Dark=69591, Brown=38, White=637
2025-12-10 22:30:33 | INFO     | Detected: 1 floating names
2025-12-10 22:30:33 | INFO     | → Valid targets (after cache): 1
2025-12-10 22:30:33 | INFO     | → Target priority (closest to farthest):
2025-12-10 22:30:33 | INFO     |    #1: Distance=952px from center
2025-12-10 22:30:33 | INFO     | 
  Verifying target #1 (D=952px)...
2025-12-10 22:30:33 | DEBUG    |     Clicking (1854, 242)
2025-12-10 22:30:34 | DEBUG    |     Health check: 0 red pixels -> DEAD
2025-12-10 22:30:34 | DEBUG    |     ✓ Verified MOB in 1 attempts
2025-12-10 22:30:34 | INFO     |     ✗ Mob already DEAD
2025-12-10 22:30:34 | INFO     | 
======================================================================
2025-12-10 22:30:34 | INFO     | CYCLE #20
2025-12-10 22:30:34 | INFO     | ======================================================================
2025-12-10 22:30:34 | DEBUG    | Death detection: Gold=521, Dark=69225, Brown=35, White=656
2025-12-10 22:30:34 | INFO     | Detected: 2 floating names
2025-12-10 22:30:34 | DEBUG    |   Name #2: Cached, skipping
2025-12-10 22:30:34 | INFO     | → Valid targets (after cache): 1
2025-12-10 22:30:34 | INFO     | → Target priority (closest to farthest):
2025-12-10 22:30:34 | INFO     |    #1: Distance=57px from center
2025-12-10 22:30:34 | INFO     | 
  Verifying target #1 (D=57px)...
2025-12-10 22:30:34 | DEBUG    |     Clicking (922, 528)
2025-12-10 22:30:35 | DEBUG    |     Health check: 0 red pixels -> DEAD
2025-12-10 22:30:35 | DEBUG    |     ✓ Verified MOB in 1 attempts
2025-12-10 22:30:35 | INFO     |     ✗ Mob already DEAD
2025-12-10 22:30:35 | INFO     | 
======================================================================
2025-12-10 22:30:35 | INFO     | CYCLE #21
2025-12-10 22:30:35 | INFO     | ======================================================================
2025-12-10 22:30:35 | DEBUG    | Death detection: Gold=535, Dark=69006, Brown=9, White=544
2025-12-10 22:30:35 | INFO     | Detected: 0 floating names
2025-12-10 22:30:35 | INFO     | → No floating names found
2025-12-10 22:30:36 | INFO     | 
======================================================================
2025-12-10 22:30:36 | INFO     | CYCLE #22
2025-12-10 22:30:36 | INFO     | ======================================================================
2025-12-10 22:30:36 | DEBUG    | Death detection: Gold=638, Dark=69368, Brown=40, White=654
2025-12-10 22:30:36 | INFO     | Detected: 0 floating names
2025-12-10 22:30:36 | INFO     | → No floating names found
2025-12-10 22:30:36 | INFO     | 
======================================================================
2025-12-10 22:30:36 | INFO     | CYCLE #23
2025-12-10 22:30:36 | INFO     | ======================================================================
2025-12-10 22:30:36 | DEBUG    | Death detection: Gold=638, Dark=69410, Brown=31, White=659
2025-12-10 22:30:36 | INFO     | Detected: 0 floating names
2025-12-10 22:30:36 | INFO     | → No floating names found
2025-12-10 22:30:36 | INFO     | 
======================================================================
2025-12-10 22:30:36 | INFO     | CYCLE #24
2025-12-10 22:30:36 | INFO     | ======================================================================
2025-12-10 22:30:36 | DEBUG    | Death detection: Gold=638, Dark=69089, Brown=33, White=662
2025-12-10 22:30:36 | INFO     | Detected: 0 floating names
2025-12-10 22:30:36 | INFO     | → No floating names found
2025-12-10 22:30:37 | INFO     | 
======================================================================
2025-12-10 22:30:37 | INFO     | CYCLE #25
2025-12-10 22:30:37 | INFO     | ======================================================================
2025-12-10 22:30:37 | DEBUG    | Death detection: Gold=638, Dark=69307, Brown=24, White=647
2025-12-10 22:30:37 | INFO     | Detected: 0 floating names
2025-12-10 22:30:37 | INFO     | → No floating names found
2025-12-10 22:30:37 | INFO     | 
======================================================================
2025-12-10 22:30:37 | INFO     | CYCLE #26
2025-12-10 22:30:37 | INFO     | ======================================================================
2025-12-10 22:30:37 | DEBUG    | Death detection: Gold=638, Dark=69285, Brown=24, White=637
2025-12-10 22:30:37 | INFO     | Detected: 0 floating names
2025-12-10 22:30:37 | INFO     | → No floating names found
2025-12-10 22:30:38 | INFO     | 
======================================================================
2025-12-10 22:30:38 | INFO     | CYCLE #27
2025-12-10 22:30:38 | INFO     | ======================================================================
2025-12-10 22:30:38 | DEBUG    | Death detection: Gold=638, Dark=69020, Brown=34, White=646
2025-12-10 22:30:38 | WARNING  | ⚠️  STUCK DETECTED (Scenario 1): No target for 5.2s
2025-12-10 22:30:38 | INFO     | 
======================================================================
2025-12-10 22:30:38 | INFO     | 🔧 ANTI-STUCK RECOVERY ACTIVATED
2025-12-10 22:30:38 | INFO     | ======================================================================
2025-12-10 22:30:38 | INFO     | Scenario: 1
2025-12-10 22:30:38 | INFO     | Total recoveries: 4
2025-12-10 22:30:38 | INFO     | Action: Right-click drag (horizontal movement)
2025-12-10 22:30:42 | INFO     | ✓ Horizontal drag completed
2025-12-10 22:30:42 | INFO     | ======================================================================

2025-12-10 22:30:42 | INFO     | ✅ Stuck recovery completed - resuming hunting
2025-12-10 22:30:42 | INFO     | 
======================================================================
2025-12-10 22:30:42 | INFO     | CYCLE #28
2025-12-10 22:30:42 | INFO     | ======================================================================
2025-12-10 22:30:42 | DEBUG    | Death detection: Gold=504, Dark=67354, Brown=32, White=724
2025-12-10 22:30:42 | INFO     | Detected: 2 floating names
2025-12-10 22:30:42 | DEBUG    |   Name #2: Cached, skipping
2025-12-10 22:30:42 | INFO     | → Valid targets (after cache): 1
2025-12-10 22:30:42 | INFO     | → Target priority (closest to farthest):
2025-12-10 22:30:42 | INFO     |    #1: Distance=119px from center
2025-12-10 22:30:42 | INFO     | 
  Verifying target #1 (D=119px)...
2025-12-10 22:30:42 | DEBUG    |     Clicking (900, 673)
2025-12-10 22:30:43 | DEBUG    |     Health check: 0 red pixels -> DEAD
2025-12-10 22:30:43 | DEBUG    |     ✓ Verified MOB in 1 attempts
2025-12-10 22:30:43 | INFO     |     ✗ Mob already DEAD
2025-12-10 22:30:43 | INFO     | 
======================================================================
2025-12-10 22:30:43 | INFO     | CYCLE #29
2025-12-10 22:30:43 | INFO     | ======================================================================
2025-12-10 22:30:43 | DEBUG    | Death detection: Gold=473, Dark=67482, Brown=25, White=677
2025-12-10 22:30:43 | INFO     | Detected: 1 floating names
2025-12-10 22:30:43 | INFO     | → Valid targets (after cache): 1
2025-12-10 22:30:43 | INFO     | → Target priority (closest to farthest):
2025-12-10 22:30:43 | INFO     |    #1: Distance=72px from center
2025-12-10 22:30:43 | INFO     | 
  Verifying target #1 (D=72px)...
2025-12-10 22:30:43 | DEBUG    |     Clicking (888, 561)
2025-12-10 22:30:44 | DEBUG    |     Health check: 0 red pixels -> DEAD
2025-12-10 22:30:44 | DEBUG    |     ✓ Verified MOB in 1 attempts
2025-12-10 22:30:44 | INFO     |     ✗ Mob already DEAD
2025-12-10 22:30:44 | INFO     | 
======================================================================
2025-12-10 22:30:44 | INFO     | CYCLE #30
2025-12-10 22:30:44 | INFO     | ======================================================================
2025-12-10 22:30:44 | DEBUG    | Death detection: Gold=469, Dark=67217, Brown=5, White=640
2025-12-10 22:30:44 | INFO     | Detected: 2 floating names
2025-12-10 22:30:44 | DEBUG    |   Name #1: Cached, skipping
2025-12-10 22:30:44 | DEBUG    |   Name #2: Cached, skipping
2025-12-10 22:30:44 | INFO     | → Valid targets (after cache): 0
2025-12-10 22:30:45 | INFO     | 
======================================================================
2025-12-10 22:30:45 | INFO     | CYCLE #31
2025-12-10 22:30:45 | INFO     | ======================================================================
2025-12-10 22:30:45 | DEBUG    | Death detection: Gold=504, Dark=67768, Brown=9, White=698
2025-12-10 22:30:45 | INFO     | Detected: 0 floating names
2025-12-10 22:30:45 | INFO     | → No floating names found
2025-12-10 22:30:45 | INFO     | 
======================================================================
2025-12-10 22:30:45 | INFO     | CYCLE #32
2025-12-10 22:30:45 | INFO     | ======================================================================
2025-12-10 22:30:45 | DEBUG    | Death detection: Gold=504, Dark=67757, Brown=5, White=679
2025-12-10 22:30:45 | INFO     | Detected: 2 floating names
2025-12-10 22:30:45 | DEBUG    |   Name #2: Cached, skipping
2025-12-10 22:30:45 | INFO     | → Valid targets (after cache): 1
2025-12-10 22:30:45 | INFO     | → Target priority (closest to farthest):
2025-12-10 22:30:45 | INFO     |    #1: Distance=119px from center
2025-12-10 22:30:45 | INFO     | 
  Verifying target #1 (D=119px)...
2025-12-10 22:30:45 | DEBUG    |     Clicking (900, 673)
2025-12-10 22:30:45 | DEBUG    |     Health check: 0 red pixels -> DEAD
2025-12-10 22:30:45 | DEBUG    |     ✓ Verified MOB in 1 attempts
2025-12-10 22:30:45 | INFO     |     ✗ Mob already DEAD
2025-12-10 22:30:46 | INFO     | 
======================================================================
2025-12-10 22:30:46 | INFO     | CYCLE #33
2025-12-10 22:30:46 | INFO     | ======================================================================
2025-12-10 22:30:46 | DEBUG    | Death detection: Gold=473, Dark=67788, Brown=19, White=714
2025-12-10 22:30:46 | INFO     | Detected: 2 floating names
2025-12-10 22:30:46 | INFO     | → Valid targets (after cache): 2
2025-12-10 22:30:46 | INFO     | → Target priority (closest to farthest):
2025-12-10 22:30:46 | INFO     |    #1: Distance=72px from center
2025-12-10 22:30:46 | INFO     |    #2: Distance=151px from center
2025-12-10 22:30:46 | INFO     | 
  Verifying target #1 (D=72px)...
2025-12-10 22:30:46 | DEBUG    |     Clicking (888, 561)
2025-12-10 22:30:46 | DEBUG    |     Health check: 0 red pixels -> DEAD
2025-12-10 22:30:46 | DEBUG    |     ✓ Verified MOB in 1 attempts
2025-12-10 22:30:46 | INFO     |     ✗ Mob already DEAD
2025-12-10 22:30:46 | INFO     | 
  Verifying target #2 (D=151px)...
2025-12-10 22:30:46 | DEBUG    |     Clicking (906, 713)
2025-12-10 22:30:47 | DEBUG    |     Health check: 0 red pixels -> DEAD
2025-12-10 22:30:47 | DEBUG    |     ✓ Verified MOB in 1 attempts
2025-12-10 22:30:47 | INFO     |     ✗ Mob already DEAD
2025-12-10 22:30:47 | INFO     | 
======================================================================
2025-12-10 22:30:47 | INFO     | CYCLE #34
2025-12-10 22:30:47 | INFO     | ======================================================================
2025-12-10 22:30:47 | DEBUG    | Death detection: Gold=452, Dark=68161, Brown=4, White=549
2025-12-10 22:30:47 | INFO     | Detected: 1 floating names
2025-12-10 22:30:47 | DEBUG    |   Name #1: Cached, skipping
2025-12-10 22:30:47 | INFO     | → Valid targets (after cache): 0
2025-12-10 22:30:47 | INFO     | 
======================================================================
2025-12-10 22:30:47 | INFO     | CYCLE #35
2025-12-10 22:30:47 | INFO     | ======================================================================
2025-12-10 22:30:47 | DEBUG    | Death detection: Gold=473, Dark=67537, Brown=10, White=691
2025-12-10 22:30:47 | WARNING  | ⚠️  STUCK DETECTED (Scenario 1): No target for 5.4s
2025-12-10 22:30:47 | INFO     | 
======================================================================
2025-12-10 22:30:47 | INFO     | 🔧 ANTI-STUCK RECOVERY ACTIVATED
2025-12-10 22:30:47 | INFO     | ======================================================================
2025-12-10 22:30:47 | INFO     | Scenario: 1
2025-12-10 22:30:47 | INFO     | Total recoveries: 5
2025-12-10 22:30:47 | INFO     | Action: Right-click drag (horizontal movement)
2025-12-10 22:30:52 | INFO     | ✓ Horizontal drag completed
2025-12-10 22:30:52 | INFO     | ======================================================================

2025-12-10 22:30:52 | INFO     | ✅ Stuck recovery completed - resuming hunting
2025-12-10 22:30:52 | INFO     | 
======================================================================
2025-12-10 22:30:52 | INFO     | CYCLE #36
2025-12-10 22:30:52 | INFO     | ======================================================================
2025-12-10 22:30:52 | DEBUG    | Death detection: Gold=607, Dark=59265, Brown=1622, White=621
2025-12-10 22:30:52 | INFO     | Detected: 7 floating names
2025-12-10 22:30:52 | INFO     | → Valid targets (after cache): 7
2025-12-10 22:30:52 | INFO     | → Target priority (closest to farthest):
2025-12-10 22:30:52 | INFO     |    #1: Distance=56px from center
2025-12-10 22:30:52 | INFO     |    #2: Distance=63px from center
2025-12-10 22:30:52 | INFO     |    #3: Distance=127px from center
2025-12-10 22:30:52 | INFO     |    #4: Distance=204px from center
2025-12-10 22:30:52 | INFO     |    #5: Distance=232px from center
2025-12-10 22:30:52 | INFO     | 
  Verifying target #1 (D=56px)...
2025-12-10 22:30:52 | DEBUG    |     Clicking (971, 515)
2025-12-10 22:30:53 | DEBUG    |     Health check: 0 red pixels -> DEAD
2025-12-10 22:30:53 | DEBUG    |     ✓ Verified MOB in 1 attempts
2025-12-10 22:30:53 | INFO     |     ✗ Mob already DEAD
2025-12-10 22:30:53 | INFO     | 
  Verifying target #2 (D=63px)...
2025-12-10 22:30:53 | DEBUG    |     Clicking (921, 521)
2025-12-10 22:30:53 | DEBUG    |     Health check: 0 red pixels -> DEAD
2025-12-10 22:30:53 | DEBUG    |     ✓ Verified MOB in 1 attempts
2025-12-10 22:30:53 | INFO     |     ✗ Mob already DEAD
2025-12-10 22:30:53 | INFO     | 
  Verifying target #3 (D=127px)...
2025-12-10 22:30:53 | DEBUG    |     Clicking (1065, 642)
2025-12-10 22:30:53 | DEBUG    |     Health check: 0 red pixels -> DEAD
2025-12-10 22:30:53 | DEBUG    |     ✓ Verified MOB in 1 attempts
2025-12-10 22:30:53 | INFO     |     ✗ Mob already DEAD
2025-12-10 22:30:54 | INFO     | 
======================================================================
2025-12-10 22:30:54 | INFO     | CYCLE #37
2025-12-10 22:30:54 | INFO     | ======================================================================
2025-12-10 22:30:54 | DEBUG    | Death detection: Gold=651, Dark=60463, Brown=1557, White=916
2025-12-10 22:30:54 | INFO     | Detected: 6 floating names
2025-12-10 22:30:54 | DEBUG    |   Name #4: Cached, skipping
2025-12-10 22:30:54 | DEBUG    |   Name #5: Cached, skipping
2025-12-10 22:30:54 | INFO     | → Valid targets (after cache): 4
2025-12-10 22:30:54 | INFO     | → Target priority (closest to farthest):
2025-12-10 22:30:54 | INFO     |    #1: Distance=159px from center
2025-12-10 22:30:54 | INFO     |    #2: Distance=207px from center
2025-12-10 22:30:54 | INFO     |    #3: Distance=316px from center
2025-12-10 22:30:54 | INFO     |    #4: Distance=431px from center
2025-12-10 22:30:54 | INFO     | 
  Verifying target #1 (D=159px)...
2025-12-10 22:30:54 | DEBUG    |     Clicking (855, 450)
2025-12-10 22:30:54 | DEBUG    |     Health check: 0 red pixels -> DEAD
2025-12-10 22:30:54 | DEBUG    |     ✓ Verified MOB in 1 attempts
2025-12-10 22:30:54 | INFO     |     ✗ Mob already DEAD
2025-12-10 22:30:54 | INFO     | 
  Verifying target #2 (D=207px)...
2025-12-10 22:30:54 | DEBUG    |     Clicking (1051, 384)
2025-12-10 22:30:55 | DEBUG    |     Health check: 649 red pixels -> ALIVE
2025-12-10 22:30:55 | DEBUG    |     ✓ Verified MOB in 1 attempts
2025-12-10 22:30:55 | INFO     |     ✓ Unique | Status: ALIVE
2025-12-10 22:30:55 | INFO     | 
>>>>>>>>>>>>>>>>>>>>>>>>>>>>>>>>>>>>>>>>>>>>>>>>>>>>>>>>>>>>
2025-12-10 22:30:55 | INFO     | ⚔️  ENGAGING: Unique
2025-12-10 22:30:55 | INFO     | >>>>>>>>>>>>>>>>>>>>>>>>>>>>>>>>>>>>>>>>>>>>>>>>>>>>>>>>>>>>
2025-12-10 22:30:55 | DEBUG    |     Health check: 649 red pixels -> ALIVE
2025-12-10 22:30:55 | INFO     |   → Skill 1: 1
2025-12-10 22:30:56 | DEBUG    |     Health check: 649 red pixels -> ALIVE
2025-12-10 22:30:56 | INFO     |   → Skill 2: 2
2025-12-10 22:30:57 | DEBUG    |     Health check: 649 red pixels -> ALIVE
2025-12-10 22:30:57 | INFO     |   → Skill 3: 3
2025-12-10 22:30:58 | DEBUG    |     Health check: 649 red pixels -> ALIVE
2025-12-10 22:30:58 | INFO     |   → Skill 4: 4
2025-12-10 22:30:59 | DEBUG    |     Health check: 255 red pixels -> ALIVE
2025-12-10 22:30:59 | INFO     |   ℹ️  Rotation complete (mob status unknown)
2025-12-10 22:30:59 | INFO     | <<<<<<<<<<<<<<<<<<<<<<<<<<<<<<<<<<<<<<<<<<<<<<<<<<<<<<<<<<<<
2025-12-10 22:30:59 | INFO     | 💀 Total kills: 7
2025-12-10 22:30:59 | INFO     | <<<<<<<<<<<<<<<<<<<<<<<<<<<<<<<<<<<<<<<<<<<<<<<<<<<<<<<<<<<<

2025-12-10 22:30:59 | INFO     | 
  Verifying target #3 (D=316px)...
2025-12-10 22:30:59 | DEBUG    |     Clicking (702, 387)
2025-12-10 22:30:59 | DEBUG    |     Health check: 255 red pixels -> ALIVE
2025-12-10 22:30:59 | DEBUG    |     ✓ Verified MOB in 1 attempts
2025-12-10 22:30:59 | INFO     |     ✓ Unique | Status: ALIVE
2025-12-10 22:30:59 | INFO     | 
>>>>>>>>>>>>>>>>>>>>>>>>>>>>>>>>>>>>>>>>>>>>>>>>>>>>>>>>>>>>
2025-12-10 22:30:59 | INFO     | ⚔️  ENGAGING: Unique
2025-12-10 22:30:59 | INFO     | >>>>>>>>>>>>>>>>>>>>>>>>>>>>>>>>>>>>>>>>>>>>>>>>>>>>>>>>>>>>
2025-12-10 22:31:00 | DEBUG    |     Health check: 255 red pixels -> ALIVE
2025-12-10 22:31:00 | INFO     |   → Skill 1: 1
2025-12-10 22:31:01 | DEBUG    |     Health check: 255 red pixels -> ALIVE
2025-12-10 22:31:01 | INFO     |   → Skill 2: 2
2025-12-10 22:31:02 | DEBUG    |     Health check: 29 red pixels -> DEAD
2025-12-10 22:31:02 | INFO     |   ✓ Mob DEAD after skill 2!
2025-12-10 22:31:02 | INFO     | <<<<<<<<<<<<<<<<<<<<<<<<<<<<<<<<<<<<<<<<<<<<<<<<<<<<<<<<<<<<
2025-12-10 22:31:02 | INFO     | 💀 Total kills: 8 | Skills saved: 2
2025-12-10 22:31:02 | INFO     | <<<<<<<<<<<<<<<<<<<<<<<<<<<<<<<<<<<<<<<<<<<<<<<<<<<<<<<<<<<<

2025-12-10 22:31:02 | INFO     | 
======================================================================
2025-12-10 22:31:02 | INFO     | CYCLE #38
2025-12-10 22:31:02 | INFO     | ======================================================================
2025-12-10 22:31:02 | DEBUG    | Death detection: Gold=588, Dark=60603, Brown=305, White=1053
2025-12-10 22:31:02 | INFO     | Detected: 10 floating names
2025-12-10 22:31:02 | INFO     | → Valid targets (after cache): 10
2025-12-10 22:31:02 | INFO     | → Target priority (closest to farthest):
2025-12-10 22:31:02 | INFO     |    #1: Distance=51px from center
2025-12-10 22:31:02 | INFO     |    #2: Distance=143px from center
2025-12-10 22:31:02 | INFO     |    #3: Distance=146px from center
2025-12-10 22:31:02 | INFO     |    #4: Distance=174px from center
2025-12-10 22:31:02 | INFO     |    #5: Distance=373px from center
2025-12-10 22:31:02 | INFO     | 
  Verifying target #1 (D=51px)...
2025-12-10 22:31:02 | DEBUG    |     Clicking (974, 520)
2025-12-10 22:31:03 | DEBUG    |     Health check: 0 red pixels -> DEAD
2025-12-10 22:31:03 | DEBUG    |     ✓ Verified MOB in 1 attempts
2025-12-10 22:31:03 | INFO     |     ✗ Mob already DEAD
2025-12-10 22:31:03 | INFO     | 
  Verifying target #2 (D=143px)...
2025-12-10 22:31:03 | DEBUG    |     Clicking (969, 427)
2025-12-10 22:31:03 | DEBUG    |     Health check: 649 red pixels -> ALIVE
2025-12-10 22:31:03 | DEBUG    |     ✓ Verified MOB in 1 attempts
2025-12-10 22:31:03 | INFO     |     ✓ Unique | Status: ALIVE
2025-12-10 22:31:03 | INFO     | 
>>>>>>>>>>>>>>>>>>>>>>>>>>>>>>>>>>>>>>>>>>>>>>>>>>>>>>>>>>>>
2025-12-10 22:31:03 | INFO     | ⚔️  ENGAGING: Unique
2025-12-10 22:31:03 | INFO     | >>>>>>>>>>>>>>>>>>>>>>>>>>>>>>>>>>>>>>>>>>>>>>>>>>>>>>>>>>>>
2025-12-10 22:31:03 | DEBUG    |     Health check: 649 red pixels -> ALIVE
2025-12-10 22:31:03 | INFO     |   → Skill 1: 1
2025-12-10 22:31:04 | DEBUG    |     Health check: 649 red pixels -> ALIVE
2025-12-10 22:31:04 | INFO     |   → Skill 2: 2
2025-12-10 22:31:05 | DEBUG    |     Health check: 649 red pixels -> ALIVE
2025-12-10 22:31:05 | INFO     |   → Skill 3: 3
2025-12-10 22:31:06 | DEBUG    |     Health check: 649 red pixels -> ALIVE
2025-12-10 22:31:06 | INFO     |   → Skill 4: 4
2025-12-10 22:31:08 | DEBUG    |     Health check: 649 red pixels -> ALIVE
2025-12-10 22:31:08 | INFO     |   ℹ️  Rotation complete (mob status unknown)
2025-12-10 22:31:08 | INFO     | <<<<<<<<<<<<<<<<<<<<<<<<<<<<<<<<<<<<<<<<<<<<<<<<<<<<<<<<<<<<
2025-12-10 22:31:08 | INFO     | 💀 Total kills: 9
2025-12-10 22:31:08 | INFO     | <<<<<<<<<<<<<<<<<<<<<<<<<<<<<<<<<<<<<<<<<<<<<<<<<<<<<<<<<<<<

2025-12-10 22:31:08 | INFO     | 
  Verifying target #3 (D=146px)...
2025-12-10 22:31:08 | DEBUG    |     Clicking (928, 427)
2025-12-10 22:31:08 | DEBUG    |     Health check: 649 red pixels -> ALIVE
2025-12-10 22:31:08 | DEBUG    |     ✓ Verified MOB in 1 attempts
2025-12-10 22:31:08 | INFO     |     ✓ Unique | Status: ALIVE
2025-12-10 22:31:08 | INFO     | 
>>>>>>>>>>>>>>>>>>>>>>>>>>>>>>>>>>>>>>>>>>>>>>>>>>>>>>>>>>>>
2025-12-10 22:31:08 | INFO     | ⚔️  ENGAGING: Unique
2025-12-10 22:31:08 | INFO     | >>>>>>>>>>>>>>>>>>>>>>>>>>>>>>>>>>>>>>>>>>>>>>>>>>>>>>>>>>>>
2025-12-10 22:31:08 | DEBUG    |     Health check: 649 red pixels -> ALIVE
2025-12-10 22:31:08 | INFO     |   → Skill 1: 1
2025-12-10 22:31:09 | DEBUG    |     Health check: 29 red pixels -> DEAD
2025-12-10 22:31:09 | INFO     |   ✓ Mob DEAD after skill 1!
2025-12-10 22:31:09 | INFO     | <<<<<<<<<<<<<<<<<<<<<<<<<<<<<<<<<<<<<<<<<<<<<<<<<<<<<<<<<<<<
2025-12-10 22:31:09 | INFO     | 💀 Total kills: 10 | Skills saved: 3
2025-12-10 22:31:09 | INFO     | <<<<<<<<<<<<<<<<<<<<<<<<<<<<<<<<<<<<<<<<<<<<<<<<<<<<<<<<<<<<

2025-12-10 22:31:10 | INFO     | 
======================================================================
2025-12-10 22:31:10 | INFO     | CYCLE #39
2025-12-10 22:31:10 | INFO     | ======================================================================
2025-12-10 22:31:10 | DEBUG    | Death detection: Gold=647, Dark=60983, Brown=1214, White=1083
2025-12-10 22:31:10 | INFO     | Detected: 7 floating names
2025-12-10 22:31:10 | DEBUG    |   Name #6: Cached, skipping
2025-12-10 22:31:10 | INFO     | → Valid targets (after cache): 6
2025-12-10 22:31:10 | INFO     | → Target priority (closest to farthest):
2025-12-10 22:31:10 | INFO     |    #1: Distance=41px from center
2025-12-10 22:31:10 | INFO     |    #2: Distance=42px from center
2025-12-10 22:31:10 | INFO     |    #3: Distance=76px from center
2025-12-10 22:31:10 | INFO     |    #4: Distance=86px from center
2025-12-10 22:31:10 | INFO     |    #5: Distance=128px from center
2025-12-10 22:31:10 | INFO     | 
  Verifying target #1 (D=41px)...
2025-12-10 22:31:10 | DEBUG    |     Clicking (938, 535)
2025-12-10 22:31:10 | DEBUG    |     Health check: 649 red pixels -> ALIVE
2025-12-10 22:31:10 | DEBUG    |     ✓ Verified MOB in 1 attempts
2025-12-10 22:31:10 | INFO     |     ✓ Unique | Status: ALIVE
2025-12-10 22:31:10 | INFO     | 
>>>>>>>>>>>>>>>>>>>>>>>>>>>>>>>>>>>>>>>>>>>>>>>>>>>>>>>>>>>>
2025-12-10 22:31:10 | INFO     | ⚔️  ENGAGING: Unique
2025-12-10 22:31:10 | INFO     | >>>>>>>>>>>>>>>>>>>>>>>>>>>>>>>>>>>>>>>>>>>>>>>>>>>>>>>>>>>>
2025-12-10 22:31:10 | DEBUG    |     Health check: 649 red pixels -> ALIVE
2025-12-10 22:31:10 | INFO     |   → Skill 1: 1
2025-12-10 22:31:11 | DEBUG    |     Health check: 649 red pixels -> ALIVE
2025-12-10 22:31:11 | INFO     |   → Skill 2: 2
2025-12-10 22:31:12 | DEBUG    |     Health check: 465 red pixels -> ALIVE
2025-12-10 22:31:12 | INFO     |   → Skill 3: 3
2025-12-10 22:31:13 | DEBUG    |     Health check: 249 red pixels -> ALIVE
2025-12-10 22:31:13 | INFO     |   → Skill 4: 4
2025-12-10 22:31:15 | DEBUG    |     Health check: 255 red pixels -> ALIVE
2025-12-10 22:31:15 | INFO     |   ℹ️  Rotation complete (mob status unknown)
2025-12-10 22:31:15 | INFO     | <<<<<<<<<<<<<<<<<<<<<<<<<<<<<<<<<<<<<<<<<<<<<<<<<<<<<<<<<<<<
2025-12-10 22:31:15 | INFO     | 💀 Total kills: 11
2025-12-10 22:31:15 | INFO     | <<<<<<<<<<<<<<<<<<<<<<<<<<<<<<<<<<<<<<<<<<<<<<<<<<<<<<<<<<<<

2025-12-10 22:31:15 | INFO     | 
  Verifying target #2 (D=42px)...
2025-12-10 22:31:15 | DEBUG    |     Clicking (985, 535)
2025-12-10 22:31:15 | DEBUG    |     Health check: 255 red pixels -> ALIVE
2025-12-10 22:31:15 | DEBUG    |     ✓ Verified MOB in 1 attempts
2025-12-10 22:31:15 | INFO     |     ✓ Unique | Status: ALIVE
2025-12-10 22:31:15 | INFO     | 
>>>>>>>>>>>>>>>>>>>>>>>>>>>>>>>>>>>>>>>>>>>>>>>>>>>>>>>>>>>>
2025-12-10 22:31:15 | INFO     | ⚔️  ENGAGING: Unique
2025-12-10 22:31:15 | INFO     | >>>>>>>>>>>>>>>>>>>>>>>>>>>>>>>>>>>>>>>>>>>>>>>>>>>>>>>>>>>>
2025-12-10 22:31:15 | DEBUG    |     Health check: 255 red pixels -> ALIVE
2025-12-10 22:31:15 | INFO     |   → Skill 1: 1
2025-12-10 22:31:16 | DEBUG    |     Health check: 29 red pixels -> DEAD
2025-12-10 22:31:16 | INFO     |   ✓ Mob DEAD after skill 1!
2025-12-10 22:31:16 | INFO     | <<<<<<<<<<<<<<<<<<<<<<<<<<<<<<<<<<<<<<<<<<<<<<<<<<<<<<<<<<<<
2025-12-10 22:31:16 | INFO     | 💀 Total kills: 12 | Skills saved: 3
2025-12-10 22:31:16 | INFO     | <<<<<<<<<<<<<<<<<<<<<<<<<<<<<<<<<<<<<<<<<<<<<<<<<<<<<<<<<<<<

2025-12-10 22:31:16 | INFO     | 
  Verifying target #3 (D=76px)...
2025-12-10 22:31:16 | DEBUG    |     Clicking (886, 551)
2025-12-10 22:31:16 | DEBUG    |     Health check: 29 red pixels -> DEAD
2025-12-10 22:31:16 | DEBUG    |     ✓ Verified MOB in 1 attempts
2025-12-10 22:31:16 | INFO     |     ✗ Mob already DEAD
2025-12-10 22:31:17 | INFO     | 
======================================================================
2025-12-10 22:31:17 | INFO     | CYCLE #40
2025-12-10 22:31:17 | INFO     | ======================================================================
2025-12-10 22:31:17 | DEBUG    | Death detection: Gold=259, Dark=67707, Brown=1, White=365
2025-12-10 22:31:17 | INFO     | Detected: 9 floating names
2025-12-10 22:31:17 | INFO     | → Valid targets (after cache): 9
2025-12-10 22:31:17 | INFO     | → Target priority (closest to farthest):
2025-12-10 22:31:17 | INFO     |    #1: Distance=129px from center
2025-12-10 22:31:17 | INFO     |    #2: Distance=194px from center
2025-12-10 22:31:17 | INFO     |    #3: Distance=206px from center
2025-12-10 22:31:17 | INFO     |    #4: Distance=247px from center
2025-12-10 22:31:17 | INFO     |    #5: Distance=373px from center
2025-12-10 22:31:17 | INFO     | 
  Verifying target #1 (D=129px)...
2025-12-10 22:31:17 | DEBUG    |     Clicking (1080, 619)
2025-12-10 22:31:17 | DEBUG    |     Health check: 0 red pixels -> DEAD
2025-12-10 22:31:17 | DEBUG    |     ✓ Verified MOB in 1 attempts
2025-12-10 22:31:17 | INFO     |     ✗ Mob already DEAD
2025-12-10 22:31:17 | INFO     | 
  Verifying target #2 (D=194px)...
2025-12-10 22:31:17 | DEBUG    |     Clicking (1102, 703)
2025-12-10 22:31:18 | DEBUG    |     Health check: 0 red pixels -> DEAD
2025-12-10 22:31:18 | DEBUG    |     ✓ Verified MOB in 1 attempts
2025-12-10 22:31:18 | INFO     |     ✗ Mob already DEAD
2025-12-10 22:31:18 | INFO     | 
  Verifying target #3 (D=206px)...
2025-12-10 22:31:18 | DEBUG    |     Clicking (1163, 609)
2025-12-10 22:31:18 | DEBUG    |     Health check: 0 red pixels -> DEAD
2025-12-10 22:31:18 | DEBUG    |     ✓ Verified MOB in 1 attempts
2025-12-10 22:31:18 | INFO     |     ✗ Mob already DEAD
2025-12-10 22:31:18 | INFO     | 
======================================================================
2025-12-10 22:31:18 | INFO     | CYCLE #41
2025-12-10 22:31:18 | INFO     | ======================================================================
2025-12-10 22:31:18 | DEBUG    | Death detection: Gold=400, Dark=68775, Brown=0, White=457
2025-12-10 22:31:18 | INFO     | Detected: 2 floating names
2025-12-10 22:31:18 | INFO     | → Valid targets (after cache): 2
2025-12-10 22:31:18 | INFO     | → Target priority (closest to farthest):
2025-12-10 22:31:18 | INFO     |    #1: Distance=88px from center
2025-12-10 22:31:18 | INFO     |    #2: Distance=117px from center
2025-12-10 22:31:18 | INFO     | 
  Verifying target #1 (D=88px)...
2025-12-10 22:31:18 | DEBUG    |     Clicking (986, 495)
2025-12-10 22:31:19 | DEBUG    |     Health check: 0 red pixels -> DEAD
2025-12-10 22:31:19 | DEBUG    |     ✓ Verified MOB in 1 attempts
2025-12-10 22:31:19 | INFO     |     ✗ Mob already DEAD
2025-12-10 22:31:19 | INFO     | 
  Verifying target #2 (D=117px)...
2025-12-10 22:31:19 | DEBUG    |     Clicking (1027, 667)
2025-12-10 22:31:19 | DEBUG    |     Health check: 0 red pixels -> DEAD
2025-12-10 22:31:19 | DEBUG    |     ✓ Verified MOB in 1 attempts
2025-12-10 22:31:19 | INFO     |     ✗ Mob already DEAD
2025-12-10 22:31:20 | INFO     | 
======================================================================
2025-12-10 22:31:20 | INFO     | CYCLE #42
2025-12-10 22:31:20 | INFO     | ======================================================================
2025-12-10 22:31:20 | DEBUG    | Death detection: Gold=393, Dark=67281, Brown=1, White=453
2025-12-10 22:31:20 | INFO     | Detected: 11 floating names
2025-12-10 22:31:20 | DEBUG    |   Name #4: Cached, skipping
2025-12-10 22:31:20 | DEBUG    |   Name #10: Cached, skipping
2025-12-10 22:31:20 | DEBUG    |   Name #11: Cached, skipping
2025-12-10 22:31:20 | INFO     | → Valid targets (after cache): 8
2025-12-10 22:31:20 | INFO     | → Target priority (closest to farthest):
2025-12-10 22:31:20 | INFO     |    #1: Distance=75px from center
2025-12-10 22:31:20 | INFO     |    #2: Distance=137px from center
2025-12-10 22:31:20 | INFO     |    #3: Distance=140px from center
2025-12-10 22:31:20 | INFO     |    #4: Distance=373px from center
2025-12-10 22:31:20 | INFO     |    #5: Distance=379px from center
2025-12-10 22:31:20 | INFO     | 
  Verifying target #1 (D=75px)...
2025-12-10 22:31:20 | DEBUG    |     Clicking (989, 640)
2025-12-10 22:31:20 | DEBUG    |     Health check: 0 red pixels -> DEAD
2025-12-10 22:31:20 | DEBUG    |     ✓ Verified MOB in 1 attempts
2025-12-10 22:31:20 | INFO     |     ✗ Mob already DEAD
2025-12-10 22:31:20 | INFO     | 
  Verifying target #2 (D=137px)...
2025-12-10 22:31:20 | DEBUG    |     Clicking (856, 660)
2025-12-10 22:31:20 | DEBUG    |     Health check: 0 red pixels -> DEAD
2025-12-10 22:31:20 | DEBUG    |     ✓ Verified MOB in 1 attempts
2025-12-10 22:31:20 | INFO     |     ✗ Mob already DEAD
2025-12-10 22:31:20 | INFO     | 
  Verifying target #3 (D=140px)...
2025-12-10 22:31:20 | DEBUG    |     Clicking (945, 710)
2025-12-10 22:31:21 | DEBUG    |     Health check: 0 red pixels -> DEAD
2025-12-10 22:31:21 | DEBUG    |     ✓ Verified MOB in 1 attempts
2025-12-10 22:31:21 | INFO     |     ✗ Mob already DEAD
2025-12-10 22:31:21 | INFO     | 
======================================================================
2025-12-10 22:31:21 | INFO     | CYCLE #43
2025-12-10 22:31:21 | INFO     | ======================================================================
2025-12-10 22:31:21 | DEBUG    | Death detection: Gold=435, Dark=60421, Brown=55, White=441
2025-12-10 22:31:21 | WARNING  | ⚠️  STUCK DETECTED (Scenario 1): No target for 5.2s
2025-12-10 22:31:21 | INFO     | 
======================================================================
2025-12-10 22:31:21 | INFO     | 🔧 ANTI-STUCK RECOVERY ACTIVATED
2025-12-10 22:31:21 | INFO     | ======================================================================
2025-12-10 22:31:21 | INFO     | Scenario: 1
2025-12-10 22:31:21 | INFO     | Total recoveries: 6
2025-12-10 22:31:21 | INFO     | Action: Right-click drag (horizontal movement)
2025-12-10 22:31:26 | INFO     | ✓ Horizontal drag completed
2025-12-10 22:31:26 | INFO     | ======================================================================

2025-12-10 22:31:26 | INFO     | ✅ Stuck recovery completed - resuming hunting
2025-12-10 22:31:26 | INFO     | 
⏸️  PAUSED - Press CapsLock to resume

2025-12-10 22:31:32 | INFO     | 
▶️  RESUMED - Running buffer sequence...

2025-12-10 22:31:32 | INFO     | Buffer timer reset - will run on next cycle
2025-12-10 22:31:32 | INFO     | 
============================================================
2025-12-10 22:31:32 | INFO     | RUNNING BUFFER SEQUENCE
2025-12-10 22:31:32 | INFO     | ============================================================
2025-12-10 22:31:32 | INFO     |   [1/6] Pressing: F2
2025-12-10 22:31:32 | INFO     |   [2/6] Pressing: 1
2025-12-10 22:31:32 | INFO     |   [3/6] Pressing: 2
2025-12-10 22:31:32 | INFO     |       Waiting 1.0s...
2025-12-10 22:31:33 | INFO     |   [4/6] Pressing: 3
2025-12-10 22:31:34 | INFO     |       Waiting 1.0s...
2025-12-10 22:31:35 | INFO     |   [5/6] Pressing: 4
2025-12-10 22:31:35 | INFO     |       Waiting 1.0s...
2025-12-10 22:31:36 | INFO     |   [6/6] Pressing: F1
2025-12-10 22:31:36 | INFO     | ============================================================
2025-12-10 22:31:36 | INFO     | Buffer sequence complete (Total: 3)
2025-12-10 22:31:36 | INFO     | Next buffer in 120s (2m)
2025-12-10 22:31:36 | INFO     | ============================================================

2025-12-10 22:31:36 | INFO     | 
======================================================================
2025-12-10 22:31:36 | INFO     | CYCLE #44
2025-12-10 22:31:36 | INFO     | ======================================================================
2025-12-10 22:31:36 | DEBUG    | Skipping death detection (just resumed)
2025-12-10 22:31:36 | WARNING  | ⚠️  STUCK DETECTED (Scenario 1): No target for 10.4s
2025-12-10 22:31:36 | INFO     | 
======================================================================
2025-12-10 22:31:36 | INFO     | 🔧 ANTI-STUCK RECOVERY ACTIVATED
2025-12-10 22:31:36 | INFO     | ======================================================================
2025-12-10 22:31:36 | INFO     | Scenario: 1
2025-12-10 22:31:36 | INFO     | Total recoveries: 7
2025-12-10 22:31:36 | INFO     | Action: Right-click drag (horizontal movement)
2025-12-10 22:31:40 | INFO     | ✓ Horizontal drag completed
2025-12-10 22:31:40 | INFO     | ======================================================================

2025-12-10 22:31:40 | INFO     | ✅ Stuck recovery completed - resuming hunting
2025-12-10 22:31:41 | INFO     | 
======================================================================
2025-12-10 22:31:41 | INFO     | CYCLE #45
2025-12-10 22:31:41 | INFO     | ======================================================================
2025-12-10 22:31:41 | DEBUG    | Death detection: Gold=721, Dark=66110, Brown=137, White=794
2025-12-10 22:31:41 | INFO     | Detected: 3 floating names
2025-12-10 22:31:41 | INFO     | → Valid targets (after cache): 3
2025-12-10 22:31:41 | INFO     | → Target priority (closest to farthest):
2025-12-10 22:31:41 | INFO     |    #1: Distance=382px from center
2025-12-10 22:31:41 | INFO     |    #2: Distance=721px from center
2025-12-10 22:31:41 | INFO     |    #3: Distance=777px from center
2025-12-10 22:31:41 | INFO     | 
  Verifying target #1 (D=382px)...
2025-12-10 22:31:41 | DEBUG    |     Clicking (874, 197)
2025-12-10 22:31:41 | DEBUG    |     Health check: 649 red pixels -> ALIVE
2025-12-10 22:31:41 | DEBUG    |     ✓ Verified MOB in 1 attempts
2025-12-10 22:31:41 | INFO     |     ✓ Unique | Status: ALIVE
2025-12-10 22:31:41 | INFO     | 
>>>>>>>>>>>>>>>>>>>>>>>>>>>>>>>>>>>>>>>>>>>>>>>>>>>>>>>>>>>>
2025-12-10 22:31:41 | INFO     | ⚔️  ENGAGING: Unique
2025-12-10 22:31:41 | INFO     | >>>>>>>>>>>>>>>>>>>>>>>>>>>>>>>>>>>>>>>>>>>>>>>>>>>>>>>>>>>>
2025-12-10 22:31:41 | DEBUG    |     Health check: 649 red pixels -> ALIVE
2025-12-10 22:31:41 | INFO     |   → Skill 1: 1
2025-12-10 22:31:42 | DEBUG    |     Health check: 649 red pixels -> ALIVE
2025-12-10 22:31:42 | INFO     |   → Skill 2: 2
2025-12-10 22:31:43 | DEBUG    |     Health check: 649 red pixels -> ALIVE
2025-12-10 22:31:43 | INFO     |   → Skill 3: 3
2025-12-10 22:31:44 | DEBUG    |     Health check: 333 red pixels -> ALIVE
2025-12-10 22:31:44 | INFO     |   → Skill 4: 4
2025-12-10 22:31:46 | DEBUG    |     Health check: 237 red pixels -> ALIVE
2025-12-10 22:31:46 | INFO     |   ℹ️  Rotation complete (mob status unknown)
2025-12-10 22:31:46 | INFO     | <<<<<<<<<<<<<<<<<<<<<<<<<<<<<<<<<<<<<<<<<<<<<<<<<<<<<<<<<<<<
2025-12-10 22:31:46 | INFO     | 💀 Total kills: 13
2025-12-10 22:31:46 | INFO     | <<<<<<<<<<<<<<<<<<<<<<<<<<<<<<<<<<<<<<<<<<<<<<<<<<<<<<<<<<<<

2025-12-10 22:31:46 | INFO     | 
  Verifying target #2 (D=721px)...
2025-12-10 22:31:46 | DEBUG    |     Clicking (313, 255)
2025-12-10 22:31:46 | DEBUG    |     Health check: 708 red pixels -> ALIVE
2025-12-10 22:31:46 | DEBUG    |     ✓ Verified MOB in 1 attempts
2025-12-10 22:31:46 | INFO     |     ✓ Unique | Status: ALIVE
2025-12-10 22:31:46 | INFO     | 
>>>>>>>>>>>>>>>>>>>>>>>>>>>>>>>>>>>>>>>>>>>>>>>>>>>>>>>>>>>>
2025-12-10 22:31:46 | INFO     | ⚔️  ENGAGING: Unique
2025-12-10 22:31:46 | INFO     | >>>>>>>>>>>>>>>>>>>>>>>>>>>>>>>>>>>>>>>>>>>>>>>>>>>>>>>>>>>>
2025-12-10 22:31:46 | DEBUG    |     Health check: 708 red pixels -> ALIVE
2025-12-10 22:31:46 | INFO     |   → Skill 1: 1
2025-12-10 22:31:47 | DEBUG    |     Health check: 708 red pixels -> ALIVE
2025-12-10 22:31:47 | INFO     |   → Skill 2: 2
2025-12-10 22:31:48 | DEBUG    |     Health check: 708 red pixels -> ALIVE
2025-12-10 22:31:48 | INFO     |   → Skill 3: 3
2025-12-10 22:31:49 | DEBUG    |     Health check: 708 red pixels -> ALIVE
2025-12-10 22:31:49 | INFO     |   → Skill 4: 4
2025-12-10 22:31:50 | DEBUG    |     Health check: 497 red pixels -> ALIVE
2025-12-10 22:31:50 | INFO     |   ℹ️  Rotation complete (mob status unknown)
2025-12-10 22:31:50 | INFO     | <<<<<<<<<<<<<<<<<<<<<<<<<<<<<<<<<<<<<<<<<<<<<<<<<<<<<<<<<<<<
2025-12-10 22:31:50 | INFO     | 💀 Total kills: 14
2025-12-10 22:31:50 | INFO     | <<<<<<<<<<<<<<<<<<<<<<<<<<<<<<<<<<<<<<<<<<<<<<<<<<<<<<<<<<<<

2025-12-10 22:31:50 | INFO     | 
  Verifying target #3 (D=777px)...
2025-12-10 22:31:50 | DEBUG    |     Clicking (284, 186)
2025-12-10 22:31:51 | DEBUG    |     Health check: 437 red pixels -> ALIVE
2025-12-10 22:31:51 | DEBUG    |     ✓ Verified MOB in 1 attempts
2025-12-10 22:31:51 | INFO     |     ✓ Unique | Status: ALIVE
2025-12-10 22:31:51 | INFO     | 
>>>>>>>>>>>>>>>>>>>>>>>>>>>>>>>>>>>>>>>>>>>>>>>>>>>>>>>>>>>>
2025-12-10 22:31:51 | INFO     | ⚔️  ENGAGING: Unique
2025-12-10 22:31:51 | INFO     | >>>>>>>>>>>>>>>>>>>>>>>>>>>>>>>>>>>>>>>>>>>>>>>>>>>>>>>>>>>>
2025-12-10 22:31:51 | DEBUG    |     Health check: 437 red pixels -> ALIVE
2025-12-10 22:31:51 | INFO     |   → Skill 1: 1
2025-12-10 22:31:52 | DEBUG    |     Health check: 380 red pixels -> ALIVE
2025-12-10 22:31:52 | INFO     |   → Skill 2: 2
2025-12-10 22:31:53 | DEBUG    |     Health check: 269 red pixels -> ALIVE
2025-12-10 22:31:53 | INFO     |   → Skill 3: 3
2025-12-10 22:31:54 | DEBUG    |     Health check: 204 red pixels -> ALIVE
2025-12-10 22:31:54 | INFO     |   → Skill 4: 4
2025-12-10 22:31:55 | DEBUG    |     Health check: 204 red pixels -> ALIVE
2025-12-10 22:31:55 | INFO     |   ℹ️  Rotation complete (mob status unknown)
2025-12-10 22:31:55 | INFO     | <<<<<<<<<<<<<<<<<<<<<<<<<<<<<<<<<<<<<<<<<<<<<<<<<<<<<<<<<<<<
2025-12-10 22:31:55 | INFO     | 💀 Total kills: 15
2025-12-10 22:31:55 | INFO     | <<<<<<<<<<<<<<<<<<<<<<<<<<<<<<<<<<<<<<<<<<<<<<<<<<<<<<<<<<<<

2025-12-10 22:31:56 | INFO     | 
======================================================================
2025-12-10 22:31:56 | INFO     | CYCLE #46
2025-12-10 22:31:56 | INFO     | ======================================================================
2025-12-10 22:31:56 | DEBUG    | Death detection: Gold=531, Dark=67414, Brown=186, White=941
2025-12-10 22:31:56 | INFO     | Detected: 10 floating names
2025-12-10 22:31:56 | DEBUG    |   Name #9: Cached, skipping
2025-12-10 22:31:56 | INFO     | → Valid targets (after cache): 9
2025-12-10 22:31:56 | INFO     | → Target priority (closest to farthest):
2025-12-10 22:31:56 | INFO     |    #1: Distance=28px from center
2025-12-10 22:31:56 | INFO     |    #2: Distance=138px from center
2025-12-10 22:31:56 | INFO     |    #3: Distance=147px from center
2025-12-10 22:31:56 | INFO     |    #4: Distance=186px from center
2025-12-10 22:31:56 | INFO     |    #5: Distance=373px from center
2025-12-10 22:31:56 | INFO     | 
  Verifying target #1 (D=28px)...
2025-12-10 22:31:56 | DEBUG    |     Clicking (937, 554)
2025-12-10 22:31:56 | DEBUG    |     Health check: 0 red pixels -> DEAD
2025-12-10 22:31:56 | DEBUG    |     ✓ Verified MOB in 1 attempts
2025-12-10 22:31:56 | INFO     |     ✗ Mob already DEAD
2025-12-10 22:31:56 | INFO     | 
  Verifying target #2 (D=138px)...
2025-12-10 22:31:56 | DEBUG    |     Clicking (948, 432)
2025-12-10 22:31:57 | DEBUG    |     Health check: 0 red pixels -> DEAD
2025-12-10 22:31:57 | DEBUG    |     ✓ Verified MOB in 1 attempts
2025-12-10 22:31:57 | INFO     |     ✗ Mob already DEAD
2025-12-10 22:31:57 | INFO     | 
  Verifying target #3 (D=147px)...
2025-12-10 22:31:57 | DEBUG    |     Clicking (907, 432)
2025-12-10 22:31:57 | DEBUG    |     Health check: 0 red pixels -> DEAD
2025-12-10 22:31:57 | DEBUG    |     ✓ Verified MOB in 1 attempts
2025-12-10 22:31:57 | INFO     |     ✗ Mob already DEAD
2025-12-10 22:31:57 | INFO     | 
======================================================================
2025-12-10 22:31:57 | INFO     | CYCLE #47
2025-12-10 22:31:57 | INFO     | ======================================================================
2025-12-10 22:31:57 | DEBUG    | Death detection: Gold=283, Dark=67529, Brown=0, White=387
2025-12-10 22:31:57 | INFO     | Detected: 10 floating names
2025-12-10 22:31:57 | DEBUG    |   Name #9: Cached, skipping
2025-12-10 22:31:57 | DEBUG    |   Name #10: Cached, skipping
2025-12-10 22:31:57 | INFO     | → Valid targets (after cache): 8
2025-12-10 22:31:57 | INFO     | → Target priority (closest to farthest):
2025-12-10 22:31:57 | INFO     |    #1: Distance=96px from center
2025-12-10 22:31:57 | INFO     |    #2: Distance=181px from center
2025-12-10 22:31:57 | INFO     |    #3: Distance=243px from center
2025-12-10 22:31:57 | INFO     |    #4: Distance=289px from center
2025-12-10 22:31:57 | INFO     |    #5: Distance=379px from center
2025-12-10 22:31:57 | INFO     | 
  Verifying target #1 (D=96px)...
2025-12-10 22:31:57 | DEBUG    |     Clicking (955, 473)
2025-12-10 22:31:58 | DEBUG    |     Health check: 0 red pixels -> DEAD
2025-12-10 22:31:58 | DEBUG    |     ✓ Verified MOB in 1 attempts
2025-12-10 22:31:58 | INFO     |     ✗ Mob already DEAD
2025-12-10 22:31:58 | INFO     | 
  Verifying target #2 (D=181px)...
2025-12-10 22:31:58 | DEBUG    |     Clicking (1030, 737)
2025-12-10 22:31:58 | DEBUG    |     Health check: 0 red pixels -> DEAD
2025-12-10 22:31:58 | DEBUG    |     ✓ Verified MOB in 1 attempts
2025-12-10 22:31:58 | INFO     |     ✗ Mob already DEAD
2025-12-10 22:31:58 | INFO     | 
  Verifying target #3 (D=243px)...
2025-12-10 22:31:58 | DEBUG    |     Clicking (1015, 807)
2025-12-10 22:31:59 | DEBUG    |     Health check: 0 red pixels -> DEAD
2025-12-10 22:31:59 | DEBUG    |     ✓ Verified MOB in 1 attempts
2025-12-10 22:31:59 | INFO     |     ✗ Mob already DEAD
2025-12-10 22:31:59 | INFO     | 
======================================================================
2025-12-10 22:31:59 | INFO     | CYCLE #48
2025-12-10 22:31:59 | INFO     | ======================================================================
2025-12-10 22:31:59 | DEBUG    | Death detection: Gold=365, Dark=66087, Brown=0, White=773
2025-12-10 22:31:59 | INFO     | Detected: 8 floating names
2025-12-10 22:31:59 | INFO     | → Valid targets (after cache): 8
2025-12-10 22:31:59 | INFO     | → Target priority (closest to farthest):
2025-12-10 22:31:59 | INFO     |    #1: Distance=58px from center
2025-12-10 22:31:59 | INFO     |    #2: Distance=271px from center
2025-12-10 22:31:59 | INFO     |    #3: Distance=296px from center
2025-12-10 22:31:59 | INFO     |    #4: Distance=373px from center
2025-12-10 22:31:59 | INFO     |    #5: Distance=383px from center
2025-12-10 22:31:59 | INFO     | 
  Verifying target #1 (D=58px)...
2025-12-10 22:31:59 | DEBUG    |     Clicking (907, 545)
2025-12-10 22:31:59 | DEBUG    |     Health check: 0 red pixels -> DEAD
2025-12-10 22:31:59 | DEBUG    |     ✓ Verified MOB in 1 attempts
2025-12-10 22:31:59 | INFO     |     ✗ Mob already DEAD
2025-12-10 22:31:59 | INFO     | 
  Verifying target #2 (D=271px)...
2025-12-10 22:31:59 | DEBUG    |     Clicking (884, 309)
2025-12-10 22:32:00 | DEBUG    |     Health check: 0 red pixels -> DEAD
2025-12-10 22:32:00 | DEBUG    |     ✓ Verified MOB in 1 attempts
2025-12-10 22:32:00 | INFO     |     ✗ Mob already DEAD
2025-12-10 22:32:00 | INFO     | 
  Verifying target #3 (D=296px)...
2025-12-10 22:32:00 | DEBUG    |     Clicking (1213, 725)
2025-12-10 22:32:00 | DEBUG    |     Health check: 0 red pixels -> DEAD
2025-12-10 22:32:00 | DEBUG    |     ✓ Verified MOB in 1 attempts
2025-12-10 22:32:00 | INFO     |     ✗ Mob already DEAD
2025-12-10 22:32:01 | INFO     | 
======================================================================
2025-12-10 22:32:01 | INFO     | CYCLE #49
2025-12-10 22:32:01 | INFO     | ======================================================================
2025-12-10 22:32:01 | DEBUG    | Death detection: Gold=697, Dark=65245, Brown=252, White=764
2025-12-10 22:32:01 | WARNING  | ⚠️  STUCK DETECTED (Scenario 1): No target for 5.2s
2025-12-10 22:32:01 | INFO     | 
======================================================================
2025-12-10 22:32:01 | INFO     | 🔧 ANTI-STUCK RECOVERY ACTIVATED
2025-12-10 22:32:01 | INFO     | ======================================================================
2025-12-10 22:32:01 | INFO     | Scenario: 1
2025-12-10 22:32:01 | INFO     | Total recoveries: 8
2025-12-10 22:32:01 | INFO     | Action: Right-click drag (horizontal movement)
2025-12-10 22:32:05 | INFO     | ✓ Horizontal drag completed
2025-12-10 22:32:05 | INFO     | ======================================================================

2025-12-10 22:32:05 | INFO     | ✅ Stuck recovery completed - resuming hunting
2025-12-10 22:32:05 | INFO     | 
======================================================================
2025-12-10 22:32:05 | INFO     | CYCLE #50
2025-12-10 22:32:05 | INFO     | ======================================================================
2025-12-10 22:32:05 | DEBUG    | Death detection: Gold=814, Dark=67280, Brown=934, White=814
2025-12-10 22:32:05 | WARNING  | 💀 DEATH DETECTED - Player is dead!
2025-12-10 22:32:05 | WARNING  |    Indicators: Gold=True, Dark=True, Brown=False, Text=True
2025-12-10 22:32:05 | WARNING  | ⚠️  Player is dead - pausing hunting
2025-12-10 22:32:05 | INFO     | 📸 Screenshot saved: 0001_223205_DEATH_death_1.png
2025-12-10 22:32:05 | INFO     | 
======================================================================
2025-12-10 22:32:05 | INFO     | 💀 DEATH HANDLER ACTIVATED
2025-12-10 22:32:05 | INFO     | ======================================================================
2025-12-10 22:32:05 | INFO     | Death #1
2025-12-10 22:32:05 | INFO     | Waiting 2.0s before reviving...
2025-12-10 22:32:07 | INFO     | Pressing F4 (open revive menu)...
2025-12-10 22:32:08 | INFO     | Pressing 0 (resurrect at specified point)...
2025-12-10 22:32:08 | INFO     | Waiting for respawn (3s)...
2025-12-10 22:32:11 | INFO     | ✅ Revive sequence completed!
2025-12-10 22:32:11 | INFO     | ======================================================================

2025-12-10 22:32:11 | INFO     | 🔄 Running buffer sequence after revive...
2025-12-10 22:32:11 | INFO     | 
============================================================
2025-12-10 22:32:11 | INFO     | RUNNING BUFFER SEQUENCE
2025-12-10 22:32:11 | INFO     | ============================================================
2025-12-10 22:32:11 | INFO     |   [1/6] Pressing: F2
2025-12-10 22:32:11 | INFO     |   [2/6] Pressing: 1
2025-12-10 22:32:11 | INFO     |   [3/6] Pressing: 2
2025-12-10 22:32:12 | INFO     |       Waiting 1.0s...
2025-12-10 22:32:13 | INFO     |   [4/6] Pressing: 3
2025-12-10 22:32:13 | INFO     |       Waiting 1.0s...
2025-12-10 22:32:14 | INFO     |   [5/6] Pressing: 4
2025-12-10 22:32:14 | INFO     |       Waiting 1.0s...
2025-12-10 22:32:15 | INFO     |   [6/6] Pressing: F1
2025-12-10 22:32:15 | INFO     | ============================================================
2025-12-10 22:32:15 | INFO     | Buffer sequence complete (Total: 4)
2025-12-10 22:32:15 | INFO     | Next buffer in 120s (2m)
2025-12-10 22:32:15 | INFO     | ============================================================

2025-12-10 22:32:15 | INFO     | ✅ Ready to resume hunting!
2025-12-10 22:32:15 | INFO     | 
⏸️  PAUSED - Press CapsLock to resume

2025-12-10 22:32:16 | INFO     | 

⛔ Bot stopped by user
2025-12-10 22:32:16 | INFO     | 
======================================================================
2025-12-10 22:32:16 | INFO     | 📊 FINAL STATISTICS
2025-12-10 22:32:16 | INFO     | ======================================================================
2025-12-10 22:32:16 | INFO     | 📁 Log Directory: logs/session_20251210_222927
2025-12-10 22:32:16 | INFO     | ⏱️  Uptime: 168s (2m 48s)
2025-12-10 22:32:16 | INFO     | 🔄 Total Cycles: 50
2025-12-10 22:32:16 | INFO     | 📸 Screenshots Saved: 1
2025-12-10 22:32:16 | INFO     | 
2025-12-10 22:32:16 | INFO     | 🔍 Detection:
2025-12-10 22:32:16 | INFO     |    Total Clicks: 81
2025-12-10 22:32:16 | INFO     |    Verified Mobs: 81
2025-12-10 22:32:16 | INFO     |    Filtered Pets: 0
2025-12-10 22:32:16 | INFO     |    Pet Filter Rate: 0.0%
2025-12-10 22:32:16 | INFO     | 
2025-12-10 22:32:16 | INFO     | ⚔️  Combat:
2025-12-10 22:32:16 | INFO     |    Total Kills: 15
2025-12-10 22:32:16 | INFO     |    Deaths: 1
2025-12-10 22:32:16 | INFO     |    Early Stops: 6
2025-12-10 22:32:16 | INFO     |    Skills Used: 44
2025-12-10 22:32:16 | INFO     |    Avg Skills/Kill: 2.9
2025-12-10 22:32:16 | INFO     |    Kills/Hour: 321.4
2025-12-10 22:32:16 | INFO     | 
2025-12-10 22:32:16 | INFO     | ⚙️  System:
2025-12-10 22:32:16 | INFO     |    Buffer Sequences: 4
2025-12-10 22:32:16 | INFO     |    Stuck Recoveries: 8
2025-12-10 22:32:16 | INFO     |    Cache Hit Rate: 16.1%
2025-12-10 22:32:16 | INFO     |    Cache Size: 16 entries
2025-12-10 22:32:16 | INFO     | 
2025-12-10 22:32:16 | INFO     | 📈 Efficiency:
2025-12-10 22:32:16 | INFO     |    Avg Cycle Time: 3.36s
2025-12-10 22:32:16 | INFO     |    Avg Clicks/Cycle: 1.6
2025-12-10 22:32:16 | INFO     |    Avg Kills/Cycle: 0.30
2025-12-10 22:32:16 | INFO     | ======================================================================
