2025-11-30 19:52:30 | INFO     | ======================================================================
2025-11-30 19:52:30 | INFO     | MOB HUNTER v3.0 - FULL VERSION
2025-11-30 19:52:30 | INFO     | ======================================================================
2025-11-30 19:52:30 | INFO     | Log directory: logs/session_20251130_195230
2025-11-30 19:52:30 | INFO     | Screen: 1920x1080
2025-11-30 19:52:30 | INFO     | Overlay: ENABLED
2025-11-30 19:52:30 | INFO     | ======================================================================
2025-11-30 19:52:30 | INFO     | 
🚀 Bot started! Press Ctrl+C to stop.

2025-11-30 19:52:30 | INFO     | 
======================================================================
2025-11-30 19:52:30 | INFO     | CYCLE #1
2025-11-30 19:52:30 | INFO     | ======================================================================
2025-11-30 19:52:30 | INFO     | Detected: 9 floating names
2025-11-30 19:52:30 | DEBUG    |   Name #1: Player zone
2025-11-30 19:52:30 | DEBUG    |   Name #2: Player zone
2025-11-30 19:52:30 | DEBUG    |   Region near center, might be player
2025-11-30 19:52:30 | DEBUG    |   Name #4: Cached
2025-11-30 19:52:30 | DEBUG    |   Name #5: Player zone
2025-11-30 19:52:30 | DEBUG    |   Region near center, might be player
2025-11-30 19:52:30 | DEBUG    |   Name #7: Cached
2025-11-30 19:52:30 | INFO     |   ✓ Target #8 at (518, 348)
2025-11-30 19:52:30 | INFO     |   ✓ Target #9 at (474, 349)
2025-11-30 19:52:30 | INFO     | → Valid targets: 2
2025-11-30 19:52:30 | INFO     | 
  Verifying #1...
2025-11-30 19:52:30 | DEBUG    |     Clicking (518, 378)
2025-11-30 19:52:31 | DEBUG    |     Nameplate read in 1 attempts
2025-11-30 19:52:31 | INFO     |     ✓ Elite | HP: 69%
2025-11-30 19:52:31 | INFO     | 
  Verifying #2...
2025-11-30 19:52:31 | DEBUG    |     Clicking (474, 380)
2025-11-30 19:52:31 | DEBUG    |     Nameplate read in 1 attempts
2025-11-30 19:52:31 | INFO     |     ✓ Elite | HP: 69%
2025-11-30 19:52:31 | INFO     | 
>>>>>>>>>>>>>>>>>>>>>>>>>>>>>>>>>>>>>>>>>>>>>>>>>>
2025-11-30 19:52:31 | INFO     | ENGAGING: Elite (HP: 69%)
2025-11-30 19:52:31 | INFO     | >>>>>>>>>>>>>>>>>>>>>>>>>>>>>>>>>>>>>>>>>>>>>>>>>>
2025-11-30 19:52:31 | INFO     |   Skill 1: 1
2025-11-30 19:52:32 | INFO     |   Skill 2: 2
2025-11-30 19:52:32 | INFO     |   Skill 3: 3
2025-11-30 19:52:33 | INFO     |   Skill 4: 4
2025-11-30 19:52:34 | INFO     | <<<<<<<<<<<<<<<<<<<<<<<<<<<<<<<<<<<<<<<<<<<<<<<<<<
2025-11-30 19:52:34 | INFO     | Total engagements: 1

2025-11-30 19:52:34 | INFO     | 
======================================================================
2025-11-30 19:52:34 | INFO     | CYCLE #2
2025-11-30 19:52:34 | INFO     | ======================================================================
2025-11-30 19:52:34 | INFO     | Detected: 9 floating names
2025-11-30 19:52:34 | DEBUG    |   Name #1: Player zone
2025-11-30 19:52:34 | DEBUG    |   Name #2: Player zone
2025-11-30 19:52:34 | DEBUG    |   Name #3: Cached
2025-11-30 19:52:34 | DEBUG    |   Name #4: Player zone
2025-11-30 19:52:34 | DEBUG    |   Name #5: Player zone
2025-11-30 19:52:34 | DEBUG    |   Name #6: Player zone
2025-11-30 19:52:34 | DEBUG    |   Region near center, might be player
2025-11-30 19:52:34 | DEBUG    |   Name #8: Cached
2025-11-30 19:52:34 | DEBUG    |   Name #9: Player zone
2025-11-30 19:52:34 | INFO     | → Valid targets: 0
2025-11-30 19:52:35 | INFO     | 
======================================================================
2025-11-30 19:52:35 | INFO     | CYCLE #3
2025-11-30 19:52:35 | INFO     | ======================================================================
2025-11-30 19:52:35 | INFO     | Detected: 6 floating names
2025-11-30 19:52:35 | DEBUG    |   Name #1: Cached
2025-11-30 19:52:35 | DEBUG    |   Name #2: Cached
2025-11-30 19:52:35 | DEBUG    |   Name #3: Cached
2025-11-30 19:52:35 | DEBUG    |   Name #4: Cached
2025-11-30 19:52:35 | DEBUG    |   Name #5: Cached
2025-11-30 19:52:35 | DEBUG    |   Name #6: Cached
2025-11-30 19:52:35 | INFO     | → Valid targets: 0
2025-11-30 19:52:35 | INFO     | 
======================================================================
2025-11-30 19:52:35 | INFO     | CYCLE #4
2025-11-30 19:52:35 | INFO     | ======================================================================
2025-11-30 19:52:35 | INFO     | Detected: 8 floating names
2025-11-30 19:52:35 | DEBUG    |   Name #1: Player zone
2025-11-30 19:52:35 | DEBUG    |   Name #2: Cached
2025-11-30 19:52:35 | DEBUG    |   Name #3: Cached
2025-11-30 19:52:35 | DEBUG    |   Name #4: Player zone
2025-11-30 19:52:35 | DEBUG    |   Name #5: Cached
2025-11-30 19:52:35 | DEBUG    |   Name #6: Cached
2025-11-30 19:52:35 | DEBUG    |   Region near center, might be player
2025-11-30 19:52:35 | DEBUG    |   Name #8: Player zone
2025-11-30 19:52:35 | INFO     | → Valid targets: 0
2025-11-30 19:52:36 | INFO     | 
======================================================================
2025-11-30 19:52:36 | INFO     | CYCLE #5
2025-11-30 19:52:36 | INFO     | ======================================================================
2025-11-30 19:52:36 | INFO     | Detected: 7 floating names
2025-11-30 19:52:36 | INFO     |   ✓ Target #1 at (1126, 697)
2025-11-30 19:52:36 | DEBUG    |   Name #2: Cached
2025-11-30 19:52:36 | DEBUG    |   Region near center, might be player
2025-11-30 19:52:36 | DEBUG    |   Region near center, might be player
2025-11-30 19:52:36 | DEBUG    |   Region near center, might be player
2025-11-30 19:52:36 | DEBUG    |   Name #6: Cached
2025-11-30 19:52:36 | DEBUG    |   Name #7: Cached
2025-11-30 19:52:36 | INFO     | → Valid targets: 1
2025-11-30 19:52:36 | INFO     | 
  Verifying #1...
2025-11-30 19:52:36 | DEBUG    |     Clicking (1126, 727)
2025-11-30 19:52:36 | DEBUG    |     Nameplate read in 1 attempts
2025-11-30 19:52:36 | INFO     |     ✓ Elite | HP: 100%
2025-11-30 19:52:36 | INFO     | 
>>>>>>>>>>>>>>>>>>>>>>>>>>>>>>>>>>>>>>>>>>>>>>>>>>
2025-11-30 19:52:36 | INFO     | ENGAGING: Elite (HP: 100%)
2025-11-30 19:52:36 | INFO     | >>>>>>>>>>>>>>>>>>>>>>>>>>>>>>>>>>>>>>>>>>>>>>>>>>
2025-11-30 19:52:36 | INFO     |   Skill 1: 1
2025-11-30 19:52:37 | INFO     |   Skill 2: 2
2025-11-30 19:52:37 | INFO     |   Skill 3: 3
2025-11-30 19:52:38 | INFO     |   Skill 4: 4
2025-11-30 19:52:39 | INFO     | <<<<<<<<<<<<<<<<<<<<<<<<<<<<<<<<<<<<<<<<<<<<<<<<<<
2025-11-30 19:52:39 | INFO     | Total engagements: 2

2025-11-30 19:52:39 | INFO     | 
======================================================================
2025-11-30 19:52:39 | INFO     | CYCLE #6
2025-11-30 19:52:39 | INFO     | ======================================================================
2025-11-30 19:52:39 | INFO     | Detected: 5 floating names
2025-11-30 19:52:39 | INFO     |   ✓ Target #1 at (463, 852)
2025-11-30 19:52:39 | DEBUG    |   Name #2: Cached
2025-11-30 19:52:39 | INFO     |   ✓ Target #3 at (930, 765)
2025-11-30 19:52:39 | DEBUG    |   Name #4: Cached
2025-11-30 19:52:39 | DEBUG    |   Name #5: Player zone
2025-11-30 19:52:39 | INFO     | → Valid targets: 2
2025-11-30 19:52:39 | INFO     | 
  Verifying #1...
2025-11-30 19:52:39 | DEBUG    |     Clicking (463, 883)
2025-11-30 19:52:40 | DEBUG    |     Nameplate read in 1 attempts
2025-11-30 19:52:40 | INFO     |     ✓ Elite | HP: 100%
2025-11-30 19:52:40 | INFO     | 
  Verifying #2...
2025-11-30 19:52:40 | DEBUG    |     Clicking (930, 795)
2025-11-30 19:52:40 | DEBUG    |     Nameplate read in 1 attempts
2025-11-30 19:52:40 | INFO     |     ✓ Elite | HP: 100%
2025-11-30 19:52:40 | INFO     | 
>>>>>>>>>>>>>>>>>>>>>>>>>>>>>>>>>>>>>>>>>>>>>>>>>>
2025-11-30 19:52:40 | INFO     | ENGAGING: Elite (HP: 100%)
2025-11-30 19:52:40 | INFO     | >>>>>>>>>>>>>>>>>>>>>>>>>>>>>>>>>>>>>>>>>>>>>>>>>>
2025-11-30 19:52:40 | INFO     |   Skill 1: 1
2025-11-30 19:52:41 | INFO     |   Skill 2: 2
2025-11-30 19:52:42 | INFO     |   Skill 3: 3
2025-11-30 19:52:42 | INFO     |   Skill 4: 4
2025-11-30 19:52:43 | INFO     | <<<<<<<<<<<<<<<<<<<<<<<<<<<<<<<<<<<<<<<<<<<<<<<<<<
2025-11-30 19:52:43 | INFO     | Total engagements: 3

2025-11-30 19:52:43 | INFO     | 
======================================================================
2025-11-30 19:52:43 | INFO     | CYCLE #7
2025-11-30 19:52:43 | INFO     | ======================================================================
2025-11-30 19:52:43 | INFO     | Detected: 9 floating names
2025-11-30 19:52:43 | DEBUG    |   Name #1: Player zone
2025-11-30 19:52:43 | DEBUG    |   Name #2: Cached
2025-11-30 19:52:43 | DEBUG    |   Name #3: Player zone
2025-11-30 19:52:43 | DEBUG    |   Region near center, might be player
2025-11-30 19:52:43 | DEBUG    |   Name #5: Cached
2025-11-30 19:52:43 | INFO     |   ✓ Target #6 at (1551, 384)
2025-11-30 19:52:43 | INFO     |   ✓ Target #7 at (1500, 385)
2025-11-30 19:52:43 | INFO     |   ✓ Target #8 at (595, 359)
2025-11-30 19:52:43 | INFO     |   ✓ Target #9 at (544, 360)
2025-11-30 19:52:43 | INFO     | → Valid targets: 4
2025-11-30 19:52:43 | INFO     | 
  Verifying #1...
2025-11-30 19:52:43 | DEBUG    |     Clicking (1551, 414)
2025-11-30 19:52:44 | DEBUG    |     Nameplate read in 1 attempts
2025-11-30 19:52:44 | INFO     |     ✓ Elite | HP: 69%
2025-11-30 19:52:44 | INFO     | 
  Verifying #2...
2025-11-30 19:52:44 | DEBUG    |     Clicking (1500, 416)
2025-11-30 19:52:44 | DEBUG    |     Nameplate read in 1 attempts
2025-11-30 19:52:44 | INFO     |     ✓ Elite | HP: 69%
2025-11-30 19:52:44 | INFO     | 
>>>>>>>>>>>>>>>>>>>>>>>>>>>>>>>>>>>>>>>>>>>>>>>>>>
2025-11-30 19:52:44 | INFO     | ENGAGING: Elite (HP: 69%)
2025-11-30 19:52:44 | INFO     | >>>>>>>>>>>>>>>>>>>>>>>>>>>>>>>>>>>>>>>>>>>>>>>>>>
2025-11-30 19:52:44 | INFO     |   Skill 1: 1
2025-11-30 19:52:45 | INFO     |   Skill 2: 2
2025-11-30 19:52:46 | INFO     |   Skill 3: 3
2025-11-30 19:52:46 | INFO     |   Skill 4: 4
2025-11-30 19:52:47 | INFO     | <<<<<<<<<<<<<<<<<<<<<<<<<<<<<<<<<<<<<<<<<<<<<<<<<<
2025-11-30 19:52:47 | INFO     | Total engagements: 4

2025-11-30 19:52:47 | INFO     | 
======================================================================
2025-11-30 19:52:47 | INFO     | CYCLE #8
2025-11-30 19:52:47 | INFO     | ======================================================================
2025-11-30 19:52:47 | INFO     | Detected: 6 floating names
2025-11-30 19:52:47 | DEBUG    |   Name #1: Player zone
2025-11-30 19:52:47 | DEBUG    |   Name #2: Cached
2025-11-30 19:52:47 | DEBUG    |   Region near center, might be player
2025-11-30 19:52:47 | DEBUG    |   Name #4: Player zone
2025-11-30 19:52:47 | DEBUG    |   Name #5: Cached
2025-11-30 19:52:47 | DEBUG    |   Name #6: Player zone
2025-11-30 19:52:47 | INFO     | → Valid targets: 0
2025-11-30 19:52:48 | INFO     | 
======================================================================
2025-11-30 19:52:48 | INFO     | CYCLE #9
2025-11-30 19:52:48 | INFO     | ======================================================================
2025-11-30 19:52:48 | INFO     | Detected: 7 floating names
2025-11-30 19:52:48 | DEBUG    |   Name #1: Cached
2025-11-30 19:52:48 | DEBUG    |   Region near center, might be player
2025-11-30 19:52:48 | DEBUG    |   Name #3: Cached
2025-11-30 19:52:48 | DEBUG    |   Name #4: Cached
2025-11-30 19:52:48 | DEBUG    |   Name #5: Cached
2025-11-30 19:52:48 | DEBUG    |   Name #6: Cached
2025-11-30 19:52:48 | DEBUG    |   Region near center, might be player
2025-11-30 19:52:48 | INFO     | → Valid targets: 0
2025-11-30 19:52:48 | INFO     | 
======================================================================
2025-11-30 19:52:48 | INFO     | CYCLE #10
2025-11-30 19:52:48 | INFO     | ======================================================================
2025-11-30 19:52:48 | INFO     | Detected: 7 floating names
2025-11-30 19:52:48 | DEBUG    |   Region near center, might be player
2025-11-30 19:52:48 | DEBUG    |   Name #2: Cached
2025-11-30 19:52:48 | DEBUG    |   Name #3: Cached
2025-11-30 19:52:48 | DEBUG    |   Name #4: Cached
2025-11-30 19:52:48 | DEBUG    |   Name #5: Cached
2025-11-30 19:52:48 | DEBUG    |   Name #6: Cached
2025-11-30 19:52:48 | DEBUG    |   Name #7: Cached
2025-11-30 19:52:48 | INFO     | → Valid targets: 0
2025-11-30 19:52:49 | INFO     | 
======================================================================
2025-11-30 19:52:49 | INFO     | CYCLE #11
2025-11-30 19:52:49 | INFO     | ======================================================================
2025-11-30 19:52:49 | INFO     | Detected: 5 floating names
2025-11-30 19:52:49 | DEBUG    |   Name #1: Cached
2025-11-30 19:52:49 | DEBUG    |   Name #2: Cached
2025-11-30 19:52:49 | DEBUG    |   Name #3: Cached
2025-11-30 19:52:49 | DEBUG    |   Name #4: Cached
2025-11-30 19:52:49 | DEBUG    |   Name #5: Cached
2025-11-30 19:52:49 | INFO     | → Valid targets: 0
2025-11-30 19:52:49 | INFO     | 
======================================================================
2025-11-30 19:52:49 | INFO     | CYCLE #12
2025-11-30 19:52:49 | INFO     | ======================================================================
2025-11-30 19:52:49 | INFO     | Detected: 5 floating names
2025-11-30 19:52:49 | DEBUG    |   Name #1: Cached
2025-11-30 19:52:49 | DEBUG    |   Name #2: Cached
2025-11-30 19:52:49 | DEBUG    |   Name #3: Cached
2025-11-30 19:52:49 | DEBUG    |   Name #4: Cached
2025-11-30 19:52:49 | DEBUG    |   Name #5: Cached
2025-11-30 19:52:49 | INFO     | → Valid targets: 0
2025-11-30 19:52:50 | INFO     | 
======================================================================
2025-11-30 19:52:50 | INFO     | CYCLE #13
2025-11-30 19:52:50 | INFO     | ======================================================================
2025-11-30 19:52:50 | INFO     | Detected: 5 floating names
2025-11-30 19:52:50 | DEBUG    |   Name #1: Cached
2025-11-30 19:52:50 | DEBUG    |   Name #2: Cached
2025-11-30 19:52:50 | DEBUG    |   Name #3: Cached
2025-11-30 19:52:50 | DEBUG    |   Name #4: Cached
2025-11-30 19:52:50 | DEBUG    |   Name #5: Cached
2025-11-30 19:52:50 | INFO     | → Valid targets: 0
2025-11-30 19:52:50 | INFO     | 
======================================================================
2025-11-30 19:52:50 | INFO     | CYCLE #14
2025-11-30 19:52:50 | INFO     | ======================================================================
2025-11-30 19:52:50 | INFO     | Detected: 5 floating names
2025-11-30 19:52:50 | DEBUG    |   Name #1: Player zone
2025-11-30 19:52:50 | DEBUG    |   Name #2: Cached
2025-11-30 19:52:50 | DEBUG    |   Region near center, might be player
2025-11-30 19:52:50 | DEBUG    |   Name #4: Player zone
2025-11-30 19:52:50 | DEBUG    |   Name #5: Cached
2025-11-30 19:52:50 | INFO     | → Valid targets: 0
2025-11-30 19:52:51 | INFO     | 
======================================================================
2025-11-30 19:52:51 | INFO     | CYCLE #15
2025-11-30 19:52:51 | INFO     | ======================================================================
2025-11-30 19:52:51 | INFO     | Detected: 5 floating names
2025-11-30 19:52:51 | DEBUG    |   Name #1: Cached
2025-11-30 19:52:51 | DEBUG    |   Name #2: Cached
2025-11-30 19:52:51 | DEBUG    |   Name #3: Cached
2025-11-30 19:52:51 | DEBUG    |   Name #4: Cached
2025-11-30 19:52:51 | DEBUG    |   Name #5: Cached
2025-11-30 19:52:51 | INFO     | → Valid targets: 0
2025-11-30 19:52:51 | INFO     | 
======================================================================
2025-11-30 19:52:51 | INFO     | CYCLE #16
2025-11-30 19:52:51 | INFO     | ======================================================================
2025-11-30 19:52:51 | INFO     | Detected: 5 floating names
2025-11-30 19:52:51 | DEBUG    |   Name #1: Cached
2025-11-30 19:52:51 | DEBUG    |   Name #2: Cached
2025-11-30 19:52:51 | DEBUG    |   Name #3: Cached
2025-11-30 19:52:51 | DEBUG    |   Name #4: Cached
2025-11-30 19:52:51 | DEBUG    |   Name #5: Cached
2025-11-30 19:52:51 | INFO     | → Valid targets: 0
2025-11-30 19:52:51 | INFO     | 
======================================================================
2025-11-30 19:52:51 | INFO     | CYCLE #17
2025-11-30 19:52:51 | INFO     | ======================================================================
2025-11-30 19:52:52 | INFO     | Detected: 5 floating names
2025-11-30 19:52:52 | DEBUG    |   Name #1: Cached
2025-11-30 19:52:52 | DEBUG    |   Name #2: Cached
2025-11-30 19:52:52 | DEBUG    |   Name #3: Cached
2025-11-30 19:52:52 | DEBUG    |   Name #4: Cached
2025-11-30 19:52:52 | DEBUG    |   Name #5: Cached
2025-11-30 19:52:52 | INFO     | → Valid targets: 0
2025-11-30 19:52:52 | INFO     | 
======================================================================
2025-11-30 19:52:52 | INFO     | CYCLE #18
2025-11-30 19:52:52 | INFO     | ======================================================================
2025-11-30 19:52:52 | INFO     | Detected: 5 floating names
2025-11-30 19:52:52 | DEBUG    |   Name #1: Cached
2025-11-30 19:52:52 | DEBUG    |   Name #2: Cached
2025-11-30 19:52:52 | DEBUG    |   Name #3: Cached
2025-11-30 19:52:52 | DEBUG    |   Name #4: Cached
2025-11-30 19:52:52 | DEBUG    |   Name #5: Cached
2025-11-30 19:52:52 | INFO     | → Valid targets: 0
2025-11-30 19:52:52 | INFO     | 
======================================================================
2025-11-30 19:52:52 | INFO     | CYCLE #19
2025-11-30 19:52:52 | INFO     | ======================================================================
2025-11-30 19:52:52 | INFO     | Detected: 5 floating names
2025-11-30 19:52:52 | DEBUG    |   Name #1: Cached
2025-11-30 19:52:52 | DEBUG    |   Name #2: Cached
2025-11-30 19:52:52 | DEBUG    |   Name #3: Cached
2025-11-30 19:52:52 | DEBUG    |   Name #4: Cached
2025-11-30 19:52:52 | DEBUG    |   Name #5: Cached
2025-11-30 19:52:52 | INFO     | → Valid targets: 0
2025-11-30 19:52:53 | INFO     | 
======================================================================
2025-11-30 19:52:53 | INFO     | CYCLE #20
2025-11-30 19:52:53 | INFO     | ======================================================================
2025-11-30 19:52:53 | INFO     | Detected: 5 floating names
2025-11-30 19:52:53 | DEBUG    |   Name #1: Player zone
2025-11-30 19:52:53 | DEBUG    |   Name #2: Cached
2025-11-30 19:52:53 | DEBUG    |   Region near center, might be player
2025-11-30 19:52:53 | DEBUG    |   Name #4: Player zone
2025-11-30 19:52:53 | DEBUG    |   Name #5: Cached
2025-11-30 19:52:53 | INFO     | → Valid targets: 0
2025-11-30 19:52:53 | INFO     | 
======================================================================
2025-11-30 19:52:53 | INFO     | CYCLE #21
2025-11-30 19:52:53 | INFO     | ======================================================================
2025-11-30 19:52:53 | INFO     | Detected: 5 floating names
2025-11-30 19:52:53 | DEBUG    |   Name #1: Cached
2025-11-30 19:52:53 | DEBUG    |   Name #2: Cached
2025-11-30 19:52:53 | DEBUG    |   Name #3: Cached
2025-11-30 19:52:53 | DEBUG    |   Name #4: Cached
2025-11-30 19:52:53 | DEBUG    |   Name #5: Cached
2025-11-30 19:52:53 | INFO     | → Valid targets: 0
2025-11-30 19:52:54 | INFO     | 
======================================================================
2025-11-30 19:52:54 | INFO     | CYCLE #22
2025-11-30 19:52:54 | INFO     | ======================================================================
2025-11-30 19:52:54 | INFO     | Detected: 5 floating names
2025-11-30 19:52:54 | DEBUG    |   Name #1: Cached
2025-11-30 19:52:54 | DEBUG    |   Name #2: Cached
2025-11-30 19:52:54 | DEBUG    |   Name #3: Cached
2025-11-30 19:52:54 | DEBUG    |   Name #4: Cached
2025-11-30 19:52:54 | DEBUG    |   Name #5: Cached
2025-11-30 19:52:54 | INFO     | → Valid targets: 0
2025-11-30 19:52:54 | INFO     | 
======================================================================
2025-11-30 19:52:54 | INFO     | CYCLE #23
2025-11-30 19:52:54 | INFO     | ======================================================================
2025-11-30 19:52:54 | INFO     | Detected: 5 floating names
2025-11-30 19:52:54 | DEBUG    |   Name #1: Cached
2025-11-30 19:52:54 | DEBUG    |   Name #2: Cached
2025-11-30 19:52:54 | DEBUG    |   Name #3: Cached
2025-11-30 19:52:54 | DEBUG    |   Name #4: Cached
2025-11-30 19:52:54 | DEBUG    |   Name #5: Cached
2025-11-30 19:52:54 | INFO     | → Valid targets: 0
2025-11-30 19:52:55 | INFO     | 
======================================================================
2025-11-30 19:52:55 | INFO     | CYCLE #24
2025-11-30 19:52:55 | INFO     | ======================================================================
2025-11-30 19:52:55 | INFO     | Detected: 5 floating names
2025-11-30 19:52:55 | DEBUG    |   Name #1: Cached
2025-11-30 19:52:55 | DEBUG    |   Name #2: Cached
2025-11-30 19:52:55 | DEBUG    |   Name #3: Cached
2025-11-30 19:52:55 | DEBUG    |   Name #4: Cached
2025-11-30 19:52:55 | DEBUG    |   Name #5: Cached
2025-11-30 19:52:55 | INFO     | → Valid targets: 0
2025-11-30 19:52:55 | INFO     | 
======================================================================
2025-11-30 19:52:55 | INFO     | CYCLE #25
2025-11-30 19:52:55 | INFO     | ======================================================================
2025-11-30 19:52:55 | INFO     | Detected: 5 floating names
2025-11-30 19:52:55 | DEBUG    |   Name #1: Cached
2025-11-30 19:52:55 | DEBUG    |   Name #2: Cached
2025-11-30 19:52:55 | DEBUG    |   Name #3: Cached
2025-11-30 19:52:55 | DEBUG    |   Name #4: Cached
2025-11-30 19:52:55 | DEBUG    |   Name #5: Cached
2025-11-30 19:52:55 | INFO     | → Valid targets: 0
2025-11-30 19:52:56 | INFO     | 
======================================================================
2025-11-30 19:52:56 | INFO     | CYCLE #26
2025-11-30 19:52:56 | INFO     | ======================================================================
2025-11-30 19:52:56 | INFO     | Detected: 5 floating names
2025-11-30 19:52:56 | DEBUG    |   Name #1: Player zone
2025-11-30 19:52:56 | DEBUG    |   Name #2: Cached
2025-11-30 19:52:56 | DEBUG    |   Region near center, might be player
2025-11-30 19:52:56 | DEBUG    |   Name #4: Player zone
2025-11-30 19:52:56 | DEBUG    |   Name #5: Cached
2025-11-30 19:52:56 | INFO     | → Valid targets: 0
2025-11-30 19:52:56 | INFO     | 
======================================================================
2025-11-30 19:52:56 | INFO     | CYCLE #27
2025-11-30 19:52:56 | INFO     | ======================================================================
2025-11-30 19:52:56 | INFO     | Detected: 5 floating names
2025-11-30 19:52:56 | DEBUG    |   Name #1: Cached
2025-11-30 19:52:56 | DEBUG    |   Name #2: Cached
2025-11-30 19:52:56 | DEBUG    |   Name #3: Cached
2025-11-30 19:52:56 | DEBUG    |   Name #4: Cached
2025-11-30 19:52:56 | DEBUG    |   Name #5: Cached
2025-11-30 19:52:56 | INFO     | → Valid targets: 0
2025-11-30 19:52:56 | INFO     | 
======================================================================
2025-11-30 19:52:56 | INFO     | CYCLE #28
2025-11-30 19:52:56 | INFO     | ======================================================================
2025-11-30 19:52:56 | INFO     | Detected: 6 floating names
2025-11-30 19:52:56 | DEBUG    |   Name #1: Cached
2025-11-30 19:52:56 | DEBUG    |   Name #2: Cached
2025-11-30 19:52:56 | DEBUG    |   Name #3: Cached
2025-11-30 19:52:56 | DEBUG    |   Name #4: Cached
2025-11-30 19:52:56 | DEBUG    |   Name #5: Cached
2025-11-30 19:52:56 | INFO     |   ✓ Target #6 at (1305, 297)
2025-11-30 19:52:56 | INFO     | → Valid targets: 1
2025-11-30 19:52:56 | INFO     | 
  Verifying #1...
2025-11-30 19:52:56 | DEBUG    |     Clicking (1305, 327)
2025-11-30 19:52:57 | DEBUG    |     Nameplate read in 1 attempts
2025-11-30 19:52:57 | INFO     |     ✓ Elite | HP: 69%
2025-11-30 19:52:57 | INFO     | 
>>>>>>>>>>>>>>>>>>>>>>>>>>>>>>>>>>>>>>>>>>>>>>>>>>
2025-11-30 19:52:57 | INFO     | ENGAGING: Elite (HP: 69%)
2025-11-30 19:52:57 | INFO     | >>>>>>>>>>>>>>>>>>>>>>>>>>>>>>>>>>>>>>>>>>>>>>>>>>
2025-11-30 19:52:57 | INFO     |   Skill 1: 1
2025-11-30 19:52:58 | INFO     |   Skill 2: 2
2025-11-30 19:52:58 | INFO     |   Skill 3: 3
2025-11-30 19:52:59 | INFO     |   Skill 4: 4
2025-11-30 19:53:00 | INFO     | <<<<<<<<<<<<<<<<<<<<<<<<<<<<<<<<<<<<<<<<<<<<<<<<<<
2025-11-30 19:53:00 | INFO     | Total engagements: 5

2025-11-30 19:53:00 | INFO     | 
======================================================================
2025-11-30 19:53:00 | INFO     | CYCLE #29
2025-11-30 19:53:00 | INFO     | ======================================================================
2025-11-30 19:53:00 | INFO     | Detected: 7 floating names
2025-11-30 19:53:00 | DEBUG    |   Name #1: Player zone
2025-11-30 19:53:00 | INFO     |   ✓ Target #2 at (1259, 346)
2025-11-30 19:53:00 | INFO     |   ✓ Target #3 at (1143, 342)
2025-11-30 19:53:00 | DEBUG    |   Name #4: Cached
2025-11-30 19:53:00 | INFO     |   ✓ Target #5 at (480, 303)
2025-11-30 19:53:00 | INFO     |   ✓ Target #6 at (429, 304)
2025-11-30 19:53:00 | INFO     |   ✓ Target #7 at (919, 281)
2025-11-30 19:53:00 | INFO     | → Valid targets: 5
2025-11-30 19:53:00 | INFO     | 
  Verifying #1...
2025-11-30 19:53:00 | DEBUG    |     Clicking (1259, 377)
2025-11-30 19:53:01 | DEBUG    |     Nameplate read in 1 attempts
2025-11-30 19:53:01 | INFO     |     ✓ Elite | HP: 100%
2025-11-30 19:53:01 | INFO     | 
  Verifying #2...
2025-11-30 19:53:01 | DEBUG    |     Clicking (1143, 373)
2025-11-30 19:53:01 | DEBUG    |     Nameplate read in 1 attempts
2025-11-30 19:53:01 | INFO     |     ✓ Elite | HP: 3%
2025-11-30 19:53:01 | INFO     | 
>>>>>>>>>>>>>>>>>>>>>>>>>>>>>>>>>>>>>>>>>>>>>>>>>>
2025-11-30 19:53:01 | INFO     | ENGAGING: Elite (HP: 100%)
2025-11-30 19:53:01 | INFO     | >>>>>>>>>>>>>>>>>>>>>>>>>>>>>>>>>>>>>>>>>>>>>>>>>>
2025-11-30 19:53:01 | INFO     |   Skill 1: 1
2025-11-30 19:53:02 | INFO     |   Skill 2: 2
2025-11-30 19:53:02 | INFO     |   Skill 3: 3
2025-11-30 19:53:03 | INFO     |   Skill 4: 4
2025-11-30 19:53:04 | INFO     | <<<<<<<<<<<<<<<<<<<<<<<<<<<<<<<<<<<<<<<<<<<<<<<<<<
2025-11-30 19:53:04 | INFO     | Total engagements: 6

2025-11-30 19:53:04 | INFO     | 
======================================================================
2025-11-30 19:53:04 | INFO     | CYCLE #30
2025-11-30 19:53:04 | INFO     | ======================================================================
2025-11-30 19:53:04 | INFO     | Detected: 6 floating names
2025-11-30 19:53:04 | DEBUG    |   Name #1: Player zone
2025-11-30 19:53:04 | INFO     |   ✓ Target #2 at (1209, 340)
2025-11-30 19:53:04 | INFO     |   ✓ Target #3 at (1114, 336)
2025-11-30 19:53:04 | INFO     |   ✓ Target #4 at (340, 316)
2025-11-30 19:53:04 | INFO     |   ✓ Target #5 at (289, 317)
2025-11-30 19:53:04 | INFO     |   ✓ Target #6 at (1249, 308)
2025-11-30 19:53:04 | INFO     | → Valid targets: 5
2025-11-30 19:53:04 | INFO     | 
  Verifying #1...
2025-11-30 19:53:04 | DEBUG    |     Clicking (1209, 370)
2025-11-30 19:53:05 | DEBUG    |     Nameplate read in 1 attempts
2025-11-30 19:53:05 | INFO     |     ✓ Elite | HP: 100%
2025-11-30 19:53:05 | INFO     | 
  Verifying #2...
2025-11-30 19:53:05 | DEBUG    |     Clicking (1114, 367)
2025-11-30 19:53:05 | DEBUG    |     Nameplate read in 1 attempts
2025-11-30 19:53:05 | INFO     |     ✓ Elite | HP: 100%
2025-11-30 19:53:05 | INFO     | 
>>>>>>>>>>>>>>>>>>>>>>>>>>>>>>>>>>>>>>>>>>>>>>>>>>
2025-11-30 19:53:05 | INFO     | ENGAGING: Elite (HP: 100%)
2025-11-30 19:53:05 | INFO     | >>>>>>>>>>>>>>>>>>>>>>>>>>>>>>>>>>>>>>>>>>>>>>>>>>
2025-11-30 19:53:05 | INFO     |   Skill 1: 1
2025-11-30 19:53:06 | INFO     |   Skill 2: 2
2025-11-30 19:53:06 | INFO     |   Skill 3: 3
2025-11-30 19:53:07 | INFO     |   Skill 4: 4
2025-11-30 19:53:08 | INFO     | <<<<<<<<<<<<<<<<<<<<<<<<<<<<<<<<<<<<<<<<<<<<<<<<<<
2025-11-30 19:53:08 | INFO     | Total engagements: 7

2025-11-30 19:53:08 | INFO     | 
======================================================================
2025-11-30 19:53:08 | INFO     | CYCLE #31
2025-11-30 19:53:08 | INFO     | ======================================================================
2025-11-30 19:53:08 | INFO     | Detected: 12 floating names
2025-11-30 19:53:08 | DEBUG    |   Name #1: Player zone
2025-11-30 19:53:08 | DEBUG    |   Name #2: Cached
2025-11-30 19:53:08 | DEBUG    |   Name #3: Player zone
2025-11-30 19:53:08 | DEBUG    |   Name #4: Player zone
2025-11-30 19:53:08 | DEBUG    |   Name #5: Cached
2025-11-30 19:53:08 | DEBUG    |   Region near center, might be player
2025-11-30 19:53:08 | DEBUG    |   Region near center, might be player
2025-11-30 19:53:08 | DEBUG    |   Region near center, might be player
2025-11-30 19:53:08 | DEBUG    |   Region near center, might be player
2025-11-30 19:53:08 | INFO     |   ✓ Target #10 at (659, 371)
2025-11-30 19:53:08 | INFO     |   ✓ Target #11 at (530, 371)
2025-11-30 19:53:08 | DEBUG    |   Name #12: Cached
2025-11-30 19:53:08 | INFO     | → Valid targets: 2
2025-11-30 19:53:08 | INFO     | 
  Verifying #1...
2025-11-30 19:53:08 | DEBUG    |     Clicking (659, 402)
2025-11-30 19:53:09 | DEBUG    |     Nameplate read in 1 attempts
2025-11-30 19:53:09 | INFO     |     ✓ Elite | HP: 69%
2025-11-30 19:53:09 | INFO     | 
  Verifying #2...
2025-11-30 19:53:09 | DEBUG    |     Clicking (530, 402)
2025-11-30 19:53:09 | DEBUG    |     Nameplate read in 1 attempts
2025-11-30 19:53:09 | INFO     |     ✓ Elite | HP: 69%
2025-11-30 19:53:09 | INFO     | 
>>>>>>>>>>>>>>>>>>>>>>>>>>>>>>>>>>>>>>>>>>>>>>>>>>
2025-11-30 19:53:09 | INFO     | ENGAGING: Elite (HP: 69%)
2025-11-30 19:53:09 | INFO     | >>>>>>>>>>>>>>>>>>>>>>>>>>>>>>>>>>>>>>>>>>>>>>>>>>
2025-11-30 19:53:09 | INFO     |   Skill 1: 1
2025-11-30 19:53:10 | INFO     |   Skill 2: 2
2025-11-30 19:53:10 | INFO     |   Skill 3: 3
2025-11-30 19:53:11 | INFO     |   Skill 4: 4
2025-11-30 19:53:12 | INFO     | <<<<<<<<<<<<<<<<<<<<<<<<<<<<<<<<<<<<<<<<<<<<<<<<<<
2025-11-30 19:53:12 | INFO     | Total engagements: 8

2025-11-30 19:53:12 | INFO     | 
======================================================================
2025-11-30 19:53:12 | INFO     | CYCLE #32
2025-11-30 19:53:12 | INFO     | ======================================================================
2025-11-30 19:53:12 | INFO     | Detected: 17 floating names
2025-11-30 19:53:12 | DEBUG    |   Name #1: Player zone
2025-11-30 19:53:12 | DEBUG    |   Name #2: Cached
2025-11-30 19:53:12 | DEBUG    |   Name #3: Player zone
2025-11-30 19:53:12 | DEBUG    |   Region near center, might be player
2025-11-30 19:53:12 | DEBUG    |   Region near center, might be player
2025-11-30 19:53:12 | DEBUG    |   Region near center, might be player
2025-11-30 19:53:12 | DEBUG    |   Region near center, might be player
2025-11-30 19:53:12 | DEBUG    |   Region near center, might be player
2025-11-30 19:53:12 | DEBUG    |   Region near center, might be player
2025-11-30 19:53:12 | INFO     |   ✓ Target #10 at (594, 384)
2025-11-30 19:53:12 | DEBUG    |   Name #11: Cached
2025-11-30 19:53:12 | INFO     |   ✓ Target #12 at (475, 355)
2025-11-30 19:53:12 | INFO     |   ✓ Target #13 at (1030, 317)
2025-11-30 19:53:12 | INFO     |   ✓ Target #14 at (1019, 138)
2025-11-30 19:53:12 | INFO     |   ✓ Target #15 at (937, 138)
2025-11-30 19:53:12 | INFO     |   ✓ Target #16 at (892, 138)
2025-11-30 19:53:12 | DEBUG    |   Name #17: Player zone
2025-11-30 19:53:12 | INFO     | → Valid targets: 6
2025-11-30 19:53:12 | INFO     | 
  Verifying #1...
2025-11-30 19:53:12 | DEBUG    |     Clicking (594, 415)
2025-11-30 19:53:13 | DEBUG    |     Nameplate read in 1 attempts
2025-11-30 19:53:13 | INFO     |     ✓ Elite | HP: 100%
2025-11-30 19:53:13 | INFO     | 
  Verifying #2...
2025-11-30 19:53:13 | DEBUG    |     Clicking (475, 386)
2025-11-30 19:53:13 | DEBUG    |     Nameplate read in 1 attempts
2025-11-30 19:53:13 | INFO     |     ✓ Elite | HP: 69%
2025-11-30 19:53:13 | INFO     | 
>>>>>>>>>>>>>>>>>>>>>>>>>>>>>>>>>>>>>>>>>>>>>>>>>>
2025-11-30 19:53:13 | INFO     | ENGAGING: Elite (HP: 100%)
2025-11-30 19:53:13 | INFO     | >>>>>>>>>>>>>>>>>>>>>>>>>>>>>>>>>>>>>>>>>>>>>>>>>>
2025-11-30 19:53:13 | INFO     |   Skill 1: 1
2025-11-30 19:53:14 | INFO     |   Skill 2: 2
2025-11-30 19:53:15 | INFO     |   Skill 3: 3
2025-11-30 19:53:15 | INFO     |   Skill 4: 4
2025-11-30 19:53:16 | INFO     | <<<<<<<<<<<<<<<<<<<<<<<<<<<<<<<<<<<<<<<<<<<<<<<<<<
2025-11-30 19:53:16 | INFO     | Total engagements: 9

2025-11-30 19:53:16 | INFO     | 
======================================================================
2025-11-30 19:53:16 | INFO     | CYCLE #33
2025-11-30 19:53:16 | INFO     | ======================================================================
2025-11-30 19:53:16 | INFO     | Detected: 9 floating names
2025-11-30 19:53:16 | DEBUG    |   Name #1: Player zone
2025-11-30 19:53:16 | DEBUG    |   Name #2: Cached
2025-11-30 19:53:16 | DEBUG    |   Name #3: Player zone
2025-11-30 19:53:16 | DEBUG    |   Region near center, might be player
2025-11-30 19:53:16 | INFO     |   ✓ Target #5 at (659, 384)
2025-11-30 19:53:16 | DEBUG    |   Name #6: Cached
2025-11-30 19:53:16 | INFO     |   ✓ Target #7 at (1387, 342)
2025-11-30 19:53:16 | DEBUG    |   Name #8: Cached
2025-11-30 19:53:16 | DEBUG    |   Name #9: Player zone
2025-11-30 19:53:16 | INFO     | → Valid targets: 2
2025-11-30 19:53:16 | INFO     | 
  Verifying #1...
2025-11-30 19:53:16 | DEBUG    |     Clicking (659, 415)
2025-11-30 19:53:17 | DEBUG    |     Nameplate read in 1 attempts
2025-11-30 19:53:17 | INFO     |     ✓ Elite | HP: 100%
2025-11-30 19:53:17 | INFO     | 
  Verifying #2...
2025-11-30 19:53:17 | DEBUG    |     Clicking (1387, 373)
2025-11-30 19:53:17 | DEBUG    |     Nameplate read in 1 attempts
2025-11-30 19:53:17 | INFO     |     ✓ Elite | HP: 69%
2025-11-30 19:53:17 | INFO     | 
>>>>>>>>>>>>>>>>>>>>>>>>>>>>>>>>>>>>>>>>>>>>>>>>>>
2025-11-30 19:53:17 | INFO     | ENGAGING: Elite (HP: 100%)
2025-11-30 19:53:17 | INFO     | >>>>>>>>>>>>>>>>>>>>>>>>>>>>>>>>>>>>>>>>>>>>>>>>>>
2025-11-30 19:53:17 | INFO     |   Skill 1: 1
2025-11-30 19:53:18 | INFO     |   Skill 2: 2
2025-11-30 19:53:19 | INFO     |   Skill 3: 3
2025-11-30 19:53:19 | INFO     |   Skill 4: 4
2025-11-30 19:53:20 | INFO     | <<<<<<<<<<<<<<<<<<<<<<<<<<<<<<<<<<<<<<<<<<<<<<<<<<
2025-11-30 19:53:20 | INFO     | Total engagements: 10

2025-11-30 19:53:20 | INFO     | 
======================================================================
2025-11-30 19:53:20 | INFO     | CYCLE #34
2025-11-30 19:53:20 | INFO     | ======================================================================
2025-11-30 19:53:20 | INFO     | Detected: 8 floating names
2025-11-30 19:53:20 | INFO     |   ✓ Target #1 at (453, 779)
2025-11-30 19:53:20 | DEBUG    |   Name #2: Cached
2025-11-30 19:53:20 | DEBUG    |   Name #3: Player zone
2025-11-30 19:53:20 | DEBUG    |   Name #4: Cached
2025-11-30 19:53:20 | DEBUG    |   Name #5: Player zone
2025-11-30 19:53:20 | DEBUG    |   Region near center, might be player
2025-11-30 19:53:20 | DEBUG    |   Region near center, might be player
2025-11-30 19:53:20 | DEBUG    |   Name #8: Player zone
2025-11-30 19:53:20 | INFO     | → Valid targets: 1
2025-11-30 19:53:20 | INFO     | 
  Verifying #1...
2025-11-30 19:53:20 | DEBUG    |     Clicking (453, 809)
2025-11-30 19:53:21 | DEBUG    |     Nameplate read in 1 attempts
2025-11-30 19:53:21 | INFO     |     ✓ Elite | HP: 69%
2025-11-30 19:53:21 | INFO     | 
>>>>>>>>>>>>>>>>>>>>>>>>>>>>>>>>>>>>>>>>>>>>>>>>>>
2025-11-30 19:53:21 | INFO     | ENGAGING: Elite (HP: 69%)
2025-11-30 19:53:21 | INFO     | >>>>>>>>>>>>>>>>>>>>>>>>>>>>>>>>>>>>>>>>>>>>>>>>>>
2025-11-30 19:53:21 | INFO     |   Skill 1: 1
2025-11-30 19:53:22 | INFO     |   Skill 2: 2
2025-11-30 19:53:22 | INFO     |   Skill 3: 3
2025-11-30 19:53:23 | INFO     |   Skill 4: 4
2025-11-30 19:53:24 | INFO     | <<<<<<<<<<<<<<<<<<<<<<<<<<<<<<<<<<<<<<<<<<<<<<<<<<
2025-11-30 19:53:24 | INFO     | Total engagements: 11

2025-11-30 19:53:24 | INFO     | 
======================================================================
2025-11-30 19:53:24 | INFO     | CYCLE #35
2025-11-30 19:53:24 | INFO     | ======================================================================
2025-11-30 19:53:24 | INFO     | Detected: 11 floating names
2025-11-30 19:53:24 | INFO     |   ✓ Target #1 at (610, 759)
2025-11-30 19:53:24 | INFO     |   ✓ Target #2 at (756, 721)
2025-11-30 19:53:24 | DEBUG    |   Name #3: Cached
2025-11-30 19:53:24 | DEBUG    |   Region near center, might be player
2025-11-30 19:53:24 | DEBUG    |   Name #5: Player zone
2025-11-30 19:53:24 | DEBUG    |   Region near center, might be player
2025-11-30 19:53:24 | INFO     |   ✓ Target #7 at (1419, 374)
2025-11-30 19:53:24 | INFO     |   ✓ Target #8 at (1373, 373)
2025-11-30 19:53:24 | DEBUG    |   Name #9: Cached
2025-11-30 19:53:24 | DEBUG    |   Name #10: Player zone
2025-11-30 19:53:24 | DEBUG    |   Name #11: Player zone
2025-11-30 19:53:24 | INFO     | → Valid targets: 4
2025-11-30 19:53:24 | INFO     | 
  Verifying #1...
2025-11-30 19:53:24 | DEBUG    |     Clicking (610, 790)
2025-11-30 19:53:24 | DEBUG    |     Nameplate read in 1 attempts
2025-11-30 19:53:24 | INFO     |     ✓ Elite | HP: 3%
2025-11-30 19:53:24 | INFO     | 
  Verifying #2...
2025-11-30 19:53:24 | DEBUG    |     Clicking (756, 751)
2025-11-30 19:53:25 | DEBUG    |     Nameplate read in 1 attempts
2025-11-30 19:53:25 | INFO     |     ✓ Elite | HP: 100%
2025-11-30 19:53:25 | INFO     | 
======================================================================
2025-11-30 19:53:25 | INFO     | CYCLE #36
2025-11-30 19:53:25 | INFO     | ======================================================================
2025-11-30 19:53:25 | INFO     | Detected: 9 floating names
2025-11-30 19:53:25 | DEBUG    |   Name #1: Player zone
2025-11-30 19:53:25 | DEBUG    |   Name #2: Cached
2025-11-30 19:53:25 | DEBUG    |   Region near center, might be player
2025-11-30 19:53:25 | DEBUG    |   Name #4: Cached
2025-11-30 19:53:25 | DEBUG    |   Name #5: Player zone
2025-11-30 19:53:25 | DEBUG    |   Name #6: Cached
2025-11-30 19:53:25 | DEBUG    |   Region near center, might be player
2025-11-30 19:53:25 | DEBUG    |   Name #8: Cached
2025-11-30 19:53:25 | DEBUG    |   Name #9: Cached
2025-11-30 19:53:25 | INFO     | → Valid targets: 0
2025-11-30 19:53:26 | INFO     | 
======================================================================
2025-11-30 19:53:26 | INFO     | CYCLE #37
2025-11-30 19:53:26 | INFO     | ======================================================================
2025-11-30 19:53:26 | INFO     | Detected: 8 floating names
2025-11-30 19:53:26 | DEBUG    |   Name #1: Player zone
2025-11-30 19:53:26 | DEBUG    |   Name #2: Cached
2025-11-30 19:53:26 | DEBUG    |   Region near center, might be player
2025-11-30 19:53:26 | DEBUG    |   Name #4: Cached
2025-11-30 19:53:26 | DEBUG    |   Region near center, might be player
2025-11-30 19:53:26 | DEBUG    |   Name #6: Cached
2025-11-30 19:53:26 | DEBUG    |   Name #7: Cached
2025-11-30 19:53:26 | INFO     |   ✓ Target #8 at (1441, 337)
2025-11-30 19:53:26 | INFO     | → Valid targets: 1
2025-11-30 19:53:26 | INFO     | 
  Verifying #1...
2025-11-30 19:53:26 | DEBUG    |     Clicking (1441, 368)
2025-11-30 19:53:26 | DEBUG    |     Nameplate read in 1 attempts
2025-11-30 19:53:26 | INFO     |     ✓ Elite | HP: 100%
2025-11-30 19:53:26 | INFO     | 
>>>>>>>>>>>>>>>>>>>>>>>>>>>>>>>>>>>>>>>>>>>>>>>>>>
2025-11-30 19:53:26 | INFO     | ENGAGING: Elite (HP: 100%)
2025-11-30 19:53:26 | INFO     | >>>>>>>>>>>>>>>>>>>>>>>>>>>>>>>>>>>>>>>>>>>>>>>>>>
2025-11-30 19:53:26 | INFO     |   Skill 1: 1
2025-11-30 19:53:27 | INFO     |   Skill 2: 2
2025-11-30 19:53:28 | INFO     |   Skill 3: 3
2025-11-30 19:53:28 | INFO     |   Skill 4: 4
2025-11-30 19:53:29 | INFO     | <<<<<<<<<<<<<<<<<<<<<<<<<<<<<<<<<<<<<<<<<<<<<<<<<<
2025-11-30 19:53:29 | INFO     | Total engagements: 12

2025-11-30 19:53:29 | INFO     | 
======================================================================
2025-11-30 19:53:29 | INFO     | CYCLE #38
2025-11-30 19:53:29 | INFO     | ======================================================================
2025-11-30 19:53:29 | INFO     | Detected: 13 floating names
2025-11-30 19:53:29 | INFO     |   ✓ Target #1 at (858, 828)
2025-11-30 19:53:29 | DEBUG    |   Region near center, might be player
2025-11-30 19:53:29 | DEBUG    |   Name #3: Player zone
2025-11-30 19:53:29 | DEBUG    |   Name #4: Cached
2025-11-30 19:53:29 | DEBUG    |   Name #5: Player zone
2025-11-30 19:53:29 | DEBUG    |   Name #6: Player zone
2025-11-30 19:53:29 | DEBUG    |   Name #7: Cached
2025-11-30 19:53:29 | INFO     |   ✓ Target #8 at (1482, 375)
2025-11-30 19:53:29 | INFO     |   ✓ Target #9 at (1581, 369)
2025-11-30 19:53:29 | INFO     |   ✓ Target #10 at (1522, 356)
2025-11-30 19:53:29 | INFO     |   ✓ Target #11 at (611, 327)
2025-11-30 19:53:29 | INFO     |   ✓ Target #12 at (731, 296)
2025-11-30 19:53:29 | DEBUG    |   Name #13: Cached
2025-11-30 19:53:29 | INFO     | → Valid targets: 6
2025-11-30 19:53:29 | INFO     | 
  Verifying #1...
2025-11-30 19:53:29 | DEBUG    |     Clicking (858, 859)
2025-11-30 19:53:30 | DEBUG    |     Nameplate read in 1 attempts
2025-11-30 19:53:30 | INFO     |     ✓ Elite | HP: 69%
2025-11-30 19:53:30 | INFO     | 
  Verifying #2...
2025-11-30 19:53:30 | DEBUG    |     Clicking (1482, 406)
2025-11-30 19:53:30 | DEBUG    |     Nameplate read in 1 attempts
2025-11-30 19:53:30 | INFO     |     ✓ Elite | HP: 69%
2025-11-30 19:53:30 | INFO     | 
>>>>>>>>>>>>>>>>>>>>>>>>>>>>>>>>>>>>>>>>>>>>>>>>>>
2025-11-30 19:53:30 | INFO     | ENGAGING: Elite (HP: 69%)
2025-11-30 19:53:30 | INFO     | >>>>>>>>>>>>>>>>>>>>>>>>>>>>>>>>>>>>>>>>>>>>>>>>>>
2025-11-30 19:53:30 | INFO     |   Skill 1: 1
2025-11-30 19:53:31 | INFO     |   Skill 2: 2
2025-11-30 19:53:32 | INFO     |   Skill 3: 3
2025-11-30 19:53:32 | INFO     |   Skill 4: 4
2025-11-30 19:53:33 | INFO     | <<<<<<<<<<<<<<<<<<<<<<<<<<<<<<<<<<<<<<<<<<<<<<<<<<
2025-11-30 19:53:33 | INFO     | Total engagements: 13

2025-11-30 19:53:33 | INFO     | 
======================================================================
2025-11-30 19:53:33 | INFO     | CYCLE #39
2025-11-30 19:53:33 | INFO     | ======================================================================
2025-11-30 19:53:33 | INFO     | Detected: 14 floating names
2025-11-30 19:53:33 | DEBUG    |   Name #1: Player zone
2025-11-30 19:53:33 | DEBUG    |   Name #2: Player zone
2025-11-30 19:53:33 | DEBUG    |   Name #3: Cached
2025-11-30 19:53:33 | DEBUG    |   Name #4: Player zone
2025-11-30 19:53:33 | DEBUG    |   Name #5: Player zone
2025-11-30 19:53:33 | DEBUG    |   Region near center, might be player
2025-11-30 19:53:33 | DEBUG    |   Region near center, might be player
2025-11-30 19:53:33 | DEBUG    |   Name #8: Cached
2025-11-30 19:53:33 | DEBUG    |   Region near center, might be player
2025-11-30 19:53:33 | DEBUG    |   Region near center, might be player
2025-11-30 19:53:33 | INFO     |   ✓ Target #11 at (1481, 380)
2025-11-30 19:53:33 | INFO     |   ✓ Target #12 at (518, 378)
2025-11-30 19:53:33 | INFO     |   ✓ Target #13 at (1335, 349)
2025-11-30 19:53:33 | INFO     |   ✓ Target #14 at (549, 339)
2025-11-30 19:53:33 | INFO     | → Valid targets: 4
2025-11-30 19:53:33 | INFO     | 
  Verifying #1...
2025-11-30 19:53:33 | DEBUG    |     Clicking (1481, 410)
2025-11-30 19:53:34 | DEBUG    |     Nameplate read in 1 attempts
2025-11-30 19:53:34 | INFO     |     ✓ Elite | HP: 69%
2025-11-30 19:53:34 | INFO     | 
  Verifying #2...
2025-11-30 19:53:34 | DEBUG    |     Clicking (518, 409)
2025-11-30 19:53:34 | DEBUG    |     Nameplate read in 1 attempts
2025-11-30 19:53:34 | INFO     |     ✓ Elite | HP: 69%
2025-11-30 19:53:34 | INFO     | 
>>>>>>>>>>>>>>>>>>>>>>>>>>>>>>>>>>>>>>>>>>>>>>>>>>
2025-11-30 19:53:34 | INFO     | ENGAGING: Elite (HP: 69%)
2025-11-30 19:53:34 | INFO     | >>>>>>>>>>>>>>>>>>>>>>>>>>>>>>>>>>>>>>>>>>>>>>>>>>
2025-11-30 19:53:34 | INFO     |   Skill 1: 1
2025-11-30 19:53:35 | INFO     |   Skill 2: 2
2025-11-30 19:53:36 | INFO     |   Skill 3: 3
2025-11-30 19:53:36 | INFO     |   Skill 4: 4
2025-11-30 19:53:37 | INFO     | <<<<<<<<<<<<<<<<<<<<<<<<<<<<<<<<<<<<<<<<<<<<<<<<<<
2025-11-30 19:53:37 | INFO     | Total engagements: 14

2025-11-30 19:53:37 | INFO     | 
======================================================================
2025-11-30 19:53:37 | INFO     | CYCLE #40
2025-11-30 19:53:37 | INFO     | ======================================================================
2025-11-30 19:53:37 | INFO     | Detected: 12 floating names
2025-11-30 19:53:37 | INFO     |   ✓ Target #1 at (1001, 742)
2025-11-30 19:53:37 | DEBUG    |   Name #2: Cached
2025-11-30 19:53:37 | INFO     |   ✓ Target #3 at (896, 704)
2025-11-30 19:53:37 | DEBUG    |   Name #4: Player zone
2025-11-30 19:53:37 | DEBUG    |   Region near center, might be player
2025-11-30 19:53:37 | INFO     |   ✓ Target #6 at (1286, 387)
2025-11-30 19:53:37 | INFO     |   ✓ Target #7 at (602, 387)
2025-11-30 19:53:37 | INFO     |   ✓ Target #8 at (491, 384)
2025-11-30 19:53:37 | INFO     |   ✓ Target #9 at (1479, 367)
2025-11-30 19:53:37 | INFO     |   ✓ Target #10 at (685, 367)
2025-11-30 19:53:37 | DEBUG    |   Name #11: Cached
2025-11-30 19:53:37 | INFO     |   ✓ Target #12 at (1122, 314)
2025-11-30 19:53:37 | INFO     | → Valid targets: 8
2025-11-30 19:53:37 | INFO     | 
  Verifying #1...
2025-11-30 19:53:37 | DEBUG    |     Clicking (1001, 772)
2025-11-30 19:53:38 | DEBUG    |     Nameplate read in 1 attempts
2025-11-30 19:53:38 | INFO     |     ✓ Elite | HP: 100%
2025-11-30 19:53:38 | INFO     | 
  Verifying #2...
2025-11-30 19:53:38 | DEBUG    |     Clicking (896, 735)
2025-11-30 19:53:38 | DEBUG    |     Nameplate read in 1 attempts
2025-11-30 19:53:38 | INFO     |     ✓ Elite | HP: 69%
2025-11-30 19:53:38 | INFO     | 
>>>>>>>>>>>>>>>>>>>>>>>>>>>>>>>>>>>>>>>>>>>>>>>>>>
2025-11-30 19:53:38 | INFO     | ENGAGING: Elite (HP: 100%)
2025-11-30 19:53:38 | INFO     | >>>>>>>>>>>>>>>>>>>>>>>>>>>>>>>>>>>>>>>>>>>>>>>>>>
2025-11-30 19:53:38 | INFO     |   Skill 1: 1
2025-11-30 19:53:39 | INFO     |   Skill 2: 2
2025-11-30 19:53:40 | INFO     |   Skill 3: 3
2025-11-30 19:53:40 | INFO     |   Skill 4: 4
2025-11-30 19:53:41 | INFO     | <<<<<<<<<<<<<<<<<<<<<<<<<<<<<<<<<<<<<<<<<<<<<<<<<<
2025-11-30 19:53:41 | INFO     | Total engagements: 15

2025-11-30 19:53:42 | INFO     | 
======================================================================
2025-11-30 19:53:42 | INFO     | CYCLE #41
2025-11-30 19:53:42 | INFO     | ======================================================================
2025-11-30 19:53:42 | INFO     | Detected: 15 floating names
2025-11-30 19:53:42 | INFO     |   ✓ Target #1 at (1001, 742)
2025-11-30 19:53:42 | DEBUG    |   Name #2: Cached
2025-11-30 19:53:42 | DEBUG    |   Name #3: Player zone
2025-11-30 19:53:42 | DEBUG    |   Name #4: Player zone
2025-11-30 19:53:42 | DEBUG    |   Name #5: Player zone
2025-11-30 19:53:42 | DEBUG    |   Name #6: Cached
2025-11-30 19:53:42 | DEBUG    |   Region near center, might be player
2025-11-30 19:53:42 | DEBUG    |   Region near center, might be player
2025-11-30 19:53:42 | DEBUG    |   Region near center, might be player
2025-11-30 19:53:42 | INFO     |   ✓ Target #10 at (477, 382)
2025-11-30 19:53:42 | INFO     |   ✓ Target #11 at (629, 377)
2025-11-30 19:53:42 | INFO     |   ✓ Target #12 at (749, 362)
2025-11-30 19:53:42 | INFO     |   ✓ Target #13 at (1041, 311)
2025-11-30 19:53:42 | INFO     |   ✓ Target #14 at (770, 751)
2025-11-30 19:53:42 | DEBUG    |   Name #15: Player zone
2025-11-30 19:53:42 | INFO     | → Valid targets: 6
2025-11-30 19:53:42 | INFO     | 
  Verifying #1...
2025-11-30 19:53:42 | DEBUG    |     Clicking (1001, 772)
2025-11-30 19:53:42 | DEBUG    |     Nameplate read in 1 attempts
2025-11-30 19:53:42 | INFO     |     ✓ Elite | HP: 5%
2025-11-30 19:53:42 | INFO     | 
  Verifying #2...
2025-11-30 19:53:42 | DEBUG    |     Clicking (477, 413)
2025-11-30 19:53:42 | DEBUG    |     Nameplate read in 1 attempts
2025-11-30 19:53:42 | INFO     |     ✓ Elite | HP: 4%
2025-11-30 19:53:43 | INFO     | 
======================================================================
2025-11-30 19:53:43 | INFO     | CYCLE #42
2025-11-30 19:53:43 | INFO     | ======================================================================
2025-11-30 19:53:43 | INFO     | Detected: 11 floating names
2025-11-30 19:53:43 | INFO     |   ✓ Target #1 at (1459, 699)
2025-11-30 19:53:43 | DEBUG    |   Name #2: Cached
2025-11-30 19:53:43 | DEBUG    |   Region near center, might be player
2025-11-30 19:53:43 | DEBUG    |   Name #4: Cached
2025-11-30 19:53:43 | DEBUG    |   Name #5: Cached
2025-11-30 19:53:43 | DEBUG    |   Region near center, might be player
2025-11-30 19:53:43 | INFO     |   ✓ Target #7 at (534, 381)
2025-11-30 19:53:43 | DEBUG    |   Name #8: Cached
2025-11-30 19:53:43 | INFO     |   ✓ Target #9 at (1202, 343)
2025-11-30 19:53:43 | DEBUG    |   Name #10: Cached
2025-11-30 19:53:43 | DEBUG    |   Name #11: Cached
2025-11-30 19:53:43 | INFO     | → Valid targets: 3
2025-11-30 19:53:43 | INFO     | 
  Verifying #1...
2025-11-30 19:53:43 | DEBUG    |     Clicking (1459, 730)
2025-11-30 19:53:43 | DEBUG    |     Nameplate read in 1 attempts
2025-11-30 19:53:43 | INFO     |     ✓ Elite | HP: 4%
2025-11-30 19:53:43 | INFO     | 
  Verifying #2...
2025-11-30 19:53:43 | DEBUG    |     Clicking (534, 411)
2025-11-30 19:53:44 | DEBUG    |     Nameplate read in 1 attempts
2025-11-30 19:53:44 | INFO     |     ✓ Elite | HP: 69%
2025-11-30 19:53:44 | INFO     | 
======================================================================
2025-11-30 19:53:44 | INFO     | CYCLE #43
2025-11-30 19:53:44 | INFO     | ======================================================================
2025-11-30 19:53:44 | INFO     | Detected: 17 floating names
2025-11-30 19:53:44 | INFO     |   ✓ Target #1 at (1567, 696)
2025-11-30 19:53:44 | DEBUG    |   Name #2: Cached
2025-11-30 19:53:44 | DEBUG    |   Region near center, might be player
2025-11-30 19:53:44 | DEBUG    |   Region near center, might be player
2025-11-30 19:53:44 | DEBUG    |   Name #5: Cached
2025-11-30 19:53:44 | DEBUG    |   Name #6: Cached
2025-11-30 19:53:44 | DEBUG    |   Name #7: Cached
2025-11-30 19:53:44 | DEBUG    |   Name #8: Player zone
2025-11-30 19:53:44 | DEBUG    |   Region near center, might be player
2025-11-30 19:53:44 | INFO     |   ✓ Target #10 at (1627, 382)
2025-11-30 19:53:44 | INFO     |   ✓ Target #11 at (1008, 381)
2025-11-30 19:53:44 | INFO     |   ✓ Target #12 at (465, 377)
2025-11-30 19:53:44 | INFO     |   ✓ Target #13 at (1377, 357)
2025-11-30 19:53:44 | INFO     |   ✓ Target #14 at (868, 349)
2025-11-30 19:53:44 | INFO     |   ✓ Target #15 at (1261, 326)
2025-11-30 19:53:44 | INFO     |   ✓ Target #16 at (1103, 324)
2025-11-30 19:53:44 | DEBUG    |   Name #17: Player zone
2025-11-30 19:53:44 | INFO     | → Valid targets: 8
2025-11-30 19:53:44 | INFO     | 
  Verifying #1...
2025-11-30 19:53:44 | DEBUG    |     Clicking (1567, 726)
2025-11-30 19:53:45 | DEBUG    |     Nameplate read in 1 attempts
2025-11-30 19:53:45 | INFO     |     ✓ Elite | HP: 2%
2025-11-30 19:53:45 | INFO     | 
  Verifying #2...
2025-11-30 19:53:45 | DEBUG    |     Clicking (1627, 412)
2025-11-30 19:53:45 | DEBUG    |     Nameplate read in 1 attempts
2025-11-30 19:53:45 | INFO     |     ✓ Elite | HP: 69%
2025-11-30 19:53:45 | INFO     | 
======================================================================
2025-11-30 19:53:45 | INFO     | CYCLE #44
2025-11-30 19:53:45 | INFO     | ======================================================================
2025-11-30 19:53:45 | INFO     | Detected: 17 floating names
2025-11-30 19:53:45 | DEBUG    |   Name #1: Player zone
2025-11-30 19:53:45 | DEBUG    |   Name #2: Player zone
2025-11-30 19:53:45 | DEBUG    |   Name #3: Cached
2025-11-30 19:53:45 | DEBUG    |   Name #4: Player zone
2025-11-30 19:53:45 | DEBUG    |   Region near center, might be player
2025-11-30 19:53:45 | DEBUG    |   Name #6: Player zone
2025-11-30 19:53:45 | DEBUG    |   Name #7: Cached
2025-11-30 19:53:45 | DEBUG    |   Name #8: Player zone
2025-11-30 19:53:45 | DEBUG    |   Region near center, might be player
2025-11-30 19:53:45 | DEBUG    |   Region near center, might be player
2025-11-30 19:53:45 | DEBUG    |   Name #11: Cached
2025-11-30 19:53:45 | INFO     |   ✓ Target #12 at (1424, 362)
2025-11-30 19:53:45 | DEBUG    |   Name #13: Cached
2025-11-30 19:53:45 | INFO     |   ✓ Target #14 at (1329, 332)
2025-11-30 19:53:45 | INFO     |   ✓ Target #15 at (1166, 328)
2025-11-30 19:53:45 | DEBUG    |   Name #16: Cached
2025-11-30 19:53:45 | DEBUG    |   Name #17: Player zone
2025-11-30 19:53:45 | INFO     | → Valid targets: 3
2025-11-30 19:53:45 | INFO     | 
  Verifying #1...
2025-11-30 19:53:45 | DEBUG    |     Clicking (1424, 392)
2025-11-30 19:53:46 | DEBUG    |     Nameplate read in 1 attempts
2025-11-30 19:53:46 | INFO     |     ✓ Elite | HP: 69%
2025-11-30 19:53:46 | INFO     | 
  Verifying #2...
2025-11-30 19:53:46 | DEBUG    |     Clicking (1329, 362)
2025-11-30 19:53:46 | DEBUG    |     Nameplate read in 1 attempts
2025-11-30 19:53:46 | INFO     |     ✓ Elite | HP: 69%
2025-11-30 19:53:46 | INFO     | 
>>>>>>>>>>>>>>>>>>>>>>>>>>>>>>>>>>>>>>>>>>>>>>>>>>
2025-11-30 19:53:46 | INFO     | ENGAGING: Elite (HP: 69%)
2025-11-30 19:53:46 | INFO     | >>>>>>>>>>>>>>>>>>>>>>>>>>>>>>>>>>>>>>>>>>>>>>>>>>
2025-11-30 19:53:46 | INFO     |   Skill 1: 1
2025-11-30 19:53:47 | INFO     |   Skill 2: 2
2025-11-30 19:53:48 | INFO     |   Skill 3: 3
2025-11-30 19:53:48 | INFO     |   Skill 4: 4
2025-11-30 19:53:49 | INFO     | <<<<<<<<<<<<<<<<<<<<<<<<<<<<<<<<<<<<<<<<<<<<<<<<<<
2025-11-30 19:53:49 | INFO     | Total engagements: 16

2025-11-30 19:53:49 | INFO     | 
======================================================================
2025-11-30 19:53:49 | INFO     | CYCLE #45
2025-11-30 19:53:49 | INFO     | ======================================================================
2025-11-30 19:53:49 | INFO     | Detected: 14 floating names
2025-11-30 19:53:49 | DEBUG    |   Region near center, might be player
2025-11-30 19:53:49 | DEBUG    |   Region near center, might be player
2025-11-30 19:53:49 | DEBUG    |   Name #3: Player zone
2025-11-30 19:53:49 | DEBUG    |   Name #4: Cached
2025-11-30 19:53:49 | DEBUG    |   Name #5: Player zone
2025-11-30 19:53:49 | DEBUG    |   Region near center, might be player
2025-11-30 19:53:49 | DEBUG    |   Region near center, might be player
2025-11-30 19:53:49 | DEBUG    |   Region near center, might be player
2025-11-30 19:53:49 | DEBUG    |   Region near center, might be player
2025-11-30 19:53:49 | DEBUG    |   Region near center, might be player
2025-11-30 19:53:49 | DEBUG    |   Region near center, might be player
2025-11-30 19:53:49 | DEBUG    |   Name #12: Cached
2025-11-30 19:53:49 | INFO     |   ✓ Target #13 at (462, 368)
2025-11-30 19:53:49 | INFO     |   ✓ Target #14 at (1040, 364)
2025-11-30 19:53:49 | INFO     | → Valid targets: 2
2025-11-30 19:53:49 | INFO     | 
  Verifying #1...
2025-11-30 19:53:49 | DEBUG    |     Clicking (462, 398)
2025-11-30 19:53:50 | DEBUG    |     Nameplate read in 1 attempts
2025-11-30 19:53:50 | INFO     |     ✓ Elite | HP: 69%
2025-11-30 19:53:50 | INFO     | 
  Verifying #2...
2025-11-30 19:53:50 | DEBUG    |     Clicking (1040, 394)
2025-11-30 19:53:50 | DEBUG    |     Nameplate read in 1 attempts
2025-11-30 19:53:50 | INFO     |     ✓ Elite | HP: 69%
2025-11-30 19:53:50 | INFO     | 
>>>>>>>>>>>>>>>>>>>>>>>>>>>>>>>>>>>>>>>>>>>>>>>>>>
2025-11-30 19:53:50 | INFO     | ENGAGING: Elite (HP: 69%)
2025-11-30 19:53:50 | INFO     | >>>>>>>>>>>>>>>>>>>>>>>>>>>>>>>>>>>>>>>>>>>>>>>>>>
2025-11-30 19:53:50 | INFO     |   Skill 1: 1
2025-11-30 19:53:51 | INFO     |   Skill 2: 2
2025-11-30 19:53:52 | INFO     |   Skill 3: 3
2025-11-30 19:53:52 | INFO     |   Skill 4: 4
2025-11-30 19:53:53 | INFO     | <<<<<<<<<<<<<<<<<<<<<<<<<<<<<<<<<<<<<<<<<<<<<<<<<<
2025-11-30 19:53:53 | INFO     | Total engagements: 17

2025-11-30 19:53:53 | INFO     | 
======================================================================
2025-11-30 19:53:53 | INFO     | CYCLE #46
2025-11-30 19:53:53 | INFO     | ======================================================================
2025-11-30 19:53:53 | INFO     | Detected: 15 floating names
2025-11-30 19:53:53 | DEBUG    |   Region near center, might be player
2025-11-30 19:53:53 | DEBUG    |   Name #2: Player zone
2025-11-30 19:53:53 | DEBUG    |   Name #3: Cached
2025-11-30 19:53:53 | DEBUG    |   Name #4: Player zone
2025-11-30 19:53:53 | DEBUG    |   Region near center, might be player
2025-11-30 19:53:53 | DEBUG    |   Region near center, might be player
2025-11-30 19:53:53 | DEBUG    |   Region near center, might be player
2025-11-30 19:53:53 | DEBUG    |   Region near center, might be player
2025-11-30 19:53:53 | DEBUG    |   Region near center, might be player
2025-11-30 19:53:53 | INFO     |   ✓ Target #10 at (1149, 382)
2025-11-30 19:53:53 | DEBUG    |   Name #11: Cached
2025-11-30 19:53:53 | INFO     |   ✓ Target #12 at (1197, 344)
2025-11-30 19:53:53 | INFO     |   ✓ Target #13 at (649, 339)
2025-11-30 19:53:53 | DEBUG    |   Name #14: Cached
2025-11-30 19:53:53 | DEBUG    |   Name #15: Cached
2025-11-30 19:53:53 | INFO     | → Valid targets: 3
2025-11-30 19:53:53 | INFO     | 
  Verifying #1...
2025-11-30 19:53:53 | DEBUG    |     Clicking (1149, 413)
2025-11-30 19:53:54 | DEBUG    |     Nameplate read in 1 attempts
2025-11-30 19:53:54 | INFO     |     ✓ Elite | HP: 100%
2025-11-30 19:53:54 | INFO     | 
  Verifying #2...
2025-11-30 19:53:54 | DEBUG    |     Clicking (1197, 374)
2025-11-30 19:53:54 | DEBUG    |     Nameplate read in 1 attempts
2025-11-30 19:53:54 | INFO     |     ✓ Elite | HP: 100%
2025-11-30 19:53:54 | INFO     | 
>>>>>>>>>>>>>>>>>>>>>>>>>>>>>>>>>>>>>>>>>>>>>>>>>>
2025-11-30 19:53:54 | INFO     | ENGAGING: Elite (HP: 100%)
2025-11-30 19:53:54 | INFO     | >>>>>>>>>>>>>>>>>>>>>>>>>>>>>>>>>>>>>>>>>>>>>>>>>>
2025-11-30 19:53:54 | INFO     |   Skill 1: 1
2025-11-30 19:53:55 | INFO     |   Skill 2: 2
2025-11-30 19:53:56 | INFO     |   Skill 3: 3
2025-11-30 19:53:56 | INFO     |   Skill 4: 4
2025-11-30 19:53:57 | INFO     | <<<<<<<<<<<<<<<<<<<<<<<<<<<<<<<<<<<<<<<<<<<<<<<<<<
2025-11-30 19:53:57 | INFO     | Total engagements: 18

2025-11-30 19:53:57 | INFO     | 
======================================================================
2025-11-30 19:53:57 | INFO     | CYCLE #47
2025-11-30 19:53:57 | INFO     | ======================================================================
2025-11-30 19:53:58 | INFO     | Detected: 8 floating names
2025-11-30 19:53:58 | DEBUG    |   Name #1: Player zone
2025-11-30 19:53:58 | DEBUG    |   Region near center, might be player
2025-11-30 19:53:58 | DEBUG    |   Name #3: Cached
2025-11-30 19:53:58 | DEBUG    |   Name #4: Player zone
2025-11-30 19:53:58 | DEBUG    |   Name #5: Player zone
2025-11-30 19:53:58 | DEBUG    |   Name #6: Cached
2025-11-30 19:53:58 | DEBUG    |   Region near center, might be player
2025-11-30 19:53:58 | INFO     |   ✓ Target #8 at (842, 327)
2025-11-30 19:53:58 | INFO     | → Valid targets: 1
2025-11-30 19:53:58 | INFO     | 
  Verifying #1...
2025-11-30 19:53:58 | DEBUG    |     Clicking (842, 357)
2025-11-30 19:53:58 | DEBUG    |     Nameplate read in 1 attempts
2025-11-30 19:53:58 | INFO     |     ✓ Elite | HP: 69%
2025-11-30 19:53:58 | INFO     | 
>>>>>>>>>>>>>>>>>>>>>>>>>>>>>>>>>>>>>>>>>>>>>>>>>>
2025-11-30 19:53:58 | INFO     | ENGAGING: Elite (HP: 69%)
2025-11-30 19:53:58 | INFO     | >>>>>>>>>>>>>>>>>>>>>>>>>>>>>>>>>>>>>>>>>>>>>>>>>>
2025-11-30 19:53:58 | INFO     |   Skill 1: 1
2025-11-30 19:53:59 | INFO     |   Skill 2: 2
2025-11-30 19:53:59 | INFO     |   Skill 3: 3
2025-11-30 19:54:00 | INFO     |   Skill 4: 4
2025-11-30 19:54:01 | INFO     | <<<<<<<<<<<<<<<<<<<<<<<<<<<<<<<<<<<<<<<<<<<<<<<<<<
2025-11-30 19:54:01 | INFO     | Total engagements: 19

2025-11-30 19:54:01 | INFO     | 
======================================================================
2025-11-30 19:54:01 | INFO     | CYCLE #48
2025-11-30 19:54:01 | INFO     | ======================================================================
2025-11-30 19:54:01 | INFO     | Detected: 11 floating names
2025-11-30 19:54:01 | INFO     |   ✓ Target #1 at (1028, 717)
2025-11-30 19:54:01 | DEBUG    |   Name #2: Player zone
2025-11-30 19:54:01 | DEBUG    |   Name #3: Cached
2025-11-30 19:54:01 | DEBUG    |   Name #4: Player zone
2025-11-30 19:54:01 | DEBUG    |   Region near center, might be player
2025-11-30 19:54:01 | DEBUG    |   Region near center, might be player
2025-11-30 19:54:01 | INFO     |   ✓ Target #7 at (947, 371)
2025-11-30 19:54:01 | DEBUG    |   Name #8: Cached
2025-11-30 19:54:01 | INFO     |   ✓ Target #9 at (866, 351)
2025-11-30 19:54:01 | DEBUG    |   Name #10: Cached
2025-11-30 19:54:01 | DEBUG    |   Name #11: Player zone
2025-11-30 19:54:01 | INFO     | → Valid targets: 3
2025-11-30 19:54:01 | INFO     | 
  Verifying #1...
2025-11-30 19:54:01 | DEBUG    |     Clicking (1028, 747)
2025-11-30 19:54:02 | DEBUG    |     Nameplate read in 1 attempts
2025-11-30 19:54:02 | INFO     |     ✓ Elite | HP: 69%
2025-11-30 19:54:02 | INFO     | 
  Verifying #2...
2025-11-30 19:54:02 | DEBUG    |     Clicking (947, 402)
2025-11-30 19:54:02 | DEBUG    |     Nameplate read in 1 attempts
2025-11-30 19:54:02 | INFO     |     ✓ Elite | HP: 69%
2025-11-30 19:54:02 | INFO     | 
>>>>>>>>>>>>>>>>>>>>>>>>>>>>>>>>>>>>>>>>>>>>>>>>>>
2025-11-30 19:54:02 | INFO     | ENGAGING: Elite (HP: 69%)
2025-11-30 19:54:02 | INFO     | >>>>>>>>>>>>>>>>>>>>>>>>>>>>>>>>>>>>>>>>>>>>>>>>>>
2025-11-30 19:54:02 | INFO     |   Skill 1: 1
2025-11-30 19:54:03 | INFO     |   Skill 2: 2
2025-11-30 19:54:03 | INFO     |   Skill 3: 3
2025-11-30 19:54:04 | INFO     |   Skill 4: 4
2025-11-30 19:54:05 | INFO     | <<<<<<<<<<<<<<<<<<<<<<<<<<<<<<<<<<<<<<<<<<<<<<<<<<
2025-11-30 19:54:05 | INFO     | Total engagements: 20

2025-11-30 19:54:05 | INFO     | 
======================================================================
2025-11-30 19:54:05 | INFO     | CYCLE #49
2025-11-30 19:54:05 | INFO     | ======================================================================
2025-11-30 19:54:05 | INFO     | Detected: 7 floating names
2025-11-30 19:54:05 | INFO     |   ✓ Target #1 at (1872, 749)
2025-11-30 19:54:05 | INFO     |   ✓ Target #2 at (921, 741)
2025-11-30 19:54:05 | DEBUG    |   Region near center, might be player
2025-11-30 19:54:05 | DEBUG    |   Name #4: Player zone
2025-11-30 19:54:05 | DEBUG    |   Name #5: Player zone
2025-11-30 19:54:05 | DEBUG    |   Name #6: Cached
2025-11-30 19:54:05 | DEBUG    |   Name #7: Player zone
2025-11-30 19:54:05 | INFO     | → Valid targets: 2
2025-11-30 19:54:05 | INFO     | 
  Verifying #1...
2025-11-30 19:54:05 | DEBUG    |     Clicking (1872, 779)
2025-11-30 19:54:06 | DEBUG    |     Nameplate read in 1 attempts
2025-11-30 19:54:06 | INFO     |     ✓ Elite | HP: 69%
2025-11-30 19:54:06 | INFO     | 
  Verifying #2...
2025-11-30 19:54:06 | DEBUG    |     Clicking (921, 771)
2025-11-30 19:54:06 | DEBUG    |     Nameplate read in 1 attempts
2025-11-30 19:54:06 | INFO     |     ✓ Elite | HP: 69%
2025-11-30 19:54:06 | INFO     | 
>>>>>>>>>>>>>>>>>>>>>>>>>>>>>>>>>>>>>>>>>>>>>>>>>>
2025-11-30 19:54:06 | INFO     | ENGAGING: Elite (HP: 69%)
2025-11-30 19:54:06 | INFO     | >>>>>>>>>>>>>>>>>>>>>>>>>>>>>>>>>>>>>>>>>>>>>>>>>>
2025-11-30 19:54:06 | INFO     |   Skill 1: 1
2025-11-30 19:54:07 | INFO     |   Skill 2: 2
2025-11-30 19:54:07 | INFO     |   Skill 3: 3
2025-11-30 19:54:08 | INFO     |   Skill 4: 4
2025-11-30 19:54:09 | INFO     | <<<<<<<<<<<<<<<<<<<<<<<<<<<<<<<<<<<<<<<<<<<<<<<<<<
2025-11-30 19:54:09 | INFO     | Total engagements: 21

2025-11-30 19:54:09 | INFO     | 
======================================================================
2025-11-30 19:54:09 | INFO     | CYCLE #50
2025-11-30 19:54:09 | INFO     | ======================================================================
2025-11-30 19:54:09 | INFO     | Detected: 11 floating names
2025-11-30 19:54:09 | INFO     |   ✓ Target #1 at (918, 764)
2025-11-30 19:54:09 | DEBUG    |   Region near center, might be player
2025-11-30 19:54:09 | DEBUG    |   Region near center, might be player
2025-11-30 19:54:09 | DEBUG    |   Region near center, might be player
2025-11-30 19:54:09 | DEBUG    |   Name #5: Player zone
2025-11-30 19:54:09 | DEBUG    |   Name #6: Player zone
2025-11-30 19:54:09 | DEBUG    |   Name #7: Player zone
2025-11-30 19:54:09 | DEBUG    |   Name #8: Cached
2025-11-30 19:54:09 | DEBUG    |   Name #9: Cached
2025-11-30 19:54:09 | DEBUG    |   Name #10: Cached
2025-11-30 19:54:09 | INFO     |   ✓ Target #11 at (1855, 207)
2025-11-30 19:54:09 | INFO     | → Valid targets: 2
2025-11-30 19:54:09 | INFO     | 
  Verifying #1...
2025-11-30 19:54:09 | DEBUG    |     Clicking (918, 794)
2025-11-30 19:54:10 | DEBUG    |     Nameplate read in 1 attempts
2025-11-30 19:54:10 | INFO     |     ✓ Elite | HP: 3%
2025-11-30 19:54:10 | INFO     | 
  Verifying #2...
2025-11-30 19:54:10 | DEBUG    |     Clicking (1855, 242)
2025-11-30 19:54:10 | DEBUG    |     Nameplate read in 1 attempts
2025-11-30 19:54:10 | INFO     |     ✓ Elite | HP: 3%
2025-11-30 19:54:11 | INFO     | 
======================================================================
2025-11-30 19:54:11 | INFO     | CYCLE #51
2025-11-30 19:54:11 | INFO     | ======================================================================
2025-11-30 19:54:11 | INFO     | Detected: 8 floating names
2025-11-30 19:54:11 | DEBUG    |   Name #1: Cached
2025-11-30 19:54:11 | DEBUG    |   Region near center, might be player
2025-11-30 19:54:11 | DEBUG    |   Region near center, might be player
2025-11-30 19:54:11 | DEBUG    |   Region near center, might be player
2025-11-30 19:54:11 | INFO     |   ✓ Target #5 at (1814, 379)
2025-11-30 19:54:11 | DEBUG    |   Name #6: Cached
2025-11-30 19:54:11 | INFO     |   ✓ Target #7 at (1031, 352)
2025-11-30 19:54:11 | DEBUG    |   Name #8: Cached
2025-11-30 19:54:11 | INFO     | → Valid targets: 2
2025-11-30 19:54:11 | INFO     | 
  Verifying #1...
2025-11-30 19:54:11 | DEBUG    |     Clicking (1814, 409)
2025-11-30 19:54:11 | DEBUG    |     Nameplate read in 1 attempts
2025-11-30 19:54:11 | INFO     |     ✓ Elite | HP: 69%
2025-11-30 19:54:11 | INFO     | 
  Verifying #2...
2025-11-30 19:54:11 | DEBUG    |     Clicking (1031, 382)
2025-11-30 19:54:11 | DEBUG    |     Nameplate read in 1 attempts
2025-11-30 19:54:11 | INFO     |     ✓ Elite | HP: 69%
2025-11-30 19:54:11 | INFO     | 
>>>>>>>>>>>>>>>>>>>>>>>>>>>>>>>>>>>>>>>>>>>>>>>>>>
2025-11-30 19:54:11 | INFO     | ENGAGING: Elite (HP: 69%)
2025-11-30 19:54:11 | INFO     | >>>>>>>>>>>>>>>>>>>>>>>>>>>>>>>>>>>>>>>>>>>>>>>>>>
2025-11-30 19:54:11 | INFO     |   Skill 1: 1
2025-11-30 19:54:12 | INFO     |   Skill 2: 2
2025-11-30 19:54:13 | INFO     |   Skill 3: 3
2025-11-30 19:54:13 | INFO     |   Skill 4: 4
2025-11-30 19:54:14 | INFO     | <<<<<<<<<<<<<<<<<<<<<<<<<<<<<<<<<<<<<<<<<<<<<<<<<<
2025-11-30 19:54:14 | INFO     | Total engagements: 22

2025-11-30 19:54:15 | INFO     | 
======================================================================
2025-11-30 19:54:15 | INFO     | CYCLE #52
2025-11-30 19:54:15 | INFO     | ======================================================================
2025-11-30 19:54:15 | INFO     | Detected: 11 floating names
2025-11-30 19:54:15 | DEBUG    |   Region near center, might be player
2025-11-30 19:54:15 | DEBUG    |   Region near center, might be player
2025-11-30 19:54:15 | DEBUG    |   Name #3: Player zone
2025-11-30 19:54:15 | DEBUG    |   Name #4: Cached
2025-11-30 19:54:15 | DEBUG    |   Name #5: Cached
2025-11-30 19:54:15 | DEBUG    |   Region near center, might be player
2025-11-30 19:54:15 | DEBUG    |   Name #7: Player zone
2025-11-30 19:54:15 | DEBUG    |   Region near center, might be player
2025-11-30 19:54:15 | DEBUG    |   Name #9: Player zone
2025-11-30 19:54:15 | INFO     |   ✓ Target #10 at (918, 290)
2025-11-30 19:54:15 | DEBUG    |   Region near center, might be player
2025-11-30 19:54:15 | INFO     | → Valid targets: 1
2025-11-30 19:54:15 | INFO     | 
  Verifying #1...
2025-11-30 19:54:15 | DEBUG    |     Clicking (918, 320)
2025-11-30 19:54:15 | DEBUG    |     Nameplate read in 1 attempts
2025-11-30 19:54:15 | INFO     |     ✓ Elite | HP: 69%
2025-11-30 19:54:15 | INFO     | 
>>>>>>>>>>>>>>>>>>>>>>>>>>>>>>>>>>>>>>>>>>>>>>>>>>
2025-11-30 19:54:15 | INFO     | ENGAGING: Elite (HP: 69%)
2025-11-30 19:54:15 | INFO     | >>>>>>>>>>>>>>>>>>>>>>>>>>>>>>>>>>>>>>>>>>>>>>>>>>
2025-11-30 19:54:15 | INFO     |   Skill 1: 1
2025-11-30 19:54:16 | INFO     |   Skill 2: 2
2025-11-30 19:54:16 | INFO     |   Skill 3: 3
2025-11-30 19:54:17 | INFO     |   Skill 4: 4
2025-11-30 19:54:18 | INFO     | <<<<<<<<<<<<<<<<<<<<<<<<<<<<<<<<<<<<<<<<<<<<<<<<<<
2025-11-30 19:54:18 | INFO     | Total engagements: 23

2025-11-30 19:54:18 | INFO     | 
======================================================================
2025-11-30 19:54:18 | INFO     | CYCLE #53
2025-11-30 19:54:18 | INFO     | ======================================================================
2025-11-30 19:54:18 | INFO     | Detected: 6 floating names
2025-11-30 19:54:18 | INFO     |   ✓ Target #1 at (1675, 845)
2025-11-30 19:54:18 | INFO     |   ✓ Target #2 at (1026, 702)
2025-11-30 19:54:18 | DEBUG    |   Name #3: Cached
2025-11-30 19:54:18 | DEBUG    |   Name #4: Player zone
2025-11-30 19:54:18 | DEBUG    |   Name #5: Player zone
2025-11-30 19:54:18 | DEBUG    |   Name #6: Player zone
2025-11-30 19:54:18 | INFO     | → Valid targets: 2
2025-11-30 19:54:18 | INFO     | 
  Verifying #1...
2025-11-30 19:54:18 | DEBUG    |     Clicking (1675, 875)
2025-11-30 19:54:19 | DEBUG    |     Nameplate read in 1 attempts
2025-11-30 19:54:19 | INFO     |     ✓ Elite | HP: 100%
2025-11-30 19:54:19 | INFO     | 
  Verifying #2...
2025-11-30 19:54:19 | DEBUG    |     Clicking (1026, 732)
2025-11-30 19:54:19 | DEBUG    |     Nameplate read in 1 attempts
2025-11-30 19:54:19 | INFO     |     ✓ Elite | HP: 100%
2025-11-30 19:54:19 | INFO     | 
>>>>>>>>>>>>>>>>>>>>>>>>>>>>>>>>>>>>>>>>>>>>>>>>>>
2025-11-30 19:54:19 | INFO     | ENGAGING: Elite (HP: 100%)
2025-11-30 19:54:19 | INFO     | >>>>>>>>>>>>>>>>>>>>>>>>>>>>>>>>>>>>>>>>>>>>>>>>>>
2025-11-30 19:54:19 | INFO     |   Skill 1: 1
2025-11-30 19:54:20 | INFO     |   Skill 2: 2
2025-11-30 19:54:20 | INFO     |   Skill 3: 3
2025-11-30 19:54:21 | INFO     |   Skill 4: 4
2025-11-30 19:54:22 | INFO     | <<<<<<<<<<<<<<<<<<<<<<<<<<<<<<<<<<<<<<<<<<<<<<<<<<
2025-11-30 19:54:22 | INFO     | Total engagements: 24

2025-11-30 19:54:22 | INFO     | 
======================================================================
2025-11-30 19:54:22 | INFO     | CYCLE #54
2025-11-30 19:54:22 | INFO     | ======================================================================
2025-11-30 19:54:22 | INFO     | Detected: 4 floating names
2025-11-30 19:54:22 | DEBUG    |   Name #1: Player zone
2025-11-30 19:54:22 | DEBUG    |   Name #2: Player zone
2025-11-30 19:54:22 | DEBUG    |   Name #3: Player zone
2025-11-30 19:54:22 | DEBUG    |   Region near center, might be player
2025-11-30 19:54:22 | INFO     | → Valid targets: 0
2025-11-30 19:54:23 | INFO     | 
======================================================================
2025-11-30 19:54:23 | INFO     | CYCLE #55
2025-11-30 19:54:23 | INFO     | ======================================================================
2025-11-30 19:54:23 | INFO     | Detected: 5 floating names
2025-11-30 19:54:23 | DEBUG    |   Name #1: Player zone
2025-11-30 19:54:23 | DEBUG    |   Region near center, might be player
2025-11-30 19:54:23 | DEBUG    |   Name #3: Cached
2025-11-30 19:54:23 | DEBUG    |   Name #4: Cached
2025-11-30 19:54:23 | INFO     |   ✓ Target #5 at (894, 347)
2025-11-30 19:54:23 | INFO     | → Valid targets: 1
2025-11-30 19:54:23 | INFO     | 
  Verifying #1...
2025-11-30 19:54:23 | DEBUG    |     Clicking (894, 377)
2025-11-30 19:54:23 | DEBUG    |     Nameplate read in 1 attempts
2025-11-30 19:54:23 | INFO     |     ✓ Elite | HP: 100%
2025-11-30 19:54:23 | INFO     | 
>>>>>>>>>>>>>>>>>>>>>>>>>>>>>>>>>>>>>>>>>>>>>>>>>>
2025-11-30 19:54:23 | INFO     | ENGAGING: Elite (HP: 100%)
2025-11-30 19:54:23 | INFO     | >>>>>>>>>>>>>>>>>>>>>>>>>>>>>>>>>>>>>>>>>>>>>>>>>>
2025-11-30 19:54:23 | INFO     |   Skill 1: 1
2025-11-30 19:54:24 | INFO     |   Skill 2: 2
2025-11-30 19:54:25 | INFO     |   Skill 3: 3
2025-11-30 19:54:25 | INFO     |   Skill 4: 4
2025-11-30 19:54:26 | INFO     | <<<<<<<<<<<<<<<<<<<<<<<<<<<<<<<<<<<<<<<<<<<<<<<<<<
2025-11-30 19:54:26 | INFO     | Total engagements: 25

2025-11-30 19:54:26 | INFO     | 
======================================================================
2025-11-30 19:54:26 | INFO     | CYCLE #56
2025-11-30 19:54:26 | INFO     | ======================================================================
2025-11-30 19:54:26 | INFO     | Detected: 3 floating names
2025-11-30 19:54:26 | DEBUG    |   Name #1: Player zone
2025-11-30 19:54:26 | DEBUG    |   Region near center, might be player
2025-11-30 19:54:26 | DEBUG    |   Name #3: Player zone
2025-11-30 19:54:26 | INFO     | → Valid targets: 0
2025-11-30 19:54:27 | INFO     | 
======================================================================
2025-11-30 19:54:27 | INFO     | CYCLE #57
2025-11-30 19:54:27 | INFO     | ======================================================================
2025-11-30 19:54:27 | INFO     | Detected: 4 floating names
2025-11-30 19:54:27 | DEBUG    |   Name #1: Cached
2025-11-30 19:54:27 | DEBUG    |   Region near center, might be player
2025-11-30 19:54:27 | DEBUG    |   Name #3: Cached
2025-11-30 19:54:27 | DEBUG    |   Name #4: Cached
2025-11-30 19:54:27 | INFO     | → Valid targets: 0
2025-11-30 19:54:27 | INFO     | 
======================================================================
2025-11-30 19:54:27 | INFO     | CYCLE #58
2025-11-30 19:54:27 | INFO     | ======================================================================
2025-11-30 19:54:27 | INFO     | Detected: 4 floating names
2025-11-30 19:54:27 | DEBUG    |   Name #1: Cached
2025-11-30 19:54:27 | DEBUG    |   Name #2: Cached
2025-11-30 19:54:27 | DEBUG    |   Name #3: Cached
2025-11-30 19:54:27 | DEBUG    |   Name #4: Cached
2025-11-30 19:54:27 | INFO     | → Valid targets: 0
2025-11-30 19:54:28 | INFO     | 
======================================================================
2025-11-30 19:54:28 | INFO     | CYCLE #59
2025-11-30 19:54:28 | INFO     | ======================================================================
2025-11-30 19:54:28 | INFO     | Detected: 4 floating names
2025-11-30 19:54:28 | DEBUG    |   Name #1: Cached
2025-11-30 19:54:28 | DEBUG    |   Name #2: Cached
2025-11-30 19:54:28 | DEBUG    |   Region near center, might be player
2025-11-30 19:54:28 | DEBUG    |   Name #4: Cached
2025-11-30 19:54:28 | INFO     | → Valid targets: 0
2025-11-30 19:54:28 | INFO     | 
======================================================================
2025-11-30 19:54:28 | INFO     | CYCLE #60
2025-11-30 19:54:28 | INFO     | ======================================================================
2025-11-30 19:54:28 | INFO     | Detected: 3 floating names
2025-11-30 19:54:28 | DEBUG    |   Name #1: Cached
2025-11-30 19:54:28 | DEBUG    |   Region near center, might be player
2025-11-30 19:54:28 | DEBUG    |   Name #3: Cached
2025-11-30 19:54:28 | INFO     | → Valid targets: 0
2025-11-30 19:54:29 | INFO     | 
======================================================================
2025-11-30 19:54:29 | INFO     | CYCLE #61
2025-11-30 19:54:29 | INFO     | ======================================================================
2025-11-30 19:54:29 | INFO     | Detected: 3 floating names
2025-11-30 19:54:29 | DEBUG    |   Name #1: Cached
2025-11-30 19:54:29 | DEBUG    |   Name #2: Cached
2025-11-30 19:54:29 | DEBUG    |   Name #3: Cached
2025-11-30 19:54:29 | INFO     | → Valid targets: 0
2025-11-30 19:54:29 | INFO     | 
======================================================================
2025-11-30 19:54:29 | INFO     | CYCLE #62
2025-11-30 19:54:29 | INFO     | ======================================================================
2025-11-30 19:54:29 | INFO     | Detected: 5 floating names
2025-11-30 19:54:29 | DEBUG    |   Name #1: Player zone
2025-11-30 19:54:29 | DEBUG    |   Name #2: Cached
2025-11-30 19:54:29 | DEBUG    |   Region near center, might be player
2025-11-30 19:54:29 | DEBUG    |   Name #4: Player zone
2025-11-30 19:54:29 | DEBUG    |   Name #5: Player zone
2025-11-30 19:54:29 | INFO     | → Valid targets: 0
2025-11-30 19:54:30 | INFO     | 
======================================================================
2025-11-30 19:54:30 | INFO     | CYCLE #63
2025-11-30 19:54:30 | INFO     | ======================================================================
2025-11-30 19:54:30 | INFO     | Detected: 5 floating names
2025-11-30 19:54:30 | INFO     |   ✓ Target #1 at (1131, 868)
2025-11-30 19:54:30 | DEBUG    |   Region near center, might be player
2025-11-30 19:54:30 | DEBUG    |   Name #3: Cached
2025-11-30 19:54:30 | DEBUG    |   Name #4: Cached
2025-11-30 19:54:30 | DEBUG    |   Name #5: Cached
2025-11-30 19:54:30 | INFO     | → Valid targets: 1
2025-11-30 19:54:30 | INFO     | 
  Verifying #1...
2025-11-30 19:54:30 | DEBUG    |     Clicking (1131, 898)
2025-11-30 19:54:30 | DEBUG    |     Nameplate read in 1 attempts
2025-11-30 19:54:30 | INFO     |     ✓ Elite | HP: 69%
2025-11-30 19:54:30 | INFO     | 
>>>>>>>>>>>>>>>>>>>>>>>>>>>>>>>>>>>>>>>>>>>>>>>>>>
2025-11-30 19:54:30 | INFO     | ENGAGING: Elite (HP: 69%)
2025-11-30 19:54:30 | INFO     | >>>>>>>>>>>>>>>>>>>>>>>>>>>>>>>>>>>>>>>>>>>>>>>>>>
2025-11-30 19:54:30 | INFO     |   Skill 1: 1
2025-11-30 19:54:31 | INFO     |   Skill 2: 2
2025-11-30 19:54:31 | INFO     |   Skill 3: 3
2025-11-30 19:54:32 | INFO     |   Skill 4: 4
2025-11-30 19:54:33 | INFO     | <<<<<<<<<<<<<<<<<<<<<<<<<<<<<<<<<<<<<<<<<<<<<<<<<<
2025-11-30 19:54:33 | INFO     | Total engagements: 26

2025-11-30 19:54:33 | INFO     | 
======================================================================
2025-11-30 19:54:33 | INFO     | CYCLE #64
2025-11-30 19:54:33 | INFO     | ======================================================================
2025-11-30 19:54:33 | INFO     | Detected: 8 floating names
2025-11-30 19:54:33 | INFO     |   ✓ Target #1 at (1249, 803)
2025-11-30 19:54:33 | INFO     |   ✓ Target #2 at (1112, 760)
2025-11-30 19:54:33 | INFO     |   ✓ Target #3 at (1618, 738)
2025-11-30 19:54:33 | DEBUG    |   Name #4: Player zone
2025-11-30 19:54:33 | DEBUG    |   Name #5: Player zone
2025-11-30 19:54:33 | DEBUG    |   Name #6: Cached
2025-11-30 19:54:33 | DEBUG    |   Name #7: Player zone
2025-11-30 19:54:33 | DEBUG    |   Name #8: Cached
2025-11-30 19:54:33 | INFO     | → Valid targets: 3
2025-11-30 19:54:33 | INFO     | 
  Verifying #1...
2025-11-30 19:54:33 | DEBUG    |     Clicking (1249, 833)
2025-11-30 19:54:34 | DEBUG    |     Nameplate read in 1 attempts
2025-11-30 19:54:34 | INFO     |     ✓ Elite | HP: 69%
2025-11-30 19:54:34 | INFO     | 
  Verifying #2...
2025-11-30 19:54:34 | DEBUG    |     Clicking (1112, 790)
2025-11-30 19:54:34 | DEBUG    |     Nameplate read in 1 attempts
2025-11-30 19:54:34 | INFO     |     ✓ Elite | HP: 69%
2025-11-30 19:54:34 | INFO     | 
>>>>>>>>>>>>>>>>>>>>>>>>>>>>>>>>>>>>>>>>>>>>>>>>>>
2025-11-30 19:54:34 | INFO     | ENGAGING: Elite (HP: 69%)
2025-11-30 19:54:34 | INFO     | >>>>>>>>>>>>>>>>>>>>>>>>>>>>>>>>>>>>>>>>>>>>>>>>>>
2025-11-30 19:54:34 | INFO     |   Skill 1: 1
2025-11-30 19:54:35 | INFO     |   Skill 2: 2
2025-11-30 19:54:35 | INFO     |   Skill 3: 3
2025-11-30 19:54:36 | INFO     |   Skill 4: 4
2025-11-30 19:54:37 | INFO     | <<<<<<<<<<<<<<<<<<<<<<<<<<<<<<<<<<<<<<<<<<<<<<<<<<
2025-11-30 19:54:37 | INFO     | Total engagements: 27

2025-11-30 19:54:37 | INFO     | 
======================================================================
2025-11-30 19:54:37 | INFO     | CYCLE #65
2025-11-30 19:54:37 | INFO     | ======================================================================
2025-11-30 19:54:37 | INFO     | Detected: 6 floating names
2025-11-30 19:54:37 | INFO     |   ✓ Target #1 at (1139, 693)
2025-11-30 19:54:37 | DEBUG    |   Region near center, might be player
2025-11-30 19:54:37 | DEBUG    |   Name #3: Cached
2025-11-30 19:54:37 | DEBUG    |   Region near center, might be player
2025-11-30 19:54:37 | DEBUG    |   Name #5: Player zone
2025-11-30 19:54:37 | DEBUG    |   Name #6: Player zone
2025-11-30 19:54:37 | INFO     | → Valid targets: 1
2025-11-30 19:54:37 | INFO     | 
  Verifying #1...
2025-11-30 19:54:37 | DEBUG    |     Clicking (1139, 723)
2025-11-30 19:54:38 | DEBUG    |     Nameplate read in 1 attempts
2025-11-30 19:54:38 | INFO     |     ✓ Elite | HP: 69%
2025-11-30 19:54:38 | INFO     | 
>>>>>>>>>>>>>>>>>>>>>>>>>>>>>>>>>>>>>>>>>>>>>>>>>>
2025-11-30 19:54:38 | INFO     | ENGAGING: Elite (HP: 69%)
2025-11-30 19:54:38 | INFO     | >>>>>>>>>>>>>>>>>>>>>>>>>>>>>>>>>>>>>>>>>>>>>>>>>>
2025-11-30 19:54:38 | INFO     |   Skill 1: 1
2025-11-30 19:54:38 | INFO     |   Skill 2: 2
2025-11-30 19:54:39 | INFO     |   Skill 3: 3
2025-11-30 19:54:40 | INFO     |   Skill 4: 4
2025-11-30 19:54:40 | INFO     | <<<<<<<<<<<<<<<<<<<<<<<<<<<<<<<<<<<<<<<<<<<<<<<<<<
2025-11-30 19:54:40 | INFO     | Total engagements: 28

2025-11-30 19:54:41 | INFO     | 
======================================================================
2025-11-30 19:54:41 | INFO     | CYCLE #66
2025-11-30 19:54:41 | INFO     | ======================================================================
2025-11-30 19:54:41 | INFO     | Detected: 5 floating names
2025-11-30 19:54:41 | INFO     |   ✓ Target #1 at (1631, 748)
2025-11-30 19:54:41 | INFO     |   ✓ Target #2 at (1151, 722)
2025-11-30 19:54:41 | DEBUG    |   Name #3: Player zone
2025-11-30 19:54:41 | DEBUG    |   Name #4: Cached
2025-11-30 19:54:41 | DEBUG    |   Name #5: Player zone
2025-11-30 19:54:41 | INFO     | → Valid targets: 2
2025-11-30 19:54:41 | INFO     | 
  Verifying #1...
2025-11-30 19:54:41 | DEBUG    |     Clicking (1631, 778)
2025-11-30 19:54:41 | DEBUG    |     Nameplate read in 1 attempts
2025-11-30 19:54:41 | INFO     |     ✓ Elite | HP: 69%
2025-11-30 19:54:41 | INFO     | 
  Verifying #2...
2025-11-30 19:54:41 | DEBUG    |     Clicking (1151, 752)
2025-11-30 19:54:42 | DEBUG    |     Nameplate read in 1 attempts
2025-11-30 19:54:42 | INFO     |     ✓ Elite | HP: 69%
2025-11-30 19:54:42 | INFO     | 
>>>>>>>>>>>>>>>>>>>>>>>>>>>>>>>>>>>>>>>>>>>>>>>>>>
2025-11-30 19:54:42 | INFO     | ENGAGING: Elite (HP: 69%)
2025-11-30 19:54:42 | INFO     | >>>>>>>>>>>>>>>>>>>>>>>>>>>>>>>>>>>>>>>>>>>>>>>>>>
2025-11-30 19:54:42 | INFO     |   Skill 1: 1
2025-11-30 19:54:42 | INFO     |   Skill 2: 2
2025-11-30 19:54:43 | INFO     |   Skill 3: 3
2025-11-30 19:54:44 | INFO     |   Skill 4: 4
2025-11-30 19:54:44 | INFO     | <<<<<<<<<<<<<<<<<<<<<<<<<<<<<<<<<<<<<<<<<<<<<<<<<<
2025-11-30 19:54:44 | INFO     | Total engagements: 29

2025-11-30 19:54:45 | INFO     | 
======================================================================
2025-11-30 19:54:45 | INFO     | CYCLE #67
2025-11-30 19:54:45 | INFO     | ======================================================================
2025-11-30 19:54:45 | INFO     | Detected: 4 floating names
2025-11-30 19:54:45 | INFO     |   ✓ Target #1 at (762, 751)
2025-11-30 19:54:45 | DEBUG    |   Region near center, might be player
2025-11-30 19:54:45 | DEBUG    |   Region near center, might be player
2025-11-30 19:54:45 | DEBUG    |   Region near center, might be player
2025-11-30 19:54:45 | INFO     | → Valid targets: 1
2025-11-30 19:54:45 | INFO     | 
  Verifying #1...
2025-11-30 19:54:45 | DEBUG    |     Clicking (762, 781)
2025-11-30 19:54:45 | DEBUG    |     Nameplate read in 1 attempts
2025-11-30 19:54:45 | INFO     |     ✓ Elite | HP: 3%
2025-11-30 19:54:46 | INFO     | 
======================================================================
2025-11-30 19:54:46 | INFO     | CYCLE #68
2025-11-30 19:54:46 | INFO     | ======================================================================
2025-11-30 19:54:46 | INFO     | Detected: 9 floating names
2025-11-30 19:54:46 | INFO     |   ✓ Target #1 at (1012, 775)
2025-11-30 19:54:46 | DEBUG    |   Name #2: Player zone
2025-11-30 19:54:46 | DEBUG    |   Name #3: Player zone
2025-11-30 19:54:46 | DEBUG    |   Region near center, might be player
2025-11-30 19:54:46 | DEBUG    |   Region near center, might be player
2025-11-30 19:54:46 | DEBUG    |   Name #6: Cached
2025-11-30 19:54:46 | INFO     |   ✓ Target #7 at (1113, 384)
2025-11-30 19:54:46 | DEBUG    |   Name #8: Cached
2025-11-30 19:54:46 | DEBUG    |   Name #9: Player zone
2025-11-30 19:54:46 | INFO     | → Valid targets: 2
2025-11-30 19:54:46 | INFO     | 
  Verifying #1...
2025-11-30 19:54:46 | DEBUG    |     Clicking (1012, 805)
2025-11-30 19:54:46 | DEBUG    |     Nameplate read in 1 attempts
2025-11-30 19:54:46 | INFO     |     ✓ Elite | HP: 69%
2025-11-30 19:54:46 | INFO     | 
  Verifying #2...
2025-11-30 19:54:46 | DEBUG    |     Clicking (1113, 415)
2025-11-30 19:54:47 | DEBUG    |     Nameplate read in 1 attempts
2025-11-30 19:54:47 | INFO     |     ✓ Elite | HP: 69%
2025-11-30 19:54:47 | INFO     | 
>>>>>>>>>>>>>>>>>>>>>>>>>>>>>>>>>>>>>>>>>>>>>>>>>>
2025-11-30 19:54:47 | INFO     | ENGAGING: Elite (HP: 69%)
2025-11-30 19:54:47 | INFO     | >>>>>>>>>>>>>>>>>>>>>>>>>>>>>>>>>>>>>>>>>>>>>>>>>>
2025-11-30 19:54:47 | INFO     |   Skill 1: 1
2025-11-30 19:54:47 | INFO     |   Skill 2: 2
2025-11-30 19:54:48 | INFO     |   Skill 3: 3
2025-11-30 19:54:49 | INFO     |   Skill 4: 4
2025-11-30 19:54:49 | INFO     | <<<<<<<<<<<<<<<<<<<<<<<<<<<<<<<<<<<<<<<<<<<<<<<<<<
2025-11-30 19:54:49 | INFO     | Total engagements: 30

2025-11-30 19:54:50 | INFO     | 
======================================================================
2025-11-30 19:54:50 | INFO     | CYCLE #69
2025-11-30 19:54:50 | INFO     | ======================================================================
2025-11-30 19:54:50 | INFO     | Detected: 3 floating names
2025-11-30 19:54:50 | INFO     |   ✓ Target #1 at (634, 814)
2025-11-30 19:54:50 | DEBUG    |   Region near center, might be player
2025-11-30 19:54:50 | DEBUG    |   Region near center, might be player
2025-11-30 19:54:50 | INFO     | → Valid targets: 1
2025-11-30 19:54:50 | INFO     | 
  Verifying #1...
2025-11-30 19:54:50 | DEBUG    |     Clicking (634, 844)
2025-11-30 19:54:50 | DEBUG    |     Nameplate read in 1 attempts
2025-11-30 19:54:50 | INFO     |     ✓ Elite | HP: 3%
2025-11-30 19:54:51 | INFO     | 
======================================================================
2025-11-30 19:54:51 | INFO     | CYCLE #70
2025-11-30 19:54:51 | INFO     | ======================================================================
2025-11-30 19:54:51 | INFO     | Detected: 10 floating names
2025-11-30 19:54:51 | INFO     |   ✓ Target #1 at (969, 826)
2025-11-30 19:54:51 | INFO     |   ✓ Target #2 at (982, 755)
2025-11-30 19:54:51 | INFO     |   ✓ Target #3 at (876, 734)
2025-11-30 19:54:51 | DEBUG    |   Name #4: Player zone
2025-11-30 19:54:51 | DEBUG    |   Region near center, might be player
2025-11-30 19:54:51 | DEBUG    |   Name #6: Cached
2025-11-30 19:54:51 | DEBUG    |   Region near center, might be player
2025-11-30 19:54:51 | DEBUG    |   Name #8: Cached
2025-11-30 19:54:51 | INFO     |   ✓ Target #9 at (501, 191)
2025-11-30 19:54:51 | DEBUG    |   Name #10: Player zone
2025-11-30 19:54:51 | INFO     | → Valid targets: 4
2025-11-30 19:54:51 | INFO     | 
  Verifying #1...
2025-11-30 19:54:51 | DEBUG    |     Clicking (969, 856)
2025-11-30 19:54:51 | DEBUG    |     Nameplate read in 1 attempts
2025-11-30 19:54:51 | INFO     |     ✓ Elite | HP: 3%
2025-11-30 19:54:51 | INFO     | 
  Verifying #2...
2025-11-30 19:54:51 | DEBUG    |     Clicking (982, 785)
2025-11-30 19:54:51 | DEBUG    |     Nameplate read in 1 attempts
2025-11-30 19:54:51 | INFO     |     ✓ Elite | HP: 3%
2025-11-30 19:54:52 | INFO     | 
======================================================================
2025-11-30 19:54:52 | INFO     | CYCLE #71
2025-11-30 19:54:52 | INFO     | ======================================================================
2025-11-30 19:54:52 | INFO     | Detected: 1 floating names
2025-11-30 19:54:52 | INFO     |   ✓ Target #1 at (219, 719)
2025-11-30 19:54:52 | INFO     | → Valid targets: 1
2025-11-30 19:54:52 | INFO     | 
  Verifying #1...
2025-11-30 19:54:52 | DEBUG    |     Clicking (219, 749)
2025-11-30 19:54:52 | DEBUG    |     Nameplate read in 1 attempts
2025-11-30 19:54:52 | INFO     |     ✓ Elite | HP: 69%
2025-11-30 19:54:52 | INFO     | 
>>>>>>>>>>>>>>>>>>>>>>>>>>>>>>>>>>>>>>>>>>>>>>>>>>
2025-11-30 19:54:52 | INFO     | ENGAGING: Elite (HP: 69%)
2025-11-30 19:54:52 | INFO     | >>>>>>>>>>>>>>>>>>>>>>>>>>>>>>>>>>>>>>>>>>>>>>>>>>
2025-11-30 19:54:52 | INFO     |   Skill 1: 1
2025-11-30 19:54:53 | INFO     |   Skill 2: 2
2025-11-30 19:54:54 | INFO     |   Skill 3: 3
2025-11-30 19:54:54 | INFO     | 

⛔ Bot stopped by user
2025-11-30 19:54:54 | INFO     | 
======================================================================
2025-11-30 19:54:54 | INFO     | FINAL STATISTICS
2025-11-30 19:54:54 | INFO     | ======================================================================
2025-11-30 19:54:54 | INFO     | Total Cycles: 71
2025-11-30 19:54:54 | INFO     | Total Clicks: 66
2025-11-30 19:54:54 | INFO     | Total Engagements: 30
2025-11-30 19:54:54 | INFO     | Uptime: 143s (2m 23s)
2025-11-30 19:54:54 | INFO     | Cache Hit Rate: 40.0%
2025-11-30 19:54:54 | INFO     | Avg Cycle Time: 2.01s
2025-11-30 19:54:54 | INFO     | ======================================================================
