2025-12-03 20:53:56 | INFO     | ======================================================================
2025-12-03 20:53:56 | INFO     | MOB HUNTER v3.0 - CENTER-OUT + BINARY HEALTH
2025-12-03 20:53:56 | INFO     | ======================================================================
2025-12-03 20:53:56 | INFO     | Log directory: logs/session_20251203_205356
2025-12-03 20:53:56 | INFO     | Screen: 1920x1080
2025-12-03 20:53:56 | INFO     | Strategy: Attack closest to center first
2025-12-03 20:53:56 | INFO     | Health: Binary (ALIVE/DEAD) detection
2025-12-03 20:53:56 | INFO     | Pet Filter: Via nameplate class detection
2025-12-03 20:53:56 | INFO     | ======================================================================
2025-12-03 20:53:56 | INFO     | 
🚀 Bot started! Press Ctrl+C to stop.

2025-12-03 20:53:56 | INFO     | 💡 Controls: CapsLock = Pause/Resume

2025-12-03 20:53:56 | INFO     | 
======================================================================
2025-12-03 20:53:56 | INFO     | CYCLE #1
2025-12-03 20:53:56 | INFO     | ======================================================================
2025-12-03 20:53:56 | INFO     | Detected: 16 floating names
2025-12-03 20:53:56 | DEBUG    |   Name #15: Cached, skipping
2025-12-03 20:53:56 | DEBUG    |   Name #16: Cached, skipping
2025-12-03 20:53:56 | INFO     | → Valid targets (after cache): 14
2025-12-03 20:53:56 | INFO     | → Target priority (closest to farthest):
2025-12-03 20:53:56 | INFO     |    #1: Distance=26px from center
2025-12-03 20:53:56 | INFO     |    #2: Distance=76px from center
2025-12-03 20:53:56 | INFO     |    #3: Distance=133px from center
2025-12-03 20:53:56 | INFO     |    #4: Distance=206px from center
2025-12-03 20:53:56 | INFO     |    #5: Distance=276px from center
2025-12-03 20:53:56 | INFO     | 
  Verifying target #1 (D=26px)...
2025-12-03 20:53:56 | DEBUG    |     Clicking (964, 544)
2025-12-03 20:53:57 | DEBUG    |     Health check: 3 red pixels -> DEAD
2025-12-03 20:53:57 | DEBUG    |     ✓ Verified MOB in 1 attempts
2025-12-03 20:53:57 | INFO     |     ✗ Mob already DEAD
2025-12-03 20:53:57 | INFO     | 
  Verifying target #2 (D=76px)...
2025-12-03 20:53:57 | DEBUG    |     Clicking (1021, 524)
2025-12-03 20:53:57 | DEBUG    |     Health check: 0 red pixels -> DEAD
2025-12-03 20:53:57 | DEBUG    |     ✓ Verified MOB in 1 attempts
2025-12-03 20:53:57 | INFO     |     ✗ Mob already DEAD
2025-12-03 20:53:57 | INFO     | 
  Verifying target #3 (D=133px)...
2025-12-03 20:53:57 | DEBUG    |     Clicking (1092, 552)
2025-12-03 20:53:58 | DEBUG    |     Health check: 0 red pixels -> DEAD
2025-12-03 20:53:58 | DEBUG    |     ✓ Verified MOB in 1 attempts
2025-12-03 20:53:58 | INFO     |     ✗ Mob already DEAD
2025-12-03 20:53:58 | INFO     | 
======================================================================
2025-12-03 20:53:58 | INFO     | CYCLE #2
2025-12-03 20:53:58 | INFO     | ======================================================================
2025-12-03 20:53:58 | INFO     | Detected: 15 floating names
2025-12-03 20:53:58 | DEBUG    |   Name #1: Cached, skipping
2025-12-03 20:53:58 | DEBUG    |   Name #2: Cached, skipping
2025-12-03 20:53:58 | DEBUG    |   Name #3: Cached, skipping
2025-12-03 20:53:58 | DEBUG    |   Name #4: Cached, skipping
2025-12-03 20:53:58 | DEBUG    |   Name #5: Cached, skipping
2025-12-03 20:53:58 | DEBUG    |   Name #8: Cached, skipping
2025-12-03 20:53:58 | DEBUG    |   Name #9: Cached, skipping
2025-12-03 20:53:58 | DEBUG    |   Name #10: Cached, skipping
2025-12-03 20:53:58 | DEBUG    |   Name #11: Cached, skipping
2025-12-03 20:53:58 | DEBUG    |   Name #12: Cached, skipping
2025-12-03 20:53:58 | DEBUG    |   Name #13: Cached, skipping
2025-12-03 20:53:58 | DEBUG    |   Name #14: Cached, skipping
2025-12-03 20:53:58 | DEBUG    |   Name #15: Cached, skipping
2025-12-03 20:53:58 | INFO     | → Valid targets (after cache): 2
2025-12-03 20:53:58 | INFO     | → Target priority (closest to farthest):
2025-12-03 20:53:58 | INFO     |    #1: Distance=657px from center
2025-12-03 20:53:58 | INFO     |    #2: Distance=919px from center
2025-12-03 20:53:58 | INFO     | 
  Verifying target #1 (D=657px)...
2025-12-03 20:53:58 | DEBUG    |     Clicking (1616, 620)
2025-12-03 20:53:58 | DEBUG    |     Health check: 649 red pixels -> ALIVE
2025-12-03 20:53:58 | DEBUG    |     ✓ Verified MOB in 1 attempts
2025-12-03 20:53:58 | INFO     |     ✓ Unique | Status: ALIVE
2025-12-03 20:53:58 | INFO     | 
>>>>>>>>>>>>>>>>>>>>>>>>>>>>>>>>>>>>>>>>>>>>>>>>>>>>>>>>>>>>
2025-12-03 20:53:58 | INFO     | ⚔️  ENGAGING: Unique
2025-12-03 20:53:58 | INFO     | >>>>>>>>>>>>>>>>>>>>>>>>>>>>>>>>>>>>>>>>>>>>>>>>>>>>>>>>>>>>
2025-12-03 20:53:58 | DEBUG    |     Health check: 649 red pixels -> ALIVE
2025-12-03 20:53:58 | INFO     |   → Skill 1: 1
2025-12-03 20:54:00 | DEBUG    |     Health check: 649 red pixels -> ALIVE
2025-12-03 20:54:00 | INFO     |   → Skill 2: 2
2025-12-03 20:54:01 | DEBUG    |     Health check: 649 red pixels -> ALIVE
2025-12-03 20:54:01 | INFO     |   → Skill 3: 3
2025-12-03 20:54:02 | DEBUG    |     Health check: 29 red pixels -> DEAD
2025-12-03 20:54:02 | INFO     |   ✓ Mob DEAD after skill 3!
2025-12-03 20:54:02 | INFO     | <<<<<<<<<<<<<<<<<<<<<<<<<<<<<<<<<<<<<<<<<<<<<<<<<<<<<<<<<<<<
2025-12-03 20:54:02 | INFO     | 💀 Total kills: 1 | Skills saved: 1
2025-12-03 20:54:02 | INFO     | <<<<<<<<<<<<<<<<<<<<<<<<<<<<<<<<<<<<<<<<<<<<<<<<<<<<<<<<<<<<

2025-12-03 20:54:02 | INFO     | 
  Verifying target #2 (D=919px)...
2025-12-03 20:54:02 | DEBUG    |     Clicking (1855, 784)
2025-12-03 20:54:02 | DEBUG    |     Health check: 29 red pixels -> DEAD
2025-12-03 20:54:02 | DEBUG    |     ✓ Verified MOB in 1 attempts
2025-12-03 20:54:02 | INFO     |     ✗ Mob already DEAD
2025-12-03 20:54:03 | INFO     | 
======================================================================
2025-12-03 20:54:03 | INFO     | CYCLE #3
2025-12-03 20:54:03 | INFO     | ======================================================================
2025-12-03 20:54:03 | INFO     | Detected: 18 floating names
2025-12-03 20:54:03 | DEBUG    |   Name #17: Cached, skipping
2025-12-03 20:54:03 | INFO     | → Valid targets (after cache): 17
2025-12-03 20:54:03 | INFO     | → Target priority (closest to farthest):
2025-12-03 20:54:03 | INFO     |    #1: Distance=26px from center
2025-12-03 20:54:03 | INFO     |    #2: Distance=51px from center
2025-12-03 20:54:03 | INFO     |    #3: Distance=201px from center
2025-12-03 20:54:03 | INFO     |    #4: Distance=261px from center
2025-12-03 20:54:03 | INFO     |    #5: Distance=402px from center
2025-12-03 20:54:03 | INFO     | 
  Verifying target #1 (D=26px)...
2025-12-03 20:54:03 | DEBUG    |     Clicking (954, 597)
2025-12-03 20:54:03 | DEBUG    |     Health check: 0 red pixels -> DEAD
2025-12-03 20:54:03 | DEBUG    |     ✓ Verified MOB in 1 attempts
2025-12-03 20:54:03 | INFO     |     ✗ Mob already DEAD
2025-12-03 20:54:03 | INFO     | 
  Verifying target #2 (D=51px)...
2025-12-03 20:54:03 | DEBUG    |     Clicking (946, 520)
2025-12-03 20:54:03 | DEBUG    |     Health check: 0 red pixels -> DEAD
2025-12-03 20:54:03 | DEBUG    |     ✓ Verified MOB in 1 attempts
2025-12-03 20:54:03 | INFO     |     ✗ Mob already DEAD
2025-12-03 20:54:03 | INFO     | 
  Verifying target #3 (D=201px)...
2025-12-03 20:54:03 | DEBUG    |     Clicking (821, 425)
2025-12-03 20:54:04 | DEBUG    |     Health check: 0 red pixels -> DEAD
2025-12-03 20:54:04 | DEBUG    |     ✓ Verified MOB in 1 attempts
2025-12-03 20:54:04 | INFO     |     ✗ Mob already DEAD
2025-12-03 20:54:04 | INFO     | 
======================================================================
2025-12-03 20:54:04 | INFO     | CYCLE #4
2025-12-03 20:54:04 | INFO     | ======================================================================
2025-12-03 20:54:04 | INFO     | Detected: 15 floating names
2025-12-03 20:54:04 | DEBUG    |   Name #1: Cached, skipping
2025-12-03 20:54:04 | DEBUG    |   Name #2: Cached, skipping
2025-12-03 20:54:04 | DEBUG    |   Name #3: Cached, skipping
2025-12-03 20:54:04 | DEBUG    |   Name #4: Cached, skipping
2025-12-03 20:54:04 | DEBUG    |   Name #5: Cached, skipping
2025-12-03 20:54:04 | DEBUG    |   Name #8: Cached, skipping
2025-12-03 20:54:04 | DEBUG    |   Name #10: Cached, skipping
2025-12-03 20:54:04 | DEBUG    |   Name #11: Cached, skipping
2025-12-03 20:54:04 | DEBUG    |   Name #12: Cached, skipping
2025-12-03 20:54:04 | DEBUG    |   Name #13: Cached, skipping
2025-12-03 20:54:04 | DEBUG    |   Name #14: Cached, skipping
2025-12-03 20:54:04 | DEBUG    |   Name #15: Cached, skipping
2025-12-03 20:54:04 | INFO     | → Valid targets (after cache): 3
2025-12-03 20:54:04 | INFO     | → Target priority (closest to farthest):
2025-12-03 20:54:04 | INFO     |    #1: Distance=149px from center
2025-12-03 20:54:04 | INFO     |    #2: Distance=183px from center
2025-12-03 20:54:04 | INFO     |    #3: Distance=212px from center
2025-12-03 20:54:04 | INFO     | 
  Verifying target #1 (D=149px)...
2025-12-03 20:54:04 | DEBUG    |     Clicking (955, 422)
2025-12-03 20:54:05 | DEBUG    |     Health check: 649 red pixels -> ALIVE
2025-12-03 20:54:05 | DEBUG    |     ✓ Verified MOB in 1 attempts
2025-12-03 20:54:05 | INFO     |     ✓ Unique | Status: ALIVE
2025-12-03 20:54:05 | INFO     | 
>>>>>>>>>>>>>>>>>>>>>>>>>>>>>>>>>>>>>>>>>>>>>>>>>>>>>>>>>>>>
2025-12-03 20:54:05 | INFO     | ⚔️  ENGAGING: Unique
2025-12-03 20:54:05 | INFO     | >>>>>>>>>>>>>>>>>>>>>>>>>>>>>>>>>>>>>>>>>>>>>>>>>>>>>>>>>>>>
2025-12-03 20:54:05 | DEBUG    |     Health check: 649 red pixels -> ALIVE
2025-12-03 20:54:05 | INFO     |   → Skill 1: 1
2025-12-03 20:54:06 | DEBUG    |     Health check: 649 red pixels -> ALIVE
2025-12-03 20:54:06 | INFO     |   → Skill 2: 2
2025-12-03 20:54:07 | DEBUG    |     Health check: 29 red pixels -> DEAD
2025-12-03 20:54:07 | INFO     |   ✓ Mob DEAD after skill 2!
2025-12-03 20:54:07 | INFO     | <<<<<<<<<<<<<<<<<<<<<<<<<<<<<<<<<<<<<<<<<<<<<<<<<<<<<<<<<<<<
2025-12-03 20:54:07 | INFO     | 💀 Total kills: 2 | Skills saved: 2
2025-12-03 20:54:07 | INFO     | <<<<<<<<<<<<<<<<<<<<<<<<<<<<<<<<<<<<<<<<<<<<<<<<<<<<<<<<<<<<

2025-12-03 20:54:07 | INFO     | 
  Verifying target #2 (D=183px)...
2025-12-03 20:54:07 | DEBUG    |     Clicking (945, 753)
2025-12-03 20:54:07 | DEBUG    |     Health check: 29 red pixels -> DEAD
2025-12-03 20:54:07 | DEBUG    |     ✓ Verified MOB in 1 attempts
2025-12-03 20:54:07 | INFO     |     ✗ Mob already DEAD
2025-12-03 20:54:07 | INFO     | 
  Verifying target #3 (D=212px)...
2025-12-03 20:54:07 | DEBUG    |     Clicking (749, 599)
2025-12-03 20:54:08 | DEBUG    |     Health check: 29 red pixels -> DEAD
2025-12-03 20:54:08 | DEBUG    |     ✓ Verified MOB in 1 attempts
2025-12-03 20:54:08 | INFO     |     ✗ Mob already DEAD
2025-12-03 20:54:08 | INFO     | 
======================================================================
2025-12-03 20:54:08 | INFO     | CYCLE #5
2025-12-03 20:54:08 | INFO     | ======================================================================
2025-12-03 20:54:08 | INFO     | Detected: 12 floating names
2025-12-03 20:54:08 | DEBUG    |   Name #11: Cached, skipping
2025-12-03 20:54:08 | DEBUG    |   Name #12: Cached, skipping
2025-12-03 20:54:08 | INFO     | → Valid targets (after cache): 10
2025-12-03 20:54:08 | INFO     | → Target priority (closest to farthest):
2025-12-03 20:54:08 | INFO     |    #1: Distance=26px from center
2025-12-03 20:54:08 | INFO     |    #2: Distance=84px from center
2025-12-03 20:54:08 | INFO     |    #3: Distance=149px from center
2025-12-03 20:54:08 | INFO     |    #4: Distance=170px from center
2025-12-03 20:54:08 | INFO     |    #5: Distance=338px from center
2025-12-03 20:54:08 | INFO     | 
  Verifying target #1 (D=26px)...
2025-12-03 20:54:08 | DEBUG    |     Clicking (964, 544)
2025-12-03 20:54:09 | DEBUG    |     Health check: 29 red pixels -> DEAD
2025-12-03 20:54:09 | DEBUG    |     ✓ Verified MOB in 1 attempts
2025-12-03 20:54:09 | INFO     |     ✗ Mob already DEAD
2025-12-03 20:54:09 | INFO     | 
  Verifying target #2 (D=84px)...
2025-12-03 20:54:09 | DEBUG    |     Clicking (1044, 566)
2025-12-03 20:54:09 | DEBUG    |     Health check: 0 red pixels -> DEAD
2025-12-03 20:54:09 | DEBUG    |     ✓ Verified MOB in 1 attempts
2025-12-03 20:54:09 | INFO     |     ✗ Mob already DEAD
2025-12-03 20:54:09 | INFO     | 
  Verifying target #3 (D=149px)...
2025-12-03 20:54:09 | DEBUG    |     Clicking (893, 437)
2025-12-03 20:54:09 | DEBUG    |     Health check: 0 red pixels -> DEAD
2025-12-03 20:54:09 | DEBUG    |     ✓ Verified MOB in 1 attempts
2025-12-03 20:54:09 | INFO     |     ✗ Mob already DEAD
2025-12-03 20:54:10 | INFO     | 
======================================================================
2025-12-03 20:54:10 | INFO     | CYCLE #6
2025-12-03 20:54:10 | INFO     | ======================================================================
2025-12-03 20:54:10 | INFO     | Detected: 11 floating names
2025-12-03 20:54:10 | DEBUG    |   Name #1: Cached, skipping
2025-12-03 20:54:10 | DEBUG    |   Name #2: Cached, skipping
2025-12-03 20:54:10 | DEBUG    |   Name #3: Cached, skipping
2025-12-03 20:54:10 | DEBUG    |   Name #4: Cached, skipping
2025-12-03 20:54:10 | DEBUG    |   Name #5: Cached, skipping
2025-12-03 20:54:10 | DEBUG    |   Name #9: Cached, skipping
2025-12-03 20:54:10 | DEBUG    |   Name #10: Cached, skipping
2025-12-03 20:54:10 | DEBUG    |   Name #11: Cached, skipping
2025-12-03 20:54:10 | INFO     | → Valid targets (after cache): 3
2025-12-03 20:54:10 | INFO     | → Target priority (closest to farthest):
2025-12-03 20:54:10 | INFO     |    #1: Distance=32px from center
2025-12-03 20:54:10 | INFO     |    #2: Distance=166px from center
2025-12-03 20:54:10 | INFO     |    #3: Distance=315px from center
2025-12-03 20:54:10 | INFO     | 
  Verifying target #1 (D=32px)...
2025-12-03 20:54:10 | DEBUG    |     Clicking (963, 603)
2025-12-03 20:54:10 | DEBUG    |     Health check: 0 red pixels -> DEAD
2025-12-03 20:54:10 | DEBUG    |     ✓ Verified MOB in 1 attempts
2025-12-03 20:54:10 | INFO     |     ✗ Mob already DEAD
2025-12-03 20:54:10 | INFO     | 
  Verifying target #2 (D=166px)...
2025-12-03 20:54:10 | DEBUG    |     Clicking (1126, 587)
2025-12-03 20:54:11 | DEBUG    |     Health check: 0 red pixels -> DEAD
2025-12-03 20:54:11 | DEBUG    |     ✓ Verified MOB in 1 attempts
2025-12-03 20:54:11 | INFO     |     ✗ Mob already DEAD
2025-12-03 20:54:11 | INFO     | 
  Verifying target #3 (D=315px)...
2025-12-03 20:54:11 | DEBUG    |     Clicking (1171, 805)
2025-12-03 20:54:11 | DEBUG    |     Health check: 0 red pixels -> DEAD
2025-12-03 20:54:11 | DEBUG    |     ✓ Verified MOB in 1 attempts
2025-12-03 20:54:11 | INFO     |     ✗ Mob already DEAD
2025-12-03 20:54:11 | INFO     | 
======================================================================
2025-12-03 20:54:11 | INFO     | CYCLE #7
2025-12-03 20:54:11 | INFO     | ======================================================================
2025-12-03 20:54:12 | INFO     | Detected: 15 floating names
2025-12-03 20:54:12 | DEBUG    |   Name #13: Cached, skipping
2025-12-03 20:54:12 | DEBUG    |   Name #14: Cached, skipping
2025-12-03 20:54:12 | DEBUG    |   Name #15: Cached, skipping
2025-12-03 20:54:12 | INFO     | → Valid targets (after cache): 12
2025-12-03 20:54:12 | INFO     | → Target priority (closest to farthest):
2025-12-03 20:54:12 | INFO     |    #1: Distance=26px from center
2025-12-03 20:54:12 | INFO     |    #2: Distance=171px from center
2025-12-03 20:54:12 | INFO     |    #3: Distance=173px from center
2025-12-03 20:54:12 | INFO     |    #4: Distance=203px from center
2025-12-03 20:54:12 | INFO     |    #5: Distance=331px from center
2025-12-03 20:54:12 | INFO     | 
  Verifying target #1 (D=26px)...
2025-12-03 20:54:12 | DEBUG    |     Clicking (964, 544)
2025-12-03 20:54:12 | DEBUG    |     Health check: 0 red pixels -> DEAD
2025-12-03 20:54:12 | DEBUG    |     ✓ Verified MOB in 1 attempts
2025-12-03 20:54:12 | INFO     |     ✗ Mob already DEAD
2025-12-03 20:54:12 | INFO     | 
  Verifying target #2 (D=171px)...
2025-12-03 20:54:12 | DEBUG    |     Clicking (888, 414)
2025-12-03 20:54:12 | DEBUG    |     Health check: 0 red pixels -> DEAD
2025-12-03 20:54:12 | DEBUG    |     ✓ Verified MOB in 1 attempts
2025-12-03 20:54:12 | INFO     |     ✗ Mob already DEAD
2025-12-03 20:54:12 | INFO     | 
  Verifying target #3 (D=173px)...
2025-12-03 20:54:12 | DEBUG    |     Clicking (950, 397)
2025-12-03 20:54:13 | DEBUG    |     Health check: 0 red pixels -> DEAD
2025-12-03 20:54:13 | DEBUG    |     ✓ Verified MOB in 1 attempts
2025-12-03 20:54:13 | INFO     |     ✗ Mob already DEAD
2025-12-03 20:54:13 | INFO     | 
======================================================================
2025-12-03 20:54:13 | INFO     | CYCLE #8
2025-12-03 20:54:13 | INFO     | ======================================================================
2025-12-03 20:54:13 | INFO     | Detected: 13 floating names
2025-12-03 20:54:13 | DEBUG    |   Name #1: Cached, skipping
2025-12-03 20:54:13 | DEBUG    |   Name #2: Cached, skipping
2025-12-03 20:54:13 | DEBUG    |   Name #3: Cached, skipping
2025-12-03 20:54:13 | DEBUG    |   Name #4: Cached, skipping
2025-12-03 20:54:13 | DEBUG    |   Name #5: Cached, skipping
2025-12-03 20:54:13 | DEBUG    |   Name #7: Cached, skipping
2025-12-03 20:54:13 | DEBUG    |   Name #8: Cached, skipping
2025-12-03 20:54:13 | DEBUG    |   Name #9: Cached, skipping
2025-12-03 20:54:13 | DEBUG    |   Name #10: Cached, skipping
2025-12-03 20:54:13 | DEBUG    |   Name #11: Cached, skipping
2025-12-03 20:54:13 | DEBUG    |   Name #12: Cached, skipping
2025-12-03 20:54:13 | INFO     | → Valid targets (after cache): 2
2025-12-03 20:54:13 | INFO     | → Target priority (closest to farthest):
2025-12-03 20:54:13 | INFO     |    #1: Distance=139px from center
2025-12-03 20:54:13 | INFO     |    #2: Distance=611px from center
2025-12-03 20:54:13 | INFO     | 
  Verifying target #1 (D=139px)...
2025-12-03 20:54:13 | DEBUG    |     Clicking (936, 434)
2025-12-03 20:54:14 | DEBUG    |     Health check: 0 red pixels -> DEAD
2025-12-03 20:54:14 | DEBUG    |     ✓ Verified MOB in 1 attempts
2025-12-03 20:54:14 | INFO     |     ✗ Mob already DEAD
2025-12-03 20:54:14 | INFO     | 
  Verifying target #2 (D=611px)...
2025-12-03 20:54:14 | DEBUG    |     Clicking (356, 668)
2025-12-03 20:54:14 | DEBUG    |     Health check: 649 red pixels -> ALIVE
2025-12-03 20:54:14 | DEBUG    |     ✓ Verified MOB in 1 attempts
2025-12-03 20:54:14 | INFO     |     ✓ Unique | Status: ALIVE
2025-12-03 20:54:14 | INFO     | 
>>>>>>>>>>>>>>>>>>>>>>>>>>>>>>>>>>>>>>>>>>>>>>>>>>>>>>>>>>>>
2025-12-03 20:54:14 | INFO     | ⚔️  ENGAGING: Unique
2025-12-03 20:54:14 | INFO     | >>>>>>>>>>>>>>>>>>>>>>>>>>>>>>>>>>>>>>>>>>>>>>>>>>>>>>>>>>>>
2025-12-03 20:54:14 | DEBUG    |     Health check: 649 red pixels -> ALIVE
2025-12-03 20:54:14 | INFO     |   → Skill 1: 1
2025-12-03 20:54:15 | DEBUG    |     Health check: 649 red pixels -> ALIVE
2025-12-03 20:54:15 | INFO     |   → Skill 2: 2
2025-12-03 20:54:16 | DEBUG    |     Health check: 649 red pixels -> ALIVE
2025-12-03 20:54:16 | INFO     |   → Skill 3: 3
2025-12-03 20:54:17 | DEBUG    |     Health check: 29 red pixels -> DEAD
2025-12-03 20:54:17 | INFO     |   ✓ Mob DEAD after skill 3!
2025-12-03 20:54:17 | INFO     | <<<<<<<<<<<<<<<<<<<<<<<<<<<<<<<<<<<<<<<<<<<<<<<<<<<<<<<<<<<<
2025-12-03 20:54:17 | INFO     | 💀 Total kills: 3 | Skills saved: 1
2025-12-03 20:54:17 | INFO     | <<<<<<<<<<<<<<<<<<<<<<<<<<<<<<<<<<<<<<<<<<<<<<<<<<<<<<<<<<<<

2025-12-03 20:54:18 | INFO     | 
======================================================================
2025-12-03 20:54:18 | INFO     | CYCLE #9
2025-12-03 20:54:18 | INFO     | ======================================================================
2025-12-03 20:54:18 | INFO     | Detected: 13 floating names
2025-12-03 20:54:18 | DEBUG    |   Name #12: Cached, skipping
2025-12-03 20:54:18 | DEBUG    |   Name #13: Cached, skipping
2025-12-03 20:54:18 | INFO     | → Valid targets (after cache): 11
2025-12-03 20:54:18 | INFO     | → Target priority (closest to farthest):
2025-12-03 20:54:18 | INFO     |    #1: Distance=26px from center
2025-12-03 20:54:18 | INFO     |    #2: Distance=79px from center
2025-12-03 20:54:18 | INFO     |    #3: Distance=150px from center
2025-12-03 20:54:18 | INFO     |    #4: Distance=357px from center
2025-12-03 20:54:18 | INFO     |    #5: Distance=413px from center
2025-12-03 20:54:18 | INFO     | 
  Verifying target #1 (D=26px)...
2025-12-03 20:54:18 | DEBUG    |     Clicking (964, 544)
2025-12-03 20:54:18 | DEBUG    |     Health check: 0 red pixels -> DEAD
2025-12-03 20:54:18 | DEBUG    |     ✓ Verified MOB in 1 attempts
2025-12-03 20:54:18 | INFO     |     ✗ Mob already DEAD
2025-12-03 20:54:18 | INFO     | 
  Verifying target #2 (D=79px)...
2025-12-03 20:54:18 | DEBUG    |     Clicking (1020, 518)
2025-12-03 20:54:19 | DEBUG    |     Health check: 0 red pixels -> DEAD
2025-12-03 20:54:19 | DEBUG    |     ✓ Verified MOB in 1 attempts
2025-12-03 20:54:19 | INFO     |     ✗ Mob already DEAD
2025-12-03 20:54:19 | INFO     | 
  Verifying target #3 (D=150px)...
2025-12-03 20:54:19 | DEBUG    |     Clicking (943, 420)
2025-12-03 20:54:19 | DEBUG    |     Health check: 0 red pixels -> DEAD
2025-12-03 20:54:19 | DEBUG    |     ✓ Verified MOB in 1 attempts
2025-12-03 20:54:19 | INFO     |     ✗ Mob already DEAD
2025-12-03 20:54:19 | INFO     | 
======================================================================
2025-12-03 20:54:19 | INFO     | CYCLE #10
2025-12-03 20:54:19 | INFO     | ======================================================================
2025-12-03 20:54:19 | INFO     | Detected: 13 floating names
2025-12-03 20:54:19 | DEBUG    |   Name #1: Cached, skipping
2025-12-03 20:54:19 | DEBUG    |   Name #2: Cached, skipping
2025-12-03 20:54:19 | DEBUG    |   Name #3: Cached, skipping
2025-12-03 20:54:19 | DEBUG    |   Name #4: Cached, skipping
2025-12-03 20:54:19 | DEBUG    |   Name #5: Cached, skipping
2025-12-03 20:54:19 | DEBUG    |   Name #6: Cached, skipping
2025-12-03 20:54:19 | DEBUG    |   Name #7: Cached, skipping
2025-12-03 20:54:19 | DEBUG    |   Name #8: Cached, skipping
2025-12-03 20:54:19 | DEBUG    |   Name #9: Cached, skipping
2025-12-03 20:54:19 | DEBUG    |   Name #10: Cached, skipping
2025-12-03 20:54:19 | DEBUG    |   Name #11: Cached, skipping
2025-12-03 20:54:19 | DEBUG    |   Name #12: Cached, skipping
2025-12-03 20:54:19 | DEBUG    |   Name #13: Cached, skipping
2025-12-03 20:54:19 | INFO     | → Valid targets (after cache): 0
2025-12-03 20:54:20 | INFO     | 
======================================================================
2025-12-03 20:54:20 | INFO     | CYCLE #11
2025-12-03 20:54:20 | INFO     | ======================================================================
2025-12-03 20:54:20 | INFO     | Detected: 13 floating names
2025-12-03 20:54:20 | DEBUG    |   Name #1: Cached, skipping
2025-12-03 20:54:20 | DEBUG    |   Name #2: Cached, skipping
2025-12-03 20:54:20 | DEBUG    |   Name #3: Cached, skipping
2025-12-03 20:54:20 | DEBUG    |   Name #4: Cached, skipping
2025-12-03 20:54:20 | DEBUG    |   Name #5: Cached, skipping
2025-12-03 20:54:20 | DEBUG    |   Name #7: Cached, skipping
2025-12-03 20:54:20 | DEBUG    |   Name #8: Cached, skipping
2025-12-03 20:54:20 | DEBUG    |   Name #12: Cached, skipping
2025-12-03 20:54:20 | DEBUG    |   Name #13: Cached, skipping
2025-12-03 20:54:20 | INFO     | → Valid targets (after cache): 4
2025-12-03 20:54:20 | INFO     | → Target priority (closest to farthest):
2025-12-03 20:54:20 | INFO     |    #1: Distance=187px from center
2025-12-03 20:54:20 | INFO     |    #2: Distance=403px from center
2025-12-03 20:54:20 | INFO     |    #3: Distance=573px from center
2025-12-03 20:54:20 | INFO     |    #4: Distance=601px from center
2025-12-03 20:54:20 | INFO     | 
  Verifying target #1 (D=187px)...
2025-12-03 20:54:20 | DEBUG    |     Clicking (882, 399)
2025-12-03 20:54:20 | DEBUG    |     Health check: 0 red pixels -> DEAD
2025-12-03 20:54:20 | DEBUG    |     ✓ Verified MOB in 1 attempts
2025-12-03 20:54:20 | INFO     |     ✗ Mob already DEAD
2025-12-03 20:54:20 | INFO     | 
  Verifying target #2 (D=403px)...
2025-12-03 20:54:20 | DEBUG    |     Clicking (1086, 187)
2025-12-03 20:54:21 | DEBUG    |     Health check: 0 red pixels -> DEAD
2025-12-03 20:54:21 | DEBUG    |     ✓ Verified MOB in 1 attempts
2025-12-03 20:54:21 | INFO     |     ✗ Mob already DEAD
2025-12-03 20:54:21 | INFO     | 
  Verifying target #3 (D=573px)...
2025-12-03 20:54:21 | DEBUG    |     Clicking (513, 211)
2025-12-03 20:54:21 | DEBUG    |     Health check: 3 red pixels -> DEAD
2025-12-03 20:54:21 | DEBUG    |     ✓ Verified MOB in 1 attempts
2025-12-03 20:54:21 | INFO     |     ✗ Mob already DEAD
2025-12-03 20:54:22 | INFO     | 
======================================================================
2025-12-03 20:54:22 | INFO     | CYCLE #12
2025-12-03 20:54:22 | INFO     | ======================================================================
2025-12-03 20:54:22 | INFO     | Detected: 11 floating names
2025-12-03 20:54:22 | DEBUG    |   Name #7: Cached, skipping
2025-12-03 20:54:22 | INFO     | → Valid targets (after cache): 10
2025-12-03 20:54:22 | INFO     | → Target priority (closest to farthest):
2025-12-03 20:54:22 | INFO     |    #1: Distance=2px from center
2025-12-03 20:54:22 | INFO     |    #2: Distance=479px from center
2025-12-03 20:54:22 | INFO     |    #3: Distance=634px from center
2025-12-03 20:54:22 | INFO     |    #4: Distance=728px from center
2025-12-03 20:54:22 | INFO     |    #5: Distance=769px from center
2025-12-03 20:54:22 | INFO     | 
  Verifying target #1 (D=2px)...
2025-12-03 20:54:22 | DEBUG    |     Clicking (961, 578)
2025-12-03 20:54:22 | DEBUG    |     Health check: 1 red pixels -> DEAD
2025-12-03 20:54:22 | DEBUG    |     ✓ Verified MOB in 1 attempts
2025-12-03 20:54:22 | INFO     |     ✗ Mob already DEAD
2025-12-03 20:54:22 | INFO     | 
  Verifying target #2 (D=479px)...
2025-12-03 20:54:22 | DEBUG    |     Clicking (1393, 776)
2025-12-03 20:54:22 | DEBUG    |     Health check: 1 red pixels -> DEAD
2025-12-03 20:54:22 | DEBUG    |     ✓ Verified MOB in 1 attempts
2025-12-03 20:54:22 | INFO     |     ✗ Mob already DEAD
2025-12-03 20:54:22 | INFO     | 
  Verifying target #3 (D=634px)...
2025-12-03 20:54:22 | DEBUG    |     Clicking (1534, 301)
2025-12-03 20:54:23 | DEBUG    |     Health check: 708 red pixels -> ALIVE
2025-12-03 20:54:23 | DEBUG    |     ✓ Verified MOB in 1 attempts
2025-12-03 20:54:23 | INFO     |     ✓ Unique | Status: ALIVE
2025-12-03 20:54:23 | INFO     | 
>>>>>>>>>>>>>>>>>>>>>>>>>>>>>>>>>>>>>>>>>>>>>>>>>>>>>>>>>>>>
2025-12-03 20:54:23 | INFO     | ⚔️  ENGAGING: Unique
2025-12-03 20:54:23 | INFO     | >>>>>>>>>>>>>>>>>>>>>>>>>>>>>>>>>>>>>>>>>>>>>>>>>>>>>>>>>>>>
2025-12-03 20:54:23 | DEBUG    |     Health check: 708 red pixels -> ALIVE
2025-12-03 20:54:23 | INFO     |   → Skill 1: 1
2025-12-03 20:54:24 | DEBUG    |     Health check: 708 red pixels -> ALIVE
2025-12-03 20:54:24 | INFO     |   → Skill 2: 2
2025-12-03 20:54:25 | DEBUG    |     Health check: 708 red pixels -> ALIVE
2025-12-03 20:54:25 | INFO     |   → Skill 3: 3
2025-12-03 20:54:26 | DEBUG    |     Health check: 88 red pixels -> ALIVE
2025-12-03 20:54:26 | INFO     |   → Skill 4: 4
2025-12-03 20:54:27 | DEBUG    |     Health check: 88 red pixels -> ALIVE
2025-12-03 20:54:27 | INFO     |   ℹ️  Rotation complete (mob status unknown)
2025-12-03 20:54:27 | INFO     | <<<<<<<<<<<<<<<<<<<<<<<<<<<<<<<<<<<<<<<<<<<<<<<<<<<<<<<<<<<<
2025-12-03 20:54:27 | INFO     | 💀 Total kills: 4
2025-12-03 20:54:27 | INFO     | <<<<<<<<<<<<<<<<<<<<<<<<<<<<<<<<<<<<<<<<<<<<<<<<<<<<<<<<<<<<

2025-12-03 20:54:28 | INFO     | 
======================================================================
2025-12-03 20:54:28 | INFO     | CYCLE #13
2025-12-03 20:54:28 | INFO     | ======================================================================
2025-12-03 20:54:28 | INFO     | Detected: 14 floating names
2025-12-03 20:54:28 | DEBUG    |   Name #13: Cached, skipping
2025-12-03 20:54:28 | DEBUG    |   Name #14: Cached, skipping
2025-12-03 20:54:28 | INFO     | → Valid targets (after cache): 12
2025-12-03 20:54:28 | INFO     | → Target priority (closest to farthest):
2025-12-03 20:54:28 | INFO     |    #1: Distance=16px from center
2025-12-03 20:54:28 | INFO     |    #2: Distance=100px from center
2025-12-03 20:54:28 | INFO     |    #3: Distance=312px from center
2025-12-03 20:54:28 | INFO     |    #4: Distance=359px from center
2025-12-03 20:54:28 | INFO     |    #5: Distance=401px from center
2025-12-03 20:54:28 | INFO     | 
  Verifying target #1 (D=16px)...
2025-12-03 20:54:28 | DEBUG    |     Clicking (960, 554)
2025-12-03 20:54:28 | DEBUG    |     Health check: 88 red pixels -> ALIVE
2025-12-03 20:54:28 | DEBUG    |     ✓ Verified MOB in 1 attempts
2025-12-03 20:54:28 | INFO     |     ✓ Unique | Status: ALIVE
2025-12-03 20:54:28 | INFO     | 
>>>>>>>>>>>>>>>>>>>>>>>>>>>>>>>>>>>>>>>>>>>>>>>>>>>>>>>>>>>>
2025-12-03 20:54:28 | INFO     | ⚔️  ENGAGING: Unique
2025-12-03 20:54:28 | INFO     | >>>>>>>>>>>>>>>>>>>>>>>>>>>>>>>>>>>>>>>>>>>>>>>>>>>>>>>>>>>>
2025-12-03 20:54:28 | DEBUG    |     Health check: 88 red pixels -> ALIVE
2025-12-03 20:54:28 | INFO     |   → Skill 1: 1
2025-12-03 20:54:29 | DEBUG    |     Health check: 88 red pixels -> ALIVE
2025-12-03 20:54:29 | INFO     |   → Skill 2: 2
2025-12-03 20:54:30 | DEBUG    |     Health check: 1 red pixels -> DEAD
2025-12-03 20:54:30 | INFO     |   ✓ Mob DEAD after skill 2!
2025-12-03 20:54:30 | INFO     | <<<<<<<<<<<<<<<<<<<<<<<<<<<<<<<<<<<<<<<<<<<<<<<<<<<<<<<<<<<<
2025-12-03 20:54:30 | INFO     | 💀 Total kills: 5 | Skills saved: 2
2025-12-03 20:54:30 | INFO     | <<<<<<<<<<<<<<<<<<<<<<<<<<<<<<<<<<<<<<<<<<<<<<<<<<<<<<<<<<<<

2025-12-03 20:54:30 | INFO     | 
  Verifying target #2 (D=100px)...
2025-12-03 20:54:30 | DEBUG    |     Clicking (894, 646)
2025-12-03 20:54:31 | DEBUG    |     Health check: 0 red pixels -> DEAD
2025-12-03 20:54:31 | DEBUG    |     ✓ Verified MOB in 1 attempts
2025-12-03 20:54:31 | INFO     |     ✗ Mob already DEAD
2025-12-03 20:54:31 | INFO     | 
  Verifying target #3 (D=312px)...
2025-12-03 20:54:31 | DEBUG    |     Clicking (1112, 298)
2025-12-03 20:54:31 | DEBUG    |     Health check: 2 red pixels -> DEAD
2025-12-03 20:54:31 | DEBUG    |     ✓ Verified MOB in 1 attempts
2025-12-03 20:54:31 | INFO     |     ✗ Mob already DEAD
2025-12-03 20:54:32 | INFO     | 
======================================================================
2025-12-03 20:54:32 | INFO     | CYCLE #14
2025-12-03 20:54:32 | INFO     | ======================================================================
2025-12-03 20:54:32 | INFO     | Detected: 14 floating names
2025-12-03 20:54:32 | DEBUG    |   Name #14: Cached, skipping
2025-12-03 20:54:32 | INFO     | → Valid targets (after cache): 13
2025-12-03 20:54:32 | INFO     | → Target priority (closest to farthest):
2025-12-03 20:54:32 | INFO     |    #1: Distance=16px from center
2025-12-03 20:54:32 | INFO     |    #2: Distance=65px from center
2025-12-03 20:54:32 | INFO     |    #3: Distance=322px from center
2025-12-03 20:54:32 | INFO     |    #4: Distance=381px from center
2025-12-03 20:54:32 | INFO     |    #5: Distance=393px from center
2025-12-03 20:54:32 | INFO     | 
  Verifying target #1 (D=16px)...
2025-12-03 20:54:32 | DEBUG    |     Clicking (960, 554)
2025-12-03 20:54:32 | DEBUG    |     Health check: 1 red pixels -> DEAD
2025-12-03 20:54:32 | DEBUG    |     ✓ Verified MOB in 1 attempts
2025-12-03 20:54:32 | INFO     |     ✗ Mob already DEAD
2025-12-03 20:54:32 | INFO     | 
  Verifying target #2 (D=65px)...
2025-12-03 20:54:32 | DEBUG    |     Clicking (914, 524)
2025-12-03 20:54:33 | DEBUG    |     Health check: 651 red pixels -> ALIVE
2025-12-03 20:54:33 | DEBUG    |     ✓ Verified MOB in 1 attempts
2025-12-03 20:54:33 | INFO     |     ✓ Unique | Status: ALIVE
2025-12-03 20:54:33 | INFO     | 
>>>>>>>>>>>>>>>>>>>>>>>>>>>>>>>>>>>>>>>>>>>>>>>>>>>>>>>>>>>>
2025-12-03 20:54:33 | INFO     | ⚔️  ENGAGING: Unique
2025-12-03 20:54:33 | INFO     | >>>>>>>>>>>>>>>>>>>>>>>>>>>>>>>>>>>>>>>>>>>>>>>>>>>>>>>>>>>>
2025-12-03 20:54:33 | DEBUG    |     Health check: 651 red pixels -> ALIVE
2025-12-03 20:54:33 | INFO     |   → Skill 1: 1
2025-12-03 20:54:34 | DEBUG    |     Health check: 650 red pixels -> ALIVE
2025-12-03 20:54:34 | INFO     |   → Skill 2: 2
2025-12-03 20:54:35 | DEBUG    |     Health check: 650 red pixels -> ALIVE
2025-12-03 20:54:35 | INFO     |   → Skill 3: 3
2025-12-03 20:54:36 | DEBUG    |     Health check: 33 red pixels -> DEAD
2025-12-03 20:54:36 | INFO     |   ✓ Mob DEAD after skill 3!
2025-12-03 20:54:36 | INFO     | <<<<<<<<<<<<<<<<<<<<<<<<<<<<<<<<<<<<<<<<<<<<<<<<<<<<<<<<<<<<
2025-12-03 20:54:36 | INFO     | 💀 Total kills: 6 | Skills saved: 1
2025-12-03 20:54:36 | INFO     | <<<<<<<<<<<<<<<<<<<<<<<<<<<<<<<<<<<<<<<<<<<<<<<<<<<<<<<<<<<<

2025-12-03 20:54:36 | INFO     | 
  Verifying target #3 (D=322px)...
2025-12-03 20:54:36 | DEBUG    |     Clicking (788, 843)
2025-12-03 20:54:36 | DEBUG    |     Health check: 32 red pixels -> DEAD
2025-12-03 20:54:36 | DEBUG    |     ✓ Verified MOB in 1 attempts
2025-12-03 20:54:36 | INFO     |     ✗ Mob already DEAD
2025-12-03 20:54:37 | INFO     | 
======================================================================
2025-12-03 20:54:37 | INFO     | CYCLE #15
2025-12-03 20:54:37 | INFO     | ======================================================================
2025-12-03 20:54:37 | INFO     | Detected: 12 floating names
2025-12-03 20:54:37 | DEBUG    |   Name #11: Cached, skipping
2025-12-03 20:54:37 | DEBUG    |   Name #12: Cached, skipping
2025-12-03 20:54:37 | INFO     | → Valid targets (after cache): 10
2025-12-03 20:54:37 | INFO     | → Target priority (closest to farthest):
2025-12-03 20:54:37 | INFO     |    #1: Distance=16px from center
2025-12-03 20:54:37 | INFO     |    #2: Distance=106px from center
2025-12-03 20:54:37 | INFO     |    #3: Distance=138px from center
2025-12-03 20:54:37 | INFO     |    #4: Distance=487px from center
2025-12-03 20:54:37 | INFO     |    #5: Distance=685px from center
2025-12-03 20:54:37 | INFO     | 
  Verifying target #1 (D=16px)...
2025-12-03 20:54:37 | DEBUG    |     Clicking (960, 554)
2025-12-03 20:54:37 | DEBUG    |     Health check: 30 red pixels -> DEAD
2025-12-03 20:54:37 | DEBUG    |     ✓ Verified MOB in 1 attempts
2025-12-03 20:54:37 | INFO     |     ✗ Mob already DEAD
2025-12-03 20:54:37 | INFO     | 
  Verifying target #2 (D=106px)...
2025-12-03 20:54:37 | DEBUG    |     Clicking (1044, 504)
2025-12-03 20:54:38 | DEBUG    |     Health check: 30 red pixels -> DEAD
2025-12-03 20:54:38 | DEBUG    |     ✓ Verified MOB in 1 attempts
2025-12-03 20:54:38 | INFO     |     ✗ Mob already DEAD
2025-12-03 20:54:38 | INFO     | 
  Verifying target #3 (D=138px)...
2025-12-03 20:54:38 | DEBUG    |     Clicking (1013, 442)
2025-12-03 20:54:38 | DEBUG    |     Health check: 29 red pixels -> DEAD
2025-12-03 20:54:38 | DEBUG    |     ✓ Verified MOB in 1 attempts
2025-12-03 20:54:38 | INFO     |     ✗ Mob already DEAD
2025-12-03 20:54:38 | INFO     | 
======================================================================
2025-12-03 20:54:38 | INFO     | CYCLE #16
2025-12-03 20:54:38 | INFO     | ======================================================================
2025-12-03 20:54:38 | INFO     | Detected: 19 floating names
2025-12-03 20:54:38 | DEBUG    |   Name #1: Cached, skipping
2025-12-03 20:54:38 | DEBUG    |   Name #2: Cached, skipping
2025-12-03 20:54:38 | DEBUG    |   Name #3: Cached, skipping
2025-12-03 20:54:38 | DEBUG    |   Name #4: Cached, skipping
2025-12-03 20:54:38 | DEBUG    |   Name #5: Cached, skipping
2025-12-03 20:54:38 | DEBUG    |   Name #9: Cached, skipping
2025-12-03 20:54:38 | DEBUG    |   Name #15: Cached, skipping
2025-12-03 20:54:38 | DEBUG    |   Name #18: Cached, skipping
2025-12-03 20:54:38 | DEBUG    |   Name #19: Cached, skipping
2025-12-03 20:54:38 | INFO     | → Valid targets (after cache): 10
2025-12-03 20:54:38 | INFO     | → Target priority (closest to farthest):
2025-12-03 20:54:38 | INFO     |    #1: Distance=100px from center
2025-12-03 20:54:38 | INFO     |    #2: Distance=127px from center
2025-12-03 20:54:38 | INFO     |    #3: Distance=216px from center
2025-12-03 20:54:38 | INFO     |    #4: Distance=333px from center
2025-12-03 20:54:38 | INFO     |    #5: Distance=339px from center
2025-12-03 20:54:38 | INFO     | 
  Verifying target #1 (D=100px)...
2025-12-03 20:54:38 | DEBUG    |     Clicking (875, 624)
2025-12-03 20:54:39 | DEBUG    |     Health check: 0 red pixels -> DEAD
2025-12-03 20:54:39 | DEBUG    |     ✓ Verified MOB in 1 attempts
2025-12-03 20:54:39 | INFO     |     ✗ Mob already DEAD
2025-12-03 20:54:39 | INFO     | 
  Verifying target #2 (D=127px)...
2025-12-03 20:54:39 | DEBUG    |     Clicking (919, 691)
2025-12-03 20:54:39 | DEBUG    |     Health check: 0 red pixels -> DEAD
2025-12-03 20:54:39 | DEBUG    |     ✓ Verified MOB in 1 attempts
2025-12-03 20:54:39 | INFO     |     ✗ Mob already DEAD
2025-12-03 20:54:39 | INFO     | 
  Verifying target #3 (D=216px)...
2025-12-03 20:54:39 | DEBUG    |     Clicking (1101, 407)
2025-12-03 20:54:40 | DEBUG    |     Health check: 649 red pixels -> ALIVE
2025-12-03 20:54:40 | DEBUG    |     ✓ Verified MOB in 1 attempts
2025-12-03 20:54:40 | INFO     |     ✓ Unique | Status: ALIVE
2025-12-03 20:54:40 | INFO     | 
>>>>>>>>>>>>>>>>>>>>>>>>>>>>>>>>>>>>>>>>>>>>>>>>>>>>>>>>>>>>
2025-12-03 20:54:40 | INFO     | ⚔️  ENGAGING: Unique
2025-12-03 20:54:40 | INFO     | >>>>>>>>>>>>>>>>>>>>>>>>>>>>>>>>>>>>>>>>>>>>>>>>>>>>>>>>>>>>
2025-12-03 20:54:40 | DEBUG    |     Health check: 649 red pixels -> ALIVE
2025-12-03 20:54:40 | INFO     |   → Skill 1: 1
2025-12-03 20:54:41 | DEBUG    |     Health check: 649 red pixels -> ALIVE
2025-12-03 20:54:41 | INFO     |   → Skill 2: 2
2025-12-03 20:54:42 | DEBUG    |     Health check: 649 red pixels -> ALIVE
2025-12-03 20:54:42 | INFO     |   → Skill 3: 3
2025-12-03 20:54:43 | DEBUG    |     Health check: 29 red pixels -> DEAD
2025-12-03 20:54:43 | INFO     |   ✓ Mob DEAD after skill 3!
2025-12-03 20:54:43 | INFO     | <<<<<<<<<<<<<<<<<<<<<<<<<<<<<<<<<<<<<<<<<<<<<<<<<<<<<<<<<<<<
2025-12-03 20:54:43 | INFO     | 💀 Total kills: 7 | Skills saved: 1
2025-12-03 20:54:43 | INFO     | <<<<<<<<<<<<<<<<<<<<<<<<<<<<<<<<<<<<<<<<<<<<<<<<<<<<<<<<<<<<

2025-12-03 20:54:43 | INFO     | 
======================================================================
2025-12-03 20:54:43 | INFO     | CYCLE #17
2025-12-03 20:54:43 | INFO     | ======================================================================
2025-12-03 20:54:43 | INFO     | Detected: 19 floating names
2025-12-03 20:54:43 | DEBUG    |   Name #18: Cached, skipping
2025-12-03 20:54:43 | DEBUG    |   Name #19: Cached, skipping
2025-12-03 20:54:43 | INFO     | → Valid targets (after cache): 17
2025-12-03 20:54:43 | INFO     | → Target priority (closest to farthest):
2025-12-03 20:54:43 | INFO     |    #1: Distance=16px from center
2025-12-03 20:54:43 | INFO     |    #2: Distance=25px from center
2025-12-03 20:54:43 | INFO     |    #3: Distance=127px from center
2025-12-03 20:54:43 | INFO     |    #4: Distance=169px from center
2025-12-03 20:54:43 | INFO     |    #5: Distance=174px from center
2025-12-03 20:54:43 | INFO     | 
  Verifying target #1 (D=16px)...
2025-12-03 20:54:43 | DEBUG    |     Clicking (960, 554)
2025-12-03 20:54:44 | DEBUG    |     Health check: 29 red pixels -> DEAD
2025-12-03 20:54:44 | DEBUG    |     ✓ Verified MOB in 1 attempts
2025-12-03 20:54:44 | INFO     |     ✗ Mob already DEAD
2025-12-03 20:54:44 | INFO     | 
  Verifying target #2 (D=25px)...
2025-12-03 20:54:44 | DEBUG    |     Clicking (974, 603)
2025-12-03 20:54:44 | DEBUG    |     Health check: 29 red pixels -> DEAD
2025-12-03 20:54:44 | DEBUG    |     ✓ Verified MOB in 1 attempts
2025-12-03 20:54:44 | INFO     |     ✗ Mob already DEAD
2025-12-03 20:54:44 | INFO     | 
  Verifying target #3 (D=127px)...
2025-12-03 20:54:44 | DEBUG    |     Clicking (919, 691)
2025-12-03 20:54:45 | DEBUG    |     Health check: 33 red pixels -> DEAD
2025-12-03 20:54:45 | DEBUG    |     ✓ Verified MOB in 1 attempts
2025-12-03 20:54:45 | INFO     |     ✗ Mob already DEAD
2025-12-03 20:54:45 | INFO     | 
======================================================================
2025-12-03 20:54:45 | INFO     | CYCLE #18
2025-12-03 20:54:45 | INFO     | ======================================================================
2025-12-03 20:54:45 | INFO     | Detected: 13 floating names
2025-12-03 20:54:45 | DEBUG    |   Name #1: Cached, skipping
2025-12-03 20:54:45 | DEBUG    |   Name #2: Cached, skipping
2025-12-03 20:54:45 | DEBUG    |   Name #3: Cached, skipping
2025-12-03 20:54:45 | DEBUG    |   Name #4: Cached, skipping
2025-12-03 20:54:45 | DEBUG    |   Name #5: Cached, skipping
2025-12-03 20:54:45 | DEBUG    |   Name #6: Cached, skipping
2025-12-03 20:54:45 | DEBUG    |   Name #9: Cached, skipping
2025-12-03 20:54:45 | DEBUG    |   Name #13: Cached, skipping
2025-12-03 20:54:45 | INFO     | → Valid targets (after cache): 5
2025-12-03 20:54:45 | INFO     | → Target priority (closest to farthest):
2025-12-03 20:54:45 | INFO     |    #1: Distance=59px from center
2025-12-03 20:54:45 | INFO     |    #2: Distance=304px from center
2025-12-03 20:54:45 | INFO     |    #3: Distance=383px from center
2025-12-03 20:54:45 | INFO     |    #4: Distance=449px from center
2025-12-03 20:54:45 | INFO     |    #5: Distance=496px from center
2025-12-03 20:54:45 | INFO     | 
  Verifying target #1 (D=59px)...
2025-12-03 20:54:45 | DEBUG    |     Clicking (954, 511)
2025-12-03 20:54:46 | DEBUG    |     Health check: 10 red pixels -> DEAD
2025-12-03 20:54:46 | DEBUG    |     ✓ Verified MOB in 1 attempts
2025-12-03 20:54:46 | INFO     |     ✗ Mob already DEAD
2025-12-03 20:54:46 | INFO     | 
  Verifying target #2 (D=304px)...
2025-12-03 20:54:46 | DEBUG    |     Clicking (1084, 293)
2025-12-03 20:54:46 | DEBUG    |     Health check: 2 red pixels -> DEAD
2025-12-03 20:54:46 | DEBUG    |     ✓ Verified MOB in 1 attempts
2025-12-03 20:54:46 | INFO     |     ✗ Mob already DEAD
2025-12-03 20:54:46 | INFO     | 
  Verifying target #3 (D=383px)...
2025-12-03 20:54:46 | DEBUG    |     Clicking (878, 196)
2025-12-03 20:54:46 | DEBUG    |     Health check: 0 red pixels -> DEAD
2025-12-03 20:54:46 | DEBUG    |     ✓ Verified MOB in 1 attempts
2025-12-03 20:54:46 | INFO     |     ✗ Mob already DEAD
2025-12-03 20:54:47 | INFO     | 
======================================================================
2025-12-03 20:54:47 | INFO     | CYCLE #19
2025-12-03 20:54:47 | INFO     | ======================================================================
2025-12-03 20:54:47 | INFO     | Detected: 15 floating names
2025-12-03 20:54:47 | DEBUG    |   Name #13: Cached, skipping
2025-12-03 20:54:47 | DEBUG    |   Name #15: Cached, skipping
2025-12-03 20:54:47 | INFO     | → Valid targets (after cache): 13
2025-12-03 20:54:47 | INFO     | → Target priority (closest to farthest):
2025-12-03 20:54:47 | INFO     |    #1: Distance=16px from center
2025-12-03 20:54:47 | INFO     |    #2: Distance=149px from center
2025-12-03 20:54:47 | INFO     |    #3: Distance=160px from center
2025-12-03 20:54:47 | INFO     |    #4: Distance=225px from center
2025-12-03 20:54:47 | INFO     |    #5: Distance=320px from center
2025-12-03 20:54:47 | INFO     | 
  Verifying target #1 (D=16px)...
2025-12-03 20:54:47 | DEBUG    |     Clicking (960, 554)
2025-12-03 20:54:47 | DEBUG    |     Health check: 0 red pixels -> DEAD
2025-12-03 20:54:47 | DEBUG    |     ✓ Verified MOB in 1 attempts
2025-12-03 20:54:47 | INFO     |     ✗ Mob already DEAD
2025-12-03 20:54:47 | INFO     | 
  Verifying target #2 (D=149px)...
2025-12-03 20:54:47 | DEBUG    |     Clicking (872, 450)
2025-12-03 20:54:48 | DEBUG    |     Health check: 649 red pixels -> ALIVE
2025-12-03 20:54:48 | DEBUG    |     ✓ Verified MOB in 1 attempts
2025-12-03 20:54:48 | INFO     |     ✓ Unique | Status: ALIVE
2025-12-03 20:54:48 | INFO     | 
>>>>>>>>>>>>>>>>>>>>>>>>>>>>>>>>>>>>>>>>>>>>>>>>>>>>>>>>>>>>
2025-12-03 20:54:48 | INFO     | ⚔️  ENGAGING: Unique
2025-12-03 20:54:48 | INFO     | >>>>>>>>>>>>>>>>>>>>>>>>>>>>>>>>>>>>>>>>>>>>>>>>>>>>>>>>>>>>
2025-12-03 20:54:48 | DEBUG    |     Health check: 649 red pixels -> ALIVE
2025-12-03 20:54:48 | INFO     |   → Skill 1: 1
2025-12-03 20:54:49 | DEBUG    |     Health check: 649 red pixels -> ALIVE
2025-12-03 20:54:49 | INFO     |   → Skill 2: 2
2025-12-03 20:54:50 | DEBUG    |     Health check: 649 red pixels -> ALIVE
2025-12-03 20:54:50 | INFO     |   → Skill 3: 3
2025-12-03 20:54:51 | DEBUG    |     Health check: 29 red pixels -> DEAD
2025-12-03 20:54:51 | INFO     |   ✓ Mob DEAD after skill 3!
2025-12-03 20:54:51 | INFO     | <<<<<<<<<<<<<<<<<<<<<<<<<<<<<<<<<<<<<<<<<<<<<<<<<<<<<<<<<<<<
2025-12-03 20:54:51 | INFO     | 💀 Total kills: 8 | Skills saved: 1
2025-12-03 20:54:51 | INFO     | <<<<<<<<<<<<<<<<<<<<<<<<<<<<<<<<<<<<<<<<<<<<<<<<<<<<<<<<<<<<

2025-12-03 20:54:51 | INFO     | 
  Verifying target #3 (D=160px)...
2025-12-03 20:54:51 | DEBUG    |     Clicking (1117, 606)
2025-12-03 20:54:51 | DEBUG    |     Health check: 29 red pixels -> DEAD
2025-12-03 20:54:51 | DEBUG    |     ✓ Verified MOB in 1 attempts
2025-12-03 20:54:51 | INFO     |     ✗ Mob already DEAD
2025-12-03 20:54:52 | INFO     | 
======================================================================
2025-12-03 20:54:52 | INFO     | CYCLE #20
2025-12-03 20:54:52 | INFO     | ======================================================================
2025-12-03 20:54:52 | INFO     | Detected: 20 floating names
2025-12-03 20:54:52 | DEBUG    |   Name #19: Cached, skipping
2025-12-03 20:54:52 | DEBUG    |   Name #20: Cached, skipping
2025-12-03 20:54:52 | INFO     | → Valid targets (after cache): 18
2025-12-03 20:54:52 | INFO     | → Target priority (closest to farthest):
2025-12-03 20:54:52 | INFO     |    #1: Distance=16px from center
2025-12-03 20:54:52 | INFO     |    #2: Distance=91px from center
2025-12-03 20:54:52 | INFO     |    #3: Distance=191px from center
2025-12-03 20:54:52 | INFO     |    #4: Distance=232px from center
2025-12-03 20:54:52 | INFO     |    #5: Distance=371px from center
2025-12-03 20:54:52 | INFO     | 
  Verifying target #1 (D=16px)...
2025-12-03 20:54:52 | DEBUG    |     Clicking (960, 554)
2025-12-03 20:54:52 | DEBUG    |     Health check: 29 red pixels -> DEAD
2025-12-03 20:54:52 | DEBUG    |     ✓ Verified MOB in 1 attempts
2025-12-03 20:54:52 | INFO     |     ✗ Mob already DEAD
2025-12-03 20:54:52 | INFO     | 
  Verifying target #2 (D=91px)...
2025-12-03 20:54:52 | DEBUG    |     Clicking (874, 601)
2025-12-03 20:54:53 | DEBUG    |     Health check: 29 red pixels -> DEAD
2025-12-03 20:54:53 | DEBUG    |     ✓ Verified MOB in 1 attempts
2025-12-03 20:54:53 | INFO     |     ✗ Mob already DEAD
2025-12-03 20:54:53 | INFO     | 
  Verifying target #3 (D=191px)...
2025-12-03 20:54:53 | DEBUG    |     Clicking (790, 482)
2025-12-03 20:54:53 | DEBUG    |     Health check: 29 red pixels -> DEAD
2025-12-03 20:54:53 | DEBUG    |     ✓ Verified MOB in 1 attempts
2025-12-03 20:54:53 | INFO     |     ✗ Mob already DEAD
2025-12-03 20:54:53 | INFO     | 
======================================================================
2025-12-03 20:54:53 | INFO     | CYCLE #21
2025-12-03 20:54:53 | INFO     | ======================================================================
2025-12-03 20:54:53 | INFO     | Detected: 18 floating names
2025-12-03 20:54:53 | DEBUG    |   Name #1: Cached, skipping
2025-12-03 20:54:53 | DEBUG    |   Name #2: Cached, skipping
2025-12-03 20:54:53 | DEBUG    |   Name #3: Cached, skipping
2025-12-03 20:54:53 | DEBUG    |   Name #4: Cached, skipping
2025-12-03 20:54:53 | DEBUG    |   Name #5: Cached, skipping
2025-12-03 20:54:53 | DEBUG    |   Name #10: Cached, skipping
2025-12-03 20:54:53 | DEBUG    |   Name #13: Cached, skipping
2025-12-03 20:54:53 | DEBUG    |   Name #17: Cached, skipping
2025-12-03 20:54:53 | DEBUG    |   Name #18: Cached, skipping
2025-12-03 20:54:53 | INFO     | → Valid targets (after cache): 9
2025-12-03 20:54:53 | INFO     | → Target priority (closest to farthest):
2025-12-03 20:54:53 | INFO     |    #1: Distance=110px from center
2025-12-03 20:54:53 | INFO     |    #2: Distance=117px from center
2025-12-03 20:54:53 | INFO     |    #3: Distance=204px from center
2025-12-03 20:54:53 | INFO     |    #4: Distance=302px from center
2025-12-03 20:54:53 | INFO     |    #5: Distance=355px from center
2025-12-03 20:54:53 | INFO     | 
  Verifying target #1 (D=110px)...
2025-12-03 20:54:53 | DEBUG    |     Clicking (1060, 522)
2025-12-03 20:54:54 | DEBUG    |     Health check: 0 red pixels -> DEAD
2025-12-03 20:54:54 | DEBUG    |     ✓ Verified MOB in 1 attempts
2025-12-03 20:54:54 | INFO     |     ✗ Mob already DEAD
2025-12-03 20:54:54 | INFO     | 
  Verifying target #2 (D=117px)...
2025-12-03 20:54:54 | DEBUG    |     Clicking (1017, 468)
2025-12-03 20:54:54 | DEBUG    |     Health check: 0 red pixels -> DEAD
2025-12-03 20:54:54 | DEBUG    |     ✓ Verified MOB in 1 attempts
2025-12-03 20:54:54 | INFO     |     ✗ Mob already DEAD
2025-12-03 20:54:54 | INFO     | 
  Verifying target #3 (D=204px)...
2025-12-03 20:54:54 | DEBUG    |     Clicking (1146, 654)
2025-12-03 20:54:55 | DEBUG    |     Health check: 0 red pixels -> DEAD
2025-12-03 20:54:55 | DEBUG    |     ✓ Verified MOB in 1 attempts
2025-12-03 20:54:55 | INFO     |     ✗ Mob already DEAD
2025-12-03 20:54:55 | INFO     | 
======================================================================
2025-12-03 20:54:55 | INFO     | CYCLE #22
2025-12-03 20:54:55 | INFO     | ======================================================================
2025-12-03 20:54:55 | INFO     | Detected: 15 floating names
2025-12-03 20:54:55 | DEBUG    |   Name #15: Cached, skipping
2025-12-03 20:54:55 | INFO     | → Valid targets (after cache): 14
2025-12-03 20:54:55 | INFO     | → Target priority (closest to farthest):
2025-12-03 20:54:55 | INFO     |    #1: Distance=16px from center
2025-12-03 20:54:55 | INFO     |    #2: Distance=142px from center
2025-12-03 20:54:55 | INFO     |    #3: Distance=383px from center
2025-12-03 20:54:55 | INFO     |    #4: Distance=395px from center
2025-12-03 20:54:55 | INFO     |    #5: Distance=397px from center
2025-12-03 20:54:55 | INFO     | 
  Verifying target #1 (D=16px)...
2025-12-03 20:54:55 | DEBUG    |     Clicking (960, 554)
2025-12-03 20:54:55 | DEBUG    |     Health check: 0 red pixels -> DEAD
2025-12-03 20:54:55 | DEBUG    |     ✓ Verified MOB in 1 attempts
2025-12-03 20:54:55 | INFO     |     ✗ Mob already DEAD
2025-12-03 20:54:55 | INFO     | 
  Verifying target #2 (D=142px)...
2025-12-03 20:54:55 | DEBUG    |     Clicking (823, 532)
2025-12-03 20:54:56 | DEBUG    |     Health check: 0 red pixels -> DEAD
2025-12-03 20:54:56 | DEBUG    |     ✓ Verified MOB in 1 attempts
2025-12-03 20:54:56 | INFO     |     ✗ Mob already DEAD
2025-12-03 20:54:56 | INFO     | 
  Verifying target #3 (D=383px)...
2025-12-03 20:54:56 | DEBUG    |     Clicking (1125, 225)
2025-12-03 20:54:56 | DEBUG    |     Health check: 649 red pixels -> ALIVE
2025-12-03 20:54:56 | DEBUG    |     ✓ Verified MOB in 1 attempts
2025-12-03 20:54:56 | INFO     |     ✓ Unique | Status: ALIVE
2025-12-03 20:54:56 | INFO     | 
>>>>>>>>>>>>>>>>>>>>>>>>>>>>>>>>>>>>>>>>>>>>>>>>>>>>>>>>>>>>
2025-12-03 20:54:56 | INFO     | ⚔️  ENGAGING: Unique
2025-12-03 20:54:56 | INFO     | >>>>>>>>>>>>>>>>>>>>>>>>>>>>>>>>>>>>>>>>>>>>>>>>>>>>>>>>>>>>
2025-12-03 20:54:56 | DEBUG    |     Health check: 649 red pixels -> ALIVE
2025-12-03 20:54:56 | INFO     |   → Skill 1: 1
2025-12-03 20:54:57 | DEBUG    |     Health check: 649 red pixels -> ALIVE
2025-12-03 20:54:57 | INFO     |   → Skill 2: 2
2025-12-03 20:54:59 | DEBUG    |     Health check: 649 red pixels -> ALIVE
2025-12-03 20:54:59 | INFO     |   → Skill 3: 3
2025-12-03 20:55:00 | DEBUG    |     Health check: 29 red pixels -> DEAD
2025-12-03 20:55:00 | INFO     |   ✓ Mob DEAD after skill 3!
2025-12-03 20:55:00 | INFO     | <<<<<<<<<<<<<<<<<<<<<<<<<<<<<<<<<<<<<<<<<<<<<<<<<<<<<<<<<<<<
2025-12-03 20:55:00 | INFO     | 💀 Total kills: 9 | Skills saved: 1
2025-12-03 20:55:00 | INFO     | <<<<<<<<<<<<<<<<<<<<<<<<<<<<<<<<<<<<<<<<<<<<<<<<<<<<<<<<<<<<

2025-12-03 20:55:00 | INFO     | 
======================================================================
2025-12-03 20:55:00 | INFO     | CYCLE #23
2025-12-03 20:55:00 | INFO     | ======================================================================
2025-12-03 20:55:00 | INFO     | Detected: 16 floating names
2025-12-03 20:55:00 | DEBUG    |   Name #15: Cached, skipping
2025-12-03 20:55:00 | DEBUG    |   Name #16: Cached, skipping
2025-12-03 20:55:00 | INFO     | → Valid targets (after cache): 14
2025-12-03 20:55:00 | INFO     | → Target priority (closest to farthest):
2025-12-03 20:55:00 | INFO     |    #1: Distance=16px from center
2025-12-03 20:55:00 | INFO     |    #2: Distance=145px from center
2025-12-03 20:55:00 | INFO     |    #3: Distance=164px from center
2025-12-03 20:55:00 | INFO     |    #4: Distance=348px from center
2025-12-03 20:55:00 | INFO     |    #5: Distance=525px from center
2025-12-03 20:55:00 | INFO     | 
  Verifying target #1 (D=16px)...
2025-12-03 20:55:00 | DEBUG    |     Clicking (960, 554)
2025-12-03 20:55:01 | DEBUG    |     Health check: 29 red pixels -> DEAD
2025-12-03 20:55:01 | DEBUG    |     ✓ Verified MOB in 1 attempts
2025-12-03 20:55:01 | INFO     |     ✗ Mob already DEAD
2025-12-03 20:55:01 | INFO     | 
  Verifying target #2 (D=145px)...
2025-12-03 20:55:01 | DEBUG    |     Clicking (1035, 445)
2025-12-03 20:55:01 | DEBUG    |     Health check: 29 red pixels -> DEAD
2025-12-03 20:55:01 | DEBUG    |     ✓ Verified MOB in 1 attempts
2025-12-03 20:55:01 | INFO     |     ✗ Mob already DEAD
2025-12-03 20:55:01 | INFO     | 
  Verifying target #3 (D=164px)...
2025-12-03 20:55:01 | DEBUG    |     Clicking (949, 734)
2025-12-03 20:55:01 | DEBUG    |     Health check: 29 red pixels -> DEAD
2025-12-03 20:55:01 | DEBUG    |     ✓ Verified MOB in 1 attempts
2025-12-03 20:55:01 | INFO     |     ✗ Mob already DEAD
2025-12-03 20:55:02 | INFO     | 
======================================================================
2025-12-03 20:55:02 | INFO     | CYCLE #24
2025-12-03 20:55:02 | INFO     | ======================================================================
2025-12-03 20:55:02 | INFO     | Detected: 14 floating names
2025-12-03 20:55:02 | DEBUG    |   Name #6: Cached, skipping
2025-12-03 20:55:02 | DEBUG    |   Name #13: Cached, skipping
2025-12-03 20:55:02 | DEBUG    |   Name #14: Cached, skipping
2025-12-03 20:55:02 | INFO     | → Valid targets (after cache): 11
2025-12-03 20:55:02 | INFO     | → Target priority (closest to farthest):
2025-12-03 20:55:02 | INFO     |    #1: Distance=81px from center
2025-12-03 20:55:02 | INFO     |    #2: Distance=188px from center
2025-12-03 20:55:02 | INFO     |    #3: Distance=268px from center
2025-12-03 20:55:02 | INFO     |    #4: Distance=327px from center
2025-12-03 20:55:02 | INFO     |    #5: Distance=373px from center
2025-12-03 20:55:02 | INFO     | 
  Verifying target #1 (D=81px)...
2025-12-03 20:55:02 | DEBUG    |     Clicking (909, 507)
2025-12-03 20:55:02 | DEBUG    |     Health check: 0 red pixels -> DEAD
2025-12-03 20:55:02 | DEBUG    |     ✓ Verified MOB in 1 attempts
2025-12-03 20:55:02 | INFO     |     ✗ Mob already DEAD
2025-12-03 20:55:02 | INFO     | 
  Verifying target #2 (D=188px)...
2025-12-03 20:55:02 | DEBUG    |     Clicking (1058, 409)
2025-12-03 20:55:03 | DEBUG    |     Health check: 0 red pixels -> DEAD
2025-12-03 20:55:03 | DEBUG    |     ✓ Verified MOB in 1 attempts
2025-12-03 20:55:03 | INFO     |     ✗ Mob already DEAD
2025-12-03 20:55:03 | INFO     | 
  Verifying target #3 (D=268px)...
2025-12-03 20:55:03 | DEBUG    |     Clicking (954, 839)
2025-12-03 20:55:03 | DEBUG    |     Health check: 0 red pixels -> DEAD
2025-12-03 20:55:03 | DEBUG    |     ✓ Verified MOB in 1 attempts
2025-12-03 20:55:03 | INFO     |     ✗ Mob already DEAD
2025-12-03 20:55:03 | INFO     | 
======================================================================
2025-12-03 20:55:03 | INFO     | CYCLE #25
2025-12-03 20:55:03 | INFO     | ======================================================================
2025-12-03 20:55:03 | INFO     | Detected: 12 floating names
2025-12-03 20:55:03 | DEBUG    |   Name #11: Cached, skipping
2025-12-03 20:55:03 | DEBUG    |   Name #12: Cached, skipping
2025-12-03 20:55:03 | INFO     | → Valid targets (after cache): 10
2025-12-03 20:55:03 | INFO     | → Target priority (closest to farthest):
2025-12-03 20:55:03 | INFO     |    #1: Distance=16px from center
2025-12-03 20:55:03 | INFO     |    #2: Distance=113px from center
2025-12-03 20:55:03 | INFO     |    #3: Distance=202px from center
2025-12-03 20:55:03 | INFO     |    #4: Distance=261px from center
2025-12-03 20:55:03 | INFO     |    #5: Distance=437px from center
2025-12-03 20:55:03 | INFO     | 
  Verifying target #1 (D=16px)...
2025-12-03 20:55:03 | DEBUG    |     Clicking (960, 554)
2025-12-03 20:55:04 | DEBUG    |     Health check: 0 red pixels -> DEAD
2025-12-03 20:55:04 | DEBUG    |     ✓ Verified MOB in 1 attempts
2025-12-03 20:55:04 | INFO     |     ✗ Mob already DEAD
2025-12-03 20:55:04 | INFO     | 
  Verifying target #2 (D=113px)...
2025-12-03 20:55:04 | DEBUG    |     Clicking (870, 640)
2025-12-03 20:55:04 | DEBUG    |     Health check: 0 red pixels -> DEAD
2025-12-03 20:55:04 | DEBUG    |     ✓ Verified MOB in 1 attempts
2025-12-03 20:55:04 | INFO     |     ✗ Mob already DEAD
2025-12-03 20:55:04 | INFO     | 
  Verifying target #3 (D=202px)...
2025-12-03 20:55:04 | DEBUG    |     Clicking (865, 391)
2025-12-03 20:55:05 | DEBUG    |     Health check: 0 red pixels -> DEAD
2025-12-03 20:55:05 | DEBUG    |     ✓ Verified MOB in 1 attempts
2025-12-03 20:55:05 | INFO     |     ✗ Mob already DEAD
2025-12-03 20:55:05 | INFO     | 
======================================================================
2025-12-03 20:55:05 | INFO     | CYCLE #26
2025-12-03 20:55:05 | INFO     | ======================================================================
2025-12-03 20:55:05 | INFO     | Detected: 11 floating names
2025-12-03 20:55:05 | DEBUG    |   Name #7: Cached, skipping
2025-12-03 20:55:05 | DEBUG    |   Name #10: Cached, skipping
2025-12-03 20:55:05 | DEBUG    |   Name #11: Cached, skipping
2025-12-03 20:55:05 | INFO     | → Valid targets (after cache): 8
2025-12-03 20:55:05 | INFO     | → Target priority (closest to farthest):
2025-12-03 20:55:05 | INFO     |    #1: Distance=186px from center
2025-12-03 20:55:05 | INFO     |    #2: Distance=199px from center
2025-12-03 20:55:05 | INFO     |    #3: Distance=286px from center
2025-12-03 20:55:05 | INFO     |    #4: Distance=333px from center
2025-12-03 20:55:05 | INFO     |    #5: Distance=467px from center
2025-12-03 20:55:05 | INFO     | 
  Verifying target #1 (D=186px)...
2025-12-03 20:55:05 | DEBUG    |     Clicking (1066, 725)
2025-12-03 20:55:05 | DEBUG    |     Health check: 649 red pixels -> ALIVE
2025-12-03 20:55:05 | DEBUG    |     ✓ Verified MOB in 1 attempts
2025-12-03 20:55:05 | INFO     |     ✓ Unique | Status: ALIVE
2025-12-03 20:55:05 | INFO     | 
>>>>>>>>>>>>>>>>>>>>>>>>>>>>>>>>>>>>>>>>>>>>>>>>>>>>>>>>>>>>
2025-12-03 20:55:05 | INFO     | ⚔️  ENGAGING: Unique
2025-12-03 20:55:05 | INFO     | >>>>>>>>>>>>>>>>>>>>>>>>>>>>>>>>>>>>>>>>>>>>>>>>>>>>>>>>>>>>
2025-12-03 20:55:06 | DEBUG    |     Health check: 649 red pixels -> ALIVE
2025-12-03 20:55:06 | INFO     |   → Skill 1: 1
2025-12-03 20:55:07 | DEBUG    |     Health check: 649 red pixels -> ALIVE
2025-12-03 20:55:07 | INFO     |   → Skill 2: 2
2025-12-03 20:55:08 | DEBUG    |     Health check: 649 red pixels -> ALIVE
2025-12-03 20:55:08 | INFO     |   → Skill 3: 3
2025-12-03 20:55:09 | DEBUG    |     Health check: 29 red pixels -> DEAD
2025-12-03 20:55:09 | INFO     |   ✓ Mob DEAD after skill 3!
2025-12-03 20:55:09 | INFO     | <<<<<<<<<<<<<<<<<<<<<<<<<<<<<<<<<<<<<<<<<<<<<<<<<<<<<<<<<<<<
2025-12-03 20:55:09 | INFO     | 💀 Total kills: 10 | Skills saved: 1
2025-12-03 20:55:09 | INFO     | <<<<<<<<<<<<<<<<<<<<<<<<<<<<<<<<<<<<<<<<<<<<<<<<<<<<<<<<<<<<

2025-12-03 20:55:09 | INFO     | 
  Verifying target #2 (D=199px)...
2025-12-03 20:55:09 | DEBUG    |     Clicking (916, 765)
2025-12-03 20:55:09 | DEBUG    |     Health check: 649 red pixels -> ALIVE
2025-12-03 20:55:09 | DEBUG    |     ✓ Verified MOB in 1 attempts
2025-12-03 20:55:09 | INFO     |     ✓ Unique | Status: ALIVE
2025-12-03 20:55:09 | INFO     | 
>>>>>>>>>>>>>>>>>>>>>>>>>>>>>>>>>>>>>>>>>>>>>>>>>>>>>>>>>>>>
2025-12-03 20:55:09 | INFO     | ⚔️  ENGAGING: Unique
2025-12-03 20:55:09 | INFO     | >>>>>>>>>>>>>>>>>>>>>>>>>>>>>>>>>>>>>>>>>>>>>>>>>>>>>>>>>>>>
2025-12-03 20:55:09 | DEBUG    |     Health check: 649 red pixels -> ALIVE
2025-12-03 20:55:09 | INFO     |   → Skill 1: 1
2025-12-03 20:55:10 | DEBUG    |     Health check: 649 red pixels -> ALIVE
2025-12-03 20:55:10 | INFO     |   → Skill 2: 2
2025-12-03 20:55:12 | DEBUG    |     Health check: 649 red pixels -> ALIVE
2025-12-03 20:55:12 | INFO     |   → Skill 3: 3
2025-12-03 20:55:13 | DEBUG    |     Health check: 649 red pixels -> ALIVE
2025-12-03 20:55:13 | INFO     |   → Skill 4: 4
2025-12-03 20:55:14 | DEBUG    |     Health check: 29 red pixels -> DEAD
2025-12-03 20:55:14 | INFO     |   ✓ Mob DEAD after skill 4!
2025-12-03 20:55:14 | INFO     | <<<<<<<<<<<<<<<<<<<<<<<<<<<<<<<<<<<<<<<<<<<<<<<<<<<<<<<<<<<<
2025-12-03 20:55:14 | INFO     | 💀 Total kills: 11 | Skills saved: 0
2025-12-03 20:55:14 | INFO     | <<<<<<<<<<<<<<<<<<<<<<<<<<<<<<<<<<<<<<<<<<<<<<<<<<<<<<<<<<<<

2025-12-03 20:55:14 | INFO     | 
  Verifying target #3 (D=286px)...
2025-12-03 20:55:14 | DEBUG    |     Clicking (1219, 692)
2025-12-03 20:55:14 | DEBUG    |     Health check: 29 red pixels -> DEAD
2025-12-03 20:55:14 | DEBUG    |     ✓ Verified MOB in 1 attempts
2025-12-03 20:55:14 | INFO     |     ✗ Mob already DEAD
2025-12-03 20:55:15 | INFO     | 
======================================================================
2025-12-03 20:55:15 | INFO     | CYCLE #27
2025-12-03 20:55:15 | INFO     | ======================================================================
2025-12-03 20:55:15 | INFO     | Detected: 10 floating names
2025-12-03 20:55:15 | DEBUG    |   Name #9: Cached, skipping
2025-12-03 20:55:15 | DEBUG    |   Name #10: Cached, skipping
2025-12-03 20:55:15 | INFO     | → Valid targets (after cache): 8
2025-12-03 20:55:15 | INFO     | → Target priority (closest to farthest):
2025-12-03 20:55:15 | INFO     |    #1: Distance=16px from center
2025-12-03 20:55:15 | INFO     |    #2: Distance=74px from center
2025-12-03 20:55:15 | INFO     |    #3: Distance=91px from center
2025-12-03 20:55:15 | INFO     |    #4: Distance=133px from center
2025-12-03 20:55:15 | INFO     |    #5: Distance=206px from center
2025-12-03 20:55:15 | INFO     | 
  Verifying target #1 (D=16px)...
2025-12-03 20:55:15 | DEBUG    |     Clicking (960, 554)
2025-12-03 20:55:15 | DEBUG    |     Health check: 29 red pixels -> DEAD
2025-12-03 20:55:15 | DEBUG    |     ✓ Verified MOB in 1 attempts
2025-12-03 20:55:15 | INFO     |     ✗ Mob already DEAD
2025-12-03 20:55:15 | INFO     | 
  Verifying target #2 (D=74px)...
2025-12-03 20:55:15 | DEBUG    |     Clicking (886, 565)
2025-12-03 20:55:16 | DEBUG    |     Health check: 0 red pixels -> DEAD
2025-12-03 20:55:16 | DEBUG    |     ✓ Verified MOB in 1 attempts
2025-12-03 20:55:16 | INFO     |     ✗ Mob already DEAD
2025-12-03 20:55:16 | INFO     | 
  Verifying target #3 (D=91px)...
2025-12-03 20:55:16 | DEBUG    |     Clicking (923, 487)
2025-12-03 20:55:16 | DEBUG    |     Health check: 649 red pixels -> ALIVE
2025-12-03 20:55:16 | DEBUG    |     ✓ Verified MOB in 1 attempts
2025-12-03 20:55:16 | INFO     |     ✓ Unique | Status: ALIVE
2025-12-03 20:55:16 | INFO     | 
>>>>>>>>>>>>>>>>>>>>>>>>>>>>>>>>>>>>>>>>>>>>>>>>>>>>>>>>>>>>
2025-12-03 20:55:16 | INFO     | ⚔️  ENGAGING: Unique
2025-12-03 20:55:16 | INFO     | >>>>>>>>>>>>>>>>>>>>>>>>>>>>>>>>>>>>>>>>>>>>>>>>>>>>>>>>>>>>
2025-12-03 20:55:16 | DEBUG    |     Health check: 649 red pixels -> ALIVE
2025-12-03 20:55:16 | INFO     |   → Skill 1: 1
2025-12-03 20:55:17 | DEBUG    |     Health check: 649 red pixels -> ALIVE
2025-12-03 20:55:17 | INFO     |   → Skill 2: 2
2025-12-03 20:55:18 | DEBUG    |     Health check: 29 red pixels -> DEAD
2025-12-03 20:55:18 | INFO     |   ✓ Mob DEAD after skill 2!
2025-12-03 20:55:18 | INFO     | <<<<<<<<<<<<<<<<<<<<<<<<<<<<<<<<<<<<<<<<<<<<<<<<<<<<<<<<<<<<
2025-12-03 20:55:18 | INFO     | 💀 Total kills: 12 | Skills saved: 2
2025-12-03 20:55:18 | INFO     | <<<<<<<<<<<<<<<<<<<<<<<<<<<<<<<<<<<<<<<<<<<<<<<<<<<<<<<<<<<<

2025-12-03 20:55:19 | INFO     | 
======================================================================
2025-12-03 20:55:19 | INFO     | CYCLE #28
2025-12-03 20:55:19 | INFO     | ======================================================================
2025-12-03 20:55:19 | INFO     | Detected: 8 floating names
2025-12-03 20:55:19 | DEBUG    |   Name #6: Cached, skipping
2025-12-03 20:55:19 | DEBUG    |   Name #8: Cached, skipping
2025-12-03 20:55:19 | INFO     | → Valid targets (after cache): 6
2025-12-03 20:55:19 | INFO     | → Target priority (closest to farthest):
2025-12-03 20:55:19 | INFO     |    #1: Distance=16px from center
2025-12-03 20:55:19 | INFO     |    #2: Distance=22px from center
2025-12-03 20:55:19 | INFO     |    #3: Distance=74px from center
2025-12-03 20:55:19 | INFO     |    #4: Distance=133px from center
2025-12-03 20:55:19 | INFO     |    #5: Distance=296px from center
2025-12-03 20:55:19 | INFO     | 
  Verifying target #1 (D=16px)...
2025-12-03 20:55:19 | DEBUG    |     Clicking (960, 554)
2025-12-03 20:55:19 | DEBUG    |     Health check: 29 red pixels -> DEAD
2025-12-03 20:55:19 | DEBUG    |     ✓ Verified MOB in 1 attempts
2025-12-03 20:55:19 | INFO     |     ✗ Mob already DEAD
2025-12-03 20:55:19 | INFO     | 
  Verifying target #2 (D=22px)...
2025-12-03 20:55:19 | DEBUG    |     Clicking (957, 605)
2025-12-03 20:55:19 | DEBUG    |     Health check: 29 red pixels -> DEAD
2025-12-03 20:55:19 | DEBUG    |     ✓ Verified MOB in 1 attempts
2025-12-03 20:55:19 | INFO     |     ✗ Mob already DEAD
2025-12-03 20:55:19 | INFO     | 
  Verifying target #3 (D=74px)...
2025-12-03 20:55:19 | DEBUG    |     Clicking (886, 565)
2025-12-03 20:55:20 | DEBUG    |     Health check: 0 red pixels -> DEAD
2025-12-03 20:55:20 | DEBUG    |     ✓ Verified MOB in 1 attempts
2025-12-03 20:55:20 | INFO     |     ✗ Mob already DEAD
2025-12-03 20:55:20 | INFO     | 
======================================================================
2025-12-03 20:55:20 | INFO     | CYCLE #29
2025-12-03 20:55:20 | INFO     | ======================================================================
2025-12-03 20:55:20 | INFO     | Detected: 8 floating names
2025-12-03 20:55:20 | DEBUG    |   Name #1: Cached, skipping
2025-12-03 20:55:20 | DEBUG    |   Name #6: Cached, skipping
2025-12-03 20:55:20 | DEBUG    |   Name #7: Cached, skipping
2025-12-03 20:55:20 | DEBUG    |   Name #8: Cached, skipping
2025-12-03 20:55:20 | INFO     | → Valid targets (after cache): 4
2025-12-03 20:55:20 | INFO     | → Target priority (closest to farthest):
2025-12-03 20:55:20 | INFO     |    #1: Distance=68px from center
2025-12-03 20:55:20 | INFO     |    #2: Distance=82px from center
2025-12-03 20:55:20 | INFO     |    #3: Distance=153px from center
2025-12-03 20:55:20 | INFO     |    #4: Distance=478px from center
2025-12-03 20:55:20 | INFO     | 
  Verifying target #1 (D=68px)...
2025-12-03 20:55:20 | DEBUG    |     Clicking (948, 504)
2025-12-03 20:55:21 | DEBUG    |     Health check: 0 red pixels -> DEAD
2025-12-03 20:55:21 | DEBUG    |     ✓ Verified MOB in 1 attempts
2025-12-03 20:55:21 | INFO     |     ✗ Mob already DEAD
2025-12-03 20:55:21 | INFO     | 
  Verifying target #2 (D=82px)...
2025-12-03 20:55:21 | DEBUG    |     Clicking (894, 520)
2025-12-03 20:55:21 | DEBUG    |     Health check: 0 red pixels -> DEAD
2025-12-03 20:55:21 | DEBUG    |     ✓ Verified MOB in 1 attempts
2025-12-03 20:55:21 | INFO     |     ✗ Mob already DEAD
2025-12-03 20:55:21 | INFO     | 
  Verifying target #3 (D=153px)...
2025-12-03 20:55:21 | DEBUG    |     Clicking (853, 460)
2025-12-03 20:55:21 | DEBUG    |     Health check: 0 red pixels -> DEAD
2025-12-03 20:55:21 | DEBUG    |     ✓ Verified MOB in 1 attempts
2025-12-03 20:55:21 | INFO     |     ✗ Mob already DEAD
2025-12-03 20:55:22 | INFO     | 
======================================================================
2025-12-03 20:55:22 | INFO     | CYCLE #30
2025-12-03 20:55:22 | INFO     | ======================================================================
2025-12-03 20:55:22 | INFO     | Detected: 8 floating names
2025-12-03 20:55:22 | DEBUG    |   Name #7: Cached, skipping
2025-12-03 20:55:22 | DEBUG    |   Name #8: Cached, skipping
2025-12-03 20:55:22 | INFO     | → Valid targets (after cache): 6
2025-12-03 20:55:22 | INFO     | → Target priority (closest to farthest):
2025-12-03 20:55:22 | INFO     |    #1: Distance=16px from center
2025-12-03 20:55:22 | INFO     |    #2: Distance=68px from center
2025-12-03 20:55:22 | INFO     |    #3: Distance=155px from center
2025-12-03 20:55:22 | INFO     |    #4: Distance=179px from center
2025-12-03 20:55:22 | INFO     |    #5: Distance=181px from center
2025-12-03 20:55:22 | INFO     | 
  Verifying target #1 (D=16px)...
2025-12-03 20:55:22 | DEBUG    |     Clicking (960, 554)
2025-12-03 20:55:22 | DEBUG    |     Health check: 0 red pixels -> DEAD
2025-12-03 20:55:22 | DEBUG    |     ✓ Verified MOB in 1 attempts
2025-12-03 20:55:22 | INFO     |     ✗ Mob already DEAD
2025-12-03 20:55:22 | INFO     | 
  Verifying target #2 (D=68px)...
2025-12-03 20:55:22 | DEBUG    |     Clicking (992, 630)
2025-12-03 20:55:23 | DEBUG    |     Health check: 0 red pixels -> DEAD
2025-12-03 20:55:23 | DEBUG    |     ✓ Verified MOB in 1 attempts
2025-12-03 20:55:23 | INFO     |     ✗ Mob already DEAD
2025-12-03 20:55:23 | INFO     | 
  Verifying target #3 (D=155px)...
2025-12-03 20:55:23 | DEBUG    |     Clicking (1045, 700)
2025-12-03 20:55:23 | DEBUG    |     Health check: 0 red pixels -> DEAD
2025-12-03 20:55:23 | DEBUG    |     ✓ Verified MOB in 1 attempts
2025-12-03 20:55:23 | INFO     |     ✗ Mob already DEAD
2025-12-03 20:55:24 | INFO     | 
======================================================================
2025-12-03 20:55:24 | INFO     | CYCLE #31
2025-12-03 20:55:24 | INFO     | ======================================================================
2025-12-03 20:55:24 | INFO     | Detected: 8 floating names
2025-12-03 20:55:24 | DEBUG    |   Name #2: Cached, skipping
2025-12-03 20:55:24 | DEBUG    |   Name #3: Cached, skipping
2025-12-03 20:55:24 | DEBUG    |   Name #4: Cached, skipping
2025-12-03 20:55:24 | DEBUG    |   Name #5: Cached, skipping
2025-12-03 20:55:24 | DEBUG    |   Name #6: Cached, skipping
2025-12-03 20:55:24 | DEBUG    |   Name #8: Cached, skipping
2025-12-03 20:55:24 | INFO     | → Valid targets (after cache): 2
2025-12-03 20:55:24 | INFO     | → Target priority (closest to farthest):
2025-12-03 20:55:24 | INFO     |    #1: Distance=526px from center
2025-12-03 20:55:24 | INFO     |    #2: Distance=741px from center
2025-12-03 20:55:24 | INFO     | 
  Verifying target #1 (D=526px)...
2025-12-03 20:55:24 | DEBUG    |     Clicking (1449, 766)
2025-12-03 20:55:24 | DEBUG    |     Health check: 649 red pixels -> ALIVE
2025-12-03 20:55:24 | DEBUG    |     ✓ Verified MOB in 1 attempts
2025-12-03 20:55:24 | INFO     |     ✓ Unique | Status: ALIVE
2025-12-03 20:55:24 | INFO     | 
>>>>>>>>>>>>>>>>>>>>>>>>>>>>>>>>>>>>>>>>>>>>>>>>>>>>>>>>>>>>
2025-12-03 20:55:24 | INFO     | ⚔️  ENGAGING: Unique
2025-12-03 20:55:24 | INFO     | >>>>>>>>>>>>>>>>>>>>>>>>>>>>>>>>>>>>>>>>>>>>>>>>>>>>>>>>>>>>
2025-12-03 20:55:24 | DEBUG    |     Health check: 649 red pixels -> ALIVE
2025-12-03 20:55:24 | INFO     |   → Skill 1: 1
2025-12-03 20:55:25 | DEBUG    |     Health check: 649 red pixels -> ALIVE
2025-12-03 20:55:25 | INFO     |   → Skill 2: 2
2025-12-03 20:55:26 | DEBUG    |     Health check: 649 red pixels -> ALIVE
2025-12-03 20:55:26 | INFO     |   → Skill 3: 3
2025-12-03 20:55:27 | DEBUG    |     Health check: 29 red pixels -> DEAD
2025-12-03 20:55:27 | INFO     |   ✓ Mob DEAD after skill 3!
2025-12-03 20:55:27 | INFO     | <<<<<<<<<<<<<<<<<<<<<<<<<<<<<<<<<<<<<<<<<<<<<<<<<<<<<<<<<<<<
2025-12-03 20:55:27 | INFO     | 💀 Total kills: 13 | Skills saved: 1
2025-12-03 20:55:27 | INFO     | <<<<<<<<<<<<<<<<<<<<<<<<<<<<<<<<<<<<<<<<<<<<<<<<<<<<<<<<<<<<

2025-12-03 20:55:27 | INFO     | 
  Verifying target #2 (D=741px)...
2025-12-03 20:55:27 | DEBUG    |     Clicking (295, 242)
2025-12-03 20:55:28 | DEBUG    |     Health check: 29 red pixels -> DEAD
2025-12-03 20:55:28 | DEBUG    |     ✓ Verified MOB in 1 attempts
2025-12-03 20:55:28 | INFO     |     ✗ Mob already DEAD
2025-12-03 20:55:28 | INFO     | 
======================================================================
2025-12-03 20:55:28 | INFO     | CYCLE #32
2025-12-03 20:55:28 | INFO     | ======================================================================
2025-12-03 20:55:28 | INFO     | Detected: 8 floating names
2025-12-03 20:55:28 | DEBUG    |   Name #7: Cached, skipping
2025-12-03 20:55:28 | DEBUG    |   Name #8: Cached, skipping
2025-12-03 20:55:28 | INFO     | → Valid targets (after cache): 6
2025-12-03 20:55:28 | INFO     | → Target priority (closest to farthest):
2025-12-03 20:55:28 | INFO     |    #1: Distance=1px from center
2025-12-03 20:55:28 | INFO     |    #2: Distance=270px from center
2025-12-03 20:55:28 | INFO     |    #3: Distance=359px from center
2025-12-03 20:55:28 | INFO     |    #4: Distance=441px from center
2025-12-03 20:55:28 | INFO     |    #5: Distance=734px from center
2025-12-03 20:55:28 | INFO     | 
  Verifying target #1 (D=1px)...
2025-12-03 20:55:28 | DEBUG    |     Clicking (959, 574)
2025-12-03 20:55:29 | DEBUG    |     Health check: 29 red pixels -> DEAD
2025-12-03 20:55:29 | DEBUG    |     ✓ Verified MOB in 1 attempts
2025-12-03 20:55:29 | INFO     |     ✗ Mob already DEAD
2025-12-03 20:55:29 | INFO     | 
  Verifying target #2 (D=270px)...
2025-12-03 20:55:29 | DEBUG    |     Clicking (1160, 752)
2025-12-03 20:55:29 | DEBUG    |     Health check: 29 red pixels -> DEAD
2025-12-03 20:55:29 | DEBUG    |     ✓ Verified MOB in 1 attempts
2025-12-03 20:55:29 | INFO     |     ✗ Mob already DEAD
2025-12-03 20:55:29 | INFO     | 
  Verifying target #3 (D=359px)...
2025-12-03 20:55:29 | DEBUG    |     Clicking (1302, 460)
2025-12-03 20:55:29 | DEBUG    |     Health check: 29 red pixels -> DEAD
2025-12-03 20:55:29 | DEBUG    |     ✓ Verified MOB in 1 attempts
2025-12-03 20:55:29 | INFO     |     ✗ Mob already DEAD
2025-12-03 20:55:30 | INFO     | 
======================================================================
2025-12-03 20:55:30 | INFO     | CYCLE #33
2025-12-03 20:55:30 | INFO     | ======================================================================
2025-12-03 20:55:30 | INFO     | Detected: 9 floating names
2025-12-03 20:55:30 | DEBUG    |   Name #3: Cached, skipping
2025-12-03 20:55:30 | DEBUG    |   Name #7: Cached, skipping
2025-12-03 20:55:30 | DEBUG    |   Name #8: Cached, skipping
2025-12-03 20:55:30 | DEBUG    |   Name #9: Cached, skipping
2025-12-03 20:55:30 | INFO     | → Valid targets (after cache): 5
2025-12-03 20:55:30 | INFO     | → Target priority (closest to farthest):
2025-12-03 20:55:30 | INFO     |    #1: Distance=120px from center
2025-12-03 20:55:30 | INFO     |    #2: Distance=240px from center
2025-12-03 20:55:30 | INFO     |    #3: Distance=319px from center
2025-12-03 20:55:30 | INFO     |    #4: Distance=346px from center
2025-12-03 20:55:30 | INFO     |    #5: Distance=405px from center
2025-12-03 20:55:30 | INFO     | 
  Verifying target #1 (D=120px)...
2025-12-03 20:55:30 | DEBUG    |     Clicking (992, 455)
2025-12-03 20:55:30 | DEBUG    |     Health check: 649 red pixels -> ALIVE
2025-12-03 20:55:30 | DEBUG    |     ✓ Verified MOB in 1 attempts
2025-12-03 20:55:30 | INFO     |     ✓ Unique | Status: ALIVE
2025-12-03 20:55:30 | INFO     | 
>>>>>>>>>>>>>>>>>>>>>>>>>>>>>>>>>>>>>>>>>>>>>>>>>>>>>>>>>>>>
2025-12-03 20:55:30 | INFO     | ⚔️  ENGAGING: Unique
2025-12-03 20:55:30 | INFO     | >>>>>>>>>>>>>>>>>>>>>>>>>>>>>>>>>>>>>>>>>>>>>>>>>>>>>>>>>>>>
2025-12-03 20:55:30 | DEBUG    |     Health check: 649 red pixels -> ALIVE
2025-12-03 20:55:30 | INFO     |   → Skill 1: 1
2025-12-03 20:55:31 | DEBUG    |     Health check: 649 red pixels -> ALIVE
2025-12-03 20:55:31 | INFO     |   → Skill 2: 2
2025-12-03 20:55:33 | DEBUG    |     Health check: 649 red pixels -> ALIVE
2025-12-03 20:55:33 | INFO     |   → Skill 3: 3
2025-12-03 20:55:34 | DEBUG    |     Health check: 29 red pixels -> DEAD
2025-12-03 20:55:34 | INFO     |   ✓ Mob DEAD after skill 3!
2025-12-03 20:55:34 | INFO     | <<<<<<<<<<<<<<<<<<<<<<<<<<<<<<<<<<<<<<<<<<<<<<<<<<<<<<<<<<<<
2025-12-03 20:55:34 | INFO     | 💀 Total kills: 14 | Skills saved: 1
2025-12-03 20:55:34 | INFO     | <<<<<<<<<<<<<<<<<<<<<<<<<<<<<<<<<<<<<<<<<<<<<<<<<<<<<<<<<<<<

2025-12-03 20:55:34 | INFO     | 
  Verifying target #2 (D=240px)...
2025-12-03 20:55:34 | DEBUG    |     Clicking (800, 391)
2025-12-03 20:55:34 | DEBUG    |     Health check: 29 red pixels -> DEAD
2025-12-03 20:55:34 | DEBUG    |     ✓ Verified MOB in 1 attempts
2025-12-03 20:55:34 | INFO     |     ✗ Mob already DEAD
2025-12-03 20:55:34 | INFO     | 
  Verifying target #3 (D=319px)...
2025-12-03 20:55:34 | DEBUG    |     Clicking (940, 890)
2025-12-03 20:55:35 | DEBUG    |     Health check: 29 red pixels -> DEAD
2025-12-03 20:55:35 | DEBUG    |     ✓ Verified MOB in 1 attempts
2025-12-03 20:55:35 | INFO     |     ✗ Mob already DEAD
2025-12-03 20:55:35 | INFO     | 
======================================================================
2025-12-03 20:55:35 | INFO     | CYCLE #34
2025-12-03 20:55:35 | INFO     | ======================================================================
2025-12-03 20:55:35 | INFO     | Detected: 7 floating names
2025-12-03 20:55:35 | DEBUG    |   Name #6: Cached, skipping
2025-12-03 20:55:35 | DEBUG    |   Name #7: Cached, skipping
2025-12-03 20:55:35 | INFO     | → Valid targets (after cache): 5
2025-12-03 20:55:35 | INFO     | → Target priority (closest to farthest):
2025-12-03 20:55:35 | INFO     |    #1: Distance=16px from center
2025-12-03 20:55:35 | INFO     |    #2: Distance=161px from center
2025-12-03 20:55:35 | INFO     |    #3: Distance=207px from center
2025-12-03 20:55:35 | INFO     |    #4: Distance=218px from center
2025-12-03 20:55:35 | INFO     |    #5: Distance=267px from center
2025-12-03 20:55:35 | INFO     | 
  Verifying target #1 (D=16px)...
2025-12-03 20:55:35 | DEBUG    |     Clicking (960, 554)
2025-12-03 20:55:35 | DEBUG    |     Health check: 29 red pixels -> DEAD
2025-12-03 20:55:35 | DEBUG    |     ✓ Verified MOB in 1 attempts
2025-12-03 20:55:35 | INFO     |     ✗ Mob already DEAD
2025-12-03 20:55:35 | INFO     | 
  Verifying target #2 (D=161px)...
2025-12-03 20:55:35 | DEBUG    |     Clicking (939, 410)
2025-12-03 20:55:36 | DEBUG    |     Health check: 708 red pixels -> ALIVE
2025-12-03 20:55:36 | DEBUG    |     ✓ Verified MOB in 1 attempts
2025-12-03 20:55:36 | INFO     |     ✓ Unique | Status: ALIVE
2025-12-03 20:55:36 | INFO     | 
>>>>>>>>>>>>>>>>>>>>>>>>>>>>>>>>>>>>>>>>>>>>>>>>>>>>>>>>>>>>
2025-12-03 20:55:36 | INFO     | ⚔️  ENGAGING: Unique
2025-12-03 20:55:36 | INFO     | >>>>>>>>>>>>>>>>>>>>>>>>>>>>>>>>>>>>>>>>>>>>>>>>>>>>>>>>>>>>
2025-12-03 20:55:36 | DEBUG    |     Health check: 708 red pixels -> ALIVE
2025-12-03 20:55:36 | INFO     |   → Skill 1: 1
2025-12-03 20:55:37 | DEBUG    |     Health check: 708 red pixels -> ALIVE
2025-12-03 20:55:37 | INFO     |   → Skill 2: 2
2025-12-03 20:55:38 | DEBUG    |     Health check: 88 red pixels -> ALIVE
2025-12-03 20:55:38 | INFO     |   → Skill 3: 3
2025-12-03 20:55:39 | DEBUG    |     Health check: 88 red pixels -> ALIVE
2025-12-03 20:55:39 | INFO     |   → Skill 4: 4
2025-12-03 20:55:40 | DEBUG    |     Health check: 88 red pixels -> ALIVE
2025-12-03 20:55:40 | INFO     |   ℹ️  Rotation complete (mob status unknown)
2025-12-03 20:55:40 | INFO     | <<<<<<<<<<<<<<<<<<<<<<<<<<<<<<<<<<<<<<<<<<<<<<<<<<<<<<<<<<<<
2025-12-03 20:55:40 | INFO     | 💀 Total kills: 15
2025-12-03 20:55:40 | INFO     | <<<<<<<<<<<<<<<<<<<<<<<<<<<<<<<<<<<<<<<<<<<<<<<<<<<<<<<<<<<<

2025-12-03 20:55:40 | INFO     | 
  Verifying target #3 (D=207px)...
2025-12-03 20:55:40 | DEBUG    |     Clicking (923, 367)
2025-12-03 20:55:41 | DEBUG    |     Health check: 0 red pixels -> DEAD
2025-12-03 20:55:41 | DEBUG    |     ✓ Verified MOB in 1 attempts
2025-12-03 20:55:41 | INFO     |     ✗ Mob already DEAD
2025-12-03 20:55:41 | INFO     | 
⏸️  PAUSED - Press CapsLock to resume

2025-12-03 21:14:29 | INFO     | 

⛔ Bot stopped by user
2025-12-03 21:14:29 | INFO     | 
======================================================================
2025-12-03 21:14:29 | INFO     | FINAL STATISTICS
2025-12-03 21:14:29 | INFO     | ======================================================================
2025-12-03 21:14:29 | INFO     | Total Cycles: 34
2025-12-03 21:14:29 | INFO     | Total Clicks: 96
2025-12-03 21:14:29 | INFO     | Verified Mobs: 96
2025-12-03 21:14:29 | INFO     | Filtered Pets: 0
2025-12-03 21:14:29 | INFO     | Total Kills: 15
2025-12-03 21:14:29 | INFO     | Early Stops: 13 (stopped rotation early due to death)
2025-12-03 21:14:29 | INFO     | Skills Used: 45
2025-12-03 21:14:29 | INFO     | Avg Skills/Kill: 3.0
2025-12-03 21:14:29 | INFO     | Uptime: 1232s (20m 32s)
2025-12-03 21:14:29 | INFO     | Cache Hit Rate: 33.6%
2025-12-03 21:14:29 | INFO     | ======================================================================
