2025-12-03 20:45:29 | INFO     | ======================================================================
2025-12-03 20:45:29 | INFO     | MOB HUNTER v3.0 - CENTER-OUT + BINARY HEALTH
2025-12-03 20:45:29 | INFO     | ======================================================================
2025-12-03 20:45:29 | INFO     | Log directory: logs/session_20251203_204529
2025-12-03 20:45:29 | INFO     | Screen: 1920x1080
2025-12-03 20:45:29 | INFO     | Strategy: Attack closest to center first
2025-12-03 20:45:29 | INFO     | Health: Binary (ALIVE/DEAD) detection
2025-12-03 20:45:29 | INFO     | Pet Filter: Via nameplate class detection
2025-12-03 20:45:29 | INFO     | ======================================================================
2025-12-03 20:45:29 | INFO     | 
🚀 Bot started! Press Ctrl+C to stop.

2025-12-03 20:45:29 | INFO     | 💡 Controls: CapsLock = Pause/Resume

2025-12-03 20:45:29 | INFO     | 
======================================================================
2025-12-03 20:45:29 | INFO     | CYCLE #1
2025-12-03 20:45:29 | INFO     | ======================================================================
2025-12-03 20:45:29 | INFO     | Detected: 15 floating names
2025-12-03 20:45:29 | DEBUG    |   Name #13: Cached, skipping
2025-12-03 20:45:29 | DEBUG    |   Name #14: Cached, skipping
2025-12-03 20:45:29 | INFO     | → Valid targets (after cache): 13
2025-12-03 20:45:29 | INFO     | → Target priority (closest to farthest):
2025-12-03 20:45:29 | INFO     |    #1: Distance=24px from center
2025-12-03 20:45:29 | INFO     |    #2: Distance=31px from center
2025-12-03 20:45:29 | INFO     |    #3: Distance=65px from center
2025-12-03 20:45:29 | INFO     |    #4: Distance=348px from center
2025-12-03 20:45:29 | INFO     |    #5: Distance=487px from center
2025-12-03 20:45:29 | INFO     | 
  Verifying target #1 (D=24px)...
2025-12-03 20:45:29 | DEBUG    |     Clicking (964, 546)
2025-12-03 20:45:30 | DEBUG    |     Health check: 0 red pixels -> DEAD
2025-12-03 20:45:30 | DEBUG    |     ✓ Verified MOB in 1 attempts
2025-12-03 20:45:30 | INFO     |     ✗ Mob already DEAD
2025-12-03 20:45:30 | INFO     | 
  Verifying target #2 (D=31px)...
2025-12-03 20:45:30 | DEBUG    |     Clicking (971, 605)
2025-12-03 20:45:30 | DEBUG    |     Health check: 0 red pixels -> DEAD
2025-12-03 20:45:30 | DEBUG    |     ✓ Verified MOB in 1 attempts
2025-12-03 20:45:30 | INFO     |     ✗ Mob already DEAD
2025-12-03 20:45:30 | INFO     | 
  Verifying target #3 (D=65px)...
2025-12-03 20:45:30 | DEBUG    |     Clicking (994, 514)
2025-12-03 20:45:31 | DEBUG    |     Health check: 708 red pixels -> ALIVE
2025-12-03 20:45:31 | DEBUG    |     ✓ Verified MOB in 1 attempts
2025-12-03 20:45:31 | INFO     |     ✓ Elite | Status: ALIVE
2025-12-03 20:45:31 | INFO     | 
>>>>>>>>>>>>>>>>>>>>>>>>>>>>>>>>>>>>>>>>>>>>>>>>>>>>>>>>>>>>
2025-12-03 20:45:31 | INFO     | ⚔️  ENGAGING: Elite
2025-12-03 20:45:31 | INFO     | >>>>>>>>>>>>>>>>>>>>>>>>>>>>>>>>>>>>>>>>>>>>>>>>>>>>>>>>>>>>
2025-12-03 20:45:31 | DEBUG    |     Health check: 708 red pixels -> ALIVE
2025-12-03 20:45:31 | INFO     |   → Skill 1: 1
2025-12-03 20:45:32 | DEBUG    |     Health check: 708 red pixels -> ALIVE
2025-12-03 20:45:32 | INFO     |   → Skill 2: 2
2025-12-03 20:45:33 | DEBUG    |     Health check: 708 red pixels -> ALIVE
2025-12-03 20:45:33 | INFO     |   → Skill 3: 3
2025-12-03 20:45:34 | DEBUG    |     Health check: 708 red pixels -> ALIVE
2025-12-03 20:45:34 | INFO     |   → Skill 4: 4
2025-12-03 20:45:35 | DEBUG    |     Health check: 708 red pixels -> ALIVE
2025-12-03 20:45:35 | INFO     |   ℹ️  Rotation complete (mob status unknown)
2025-12-03 20:45:35 | INFO     | <<<<<<<<<<<<<<<<<<<<<<<<<<<<<<<<<<<<<<<<<<<<<<<<<<<<<<<<<<<<
2025-12-03 20:45:35 | INFO     | 💀 Total kills: 1
2025-12-03 20:45:35 | INFO     | <<<<<<<<<<<<<<<<<<<<<<<<<<<<<<<<<<<<<<<<<<<<<<<<<<<<<<<<<<<<

2025-12-03 20:45:35 | INFO     | 
======================================================================
2025-12-03 20:45:35 | INFO     | CYCLE #2
2025-12-03 20:45:35 | INFO     | ======================================================================
2025-12-03 20:45:36 | INFO     | Detected: 3 floating names
2025-12-03 20:45:36 | INFO     | → Valid targets (after cache): 3
2025-12-03 20:45:36 | INFO     | → Target priority (closest to farthest):
2025-12-03 20:45:36 | INFO     |    #1: Distance=65px from center
2025-12-03 20:45:36 | INFO     |    #2: Distance=77px from center
2025-12-03 20:45:36 | INFO     |    #3: Distance=785px from center
2025-12-03 20:45:36 | INFO     | 
  Verifying target #1 (D=65px)...
2025-12-03 20:45:36 | DEBUG    |     Clicking (980, 635)
2025-12-03 20:45:36 | DEBUG    |     Health check: 708 red pixels -> ALIVE
2025-12-03 20:45:36 | DEBUG    |     ✓ Verified MOB in 1 attempts
2025-12-03 20:45:36 | INFO     |     ✓ Elite | Status: ALIVE
2025-12-03 20:45:36 | INFO     | 
>>>>>>>>>>>>>>>>>>>>>>>>>>>>>>>>>>>>>>>>>>>>>>>>>>>>>>>>>>>>
2025-12-03 20:45:36 | INFO     | ⚔️  ENGAGING: Elite
2025-12-03 20:45:36 | INFO     | >>>>>>>>>>>>>>>>>>>>>>>>>>>>>>>>>>>>>>>>>>>>>>>>>>>>>>>>>>>>
2025-12-03 20:45:36 | DEBUG    |     Health check: 708 red pixels -> ALIVE
2025-12-03 20:45:36 | INFO     |   → Skill 1: 1
2025-12-03 20:45:37 | DEBUG    |     Health check: 708 red pixels -> ALIVE
2025-12-03 20:45:37 | INFO     |   → Skill 2: 2
2025-12-03 20:45:38 | DEBUG    |     Health check: 708 red pixels -> ALIVE
2025-12-03 20:45:38 | INFO     |   → Skill 3: 3
2025-12-03 20:45:39 | DEBUG    |     Health check: 708 red pixels -> ALIVE
2025-12-03 20:45:39 | INFO     |   → Skill 4: 4
2025-12-03 20:45:41 | DEBUG    |     Health check: 0 red pixels -> DEAD
2025-12-03 20:45:41 | INFO     |   ✓ Mob DEAD after skill 4!
2025-12-03 20:45:41 | INFO     | <<<<<<<<<<<<<<<<<<<<<<<<<<<<<<<<<<<<<<<<<<<<<<<<<<<<<<<<<<<<
2025-12-03 20:45:41 | INFO     | 💀 Total kills: 2 | Skills saved: 0
2025-12-03 20:45:41 | INFO     | <<<<<<<<<<<<<<<<<<<<<<<<<<<<<<<<<<<<<<<<<<<<<<<<<<<<<<<<<<<<

2025-12-03 20:45:41 | INFO     | 
  Verifying target #2 (D=77px)...
2025-12-03 20:45:41 | DEBUG    |     Clicking (1024, 527)
2025-12-03 20:45:41 | DEBUG    |     Health check: 0 red pixels -> DEAD
2025-12-03 20:45:41 | DEBUG    |     ✓ Verified MOB in 1 attempts
2025-12-03 20:45:41 | INFO     |     ✗ Mob already DEAD
2025-12-03 20:45:41 | INFO     | 
  Verifying target #3 (D=785px)...
2025-12-03 20:45:41 | DEBUG    |     Clicking (1743, 640)
2025-12-03 20:45:41 | DEBUG    |     Health check: 0 red pixels -> DEAD
2025-12-03 20:45:41 | DEBUG    |     ✓ Verified MOB in 1 attempts
2025-12-03 20:45:41 | INFO     |     ✗ Mob already DEAD
2025-12-03 20:45:42 | INFO     | 
======================================================================
2025-12-03 20:45:42 | INFO     | CYCLE #3
2025-12-03 20:45:42 | INFO     | ======================================================================
2025-12-03 20:45:42 | INFO     | Detected: 1 floating names
2025-12-03 20:45:42 | INFO     | → Valid targets (after cache): 1
2025-12-03 20:45:42 | INFO     | → Target priority (closest to farthest):
2025-12-03 20:45:42 | INFO     |    #1: Distance=920px from center
2025-12-03 20:45:42 | INFO     | 
  Verifying target #1 (D=920px)...
2025-12-03 20:45:42 | DEBUG    |     Clicking (132, 167)
2025-12-03 20:45:42 | DEBUG    |     ✗ Filtered PET (no class)
2025-12-03 20:45:42 | INFO     |     ✗ No valid nameplate or is a pet
2025-12-03 20:45:43 | INFO     | 
======================================================================
2025-12-03 20:45:43 | INFO     | CYCLE #4
2025-12-03 20:45:43 | INFO     | ======================================================================
2025-12-03 20:45:43 | INFO     | Detected: 2 floating names
2025-12-03 20:45:43 | DEBUG    |   Name #2: Cached, skipping
2025-12-03 20:45:43 | INFO     | → Valid targets (after cache): 1
2025-12-03 20:45:43 | INFO     | → Target priority (closest to farthest):
2025-12-03 20:45:43 | INFO     |    #1: Distance=866px from center
2025-12-03 20:45:43 | INFO     | 
  Verifying target #1 (D=866px)...
2025-12-03 20:45:43 | DEBUG    |     Clicking (187, 177)
2025-12-03 20:45:43 | DEBUG    |     ✗ Filtered PET (no class)
2025-12-03 20:45:43 | INFO     |     ✗ No valid nameplate or is a pet
2025-12-03 20:45:43 | INFO     | 
======================================================================
2025-12-03 20:45:43 | INFO     | CYCLE #5
2025-12-03 20:45:43 | INFO     | ======================================================================
2025-12-03 20:45:43 | INFO     | Detected: 2 floating names
2025-12-03 20:45:43 | INFO     | → Valid targets (after cache): 2
2025-12-03 20:45:43 | INFO     | → Target priority (closest to farthest):
2025-12-03 20:45:43 | INFO     |    #1: Distance=956px from center
2025-12-03 20:45:43 | INFO     |    #2: Distance=1009px from center
2025-12-03 20:45:43 | INFO     | 
  Verifying target #1 (D=956px)...
2025-12-03 20:45:43 | DEBUG    |     Clicking (80, 197)
2025-12-03 20:45:44 | DEBUG    |     ✗ Filtered PET (no class)
2025-12-03 20:45:44 | INFO     |     ✗ No valid nameplate or is a pet
2025-12-03 20:45:44 | INFO     | 
  Verifying target #2 (D=1009px)...
2025-12-03 20:45:44 | DEBUG    |     Clicking (1887, 170)
2025-12-03 20:45:44 | DEBUG    |     ✗ Filtered PET (no class)
2025-12-03 20:45:44 | INFO     |     ✗ No valid nameplate or is a pet
2025-12-03 20:45:45 | INFO     | 
======================================================================
2025-12-03 20:45:45 | INFO     | CYCLE #6
2025-12-03 20:45:45 | INFO     | ======================================================================
2025-12-03 20:45:45 | INFO     | Detected: 7 floating names
2025-12-03 20:45:45 | DEBUG    |   Name #6: Cached, skipping
2025-12-03 20:45:45 | INFO     | → Valid targets (after cache): 6
2025-12-03 20:45:45 | INFO     | → Target priority (closest to farthest):
2025-12-03 20:45:45 | INFO     |    #1: Distance=104px from center
2025-12-03 20:45:45 | INFO     |    #2: Distance=283px from center
2025-12-03 20:45:45 | INFO     |    #3: Distance=323px from center
2025-12-03 20:45:45 | INFO     |    #4: Distance=382px from center
2025-12-03 20:45:45 | INFO     |    #5: Distance=491px from center
2025-12-03 20:45:45 | INFO     | 
  Verifying target #1 (D=104px)...
2025-12-03 20:45:45 | DEBUG    |     Clicking (962, 677)
2025-12-03 20:45:45 | DEBUG    |     ✗ Filtered PET (no class)
2025-12-03 20:45:45 | INFO     |     ✗ No valid nameplate or is a pet
2025-12-03 20:45:45 | INFO     | 
  Verifying target #2 (D=283px)...
2025-12-03 20:45:45 | DEBUG    |     Clicking (688, 663)
2025-12-03 20:45:45 | DEBUG    |     ✗ Filtered PET (no class)
2025-12-03 20:45:45 | INFO     |     ✗ No valid nameplate or is a pet
2025-12-03 20:45:45 | INFO     | 
  Verifying target #3 (D=323px)...
2025-12-03 20:45:45 | DEBUG    |     Clicking (717, 787)
2025-12-03 20:45:46 | DEBUG    |     ✗ Filtered PET (no class)
2025-12-03 20:45:46 | INFO     |     ✗ No valid nameplate or is a pet
2025-12-03 20:45:46 | INFO     | 
======================================================================
2025-12-03 20:45:46 | INFO     | CYCLE #7
2025-12-03 20:45:46 | INFO     | ======================================================================
2025-12-03 20:45:46 | INFO     | Detected: 5 floating names
2025-12-03 20:45:46 | INFO     | → Valid targets (after cache): 5
2025-12-03 20:45:46 | INFO     | → Target priority (closest to farthest):
2025-12-03 20:45:46 | INFO     |    #1: Distance=203px from center
2025-12-03 20:45:46 | INFO     |    #2: Distance=338px from center
2025-12-03 20:45:46 | INFO     |    #3: Distance=577px from center
2025-12-03 20:45:46 | INFO     |    #4: Distance=856px from center
2025-12-03 20:45:46 | INFO     |    #5: Distance=881px from center
2025-12-03 20:45:46 | INFO     | 
  Verifying target #1 (D=203px)...
2025-12-03 20:45:46 | DEBUG    |     Clicking (948, 772)
2025-12-03 20:45:47 | DEBUG    |     ✗ Filtered PET (no class)
2025-12-03 20:45:47 | INFO     |     ✗ No valid nameplate or is a pet
2025-12-03 20:45:47 | INFO     | 
  Verifying target #2 (D=338px)...
2025-12-03 20:45:47 | DEBUG    |     Clicking (669, 399)
2025-12-03 20:45:47 | DEBUG    |     ✗ Filtered PET (no class)
2025-12-03 20:45:47 | INFO     |     ✗ No valid nameplate or is a pet
2025-12-03 20:45:47 | INFO     | 
  Verifying target #3 (D=577px)...
2025-12-03 20:45:47 | DEBUG    |     Clicking (404, 418)
2025-12-03 20:45:48 | DEBUG    |     ✗ Filtered PET (no class)
2025-12-03 20:45:48 | INFO     |     ✗ No valid nameplate or is a pet
2025-12-03 20:45:48 | INFO     | 
======================================================================
2025-12-03 20:45:48 | INFO     | CYCLE #8
2025-12-03 20:45:48 | INFO     | ======================================================================
2025-12-03 20:45:48 | INFO     | Detected: 9 floating names
2025-12-03 20:45:48 | DEBUG    |   Name #9: Cached, skipping
2025-12-03 20:45:48 | INFO     | → Valid targets (after cache): 8
2025-12-03 20:45:48 | INFO     | → Target priority (closest to farthest):
2025-12-03 20:45:48 | INFO     |    #1: Distance=24px from center
2025-12-03 20:45:48 | INFO     |    #2: Distance=91px from center
2025-12-03 20:45:48 | INFO     |    #3: Distance=385px from center
2025-12-03 20:45:48 | INFO     |    #4: Distance=678px from center
2025-12-03 20:45:48 | INFO     |    #5: Distance=774px from center
2025-12-03 20:45:48 | INFO     | 
  Verifying target #1 (D=24px)...
2025-12-03 20:45:48 | DEBUG    |     Clicking (964, 546)
2025-12-03 20:45:48 | DEBUG    |     Health check: 0 red pixels -> DEAD
2025-12-03 20:45:48 | DEBUG    |     ✓ Verified MOB in 1 attempts
2025-12-03 20:45:48 | INFO     |     ✗ Mob already DEAD
2025-12-03 20:45:48 | INFO     | 
  Verifying target #2 (D=91px)...
2025-12-03 20:45:48 | DEBUG    |     Clicking (980, 481)
2025-12-03 20:45:49 | DEBUG    |     Health check: 0 red pixels -> DEAD
2025-12-03 20:45:49 | DEBUG    |     ✓ Verified MOB in 1 attempts
2025-12-03 20:45:49 | INFO     |     ✗ Mob already DEAD
2025-12-03 20:45:49 | INFO     | 
  Verifying target #3 (D=385px)...
2025-12-03 20:45:49 | DEBUG    |     Clicking (1288, 368)
2025-12-03 20:45:49 | DEBUG    |     Health check: 649 red pixels -> ALIVE
2025-12-03 20:45:49 | DEBUG    |     ✓ Verified MOB in 1 attempts
2025-12-03 20:45:49 | INFO     |     ✓ Elite | Status: ALIVE
2025-12-03 20:45:49 | INFO     | 
>>>>>>>>>>>>>>>>>>>>>>>>>>>>>>>>>>>>>>>>>>>>>>>>>>>>>>>>>>>>
2025-12-03 20:45:49 | INFO     | ⚔️  ENGAGING: Elite
2025-12-03 20:45:49 | INFO     | >>>>>>>>>>>>>>>>>>>>>>>>>>>>>>>>>>>>>>>>>>>>>>>>>>>>>>>>>>>>
2025-12-03 20:45:49 | DEBUG    |     Health check: 649 red pixels -> ALIVE
2025-12-03 20:45:49 | INFO     |   → Skill 1: 1
2025-12-03 20:45:50 | DEBUG    |     Health check: 649 red pixels -> ALIVE
2025-12-03 20:45:50 | INFO     |   → Skill 2: 2
2025-12-03 20:45:51 | DEBUG    |     Health check: 649 red pixels -> ALIVE
2025-12-03 20:45:51 | INFO     |   → Skill 3: 3
2025-12-03 20:45:53 | DEBUG    |     Health check: 649 red pixels -> ALIVE
2025-12-03 20:45:53 | INFO     |   → Skill 4: 4
2025-12-03 20:45:54 | DEBUG    |     Health check: 649 red pixels -> ALIVE
2025-12-03 20:45:54 | INFO     |   ℹ️  Rotation complete (mob status unknown)
2025-12-03 20:45:54 | INFO     | <<<<<<<<<<<<<<<<<<<<<<<<<<<<<<<<<<<<<<<<<<<<<<<<<<<<<<<<<<<<
2025-12-03 20:45:54 | INFO     | 💀 Total kills: 3
2025-12-03 20:45:54 | INFO     | <<<<<<<<<<<<<<<<<<<<<<<<<<<<<<<<<<<<<<<<<<<<<<<<<<<<<<<<<<<<

2025-12-03 20:45:54 | INFO     | 
⏸️  PAUSED - Press CapsLock to resume

2025-12-03 20:45:56 | INFO     | 

⛔ Bot stopped by user
2025-12-03 20:45:56 | INFO     | 
======================================================================
2025-12-03 20:45:56 | INFO     | FINAL STATISTICS
2025-12-03 20:45:56 | INFO     | ======================================================================
2025-12-03 20:45:56 | INFO     | Total Cycles: 8
2025-12-03 20:45:56 | INFO     | Total Clicks: 19
2025-12-03 20:45:56 | INFO     | Verified Mobs: 9
2025-12-03 20:45:56 | INFO     | Filtered Pets: 10
2025-12-03 20:45:56 | INFO     | Total Kills: 3
2025-12-03 20:45:56 | INFO     | Early Stops: 1 (stopped rotation early due to death)
2025-12-03 20:45:56 | INFO     | Skills Used: 12
2025-12-03 20:45:56 | INFO     | Avg Skills/Kill: 4.0
2025-12-03 20:45:56 | INFO     | Uptime: 26s (0m 26s)
2025-12-03 20:45:56 | INFO     | Cache Hit Rate: 11.4%
2025-12-03 20:45:56 | INFO     | ======================================================================
