2025-12-11 13:54:52 | INFO     | ======================================================================
2025-12-11 13:54:52 | INFO     | MOB HUNTER v3.0 - CENTER-OUT + BINARY HEALTH
2025-12-11 13:54:52 | INFO     | ======================================================================
2025-12-11 13:54:52 | INFO     | Log directory: logs/session_20251211_135452
2025-12-11 13:54:52 | INFO     | Screen: 1920x1080
2025-12-11 13:54:52 | INFO     | Strategy: Attack closest to center first
2025-12-11 13:54:52 | INFO     | Health: Binary (ALIVE/DEAD) detection
2025-12-11 13:54:52 | INFO     | Pet Filter: Via nameplate class detection
2025-12-11 13:54:52 | INFO     | ======================================================================
2025-12-11 13:54:52 | INFO     | 
🚀 Bot started! Press Ctrl+C to stop.

2025-12-11 13:54:52 | INFO     | 💡 Controls: CapsLock = Pause/Resume | O = Toggle Overlay

2025-12-11 13:54:52 | INFO     | ⌨️  Global keyboard listener active (works in any window)

2025-12-11 13:54:52 | INFO     | 📋 Configuration:
2025-12-11 13:54:52 | INFO     |    Death Detection: ✅ Enabled
2025-12-11 13:54:52 | INFO     |    Death Screenshots: ✅ Enabled
2025-12-11 13:54:52 | INFO     |    Error Screenshots: ✅ Enabled
2025-12-11 13:54:52 | INFO     |    Periodic Screenshots: ❌ Disabled
2025-12-11 13:54:52 | INFO     |    Buffer Interval: 120s
2025-12-11 13:54:52 | INFO     |    Overlay: ✅ Enabled
2025-12-11 13:54:52 | INFO     | 
2025-12-11 13:54:52 | INFO     | 🖥️  Click-through overlay starting...
2025-12-11 13:54:52 | INFO     | 
Running INITIAL buffer sequence...
2025-12-11 13:54:52 | INFO     | 
============================================================
2025-12-11 13:54:52 | INFO     | RUNNING BUFFER SEQUENCE
2025-12-11 13:54:52 | INFO     | ============================================================
2025-12-11 13:54:52 | INFO     |   [1/6] Pressing: F2
2025-12-11 13:54:52 | INFO     |   [2/6] Pressing: 1
2025-12-11 13:54:53 | INFO     |   [3/6] Pressing: 2
2025-12-11 13:54:53 | INFO     |       Waiting 1.0s...
2025-12-11 13:54:53 | INFO     | ✅ Overlay is now CLICK-THROUGH and transparent
2025-12-11 13:54:54 | INFO     |   [4/6] Pressing: 3
2025-12-11 13:54:54 | INFO     |       Waiting 1.0s...
2025-12-11 13:54:55 | INFO     |   [5/6] Pressing: 4
2025-12-11 13:54:55 | INFO     |       Waiting 1.0s...
2025-12-11 13:54:56 | INFO     |   [6/6] Pressing: F1
2025-12-11 13:54:56 | INFO     | ============================================================
2025-12-11 13:54:56 | INFO     | Buffer sequence complete (Total: 1)
2025-12-11 13:54:56 | INFO     | Next buffer in 120s (2m)
2025-12-11 13:54:56 | INFO     | ============================================================

2025-12-11 13:54:56 | INFO     | 🙈 Overlay: HIDDEN
2025-12-11 13:54:56 | INFO     | 
======================================================================
2025-12-11 13:54:56 | INFO     | CYCLE #1
2025-12-11 13:54:56 | INFO     | ======================================================================
2025-12-11 13:54:56 | DEBUG    | Death detection: Gold=2122, Dark=50838, Brown=1489, White=287
2025-12-11 13:54:56 | INFO     | Detected: 15 floating names
2025-12-11 13:54:56 | INFO     | → Valid targets (after cache): 15
2025-12-11 13:54:56 | INFO     | → Target priority (closest to farthest):
2025-12-11 13:54:56 | INFO     |    #1: Distance=48px from center
2025-12-11 13:54:56 | INFO     |    #2: Distance=50px from center
2025-12-11 13:54:56 | INFO     |    #3: Distance=60px from center
2025-12-11 13:54:56 | INFO     |    #4: Distance=99px from center
2025-12-11 13:54:56 | INFO     |    #5: Distance=109px from center
2025-12-11 13:54:56 | INFO     | 
  Verifying target #1 (D=48px)...
2025-12-11 13:54:56 | DEBUG    |     Clicking (1006, 567)
2025-12-11 13:54:57 | DEBUG    |     Health check: 121 red pixels -> ALIVE
2025-12-11 13:54:57 | DEBUG    |     ✓ Verified MOB in 1 attempts
2025-12-11 13:54:57 | INFO     |     ✓ Unique | Status: ALIVE
2025-12-11 13:54:57 | INFO     | 
>>>>>>>>>>>>>>>>>>>>>>>>>>>>>>>>>>>>>>>>>>>>>>>>>>>>>>>>>>>>
2025-12-11 13:54:57 | INFO     | ⚔️  ENGAGING: Unique
2025-12-11 13:54:57 | INFO     | >>>>>>>>>>>>>>>>>>>>>>>>>>>>>>>>>>>>>>>>>>>>>>>>>>>>>>>>>>>>
2025-12-11 13:54:57 | DEBUG    |     Initial health: 121 red pixels
2025-12-11 13:54:57 | INFO     |   → Skill 1: 1
2025-12-11 13:54:58 | DEBUG    |     Health check: 121 red pixels -> ALIVE
2025-12-11 13:54:58 | INFO     |   → Skill 2: 2
2025-12-11 13:54:59 | DEBUG    |     Health check: 121 red pixels -> ALIVE
2025-12-11 13:54:59 | INFO     |   → Skill 3: 3
2025-12-11 13:55:00 | DEBUG    |     Health check: 121 red pixels -> ALIVE
2025-12-11 13:55:00 | INFO     |   → Skill 4: 4
2025-12-11 13:55:01 | DEBUG    |     Health check: 121 red pixels -> ALIVE
2025-12-11 13:55:01 | DEBUG    |     Health change: 121 → 121 (Δ=0)
2025-12-11 13:55:01 | WARNING  |   ⚠️  Health unchanged (121 → 121) - NOT hitting mob!
2025-12-11 13:55:01 | WARNING  |   Character may be stuck or mob unreachable
2025-12-11 13:55:01 | INFO     | <<<<<<<<<<<<<<<<<<<<<<<<<<<<<<<<<<<<<<<<<<<<<<<<<<<<<<<<<<<<

2025-12-11 13:55:01 | DEBUG    |     Combat failed - mob may be unreachable
2025-12-11 13:55:01 | INFO     | 
  Verifying target #2 (D=50px)...
2025-12-11 13:55:01 | DEBUG    |     Clicking (966, 620)
2025-12-11 13:55:02 | DEBUG    |     Health check: 121 red pixels -> ALIVE
2025-12-11 13:55:02 | DEBUG    |     ✓ Verified MOB in 1 attempts
2025-12-11 13:55:02 | INFO     |     ✓ Unique | Status: ALIVE
2025-12-11 13:55:02 | INFO     | 
>>>>>>>>>>>>>>>>>>>>>>>>>>>>>>>>>>>>>>>>>>>>>>>>>>>>>>>>>>>>
2025-12-11 13:55:02 | INFO     | ⚔️  ENGAGING: Unique
2025-12-11 13:55:02 | INFO     | >>>>>>>>>>>>>>>>>>>>>>>>>>>>>>>>>>>>>>>>>>>>>>>>>>>>>>>>>>>>
2025-12-11 13:55:02 | DEBUG    |     Initial health: 121 red pixels
2025-12-11 13:55:02 | INFO     |   → Skill 1: 1
2025-12-11 13:55:03 | DEBUG    |     Health check: 121 red pixels -> ALIVE
2025-12-11 13:55:03 | INFO     |   → Skill 2: 2
2025-12-11 13:55:04 | DEBUG    |     Health check: 121 red pixels -> ALIVE
2025-12-11 13:55:04 | INFO     |   → Skill 3: 3
2025-12-11 13:55:05 | DEBUG    |     Health check: 121 red pixels -> ALIVE
2025-12-11 13:55:05 | INFO     |   → Skill 4: 4
2025-12-11 13:55:06 | DEBUG    |     Health check: 121 red pixels -> ALIVE
2025-12-11 13:55:06 | DEBUG    |     Health change: 121 → 121 (Δ=0)
2025-12-11 13:55:06 | WARNING  |   ⚠️  Health unchanged (121 → 121) - NOT hitting mob!
2025-12-11 13:55:06 | WARNING  |   Character may be stuck or mob unreachable
2025-12-11 13:55:06 | INFO     | <<<<<<<<<<<<<<<<<<<<<<<<<<<<<<<<<<<<<<<<<<<<<<<<<<<<<<<<<<<<

2025-12-11 13:55:06 | DEBUG    |     Combat failed - mob may be unreachable
2025-12-11 13:55:06 | INFO     | 
  Verifying target #3 (D=60px)...
2025-12-11 13:55:06 | DEBUG    |     Clicking (982, 514)
2025-12-11 13:55:07 | DEBUG    |     Health check: 121 red pixels -> ALIVE
2025-12-11 13:55:07 | DEBUG    |     ✓ Verified MOB in 1 attempts
2025-12-11 13:55:07 | INFO     |     ✓ Unique | Status: ALIVE
2025-12-11 13:55:07 | INFO     | 
>>>>>>>>>>>>>>>>>>>>>>>>>>>>>>>>>>>>>>>>>>>>>>>>>>>>>>>>>>>>
2025-12-11 13:55:07 | INFO     | ⚔️  ENGAGING: Unique
2025-12-11 13:55:07 | INFO     | >>>>>>>>>>>>>>>>>>>>>>>>>>>>>>>>>>>>>>>>>>>>>>>>>>>>>>>>>>>>
2025-12-11 13:55:07 | DEBUG    |     Initial health: 121 red pixels
2025-12-11 13:55:07 | INFO     |   → Skill 1: 1
2025-12-11 13:55:08 | DEBUG    |     Health check: 121 red pixels -> ALIVE
2025-12-11 13:55:08 | INFO     |   → Skill 2: 2
2025-12-11 13:55:09 | DEBUG    |     Health check: 121 red pixels -> ALIVE
2025-12-11 13:55:09 | INFO     |   → Skill 3: 3
2025-12-11 13:55:10 | DEBUG    |     Health check: 121 red pixels -> ALIVE
2025-12-11 13:55:10 | INFO     |   → Skill 4: 4
2025-12-11 13:55:11 | DEBUG    |     Health check: 121 red pixels -> ALIVE
2025-12-11 13:55:11 | DEBUG    |     Health change: 121 → 121 (Δ=0)
2025-12-11 13:55:11 | WARNING  |   ⚠️  Health unchanged (121 → 121) - NOT hitting mob!
2025-12-11 13:55:11 | WARNING  |   Character may be stuck or mob unreachable
2025-12-11 13:55:11 | INFO     | <<<<<<<<<<<<<<<<<<<<<<<<<<<<<<<<<<<<<<<<<<<<<<<<<<<<<<<<<<<<

2025-12-11 13:55:11 | DEBUG    |     Combat failed - mob may be unreachable
2025-12-11 13:55:12 | INFO     | 👁️  Overlay: VISIBLE
2025-12-11 13:55:12 | INFO     | 
======================================================================
2025-12-11 13:55:12 | INFO     | CYCLE #2
2025-12-11 13:55:12 | INFO     | ======================================================================
2025-12-11 13:55:12 | DEBUG    | Death detection: Gold=2076, Dark=49412, Brown=1402, White=448
2025-12-11 13:55:12 | WARNING  | ⚠️  STUCK DETECTED (Scenario 2): Target selected but stuck for 15.0s
2025-12-11 13:55:12 | INFO     | 
======================================================================
2025-12-11 13:55:12 | INFO     | 🔧 ANTI-STUCK RECOVERY ACTIVATED
2025-12-11 13:55:12 | INFO     | ======================================================================
2025-12-11 13:55:12 | INFO     | Scenario: 2
2025-12-11 13:55:12 | INFO     | Consecutive attempts: 1
2025-12-11 13:55:12 | INFO     | Total recoveries: 1
2025-12-11 13:55:12 | INFO     | Action: Turn around + Move away + Find new target
2025-12-11 13:55:12 | INFO     |   Turning around left (1.9s)...
2025-12-11 13:55:14 | INFO     |   Moving away from stuck position (2.1s)...
2025-12-11 13:55:17 | INFO     | ✓ Moved away - will search for new mobs
2025-12-11 13:55:17 | INFO     | ======================================================================

2025-12-11 13:55:17 | INFO     | ✅ Stuck recovery completed - continuing with detection
2025-12-11 13:55:17 | INFO     | Detected: 3 floating names
2025-12-11 13:55:17 | DEBUG    |   Name #3: Cached, skipping
2025-12-11 13:55:17 | INFO     | → Valid targets (after cache): 2
2025-12-11 13:55:17 | INFO     | → Target priority (closest to farthest):
2025-12-11 13:55:17 | INFO     |    #1: Distance=128px from center
2025-12-11 13:55:17 | INFO     |    #2: Distance=140px from center
2025-12-11 13:55:17 | INFO     | 
  Verifying target #1 (D=128px)...
2025-12-11 13:55:17 | DEBUG    |     Clicking (1032, 678)
2025-12-11 13:55:17 | DEBUG    |     Health check: 121 red pixels -> ALIVE
2025-12-11 13:55:17 | DEBUG    |     ✓ Verified MOB in 1 attempts
2025-12-11 13:55:17 | INFO     |     ✓ Unique | Status: ALIVE
2025-12-11 13:55:17 | INFO     | 
>>>>>>>>>>>>>>>>>>>>>>>>>>>>>>>>>>>>>>>>>>>>>>>>>>>>>>>>>>>>
2025-12-11 13:55:17 | INFO     | ⚔️  ENGAGING: Unique
2025-12-11 13:55:17 | INFO     | >>>>>>>>>>>>>>>>>>>>>>>>>>>>>>>>>>>>>>>>>>>>>>>>>>>>>>>>>>>>
2025-12-11 13:55:17 | DEBUG    |     Initial health: 121 red pixels
2025-12-11 13:55:17 | INFO     |   → Skill 1: 1
2025-12-11 13:55:18 | DEBUG    |     Health check: 121 red pixels -> ALIVE
2025-12-11 13:55:18 | INFO     |   → Skill 2: 2
2025-12-11 13:55:19 | DEBUG    |     Health check: 121 red pixels -> ALIVE
2025-12-11 13:55:19 | INFO     |   → Skill 3: 3
2025-12-11 13:55:21 | DEBUG    |     Health check: 121 red pixels -> ALIVE
2025-12-11 13:55:21 | INFO     |   → Skill 4: 4
2025-12-11 13:55:22 | DEBUG    |     Health check: 121 red pixels -> ALIVE
2025-12-11 13:55:22 | DEBUG    |     Health change: 121 → 121 (Δ=0)
2025-12-11 13:55:22 | WARNING  |   ⚠️  Health unchanged (121 → 121) - NOT hitting mob!
2025-12-11 13:55:22 | WARNING  |   Character may be stuck or mob unreachable
2025-12-11 13:55:22 | INFO     | <<<<<<<<<<<<<<<<<<<<<<<<<<<<<<<<<<<<<<<<<<<<<<<<<<<<<<<<<<<<

2025-12-11 13:55:22 | DEBUG    |     Combat failed - mob may be unreachable
2025-12-11 13:55:22 | INFO     | 
  Verifying target #2 (D=140px)...
2025-12-11 13:55:22 | DEBUG    |     Clicking (869, 676)
2025-12-11 13:55:22 | DEBUG    |     Health check: 121 red pixels -> ALIVE
2025-12-11 13:55:22 | DEBUG    |     ✓ Verified MOB in 1 attempts
2025-12-11 13:55:22 | INFO     |     ✓ Unique | Status: ALIVE
2025-12-11 13:55:22 | INFO     | 
>>>>>>>>>>>>>>>>>>>>>>>>>>>>>>>>>>>>>>>>>>>>>>>>>>>>>>>>>>>>
2025-12-11 13:55:22 | INFO     | ⚔️  ENGAGING: Unique
2025-12-11 13:55:22 | INFO     | >>>>>>>>>>>>>>>>>>>>>>>>>>>>>>>>>>>>>>>>>>>>>>>>>>>>>>>>>>>>
2025-12-11 13:55:22 | DEBUG    |     Initial health: 121 red pixels
2025-12-11 13:55:22 | INFO     |   → Skill 1: 1
2025-12-11 13:55:23 | DEBUG    |     Health check: 121 red pixels -> ALIVE
2025-12-11 13:55:23 | INFO     |   → Skill 2: 2
2025-12-11 13:55:24 | DEBUG    |     Health check: 121 red pixels -> ALIVE
2025-12-11 13:55:24 | INFO     |   → Skill 3: 3
2025-12-11 13:55:25 | DEBUG    |     Health check: 121 red pixels -> ALIVE
2025-12-11 13:55:25 | INFO     |   → Skill 4: 4
2025-12-11 13:55:27 | DEBUG    |     Health check: 121 red pixels -> ALIVE
2025-12-11 13:55:27 | DEBUG    |     Health change: 121 → 121 (Δ=0)
2025-12-11 13:55:27 | WARNING  |   ⚠️  Health unchanged (121 → 121) - NOT hitting mob!
2025-12-11 13:55:27 | WARNING  |   Character may be stuck or mob unreachable
2025-12-11 13:55:27 | INFO     | <<<<<<<<<<<<<<<<<<<<<<<<<<<<<<<<<<<<<<<<<<<<<<<<<<<<<<<<<<<<

2025-12-11 13:55:27 | DEBUG    |     Combat failed - mob may be unreachable
2025-12-11 13:55:27 | INFO     | 
======================================================================
2025-12-11 13:55:27 | INFO     | CYCLE #3
2025-12-11 13:55:27 | INFO     | ======================================================================
2025-12-11 13:55:27 | DEBUG    | Death detection: Gold=2381, Dark=50593, Brown=1475, White=608
2025-12-11 13:55:27 | WARNING  | 💀 DEATH DETECTED - Player is dead!
2025-12-11 13:55:27 | WARNING  |    Indicators: Gold=True, Dark=True, Brown=False, Text=True
2025-12-11 13:55:27 | WARNING  | ⚠️  Player is dead - pausing hunting
2025-12-11 13:55:27 | INFO     | 📸 Screenshot saved: 0001_135527_DEATH_death_1.png
2025-12-11 13:55:27 | INFO     | 
======================================================================
2025-12-11 13:55:27 | INFO     | 💀 DEATH HANDLER ACTIVATED
2025-12-11 13:55:27 | INFO     | ======================================================================
2025-12-11 13:55:27 | INFO     | Death #1
2025-12-11 13:55:27 | INFO     | Waiting 2.0s before reviving...
2025-12-11 13:55:29 | INFO     | Pressing F4 (open revive menu)...
2025-12-11 13:55:30 | INFO     | Pressing 0 (resurrect at specified point)...
2025-12-11 13:55:30 | INFO     | Waiting for respawn (3s)...
2025-12-11 13:55:33 | INFO     | ✅ Revive sequence completed!
2025-12-11 13:55:33 | INFO     | ======================================================================

2025-12-11 13:55:33 | INFO     | 🔄 Running buffer sequence after revive...
2025-12-11 13:55:33 | INFO     | 
============================================================
2025-12-11 13:55:33 | INFO     | RUNNING BUFFER SEQUENCE
2025-12-11 13:55:33 | INFO     | ============================================================
2025-12-11 13:55:33 | INFO     |   [1/6] Pressing: F2
2025-12-11 13:55:33 | INFO     |   [2/6] Pressing: 1
2025-12-11 13:55:33 | INFO     |   [3/6] Pressing: 2
2025-12-11 13:55:33 | INFO     |       Waiting 1.0s...
2025-12-11 13:55:34 | INFO     |   [4/6] Pressing: 3
2025-12-11 13:55:34 | INFO     |       Waiting 1.0s...
2025-12-11 13:55:35 | INFO     |   [5/6] Pressing: 4
2025-12-11 13:55:36 | INFO     |       Waiting 1.0s...
2025-12-11 13:55:37 | INFO     |   [6/6] Pressing: F1
2025-12-11 13:55:37 | INFO     | ============================================================
2025-12-11 13:55:37 | INFO     | Buffer sequence complete (Total: 2)
2025-12-11 13:55:37 | INFO     | Next buffer in 120s (2m)
2025-12-11 13:55:37 | INFO     | ============================================================

2025-12-11 13:55:37 | INFO     | ✅ Ready to resume hunting!
2025-12-11 13:55:37 | INFO     | 
======================================================================
2025-12-11 13:55:37 | INFO     | CYCLE #4
2025-12-11 13:55:37 | INFO     | ======================================================================
2025-12-11 13:55:37 | DEBUG    | Death detection: Gold=542, Dark=65031, Brown=6, White=808
2025-12-11 13:55:37 | WARNING  | ⚠️  STILL STUCK (Recovery mode, attempt #2)
2025-12-11 13:55:37 | INFO     | 
======================================================================
2025-12-11 13:55:37 | INFO     | 🔧 ANTI-STUCK RECOVERY ACTIVATED
2025-12-11 13:55:37 | INFO     | ======================================================================
2025-12-11 13:55:37 | INFO     | Scenario: 2
2025-12-11 13:55:37 | INFO     | Consecutive attempts: 2
2025-12-11 13:55:37 | INFO     | Total recoveries: 2
2025-12-11 13:55:37 | INFO     | Action: Turn around + Move away + Find new target
2025-12-11 13:55:37 | INFO     |   Turning around left (1.8s)...
2025-12-11 13:55:39 | INFO     |   Moving away from stuck position (2.3s)...
2025-12-11 13:55:42 | INFO     |   Extra rotation to search (0.7s)...
2025-12-11 13:55:43 | INFO     | ✓ Moved away - will search for new mobs
2025-12-11 13:55:43 | INFO     | ======================================================================

2025-12-11 13:55:43 | INFO     | ✅ Stuck recovery completed - continuing with detection
2025-12-11 13:55:43 | INFO     | Detected: 7 floating names
2025-12-11 13:55:43 | INFO     | → Valid targets (after cache): 7
2025-12-11 13:55:43 | INFO     | → Target priority (closest to farthest):
2025-12-11 13:55:43 | INFO     |    #1: Distance=37px from center
2025-12-11 13:55:43 | INFO     |    #2: Distance=44px from center
2025-12-11 13:55:43 | INFO     |    #3: Distance=94px from center
2025-12-11 13:55:43 | INFO     |    #4: Distance=126px from center
2025-12-11 13:55:43 | INFO     |    #5: Distance=815px from center
2025-12-11 13:55:43 | INFO     | 
  Verifying target #1 (D=37px)...
2025-12-11 13:55:43 | DEBUG    |     Clicking (960, 533)
2025-12-11 13:55:44 | DEBUG    |     Health check: 121 red pixels -> ALIVE
2025-12-11 13:55:44 | DEBUG    |     ✓ Verified MOB in 1 attempts
2025-12-11 13:55:44 | INFO     |     ✓ Unique | Status: ALIVE
2025-12-11 13:55:44 | INFO     | 
>>>>>>>>>>>>>>>>>>>>>>>>>>>>>>>>>>>>>>>>>>>>>>>>>>>>>>>>>>>>
2025-12-11 13:55:44 | INFO     | ⚔️  ENGAGING: Unique
2025-12-11 13:55:44 | INFO     | >>>>>>>>>>>>>>>>>>>>>>>>>>>>>>>>>>>>>>>>>>>>>>>>>>>>>>>>>>>>
2025-12-11 13:55:44 | DEBUG    |     Initial health: 121 red pixels
2025-12-11 13:55:44 | INFO     |   → Skill 1: 1
2025-12-11 13:55:45 | DEBUG    |     Health check: 121 red pixels -> ALIVE
2025-12-11 13:55:45 | INFO     |   → Skill 2: 2
2025-12-11 13:55:46 | DEBUG    |     Health check: 121 red pixels -> ALIVE
2025-12-11 13:55:46 | INFO     |   → Skill 3: 3
2025-12-11 13:55:47 | DEBUG    |     Health check: 121 red pixels -> ALIVE
2025-12-11 13:55:47 | INFO     |   → Skill 4: 4
2025-12-11 13:55:48 | DEBUG    |     Health check: 121 red pixels -> ALIVE
2025-12-11 13:55:48 | DEBUG    |     Health change: 121 → 121 (Δ=0)
2025-12-11 13:55:48 | WARNING  |   ⚠️  Health unchanged (121 → 121) - NOT hitting mob!
2025-12-11 13:55:48 | WARNING  |   Character may be stuck or mob unreachable
2025-12-11 13:55:48 | INFO     | <<<<<<<<<<<<<<<<<<<<<<<<<<<<<<<<<<<<<<<<<<<<<<<<<<<<<<<<<<<<

2025-12-11 13:55:48 | DEBUG    |     Combat failed - mob may be unreachable
2025-12-11 13:55:48 | INFO     | 
  Verifying target #2 (D=44px)...
2025-12-11 13:55:48 | DEBUG    |     Clicking (959, 625)
2025-12-11 13:55:49 | DEBUG    |     Health check: 121 red pixels -> ALIVE
2025-12-11 13:55:49 | DEBUG    |     ✓ Verified MOB in 1 attempts
2025-12-11 13:55:49 | INFO     |     ✓ Unique | Status: ALIVE
2025-12-11 13:55:49 | INFO     | 
>>>>>>>>>>>>>>>>>>>>>>>>>>>>>>>>>>>>>>>>>>>>>>>>>>>>>>>>>>>>
2025-12-11 13:55:49 | INFO     | ⚔️  ENGAGING: Unique
2025-12-11 13:55:49 | INFO     | >>>>>>>>>>>>>>>>>>>>>>>>>>>>>>>>>>>>>>>>>>>>>>>>>>>>>>>>>>>>
2025-12-11 13:55:49 | DEBUG    |     Initial health: 121 red pixels
2025-12-11 13:55:49 | INFO     |   → Skill 1: 1
2025-12-11 13:55:50 | DEBUG    |     Health check: 121 red pixels -> ALIVE
2025-12-11 13:55:50 | INFO     |   → Skill 2: 2
2025-12-11 13:55:51 | DEBUG    |     Health check: 121 red pixels -> ALIVE
2025-12-11 13:55:51 | INFO     |   → Skill 3: 3
2025-12-11 13:55:52 | DEBUG    |     Health check: 142 red pixels -> ALIVE
2025-12-11 13:55:52 | INFO     |   → Skill 4: 4
2025-12-11 13:55:53 | DEBUG    |     Health check: 147 red pixels -> ALIVE
2025-12-11 13:55:53 | DEBUG    |     Health change: 121 → 147 (Δ=-26)
2025-12-11 13:55:53 | WARNING  |   ⚠️  Health unchanged (121 → 147) - NOT hitting mob!
2025-12-11 13:55:53 | WARNING  |   Character may be stuck or mob unreachable
2025-12-11 13:55:53 | INFO     | <<<<<<<<<<<<<<<<<<<<<<<<<<<<<<<<<<<<<<<<<<<<<<<<<<<<<<<<<<<<

2025-12-11 13:55:53 | DEBUG    |     Combat failed - mob may be unreachable
2025-12-11 13:55:53 | INFO     | 
  Verifying target #3 (D=94px)...
2025-12-11 13:55:53 | DEBUG    |     Clicking (965, 666)
2025-12-11 13:55:54 | DEBUG    |     Health check: 133 red pixels -> ALIVE
2025-12-11 13:55:54 | DEBUG    |     ✓ Verified MOB in 1 attempts
2025-12-11 13:55:54 | INFO     |     ✓ Unique | Status: ALIVE
2025-12-11 13:55:54 | INFO     | 
>>>>>>>>>>>>>>>>>>>>>>>>>>>>>>>>>>>>>>>>>>>>>>>>>>>>>>>>>>>>
2025-12-11 13:55:54 | INFO     | ⚔️  ENGAGING: Unique
2025-12-11 13:55:54 | INFO     | >>>>>>>>>>>>>>>>>>>>>>>>>>>>>>>>>>>>>>>>>>>>>>>>>>>>>>>>>>>>
2025-12-11 13:55:54 | DEBUG    |     Initial health: 134 red pixels
2025-12-11 13:55:54 | INFO     |   → Skill 1: 1
2025-12-11 13:55:55 | DEBUG    |     Health check: 145 red pixels -> ALIVE
2025-12-11 13:55:55 | INFO     |   → Skill 2: 2
2025-12-11 13:55:56 | DEBUG    |     Health check: 127 red pixels -> ALIVE
2025-12-11 13:55:56 | INFO     |   → Skill 3: 3
2025-12-11 13:55:57 | DEBUG    |     Health check: 131 red pixels -> ALIVE
2025-12-11 13:55:57 | INFO     |   → Skill 4: 4
2025-12-11 13:55:58 | DEBUG    |     Health check: 134 red pixels -> ALIVE
2025-12-11 13:55:58 | DEBUG    |     Health change: 134 → 134 (Δ=0)
2025-12-11 13:55:58 | WARNING  |   ⚠️  Health unchanged (134 → 134) - NOT hitting mob!
2025-12-11 13:55:58 | WARNING  |   Character may be stuck or mob unreachable
2025-12-11 13:55:58 | INFO     | <<<<<<<<<<<<<<<<<<<<<<<<<<<<<<<<<<<<<<<<<<<<<<<<<<<<<<<<<<<<

2025-12-11 13:55:58 | DEBUG    |     Combat failed - mob may be unreachable
2025-12-11 13:55:59 | INFO     | 
⏸️  PAUSED - Press CapsLock to resume

2025-12-11 13:56:43 | INFO     | 
▶️  RESUMED - Running buffer sequence...

2025-12-11 13:56:43 | INFO     | Buffer timer reset - will run on next cycle
2025-12-11 13:56:43 | INFO     | 
============================================================
2025-12-11 13:56:43 | INFO     | RUNNING BUFFER SEQUENCE
2025-12-11 13:56:43 | INFO     | ============================================================
2025-12-11 13:56:43 | INFO     |   [1/6] Pressing: F2
2025-12-11 13:56:43 | INFO     |   [2/6] Pressing: 1
2025-12-11 13:56:43 | INFO     |   [3/6] Pressing: 2
2025-12-11 13:56:43 | INFO     |       Waiting 1.0s...
2025-12-11 13:56:44 | INFO     |   [4/6] Pressing: 3
2025-12-11 13:56:44 | INFO     |       Waiting 1.0s...
2025-12-11 13:56:45 | INFO     |   [5/6] Pressing: 4
2025-12-11 13:56:46 | INFO     |       Waiting 1.0s...
2025-12-11 13:56:47 | INFO     |   [6/6] Pressing: F1
2025-12-11 13:56:47 | INFO     | ============================================================
2025-12-11 13:56:47 | INFO     | Buffer sequence complete (Total: 3)
2025-12-11 13:56:47 | INFO     | Next buffer in 120s (2m)
2025-12-11 13:56:47 | INFO     | ============================================================

2025-12-11 13:56:47 | INFO     | 
======================================================================
2025-12-11 13:56:47 | INFO     | CYCLE #5
2025-12-11 13:56:47 | INFO     | ======================================================================
2025-12-11 13:56:47 | DEBUG    | Skipping death detection (just resumed)
2025-12-11 13:56:47 | WARNING  | ⚠️  STILL STUCK (Recovery mode, attempt #3)
2025-12-11 13:56:47 | INFO     | 
======================================================================
2025-12-11 13:56:47 | INFO     | 🔧 ANTI-STUCK RECOVERY ACTIVATED
2025-12-11 13:56:47 | INFO     | ======================================================================
2025-12-11 13:56:47 | INFO     | Scenario: 2
2025-12-11 13:56:47 | INFO     | Consecutive attempts: 3
2025-12-11 13:56:47 | INFO     | Total recoveries: 3
2025-12-11 13:56:47 | INFO     | Action: Turn around + Move away + Find new target
2025-12-11 13:56:47 | INFO     |   Turning around right (1.6s)...
2025-12-11 13:56:49 | INFO     |   Moving away from stuck position (2.3s)...
2025-12-11 13:56:52 | INFO     |   Extra rotation to search (1.0s)...
2025-12-11 13:56:53 | INFO     | ✓ Moved away - will search for new mobs
2025-12-11 13:56:53 | INFO     | ======================================================================

2025-12-11 13:56:53 | INFO     | ✅ Stuck recovery completed - continuing with detection
2025-12-11 13:56:53 | INFO     | Detected: 5 floating names
2025-12-11 13:56:53 | INFO     | → Valid targets (after cache): 5
2025-12-11 13:56:53 | INFO     | → Target priority (closest to farthest):
2025-12-11 13:56:53 | INFO     |    #1: Distance=324px from center
2025-12-11 13:56:53 | INFO     |    #2: Distance=334px from center
2025-12-11 13:56:53 | INFO     |    #3: Distance=815px from center
2025-12-11 13:56:53 | INFO     |    #4: Distance=907px from center
2025-12-11 13:56:53 | INFO     |    #5: Distance=946px from center
2025-12-11 13:56:53 | INFO     | 
  Verifying target #1 (D=324px)...
2025-12-11 13:56:53 | DEBUG    |     Clicking (922, 248)
2025-12-11 13:56:53 | DEBUG    |     Health check: 708 red pixels -> ALIVE
2025-12-11 13:56:53 | DEBUG    |     ✓ Verified MOB in 1 attempts
2025-12-11 13:56:53 | INFO     |     ✓ Unique | Status: ALIVE
2025-12-11 13:56:53 | INFO     | 
>>>>>>>>>>>>>>>>>>>>>>>>>>>>>>>>>>>>>>>>>>>>>>>>>>>>>>>>>>>>
2025-12-11 13:56:53 | INFO     | ⚔️  ENGAGING: Unique
2025-12-11 13:56:53 | INFO     | >>>>>>>>>>>>>>>>>>>>>>>>>>>>>>>>>>>>>>>>>>>>>>>>>>>>>>>>>>>>
2025-12-11 13:56:53 | DEBUG    |     Initial health: 708 red pixels
2025-12-11 13:56:53 | INFO     |   → Skill 1: 1
2025-12-11 13:56:55 | DEBUG    |     Health check: 708 red pixels -> ALIVE
2025-12-11 13:56:55 | INFO     |   → Skill 2: 2
2025-12-11 13:56:56 | DEBUG    |     Health check: 708 red pixels -> ALIVE
2025-12-11 13:56:56 | INFO     |   → Skill 3: 3
2025-12-11 13:56:57 | DEBUG    |     Health check: 708 red pixels -> ALIVE
2025-12-11 13:56:57 | INFO     |   → Skill 4: 4
2025-12-11 13:56:58 | DEBUG    |     Health check: 708 red pixels -> ALIVE
2025-12-11 13:56:58 | DEBUG    |     Health change: 708 → 708 (Δ=0)
2025-12-11 13:56:58 | WARNING  |   ⚠️  Health unchanged (708 → 708) - NOT hitting mob!
2025-12-11 13:56:58 | WARNING  |   Character may be stuck or mob unreachable
2025-12-11 13:56:58 | INFO     | <<<<<<<<<<<<<<<<<<<<<<<<<<<<<<<<<<<<<<<<<<<<<<<<<<<<<<<<<<<<

2025-12-11 13:56:58 | DEBUG    |     Combat failed - mob may be unreachable
2025-12-11 13:56:58 | INFO     | 
  Verifying target #2 (D=334px)...
2025-12-11 13:56:58 | DEBUG    |     Clicking (868, 248)
2025-12-11 13:56:58 | DEBUG    |     Health check: 708 red pixels -> ALIVE
2025-12-11 13:56:58 | DEBUG    |     ✓ Verified MOB in 1 attempts
2025-12-11 13:56:58 | INFO     |     ✓ Unique | Status: ALIVE
2025-12-11 13:56:58 | INFO     | 
>>>>>>>>>>>>>>>>>>>>>>>>>>>>>>>>>>>>>>>>>>>>>>>>>>>>>>>>>>>>
2025-12-11 13:56:58 | INFO     | ⚔️  ENGAGING: Unique
2025-12-11 13:56:58 | INFO     | >>>>>>>>>>>>>>>>>>>>>>>>>>>>>>>>>>>>>>>>>>>>>>>>>>>>>>>>>>>>
2025-12-11 13:56:58 | DEBUG    |     Initial health: 708 red pixels
2025-12-11 13:56:58 | INFO     |   → Skill 1: 1
2025-12-11 13:57:00 | DEBUG    |     Health check: 708 red pixels -> ALIVE
2025-12-11 13:57:00 | INFO     |   → Skill 2: 2
2025-12-11 13:57:01 | DEBUG    |     Health check: 708 red pixels -> ALIVE
2025-12-11 13:57:01 | INFO     |   → Skill 3: 3
2025-12-11 13:57:02 | DEBUG    |     Health check: 708 red pixels -> ALIVE
2025-12-11 13:57:02 | INFO     |   → Skill 4: 4
2025-12-11 13:57:03 | DEBUG    |     Health check: 708 red pixels -> ALIVE
2025-12-11 13:57:03 | DEBUG    |     Health change: 708 → 708 (Δ=0)
2025-12-11 13:57:03 | WARNING  |   ⚠️  Health unchanged (708 → 708) - NOT hitting mob!
2025-12-11 13:57:03 | WARNING  |   Character may be stuck or mob unreachable
2025-12-11 13:57:03 | INFO     | <<<<<<<<<<<<<<<<<<<<<<<<<<<<<<<<<<<<<<<<<<<<<<<<<<<<<<<<<<<<

2025-12-11 13:57:03 | DEBUG    |     Combat failed - mob may be unreachable
2025-12-11 13:57:03 | INFO     | 
  Verifying target #3 (D=815px)...
2025-12-11 13:57:03 | DEBUG    |     Clicking (215, 902)
2025-12-11 13:57:03 | DEBUG    |     Health check: 708 red pixels -> ALIVE
2025-12-11 13:57:03 | DEBUG    |     ✓ Verified MOB in 1 attempts
2025-12-11 13:57:03 | INFO     |     ✓ Unique | Status: ALIVE
2025-12-11 13:57:03 | INFO     | 
>>>>>>>>>>>>>>>>>>>>>>>>>>>>>>>>>>>>>>>>>>>>>>>>>>>>>>>>>>>>
2025-12-11 13:57:03 | INFO     | ⚔️  ENGAGING: Unique
2025-12-11 13:57:03 | INFO     | >>>>>>>>>>>>>>>>>>>>>>>>>>>>>>>>>>>>>>>>>>>>>>>>>>>>>>>>>>>>
2025-12-11 13:57:03 | DEBUG    |     Initial health: 708 red pixels
2025-12-11 13:57:03 | INFO     |   → Skill 1: 1
2025-12-11 13:57:05 | DEBUG    |     Health check: 708 red pixels -> ALIVE
2025-12-11 13:57:05 | INFO     |   → Skill 2: 2
2025-12-11 13:57:06 | DEBUG    |     Health check: 708 red pixels -> ALIVE
2025-12-11 13:57:06 | INFO     |   → Skill 3: 3
2025-12-11 13:57:07 | DEBUG    |     Health check: 708 red pixels -> ALIVE
2025-12-11 13:57:07 | INFO     |   → Skill 4: 4
2025-12-11 13:57:08 | DEBUG    |     Health check: 708 red pixels -> ALIVE
2025-12-11 13:57:08 | DEBUG    |     Health change: 708 → 708 (Δ=0)
2025-12-11 13:57:08 | WARNING  |   ⚠️  Health unchanged (708 → 708) - NOT hitting mob!
2025-12-11 13:57:08 | WARNING  |   Character may be stuck or mob unreachable
2025-12-11 13:57:08 | INFO     | <<<<<<<<<<<<<<<<<<<<<<<<<<<<<<<<<<<<<<<<<<<<<<<<<<<<<<<<<<<<

2025-12-11 13:57:08 | DEBUG    |     Combat failed - mob may be unreachable
2025-12-11 13:57:08 | INFO     | 
======================================================================
2025-12-11 13:57:08 | INFO     | CYCLE #6
2025-12-11 13:57:08 | INFO     | ======================================================================
2025-12-11 13:57:08 | DEBUG    | Death detection: Gold=420, Dark=69142, Brown=0, White=482
2025-12-11 13:57:08 | WARNING  | ⚠️  STILL STUCK (Recovery mode, attempt #4)
2025-12-11 13:57:08 | INFO     | 
======================================================================
2025-12-11 13:57:08 | INFO     | 🔧 ANTI-STUCK RECOVERY ACTIVATED
2025-12-11 13:57:08 | INFO     | ======================================================================
2025-12-11 13:57:08 | INFO     | Scenario: 2
2025-12-11 13:57:08 | INFO     | Consecutive attempts: 4
2025-12-11 13:57:08 | INFO     | Total recoveries: 4
2025-12-11 13:57:08 | INFO     | Action: Turn around + Move away + Find new target
2025-12-11 13:57:08 | INFO     |   Turning around right (1.6s)...
2025-12-11 13:57:11 | INFO     |   Moving away from stuck position (2.3s)...
2025-12-11 13:57:13 | INFO     |   Extra rotation to search (0.8s)...
2025-12-11 13:57:15 | INFO     | ✓ Moved away - will search for new mobs
2025-12-11 13:57:15 | INFO     | ======================================================================

2025-12-11 13:57:15 | INFO     | ✅ Stuck recovery completed - continuing with detection
2025-12-11 13:57:15 | INFO     | Detected: 16 floating names
2025-12-11 13:57:15 | INFO     | → Valid targets (after cache): 16
2025-12-11 13:57:15 | INFO     | → Target priority (closest to farthest):
2025-12-11 13:57:15 | INFO     |    #1: Distance=41px from center
2025-12-11 13:57:15 | INFO     |    #2: Distance=123px from center
2025-12-11 13:57:15 | INFO     |    #3: Distance=436px from center
2025-12-11 13:57:15 | INFO     |    #4: Distance=454px from center
2025-12-11 13:57:15 | INFO     |    #5: Distance=470px from center
2025-12-11 13:57:15 | INFO     | 
  Verifying target #1 (D=41px)...
2025-12-11 13:57:15 | DEBUG    |     Clicking (973, 531)
2025-12-11 13:57:15 | DEBUG    |     Health check: 708 red pixels -> ALIVE
2025-12-11 13:57:15 | DEBUG    |     ✓ Verified MOB in 1 attempts
2025-12-11 13:57:15 | INFO     |     ✓ Unique | Status: ALIVE
2025-12-11 13:57:15 | INFO     | 
>>>>>>>>>>>>>>>>>>>>>>>>>>>>>>>>>>>>>>>>>>>>>>>>>>>>>>>>>>>>
2025-12-11 13:57:15 | INFO     | ⚔️  ENGAGING: Unique
2025-12-11 13:57:15 | INFO     | >>>>>>>>>>>>>>>>>>>>>>>>>>>>>>>>>>>>>>>>>>>>>>>>>>>>>>>>>>>>
2025-12-11 13:57:15 | DEBUG    |     Initial health: 708 red pixels
2025-12-11 13:57:15 | INFO     |   → Skill 1: 1
2025-12-11 13:57:16 | DEBUG    |     Health check: 708 red pixels -> ALIVE
2025-12-11 13:57:16 | INFO     |   → Skill 2: 2
2025-12-11 13:57:17 | DEBUG    |     Health check: 708 red pixels -> ALIVE
2025-12-11 13:57:17 | INFO     |   → Skill 3: 3
2025-12-11 13:57:18 | DEBUG    |     Health check: 708 red pixels -> ALIVE
2025-12-11 13:57:18 | INFO     |   → Skill 4: 4
2025-12-11 13:57:20 | DEBUG    |     Health check: 708 red pixels -> ALIVE
2025-12-11 13:57:20 | DEBUG    |     Health change: 708 → 708 (Δ=0)
2025-12-11 13:57:20 | WARNING  |   ⚠️  Health unchanged (708 → 708) - NOT hitting mob!
2025-12-11 13:57:20 | WARNING  |   Character may be stuck or mob unreachable
2025-12-11 13:57:20 | INFO     | <<<<<<<<<<<<<<<<<<<<<<<<<<<<<<<<<<<<<<<<<<<<<<<<<<<<<<<<<<<<

2025-12-11 13:57:20 | DEBUG    |     Combat failed - mob may be unreachable
2025-12-11 13:57:20 | INFO     | 
  Verifying target #2 (D=123px)...
2025-12-11 13:57:20 | DEBUG    |     Clicking (837, 577)
2025-12-11 13:57:20 | DEBUG    |     Health check: 0 red pixels -> DEAD
2025-12-11 13:57:20 | DEBUG    |     ✓ Verified MOB in 1 attempts
2025-12-11 13:57:20 | INFO     |     ✗ Mob already DEAD
2025-12-11 13:57:20 | INFO     | 
  Verifying target #3 (D=436px)...
2025-12-11 13:57:20 | DEBUG    |     Clicking (528, 636)
2025-12-11 13:57:20 | DEBUG    |     Health check: 0 red pixels -> DEAD
2025-12-11 13:57:20 | DEBUG    |     ✓ Verified MOB in 1 attempts
2025-12-11 13:57:20 | INFO     |     ✗ Mob already DEAD
2025-12-11 13:57:21 | INFO     | 
======================================================================
2025-12-11 13:57:21 | INFO     | CYCLE #7
2025-12-11 13:57:21 | INFO     | ======================================================================
2025-12-11 13:57:21 | DEBUG    | Death detection: Gold=343, Dark=69468, Brown=0, White=467
2025-12-11 13:57:21 | WARNING  | ⚠️  STILL STUCK (Recovery mode, attempt #5)
2025-12-11 13:57:21 | INFO     | 
======================================================================
2025-12-11 13:57:21 | INFO     | 🔧 ANTI-STUCK RECOVERY ACTIVATED
2025-12-11 13:57:21 | INFO     | ======================================================================
2025-12-11 13:57:21 | INFO     | Scenario: 2
2025-12-11 13:57:21 | INFO     | Consecutive attempts: 5
2025-12-11 13:57:21 | INFO     | Total recoveries: 5
2025-12-11 13:57:21 | INFO     | Action: Turn around + Move away + Find new target
2025-12-11 13:57:21 | INFO     |   Turning around right (2.0s)...
2025-12-11 13:57:23 | INFO     |   Moving away from stuck position (2.2s)...
2025-12-11 13:57:26 | INFO     |   Extra rotation to search (1.0s)...
2025-12-11 13:57:27 | INFO     | ✓ Moved away - will search for new mobs
2025-12-11 13:57:27 | INFO     | ======================================================================

2025-12-11 13:57:27 | INFO     | ✅ Stuck recovery completed - continuing with detection
2025-12-11 13:57:27 | INFO     | Detected: 5 floating names
2025-12-11 13:57:27 | DEBUG    |   Name #5: Cached, skipping
2025-12-11 13:57:27 | INFO     | → Valid targets (after cache): 4
2025-12-11 13:57:27 | INFO     | → Target priority (closest to farthest):
2025-12-11 13:57:27 | INFO     |    #1: Distance=298px from center
2025-12-11 13:57:27 | INFO     |    #2: Distance=815px from center
2025-12-11 13:57:27 | INFO     |    #3: Distance=907px from center
2025-12-11 13:57:27 | INFO     |    #4: Distance=946px from center
2025-12-11 13:57:27 | INFO     | 
  Verifying target #1 (D=298px)...
2025-12-11 13:57:27 | DEBUG    |     Clicking (894, 282)
2025-12-11 13:57:28 | DEBUG    |     Health check: 708 red pixels -> ALIVE
2025-12-11 13:57:28 | DEBUG    |     ✓ Verified MOB in 1 attempts
2025-12-11 13:57:28 | INFO     |     ✓ Unique | Status: ALIVE
2025-12-11 13:57:28 | INFO     | 
>>>>>>>>>>>>>>>>>>>>>>>>>>>>>>>>>>>>>>>>>>>>>>>>>>>>>>>>>>>>
2025-12-11 13:57:28 | INFO     | ⚔️  ENGAGING: Unique
2025-12-11 13:57:28 | INFO     | >>>>>>>>>>>>>>>>>>>>>>>>>>>>>>>>>>>>>>>>>>>>>>>>>>>>>>>>>>>>
2025-12-11 13:57:28 | DEBUG    |     Initial health: 708 red pixels
2025-12-11 13:57:28 | INFO     |   → Skill 1: 1
2025-12-11 13:57:29 | DEBUG    |     Health check: 708 red pixels -> ALIVE
2025-12-11 13:57:29 | INFO     |   → Skill 2: 2
2025-12-11 13:57:30 | DEBUG    |     Health check: 708 red pixels -> ALIVE
2025-12-11 13:57:30 | INFO     |   → Skill 3: 3
2025-12-11 13:57:31 | DEBUG    |     Health check: 708 red pixels -> ALIVE
2025-12-11 13:57:31 | INFO     |   → Skill 4: 4
2025-12-11 13:57:32 | DEBUG    |     Health check: 708 red pixels -> ALIVE
2025-12-11 13:57:32 | DEBUG    |     Health change: 708 → 708 (Δ=0)
2025-12-11 13:57:32 | WARNING  |   ⚠️  Health unchanged (708 → 708) - NOT hitting mob!
2025-12-11 13:57:32 | WARNING  |   Character may be stuck or mob unreachable
2025-12-11 13:57:32 | INFO     | <<<<<<<<<<<<<<<<<<<<<<<<<<<<<<<<<<<<<<<<<<<<<<<<<<<<<<<<<<<<

2025-12-11 13:57:32 | DEBUG    |     Combat failed - mob may be unreachable
2025-12-11 13:57:32 | INFO     | 
  Verifying target #2 (D=815px)...
2025-12-11 13:57:32 | DEBUG    |     Clicking (215, 902)
2025-12-11 13:57:33 | DEBUG    |     Health check: 708 red pixels -> ALIVE
2025-12-11 13:57:33 | DEBUG    |     ✓ Verified MOB in 1 attempts
2025-12-11 13:57:33 | INFO     |     ✓ Unique | Status: ALIVE
2025-12-11 13:57:33 | INFO     | 
>>>>>>>>>>>>>>>>>>>>>>>>>>>>>>>>>>>>>>>>>>>>>>>>>>>>>>>>>>>>
2025-12-11 13:57:33 | INFO     | ⚔️  ENGAGING: Unique
2025-12-11 13:57:33 | INFO     | >>>>>>>>>>>>>>>>>>>>>>>>>>>>>>>>>>>>>>>>>>>>>>>>>>>>>>>>>>>>
2025-12-11 13:57:33 | DEBUG    |     Initial health: 708 red pixels
2025-12-11 13:57:33 | INFO     |   → Skill 1: 1
2025-12-11 13:57:34 | DEBUG    |     Health check: 708 red pixels -> ALIVE
2025-12-11 13:57:34 | INFO     |   → Skill 2: 2
2025-12-11 13:57:35 | DEBUG    |     Health check: 708 red pixels -> ALIVE
2025-12-11 13:57:35 | INFO     |   → Skill 3: 3
2025-12-11 13:57:36 | DEBUG    |     Health check: 708 red pixels -> ALIVE
2025-12-11 13:57:36 | INFO     |   → Skill 4: 4
2025-12-11 13:57:37 | DEBUG    |     Health check: 708 red pixels -> ALIVE
2025-12-11 13:57:37 | DEBUG    |     Health change: 708 → 708 (Δ=0)
2025-12-11 13:57:37 | WARNING  |   ⚠️  Health unchanged (708 → 708) - NOT hitting mob!
2025-12-11 13:57:37 | WARNING  |   Character may be stuck or mob unreachable
2025-12-11 13:57:37 | INFO     | <<<<<<<<<<<<<<<<<<<<<<<<<<<<<<<<<<<<<<<<<<<<<<<<<<<<<<<<<<<<

2025-12-11 13:57:37 | DEBUG    |     Combat failed - mob may be unreachable
2025-12-11 13:57:37 | INFO     | 
  Verifying target #3 (D=907px)...
2025-12-11 13:57:37 | DEBUG    |     Clicking (115, 902)
2025-12-11 13:57:38 | DEBUG    |     Health check: 708 red pixels -> ALIVE
2025-12-11 13:57:38 | DEBUG    |     ✓ Verified MOB in 1 attempts
2025-12-11 13:57:38 | INFO     |     ✓ Unique | Status: ALIVE
2025-12-11 13:57:38 | INFO     | 
>>>>>>>>>>>>>>>>>>>>>>>>>>>>>>>>>>>>>>>>>>>>>>>>>>>>>>>>>>>>
2025-12-11 13:57:38 | INFO     | ⚔️  ENGAGING: Unique
2025-12-11 13:57:38 | INFO     | >>>>>>>>>>>>>>>>>>>>>>>>>>>>>>>>>>>>>>>>>>>>>>>>>>>>>>>>>>>>
2025-12-11 13:57:38 | DEBUG    |     Initial health: 708 red pixels
2025-12-11 13:57:38 | INFO     |   → Skill 1: 1
2025-12-11 13:57:39 | DEBUG    |     Health check: 708 red pixels -> ALIVE
2025-12-11 13:57:39 | INFO     |   → Skill 2: 2
2025-12-11 13:57:40 | DEBUG    |     Health check: 708 red pixels -> ALIVE
2025-12-11 13:57:40 | INFO     |   → Skill 3: 3
2025-12-11 13:57:41 | DEBUG    |     Health check: 708 red pixels -> ALIVE
2025-12-11 13:57:41 | INFO     |   → Skill 4: 4
2025-12-11 13:57:42 | DEBUG    |     Health check: 708 red pixels -> ALIVE
2025-12-11 13:57:42 | DEBUG    |     Health change: 708 → 708 (Δ=0)
2025-12-11 13:57:42 | WARNING  |   ⚠️  Health unchanged (708 → 708) - NOT hitting mob!
2025-12-11 13:57:42 | WARNING  |   Character may be stuck or mob unreachable
2025-12-11 13:57:42 | INFO     | <<<<<<<<<<<<<<<<<<<<<<<<<<<<<<<<<<<<<<<<<<<<<<<<<<<<<<<<<<<<

2025-12-11 13:57:42 | DEBUG    |     Combat failed - mob may be unreachable
2025-12-11 13:57:43 | INFO     | 
======================================================================
2025-12-11 13:57:43 | INFO     | CYCLE #8
2025-12-11 13:57:43 | INFO     | ======================================================================
2025-12-11 13:57:43 | DEBUG    | Death detection: Gold=418, Dark=66803, Brown=8, White=421
2025-12-11 13:57:43 | WARNING  | ⚠️  STILL STUCK (Recovery mode, attempt #6)
2025-12-11 13:57:43 | INFO     | 
======================================================================
2025-12-11 13:57:43 | INFO     | 🔧 ANTI-STUCK RECOVERY ACTIVATED
2025-12-11 13:57:43 | INFO     | ======================================================================
2025-12-11 13:57:43 | INFO     | Scenario: 2
2025-12-11 13:57:43 | INFO     | Consecutive attempts: 6
2025-12-11 13:57:43 | INFO     | Total recoveries: 6
2025-12-11 13:57:43 | INFO     | Action: Turn around + Move away + Find new target
2025-12-11 13:57:43 | INFO     |   Turning around left (1.9s)...
2025-12-11 13:57:45 | INFO     |   Moving away from stuck position (2.3s)...
2025-12-11 13:57:48 | INFO     |   Extra rotation to search (0.7s)...
2025-12-11 13:57:49 | INFO     | ✓ Moved away - will search for new mobs
2025-12-11 13:57:49 | INFO     | ======================================================================

2025-12-11 13:57:49 | INFO     | ✅ Stuck recovery completed - continuing with detection
2025-12-11 13:57:49 | INFO     | Detected: 4 floating names
2025-12-11 13:57:49 | DEBUG    |   Name #4: Cached, skipping
2025-12-11 13:57:49 | INFO     | → Valid targets (after cache): 3
2025-12-11 13:57:49 | INFO     | → Target priority (closest to farthest):
2025-12-11 13:57:49 | INFO     |    #1: Distance=39px from center
2025-12-11 13:57:49 | INFO     |    #2: Distance=52px from center
2025-12-11 13:57:49 | INFO     |    #3: Distance=323px from center
2025-12-11 13:57:49 | INFO     | 
  Verifying target #1 (D=39px)...
2025-12-11 13:57:49 | DEBUG    |     Clicking (960, 531)
2025-12-11 13:57:49 | DEBUG    |     Health check: 708 red pixels -> ALIVE
2025-12-11 13:57:49 | DEBUG    |     ✓ Verified MOB in 1 attempts
2025-12-11 13:57:49 | INFO     |     ✓ Unique | Status: ALIVE
2025-12-11 13:57:49 | INFO     | 
>>>>>>>>>>>>>>>>>>>>>>>>>>>>>>>>>>>>>>>>>>>>>>>>>>>>>>>>>>>>
2025-12-11 13:57:49 | INFO     | ⚔️  ENGAGING: Unique
2025-12-11 13:57:49 | INFO     | >>>>>>>>>>>>>>>>>>>>>>>>>>>>>>>>>>>>>>>>>>>>>>>>>>>>>>>>>>>>
2025-12-11 13:57:49 | DEBUG    |     Initial health: 708 red pixels
2025-12-11 13:57:49 | INFO     |   → Skill 1: 1
2025-12-11 13:57:51 | DEBUG    |     Health check: 708 red pixels -> ALIVE
2025-12-11 13:57:51 | INFO     |   → Skill 2: 2
2025-12-11 13:57:52 | DEBUG    |     Health check: 708 red pixels -> ALIVE
2025-12-11 13:57:52 | INFO     |   → Skill 3: 3
2025-12-11 13:57:53 | DEBUG    |     Health check: 708 red pixels -> ALIVE
2025-12-11 13:57:53 | INFO     |   → Skill 4: 4
2025-12-11 13:57:54 | DEBUG    |     Health check: 708 red pixels -> ALIVE
2025-12-11 13:57:54 | DEBUG    |     Health change: 708 → 708 (Δ=0)
2025-12-11 13:57:54 | WARNING  |   ⚠️  Health unchanged (708 → 708) - NOT hitting mob!
2025-12-11 13:57:54 | WARNING  |   Character may be stuck or mob unreachable
2025-12-11 13:57:54 | INFO     | <<<<<<<<<<<<<<<<<<<<<<<<<<<<<<<<<<<<<<<<<<<<<<<<<<<<<<<<<<<<

2025-12-11 13:57:54 | DEBUG    |     Combat failed - mob may be unreachable
2025-12-11 13:57:54 | INFO     | 
  Verifying target #2 (D=52px)...
2025-12-11 13:57:54 | DEBUG    |     Clicking (909, 559)
2025-12-11 13:57:54 | DEBUG    |     Health check: 0 red pixels -> DEAD
2025-12-11 13:57:54 | DEBUG    |     ✓ Verified MOB in 1 attempts
2025-12-11 13:57:54 | INFO     |     ✗ Mob already DEAD
2025-12-11 13:57:54 | INFO     | 
  Verifying target #3 (D=323px)...
2025-12-11 13:57:54 | DEBUG    |     Clicking (968, 247)
2025-12-11 13:57:55 | DEBUG    |     Health check: 708 red pixels -> ALIVE
2025-12-11 13:57:55 | DEBUG    |     ✓ Verified MOB in 1 attempts
2025-12-11 13:57:55 | INFO     |     ✓ Unique | Status: ALIVE
2025-12-11 13:57:55 | INFO     | 
>>>>>>>>>>>>>>>>>>>>>>>>>>>>>>>>>>>>>>>>>>>>>>>>>>>>>>>>>>>>
2025-12-11 13:57:55 | INFO     | ⚔️  ENGAGING: Unique
2025-12-11 13:57:55 | INFO     | >>>>>>>>>>>>>>>>>>>>>>>>>>>>>>>>>>>>>>>>>>>>>>>>>>>>>>>>>>>>
2025-12-11 13:57:55 | DEBUG    |     Initial health: 708 red pixels
2025-12-11 13:57:55 | INFO     |   → Skill 1: 1
2025-12-11 13:57:56 | DEBUG    |     Health check: 708 red pixels -> ALIVE
2025-12-11 13:57:56 | INFO     |   → Skill 2: 2
2025-12-11 13:57:57 | DEBUG    |     Health check: 708 red pixels -> ALIVE
2025-12-11 13:57:57 | INFO     |   → Skill 3: 3
2025-12-11 13:57:58 | DEBUG    |     Health check: 708 red pixels -> ALIVE
2025-12-11 13:57:58 | INFO     |   → Skill 4: 4
2025-12-11 13:57:59 | DEBUG    |     Health check: 708 red pixels -> ALIVE
2025-12-11 13:57:59 | DEBUG    |     Health change: 708 → 708 (Δ=0)
2025-12-11 13:57:59 | WARNING  |   ⚠️  Health unchanged (708 → 708) - NOT hitting mob!
2025-12-11 13:57:59 | WARNING  |   Character may be stuck or mob unreachable
2025-12-11 13:57:59 | INFO     | <<<<<<<<<<<<<<<<<<<<<<<<<<<<<<<<<<<<<<<<<<<<<<<<<<<<<<<<<<<<

2025-12-11 13:57:59 | DEBUG    |     Combat failed - mob may be unreachable
2025-12-11 13:58:00 | INFO     | 
======================================================================
2025-12-11 13:58:00 | INFO     | CYCLE #9
2025-12-11 13:58:00 | INFO     | ======================================================================
2025-12-11 13:58:00 | DEBUG    | Death detection: Gold=296, Dark=68788, Brown=0, White=422
2025-12-11 13:58:00 | WARNING  | ⚠️  STILL STUCK (Recovery mode, attempt #7)
2025-12-11 13:58:00 | INFO     | 
======================================================================
2025-12-11 13:58:00 | INFO     | 🔧 ANTI-STUCK RECOVERY ACTIVATED
2025-12-11 13:58:00 | INFO     | ======================================================================
2025-12-11 13:58:00 | INFO     | Scenario: 2
2025-12-11 13:58:00 | INFO     | Consecutive attempts: 7
2025-12-11 13:58:00 | INFO     | Total recoveries: 7
2025-12-11 13:58:00 | INFO     | Action: Turn around + Move away + Find new target
2025-12-11 13:58:00 | INFO     |   Turning around right (2.0s)...
2025-12-11 13:58:02 | INFO     |   Moving away from stuck position (2.2s)...
2025-12-11 13:58:05 | INFO     |   Extra rotation to search (0.8s)...
2025-12-11 13:58:06 | INFO     | ✓ Moved away - will search for new mobs
2025-12-11 13:58:06 | INFO     | ======================================================================

2025-12-11 13:58:06 | INFO     | ✅ Stuck recovery completed - continuing with detection
2025-12-11 13:58:06 | INFO     | Detected: 2 floating names
2025-12-11 13:58:06 | INFO     | → Valid targets (after cache): 2
2025-12-11 13:58:06 | INFO     | → Target priority (closest to farthest):
2025-12-11 13:58:06 | INFO     |    #1: Distance=294px from center
2025-12-11 13:58:06 | INFO     |    #2: Distance=329px from center
2025-12-11 13:58:06 | INFO     | 
  Verifying target #1 (D=294px)...
2025-12-11 13:58:06 | DEBUG    |     Clicking (922, 282)
2025-12-11 13:58:07 | DEBUG    |     Health check: 708 red pixels -> ALIVE
2025-12-11 13:58:07 | DEBUG    |     ✓ Verified MOB in 1 attempts
2025-12-11 13:58:07 | INFO     |     ✓ Unique | Status: ALIVE
2025-12-11 13:58:07 | INFO     | 
>>>>>>>>>>>>>>>>>>>>>>>>>>>>>>>>>>>>>>>>>>>>>>>>>>>>>>>>>>>>
2025-12-11 13:58:07 | INFO     | ⚔️  ENGAGING: Unique
2025-12-11 13:58:07 | INFO     | >>>>>>>>>>>>>>>>>>>>>>>>>>>>>>>>>>>>>>>>>>>>>>>>>>>>>>>>>>>>
2025-12-11 13:58:07 | DEBUG    |     Initial health: 708 red pixels
2025-12-11 13:58:07 | INFO     |   → Skill 1: 1
2025-12-11 13:58:08 | DEBUG    |     Health check: 708 red pixels -> ALIVE
2025-12-11 13:58:08 | INFO     |   → Skill 2: 2
2025-12-11 13:58:09 | DEBUG    |     Health check: 708 red pixels -> ALIVE
2025-12-11 13:58:09 | INFO     |   → Skill 3: 3
2025-12-11 13:58:10 | DEBUG    |     Health check: 708 red pixels -> ALIVE
2025-12-11 13:58:10 | INFO     |   → Skill 4: 4
2025-12-11 13:58:11 | DEBUG    |     Health check: 708 red pixels -> ALIVE
2025-12-11 13:58:11 | DEBUG    |     Health change: 708 → 708 (Δ=0)
2025-12-11 13:58:11 | WARNING  |   ⚠️  Health unchanged (708 → 708) - NOT hitting mob!
2025-12-11 13:58:11 | WARNING  |   Character may be stuck or mob unreachable
2025-12-11 13:58:11 | INFO     | <<<<<<<<<<<<<<<<<<<<<<<<<<<<<<<<<<<<<<<<<<<<<<<<<<<<<<<<<<<<

2025-12-11 13:58:11 | DEBUG    |     Combat failed - mob may be unreachable
2025-12-11 13:58:11 | INFO     | 
  Verifying target #2 (D=329px)...
2025-12-11 13:58:11 | DEBUG    |     Clicking (897, 247)
2025-12-11 13:58:12 | DEBUG    |     Health check: 708 red pixels -> ALIVE
2025-12-11 13:58:12 | DEBUG    |     ✓ Verified MOB in 1 attempts
2025-12-11 13:58:12 | INFO     |     ✓ Unique | Status: ALIVE
2025-12-11 13:58:12 | INFO     | 
>>>>>>>>>>>>>>>>>>>>>>>>>>>>>>>>>>>>>>>>>>>>>>>>>>>>>>>>>>>>
2025-12-11 13:58:12 | INFO     | ⚔️  ENGAGING: Unique
2025-12-11 13:58:12 | INFO     | >>>>>>>>>>>>>>>>>>>>>>>>>>>>>>>>>>>>>>>>>>>>>>>>>>>>>>>>>>>>
2025-12-11 13:58:12 | DEBUG    |     Initial health: 708 red pixels
2025-12-11 13:58:12 | INFO     |   → Skill 1: 1
2025-12-11 13:58:13 | DEBUG    |     Health check: 708 red pixels -> ALIVE
2025-12-11 13:58:13 | INFO     |   → Skill 2: 2
2025-12-11 13:58:14 | DEBUG    |     Health check: 708 red pixels -> ALIVE
2025-12-11 13:58:14 | INFO     |   → Skill 3: 3
2025-12-11 13:58:15 | DEBUG    |     Health check: 708 red pixels -> ALIVE
2025-12-11 13:58:15 | INFO     |   → Skill 4: 4
2025-12-11 13:58:16 | DEBUG    |     Health check: 708 red pixels -> ALIVE
2025-12-11 13:58:16 | DEBUG    |     Health change: 708 → 708 (Δ=0)
2025-12-11 13:58:16 | WARNING  |   ⚠️  Health unchanged (708 → 708) - NOT hitting mob!
2025-12-11 13:58:16 | WARNING  |   Character may be stuck or mob unreachable
2025-12-11 13:58:16 | INFO     | <<<<<<<<<<<<<<<<<<<<<<<<<<<<<<<<<<<<<<<<<<<<<<<<<<<<<<<<<<<<

2025-12-11 13:58:16 | DEBUG    |     Combat failed - mob may be unreachable
2025-12-11 13:58:17 | INFO     | 
======================================================================
2025-12-11 13:58:17 | INFO     | CYCLE #10
2025-12-11 13:58:17 | INFO     | ======================================================================
2025-12-11 13:58:17 | DEBUG    | Death detection: Gold=415, Dark=68812, Brown=0, White=581
2025-12-11 13:58:17 | WARNING  | ⚠️  STILL STUCK (Recovery mode, attempt #8)
2025-12-11 13:58:17 | INFO     | 
======================================================================
2025-12-11 13:58:17 | INFO     | 🔧 ANTI-STUCK RECOVERY ACTIVATED
2025-12-11 13:58:17 | INFO     | ======================================================================
2025-12-11 13:58:17 | INFO     | Scenario: 2
2025-12-11 13:58:17 | INFO     | Consecutive attempts: 8
2025-12-11 13:58:17 | INFO     | Total recoveries: 8
2025-12-11 13:58:17 | INFO     | Action: Turn around + Move away + Find new target
2025-12-11 13:58:17 | INFO     |   Turning around left (1.9s)...
2025-12-11 13:58:19 | INFO     |   Moving away from stuck position (2.3s)...
2025-12-11 13:58:22 | INFO     |   Extra rotation to search (0.9s)...
2025-12-11 13:58:23 | INFO     | ✓ Moved away - will search for new mobs
2025-12-11 13:58:23 | INFO     | ======================================================================

2025-12-11 13:58:23 | INFO     | ✅ Stuck recovery completed - continuing with detection
2025-12-11 13:58:23 | INFO     | Detected: 3 floating names
2025-12-11 13:58:23 | INFO     | → Valid targets (after cache): 3
2025-12-11 13:58:23 | INFO     | → Target priority (closest to farthest):
2025-12-11 13:58:23 | INFO     |    #1: Distance=38px from center
2025-12-11 13:58:23 | INFO     |    #2: Distance=40px from center
2025-12-11 13:58:23 | INFO     |    #3: Distance=338px from center
2025-12-11 13:58:23 | INFO     | 
  Verifying target #1 (D=38px)...
2025-12-11 13:58:23 | DEBUG    |     Clicking (924, 588)
2025-12-11 13:58:24 | DEBUG    |     Health check: 0 red pixels -> DEAD
2025-12-11 13:58:24 | DEBUG    |     ✓ Verified MOB in 1 attempts
2025-12-11 13:58:24 | INFO     |     ✗ Mob already DEAD
2025-12-11 13:58:24 | INFO     | 
  Verifying target #2 (D=40px)...
2025-12-11 13:58:24 | DEBUG    |     Clicking (949, 531)
2025-12-11 13:58:24 | DEBUG    |     Health check: 0 red pixels -> DEAD
2025-12-11 13:58:24 | DEBUG    |     ✓ Verified MOB in 1 attempts
2025-12-11 13:58:24 | INFO     |     ✗ Mob already DEAD
2025-12-11 13:58:24 | INFO     | 
  Verifying target #3 (D=338px)...
2025-12-11 13:58:24 | DEBUG    |     Clicking (986, 233)
2025-12-11 13:58:24 | DEBUG    |     Health check: 708 red pixels -> ALIVE
2025-12-11 13:58:24 | DEBUG    |     ✓ Verified MOB in 1 attempts
2025-12-11 13:58:24 | INFO     |     ✓ Unique | Status: ALIVE
2025-12-11 13:58:24 | INFO     | 
>>>>>>>>>>>>>>>>>>>>>>>>>>>>>>>>>>>>>>>>>>>>>>>>>>>>>>>>>>>>
2025-12-11 13:58:24 | INFO     | ⚔️  ENGAGING: Unique
2025-12-11 13:58:24 | INFO     | >>>>>>>>>>>>>>>>>>>>>>>>>>>>>>>>>>>>>>>>>>>>>>>>>>>>>>>>>>>>
2025-12-11 13:58:24 | DEBUG    |     Initial health: 708 red pixels
2025-12-11 13:58:25 | INFO     |   → Skill 1: 1
2025-12-11 13:58:26 | DEBUG    |     Health check: 708 red pixels -> ALIVE
2025-12-11 13:58:26 | INFO     |   → Skill 2: 2
2025-12-11 13:58:27 | DEBUG    |     Health check: 708 red pixels -> ALIVE
2025-12-11 13:58:27 | INFO     |   → Skill 3: 3
2025-12-11 13:58:28 | DEBUG    |     Health check: 708 red pixels -> ALIVE
2025-12-11 13:58:28 | INFO     |   → Skill 4: 4
2025-12-11 13:58:29 | DEBUG    |     Health check: 708 red pixels -> ALIVE
2025-12-11 13:58:29 | DEBUG    |     Health change: 708 → 708 (Δ=0)
2025-12-11 13:58:29 | WARNING  |   ⚠️  Health unchanged (708 → 708) - NOT hitting mob!
2025-12-11 13:58:29 | WARNING  |   Character may be stuck or mob unreachable
2025-12-11 13:58:29 | INFO     | <<<<<<<<<<<<<<<<<<<<<<<<<<<<<<<<<<<<<<<<<<<<<<<<<<<<<<<<<<<<

2025-12-11 13:58:29 | DEBUG    |     Combat failed - mob may be unreachable
2025-12-11 13:58:29 | INFO     | 
======================================================================
2025-12-11 13:58:29 | INFO     | CYCLE #11
2025-12-11 13:58:29 | INFO     | ======================================================================
2025-12-11 13:58:29 | DEBUG    | Death detection: Gold=402, Dark=56342, Brown=1, White=704
2025-12-11 13:58:29 | WARNING  | ⚠️  STILL STUCK (Recovery mode, attempt #9)
2025-12-11 13:58:29 | INFO     | 
======================================================================
2025-12-11 13:58:29 | INFO     | 🔧 ANTI-STUCK RECOVERY ACTIVATED
2025-12-11 13:58:29 | INFO     | ======================================================================
2025-12-11 13:58:29 | INFO     | Scenario: 2
2025-12-11 13:58:29 | INFO     | Consecutive attempts: 9
2025-12-11 13:58:29 | INFO     | Total recoveries: 9
2025-12-11 13:58:29 | INFO     | Action: Turn around + Move away + Find new target
2025-12-11 13:58:29 | INFO     |   Turning around left (1.8s)...
2025-12-11 13:58:32 | INFO     |   Moving away from stuck position (2.0s)...
2025-12-11 13:58:34 | INFO     |   Extra rotation to search (0.5s)...
2025-12-11 13:58:35 | INFO     | ✓ Moved away - will search for new mobs
2025-12-11 13:58:35 | INFO     | ======================================================================

2025-12-11 13:58:35 | INFO     | ✅ Stuck recovery completed - continuing with detection
2025-12-11 13:58:35 | INFO     | Detected: 2 floating names
2025-12-11 13:58:35 | INFO     | → Valid targets (after cache): 2
2025-12-11 13:58:35 | INFO     | → Target priority (closest to farthest):
2025-12-11 13:58:35 | INFO     |    #1: Distance=393px from center
2025-12-11 13:58:35 | INFO     |    #2: Distance=398px from center
2025-12-11 13:58:35 | INFO     | 
  Verifying target #1 (D=393px)...
2025-12-11 13:58:35 | DEBUG    |     Clicking (949, 177)
2025-12-11 13:58:36 | DEBUG    |     Health check: 708 red pixels -> ALIVE
2025-12-11 13:58:36 | DEBUG    |     ✓ Verified MOB in 1 attempts
2025-12-11 13:58:36 | INFO     |     ✓ Unique | Status: ALIVE
2025-12-11 13:58:36 | INFO     | 
>>>>>>>>>>>>>>>>>>>>>>>>>>>>>>>>>>>>>>>>>>>>>>>>>>>>>>>>>>>>
2025-12-11 13:58:36 | INFO     | ⚔️  ENGAGING: Unique
2025-12-11 13:58:36 | INFO     | >>>>>>>>>>>>>>>>>>>>>>>>>>>>>>>>>>>>>>>>>>>>>>>>>>>>>>>>>>>>
2025-12-11 13:58:36 | DEBUG    |     Initial health: 708 red pixels
2025-12-11 13:58:36 | INFO     |   → Skill 1: 1
2025-12-11 13:58:37 | DEBUG    |     Health check: 708 red pixels -> ALIVE
2025-12-11 13:58:37 | INFO     |   → Skill 2: 2
2025-12-11 13:58:38 | DEBUG    |     Health check: 708 red pixels -> ALIVE
2025-12-11 13:58:38 | INFO     |   → Skill 3: 3
2025-12-11 13:58:39 | DEBUG    |     Health check: 708 red pixels -> ALIVE
2025-12-11 13:58:39 | INFO     |   → Skill 4: 4
2025-12-11 13:58:40 | DEBUG    |     Health check: 708 red pixels -> ALIVE
2025-12-11 13:58:40 | DEBUG    |     Health change: 708 → 708 (Δ=0)
2025-12-11 13:58:40 | WARNING  |   ⚠️  Health unchanged (708 → 708) - NOT hitting mob!
2025-12-11 13:58:40 | WARNING  |   Character may be stuck or mob unreachable
2025-12-11 13:58:40 | INFO     | <<<<<<<<<<<<<<<<<<<<<<<<<<<<<<<<<<<<<<<<<<<<<<<<<<<<<<<<<<<<

2025-12-11 13:58:40 | DEBUG    |     Combat failed - mob may be unreachable
2025-12-11 13:58:40 | INFO     | 
  Verifying target #2 (D=398px)...
2025-12-11 13:58:40 | DEBUG    |     Clicking (895, 177)
2025-12-11 13:58:41 | DEBUG    |     Health check: 708 red pixels -> ALIVE
2025-12-11 13:58:41 | DEBUG    |     ✓ Verified MOB in 1 attempts
2025-12-11 13:58:41 | INFO     |     ✓ Unique | Status: ALIVE
2025-12-11 13:58:41 | INFO     | 
>>>>>>>>>>>>>>>>>>>>>>>>>>>>>>>>>>>>>>>>>>>>>>>>>>>>>>>>>>>>
2025-12-11 13:58:41 | INFO     | ⚔️  ENGAGING: Unique
2025-12-11 13:58:41 | INFO     | >>>>>>>>>>>>>>>>>>>>>>>>>>>>>>>>>>>>>>>>>>>>>>>>>>>>>>>>>>>>
2025-12-11 13:58:41 | DEBUG    |     Initial health: 708 red pixels
2025-12-11 13:58:41 | INFO     |   → Skill 1: 1
2025-12-11 13:58:42 | DEBUG    |     Health check: 708 red pixels -> ALIVE
2025-12-11 13:58:42 | INFO     |   → Skill 2: 2
2025-12-11 13:58:43 | DEBUG    |     Health check: 708 red pixels -> ALIVE
2025-12-11 13:58:43 | INFO     |   → Skill 3: 3
2025-12-11 13:58:44 | DEBUG    |     Health check: 708 red pixels -> ALIVE
2025-12-11 13:58:44 | INFO     |   → Skill 4: 4
2025-12-11 13:58:45 | DEBUG    |     Health check: 708 red pixels -> ALIVE
2025-12-11 13:58:45 | DEBUG    |     Health change: 708 → 708 (Δ=0)
2025-12-11 13:58:45 | WARNING  |   ⚠️  Health unchanged (708 → 708) - NOT hitting mob!
2025-12-11 13:58:45 | WARNING  |   Character may be stuck or mob unreachable
2025-12-11 13:58:45 | INFO     | <<<<<<<<<<<<<<<<<<<<<<<<<<<<<<<<<<<<<<<<<<<<<<<<<<<<<<<<<<<<

2025-12-11 13:58:45 | DEBUG    |     Combat failed - mob may be unreachable
2025-12-11 13:58:46 | INFO     | 
======================================================================
2025-12-11 13:58:46 | INFO     | CYCLE #12
2025-12-11 13:58:46 | INFO     | ======================================================================
2025-12-11 13:58:46 | DEBUG    | Death detection: Gold=513, Dark=37633, Brown=10, White=645
2025-12-11 13:58:46 | WARNING  | ⚠️  STILL STUCK (Recovery mode, attempt #10)
2025-12-11 13:58:46 | INFO     | 
======================================================================
2025-12-11 13:58:46 | INFO     | 🔧 ANTI-STUCK RECOVERY ACTIVATED
2025-12-11 13:58:46 | INFO     | ======================================================================
2025-12-11 13:58:46 | INFO     | Scenario: 2
2025-12-11 13:58:46 | INFO     | Consecutive attempts: 10
2025-12-11 13:58:46 | INFO     | Total recoveries: 10
2025-12-11 13:58:46 | INFO     | Action: Turn around + Move away + Find new target
2025-12-11 13:58:46 | INFO     |   Turning around right (1.7s)...
2025-12-11 13:58:48 | INFO     |   Moving away from stuck position (2.1s)...
2025-12-11 13:58:50 | INFO     |   Extra rotation to search (0.6s)...
2025-12-11 13:58:51 | INFO     | ✓ Moved away - will search for new mobs
2025-12-11 13:58:51 | INFO     | ======================================================================

2025-12-11 13:58:51 | INFO     | ✅ Stuck recovery completed - continuing with detection
2025-12-11 13:58:52 | INFO     | Detected: 5 floating names
2025-12-11 13:58:52 | DEBUG    |   Name #5: Cached, skipping
2025-12-11 13:58:52 | INFO     | → Valid targets (after cache): 4
2025-12-11 13:58:52 | INFO     | → Target priority (closest to farthest):
2025-12-11 13:58:52 | INFO     |    #1: Distance=246px from center
2025-12-11 13:58:52 | INFO     |    #2: Distance=320px from center
2025-12-11 13:58:52 | INFO     |    #3: Distance=321px from center
2025-12-11 13:58:52 | INFO     |    #4: Distance=408px from center
2025-12-11 13:58:52 | INFO     | 
  Verifying target #1 (D=246px)...
2025-12-11 13:58:52 | DEBUG    |     Clicking (715, 540)
2025-12-11 13:58:52 | DEBUG    |     Health check: 107 red pixels -> ALIVE
2025-12-11 13:58:52 | DEBUG    |     ✓ Verified MOB in 1 attempts
2025-12-11 13:58:52 | INFO     |     ✓ Unique | Status: ALIVE
2025-12-11 13:58:52 | INFO     | 
>>>>>>>>>>>>>>>>>>>>>>>>>>>>>>>>>>>>>>>>>>>>>>>>>>>>>>>>>>>>
2025-12-11 13:58:52 | INFO     | ⚔️  ENGAGING: Unique
2025-12-11 13:58:52 | INFO     | >>>>>>>>>>>>>>>>>>>>>>>>>>>>>>>>>>>>>>>>>>>>>>>>>>>>>>>>>>>>
2025-12-11 13:58:52 | DEBUG    |     Initial health: 107 red pixels
2025-12-11 13:58:52 | INFO     |   → Skill 1: 1
2025-12-11 13:58:53 | DEBUG    |     Health check: 107 red pixels -> ALIVE
2025-12-11 13:58:53 | INFO     |   → Skill 2: 2
2025-12-11 13:58:54 | DEBUG    |     Health check: 107 red pixels -> ALIVE
2025-12-11 13:58:54 | INFO     |   → Skill 3: 3
2025-12-11 13:58:54 | INFO     | 

⛔ Bot stopped by user
2025-12-11 13:58:54 | INFO     | 
======================================================================
2025-12-11 13:58:54 | INFO     | 📊 FINAL STATISTICS
2025-12-11 13:58:54 | INFO     | ======================================================================
2025-12-11 13:58:54 | INFO     | 📁 Log Directory: logs/session_20251211_135452
2025-12-11 13:58:54 | INFO     | ⏱️  Uptime: 242s (4m 2s)
2025-12-11 13:58:54 | INFO     | 🔄 Total Cycles: 12
2025-12-11 13:58:54 | INFO     | 📸 Screenshots Saved: 1
2025-12-11 13:58:54 | INFO     | 
2025-12-11 13:58:54 | INFO     | 🔍 Detection:
2025-12-11 13:58:54 | INFO     |    Total Clicks: 28
2025-12-11 13:58:54 | INFO     |    Verified Mobs: 28
2025-12-11 13:58:54 | INFO     |    Filtered Pets: 0
2025-12-11 13:58:54 | INFO     |    Pet Filter Rate: 0.0%
2025-12-11 13:58:54 | INFO     | 
2025-12-11 13:58:54 | INFO     | ⚔️  Combat:
2025-12-11 13:58:54 | INFO     |    Total Kills: 0
2025-12-11 13:58:54 | INFO     |    Deaths: 1
2025-12-11 13:58:54 | INFO     |    Early Stops: 0
2025-12-11 13:58:54 | INFO     |    Skills Used: 91
2025-12-11 13:58:54 | INFO     |    Avg Skills/Kill: 0.0
2025-12-11 13:58:54 | INFO     |    Kills/Hour: 0.0
2025-12-11 13:58:54 | INFO     | 
2025-12-11 13:58:54 | INFO     | ⚙️  System:
2025-12-11 13:58:54 | INFO     |    Buffer Sequences: 3
2025-12-11 13:58:54 | INFO     |    Stuck Recoveries: 10
2025-12-11 13:58:54 | INFO     |    Cache Hit Rate: 6.0%
2025-12-11 13:58:54 | INFO     |    Cache Size: 4 entries
2025-12-11 13:58:54 | INFO     | 
2025-12-11 13:58:54 | INFO     | 📈 Efficiency:
2025-12-11 13:58:54 | INFO     |    Avg Cycle Time: 20.17s
2025-12-11 13:58:54 | INFO     |    Avg Clicks/Cycle: 2.3
2025-12-11 13:58:54 | INFO     |    Avg Kills/Cycle: 0.00
2025-12-11 13:58:54 | INFO     | ======================================================================
