2025-12-03 21:14:55 | INFO     | ======================================================================
2025-12-03 21:14:55 | INFO     | MOB HUNTER v3.0 - CENTER-OUT + BINARY HEALTH
2025-12-03 21:14:55 | INFO     | ======================================================================
2025-12-03 21:14:55 | INFO     | Log directory: logs/session_20251203_211455
2025-12-03 21:14:55 | INFO     | Screen: 1920x1080
2025-12-03 21:14:55 | INFO     | Strategy: Attack closest to center first
2025-12-03 21:14:55 | INFO     | Health: Binary (ALIVE/DEAD) detection
2025-12-03 21:14:55 | INFO     | Pet Filter: Via nameplate class detection
2025-12-03 21:14:55 | INFO     | ======================================================================
2025-12-03 21:14:55 | INFO     | 
🚀 Bot started! Press Ctrl+C to stop.

2025-12-03 21:14:55 | INFO     | 💡 Controls: CapsLock = Pause/Resume

2025-12-03 21:14:55 | INFO     | 🖥️  Click-through overlay starting...
2025-12-03 21:14:55 | INFO     | 
======================================================================
2025-12-03 21:14:55 | INFO     | CYCLE #1
2025-12-03 21:14:55 | INFO     | ======================================================================
2025-12-03 21:14:55 | INFO     | Detected: 15 floating names
2025-12-03 21:14:55 | DEBUG    |   Name #3: Cached, skipping
2025-12-03 21:14:55 | DEBUG    |   Name #13: Cached, skipping
2025-12-03 21:14:55 | INFO     | → Valid targets (after cache): 13
2025-12-03 21:14:55 | INFO     | → Target priority (closest to farthest):
2025-12-03 21:14:55 | INFO     |    #1: Distance=21px from center
2025-12-03 21:14:55 | INFO     |    #2: Distance=55px from center
2025-12-03 21:14:55 | INFO     |    #3: Distance=61px from center
2025-12-03 21:14:55 | INFO     |    #4: Distance=236px from center
2025-12-03 21:14:55 | INFO     |    #5: Distance=363px from center
2025-12-03 21:14:55 | INFO     | 
  Verifying target #1 (D=21px)...
2025-12-03 21:14:55 | DEBUG    |     Clicking (960, 549)
2025-12-03 21:14:56 | DEBUG    |     Health check: 1 red pixels -> DEAD
2025-12-03 21:14:56 | DEBUG    |     ✓ Verified MOB in 1 attempts
2025-12-03 21:14:56 | INFO     |     ✗ Mob already DEAD
2025-12-03 21:14:56 | INFO     | 
  Verifying target #2 (D=55px)...
2025-12-03 21:14:56 | DEBUG    |     Clicking (947, 516)
2025-12-03 21:14:56 | INFO     | ✅ Overlay is now CLICK-THROUGH and transparent
2025-12-03 21:14:56 | DEBUG    |     Health check: 0 red pixels -> DEAD
2025-12-03 21:14:56 | DEBUG    |     ✓ Verified MOB in 1 attempts
2025-12-03 21:14:56 | INFO     |     ✗ Mob already DEAD
2025-12-03 21:14:56 | INFO     | 
  Verifying target #3 (D=61px)...
2025-12-03 21:14:56 | DEBUG    |     Clicking (899, 566)
2025-12-03 21:14:56 | DEBUG    |     Health check: 0 red pixels -> DEAD
2025-12-03 21:14:56 | DEBUG    |     ✓ Verified MOB in 1 attempts
2025-12-03 21:14:56 | INFO     |     ✗ Mob already DEAD
2025-12-03 21:14:57 | INFO     | 
======================================================================
2025-12-03 21:14:57 | INFO     | CYCLE #2
2025-12-03 21:14:57 | INFO     | ======================================================================
2025-12-03 21:14:57 | INFO     | Detected: 10 floating names
2025-12-03 21:14:57 | DEBUG    |   Name #1: Cached, skipping
2025-12-03 21:14:57 | DEBUG    |   Name #2: Cached, skipping
2025-12-03 21:14:57 | DEBUG    |   Name #9: Cached, skipping
2025-12-03 21:14:57 | DEBUG    |   Name #10: Cached, skipping
2025-12-03 21:14:57 | INFO     | → Valid targets (after cache): 6
2025-12-03 21:14:57 | INFO     | → Target priority (closest to farthest):
2025-12-03 21:14:57 | INFO     |    #1: Distance=238px from center
2025-12-03 21:14:57 | INFO     |    #2: Distance=404px from center
2025-12-03 21:14:57 | INFO     |    #3: Distance=452px from center
2025-12-03 21:14:57 | INFO     |    #4: Distance=579px from center
2025-12-03 21:14:57 | INFO     |    #5: Distance=880px from center
2025-12-03 21:14:57 | INFO     | 
  Verifying target #1 (D=238px)...
2025-12-03 21:14:57 | DEBUG    |     Clicking (765, 708)
2025-12-03 21:14:57 | DEBUG    |     Health check: 650 red pixels -> ALIVE
2025-12-03 21:14:57 | DEBUG    |     ✓ Verified MOB in 1 attempts
2025-12-03 21:14:57 | INFO     |     ✓ Unique | Status: ALIVE
2025-12-03 21:14:57 | INFO     | 
>>>>>>>>>>>>>>>>>>>>>>>>>>>>>>>>>>>>>>>>>>>>>>>>>>>>>>>>>>>>
2025-12-03 21:14:57 | INFO     | ⚔️  ENGAGING: Unique
2025-12-03 21:14:57 | INFO     | >>>>>>>>>>>>>>>>>>>>>>>>>>>>>>>>>>>>>>>>>>>>>>>>>>>>>>>>>>>>
2025-12-03 21:14:57 | DEBUG    |     Health check: 650 red pixels -> ALIVE
2025-12-03 21:14:57 | INFO     |   → Skill 1: 1
2025-12-03 21:14:58 | DEBUG    |     Health check: 650 red pixels -> ALIVE
2025-12-03 21:14:58 | INFO     |   → Skill 2: 2
2025-12-03 21:14:59 | DEBUG    |     Health check: 650 red pixels -> ALIVE
2025-12-03 21:14:59 | INFO     |   → Skill 3: 3
2025-12-03 21:15:01 | DEBUG    |     Health check: 29 red pixels -> DEAD
2025-12-03 21:15:01 | INFO     |   ✓ Mob DEAD after skill 3!
2025-12-03 21:15:01 | INFO     | <<<<<<<<<<<<<<<<<<<<<<<<<<<<<<<<<<<<<<<<<<<<<<<<<<<<<<<<<<<<
2025-12-03 21:15:01 | INFO     | 💀 Total kills: 1 | Skills saved: 1
2025-12-03 21:15:01 | INFO     | <<<<<<<<<<<<<<<<<<<<<<<<<<<<<<<<<<<<<<<<<<<<<<<<<<<<<<<<<<<<

2025-12-03 21:15:01 | INFO     | 
  Verifying target #2 (D=404px)...
2025-12-03 21:15:01 | DEBUG    |     Clicking (567, 474)
2025-12-03 21:15:01 | DEBUG    |     Health check: 650 red pixels -> ALIVE
2025-12-03 21:15:01 | DEBUG    |     ✓ Verified MOB in 1 attempts
2025-12-03 21:15:01 | INFO     |     ✓ Unique | Status: ALIVE
2025-12-03 21:15:01 | INFO     | 
>>>>>>>>>>>>>>>>>>>>>>>>>>>>>>>>>>>>>>>>>>>>>>>>>>>>>>>>>>>>
2025-12-03 21:15:01 | INFO     | ⚔️  ENGAGING: Unique
2025-12-03 21:15:01 | INFO     | >>>>>>>>>>>>>>>>>>>>>>>>>>>>>>>>>>>>>>>>>>>>>>>>>>>>>>>>>>>>
2025-12-03 21:15:01 | DEBUG    |     Health check: 649 red pixels -> ALIVE
2025-12-03 21:15:01 | INFO     |   → Skill 1: 1
2025-12-03 21:15:02 | DEBUG    |     Health check: 650 red pixels -> ALIVE
2025-12-03 21:15:02 | INFO     |   → Skill 2: 2
2025-12-03 21:15:03 | DEBUG    |     Health check: 649 red pixels -> ALIVE
2025-12-03 21:15:03 | INFO     |   → Skill 3: 3
2025-12-03 21:15:04 | DEBUG    |     Health check: 650 red pixels -> ALIVE
2025-12-03 21:15:04 | INFO     |   → Skill 4: 4
2025-12-03 21:15:06 | DEBUG    |     Health check: 649 red pixels -> ALIVE
2025-12-03 21:15:06 | INFO     |   ℹ️  Rotation complete (mob status unknown)
2025-12-03 21:15:06 | INFO     | <<<<<<<<<<<<<<<<<<<<<<<<<<<<<<<<<<<<<<<<<<<<<<<<<<<<<<<<<<<<
2025-12-03 21:15:06 | INFO     | 💀 Total kills: 2
2025-12-03 21:15:06 | INFO     | <<<<<<<<<<<<<<<<<<<<<<<<<<<<<<<<<<<<<<<<<<<<<<<<<<<<<<<<<<<<

2025-12-03 21:15:06 | INFO     | 
  Verifying target #3 (D=452px)...
2025-12-03 21:15:06 | DEBUG    |     Clicking (518, 668)
2025-12-03 21:15:06 | DEBUG    |     Health check: 649 red pixels -> ALIVE
2025-12-03 21:15:06 | DEBUG    |     ✓ Verified MOB in 1 attempts
2025-12-03 21:15:06 | INFO     |     ✓ Unique | Status: ALIVE
2025-12-03 21:15:06 | INFO     | 
>>>>>>>>>>>>>>>>>>>>>>>>>>>>>>>>>>>>>>>>>>>>>>>>>>>>>>>>>>>>
2025-12-03 21:15:06 | INFO     | ⚔️  ENGAGING: Unique
2025-12-03 21:15:06 | INFO     | >>>>>>>>>>>>>>>>>>>>>>>>>>>>>>>>>>>>>>>>>>>>>>>>>>>>>>>>>>>>
2025-12-03 21:15:06 | DEBUG    |     Health check: 649 red pixels -> ALIVE
2025-12-03 21:15:06 | INFO     |   → Skill 1: 1
2025-12-03 21:15:07 | DEBUG    |     Health check: 29 red pixels -> DEAD
2025-12-03 21:15:07 | INFO     |   ✓ Mob DEAD after skill 1!
2025-12-03 21:15:07 | INFO     | <<<<<<<<<<<<<<<<<<<<<<<<<<<<<<<<<<<<<<<<<<<<<<<<<<<<<<<<<<<<
2025-12-03 21:15:07 | INFO     | 💀 Total kills: 3 | Skills saved: 3
2025-12-03 21:15:07 | INFO     | <<<<<<<<<<<<<<<<<<<<<<<<<<<<<<<<<<<<<<<<<<<<<<<<<<<<<<<<<<<<

2025-12-03 21:15:08 | INFO     | 
======================================================================
2025-12-03 21:15:08 | INFO     | CYCLE #3
2025-12-03 21:15:08 | INFO     | ======================================================================
2025-12-03 21:15:08 | INFO     | Detected: 21 floating names
2025-12-03 21:15:08 | DEBUG    |   Name #20: Cached, skipping
2025-12-03 21:15:08 | DEBUG    |   Name #21: Cached, skipping
2025-12-03 21:15:08 | INFO     | → Valid targets (after cache): 19
2025-12-03 21:15:08 | INFO     | → Target priority (closest to farthest):
2025-12-03 21:15:08 | INFO     |    #1: Distance=19px from center
2025-12-03 21:15:08 | INFO     |    #2: Distance=146px from center
2025-12-03 21:15:08 | INFO     |    #3: Distance=195px from center
2025-12-03 21:15:08 | INFO     |    #4: Distance=268px from center
2025-12-03 21:15:08 | INFO     |    #5: Distance=311px from center
2025-12-03 21:15:08 | INFO     | 
  Verifying target #1 (D=19px)...
2025-12-03 21:15:08 | DEBUG    |     Clicking (941, 571)
2025-12-03 21:15:08 | DEBUG    |     Health check: 29 red pixels -> DEAD
2025-12-03 21:15:08 | DEBUG    |     ✓ Verified MOB in 1 attempts
2025-12-03 21:15:08 | INFO     |     ✗ Mob already DEAD
2025-12-03 21:15:08 | INFO     | 
  Verifying target #2 (D=146px)...
2025-12-03 21:15:08 | DEBUG    |     Clicking (924, 713)
2025-12-03 21:15:08 | DEBUG    |     Health check: 649 red pixels -> ALIVE
2025-12-03 21:15:08 | DEBUG    |     ✓ Verified MOB in 1 attempts
2025-12-03 21:15:08 | INFO     |     ✓ Unique | Status: ALIVE
2025-12-03 21:15:08 | INFO     | 
>>>>>>>>>>>>>>>>>>>>>>>>>>>>>>>>>>>>>>>>>>>>>>>>>>>>>>>>>>>>
2025-12-03 21:15:08 | INFO     | ⚔️  ENGAGING: Unique
2025-12-03 21:15:08 | INFO     | >>>>>>>>>>>>>>>>>>>>>>>>>>>>>>>>>>>>>>>>>>>>>>>>>>>>>>>>>>>>
2025-12-03 21:15:08 | DEBUG    |     Health check: 649 red pixels -> ALIVE
2025-12-03 21:15:08 | INFO     |   → Skill 1: 1
2025-12-03 21:15:10 | DEBUG    |     Health check: 649 red pixels -> ALIVE
2025-12-03 21:15:10 | INFO     |   → Skill 2: 2
2025-12-03 21:15:11 | DEBUG    |     Health check: 649 red pixels -> ALIVE
2025-12-03 21:15:11 | INFO     |   → Skill 3: 3
2025-12-03 21:15:12 | DEBUG    |     Health check: 29 red pixels -> DEAD
2025-12-03 21:15:12 | INFO     |   ✓ Mob DEAD after skill 3!
2025-12-03 21:15:12 | INFO     | <<<<<<<<<<<<<<<<<<<<<<<<<<<<<<<<<<<<<<<<<<<<<<<<<<<<<<<<<<<<
2025-12-03 21:15:12 | INFO     | 💀 Total kills: 4 | Skills saved: 1
2025-12-03 21:15:12 | INFO     | <<<<<<<<<<<<<<<<<<<<<<<<<<<<<<<<<<<<<<<<<<<<<<<<<<<<<<<<<<<<

2025-12-03 21:15:12 | INFO     | 
  Verifying target #3 (D=195px)...
2025-12-03 21:15:12 | DEBUG    |     Clicking (839, 417)
2025-12-03 21:15:12 | DEBUG    |     Health check: 29 red pixels -> DEAD
2025-12-03 21:15:12 | DEBUG    |     ✓ Verified MOB in 1 attempts
2025-12-03 21:15:12 | INFO     |     ✗ Mob already DEAD
2025-12-03 21:15:13 | INFO     | 
======================================================================
2025-12-03 21:15:13 | INFO     | CYCLE #4
2025-12-03 21:15:13 | INFO     | ======================================================================
2025-12-03 21:15:13 | INFO     | Detected: 19 floating names
2025-12-03 21:15:13 | DEBUG    |   Name #18: Cached, skipping
2025-12-03 21:15:13 | DEBUG    |   Name #19: Cached, skipping
2025-12-03 21:15:13 | INFO     | → Valid targets (after cache): 17
2025-12-03 21:15:13 | INFO     | → Target priority (closest to farthest):
2025-12-03 21:15:13 | INFO     |    #1: Distance=55px from center
2025-12-03 21:15:13 | INFO     |    #2: Distance=157px from center
2025-12-03 21:15:13 | INFO     |    #3: Distance=204px from center
2025-12-03 21:15:13 | INFO     |    #4: Distance=345px from center
2025-12-03 21:15:13 | INFO     |    #5: Distance=392px from center
2025-12-03 21:15:13 | INFO     | 
  Verifying target #1 (D=55px)...
2025-12-03 21:15:13 | DEBUG    |     Clicking (1000, 608)
2025-12-03 21:15:13 | DEBUG    |     Health check: 0 red pixels -> DEAD
2025-12-03 21:15:13 | DEBUG    |     ✓ Verified MOB in 1 attempts
2025-12-03 21:15:13 | INFO     |     ✗ Mob already DEAD
2025-12-03 21:15:13 | INFO     | 
  Verifying target #2 (D=157px)...
2025-12-03 21:15:13 | DEBUG    |     Clicking (825, 651)
2025-12-03 21:15:13 | DEBUG    |     Health check: 0 red pixels -> DEAD
2025-12-03 21:15:13 | DEBUG    |     ✓ Verified MOB in 1 attempts
2025-12-03 21:15:13 | INFO     |     ✗ Mob already DEAD
2025-12-03 21:15:13 | INFO     | 
  Verifying target #3 (D=204px)...
2025-12-03 21:15:13 | DEBUG    |     Clicking (1024, 765)
2025-12-03 21:15:14 | DEBUG    |     Health check: 0 red pixels -> DEAD
2025-12-03 21:15:14 | DEBUG    |     ✓ Verified MOB in 1 attempts
2025-12-03 21:15:14 | INFO     |     ✗ Mob already DEAD
2025-12-03 21:15:14 | INFO     | 
======================================================================
2025-12-03 21:15:14 | INFO     | CYCLE #5
2025-12-03 21:15:14 | INFO     | ======================================================================
2025-12-03 21:15:14 | INFO     | Detected: 26 floating names
2025-12-03 21:15:14 | DEBUG    |   Name #19: Cached, skipping
2025-12-03 21:15:14 | DEBUG    |   Name #22: Cached, skipping
2025-12-03 21:15:14 | DEBUG    |   Name #24: Cached, skipping
2025-12-03 21:15:14 | DEBUG    |   Name #25: Cached, skipping
2025-12-03 21:15:14 | DEBUG    |   Name #26: Cached, skipping
2025-12-03 21:15:14 | INFO     | → Valid targets (after cache): 21
2025-12-03 21:15:14 | INFO     | → Target priority (closest to farthest):
2025-12-03 21:15:14 | INFO     |    #1: Distance=18px from center
2025-12-03 21:15:14 | INFO     |    #2: Distance=109px from center
2025-12-03 21:15:14 | INFO     |    #3: Distance=166px from center
2025-12-03 21:15:14 | INFO     |    #4: Distance=182px from center
2025-12-03 21:15:14 | INFO     |    #5: Distance=231px from center
2025-12-03 21:15:14 | INFO     | 
  Verifying target #1 (D=18px)...
2025-12-03 21:15:14 | DEBUG    |     Clicking (970, 567)
2025-12-03 21:15:15 | DEBUG    |     Health check: 0 red pixels -> DEAD
2025-12-03 21:15:15 | DEBUG    |     ✓ Verified MOB in 1 attempts
2025-12-03 21:15:15 | INFO     |     ✗ Mob already DEAD
2025-12-03 21:15:15 | INFO     | 
  Verifying target #2 (D=109px)...
2025-12-03 21:15:15 | DEBUG    |     Clicking (947, 680)
2025-12-03 21:15:15 | DEBUG    |     Health check: 649 red pixels -> ALIVE
2025-12-03 21:15:15 | DEBUG    |     ✓ Verified MOB in 1 attempts
2025-12-03 21:15:15 | INFO     |     ✓ Unique | Status: ALIVE
2025-12-03 21:15:15 | INFO     | 
>>>>>>>>>>>>>>>>>>>>>>>>>>>>>>>>>>>>>>>>>>>>>>>>>>>>>>>>>>>>
2025-12-03 21:15:15 | INFO     | ⚔️  ENGAGING: Unique
2025-12-03 21:15:15 | INFO     | >>>>>>>>>>>>>>>>>>>>>>>>>>>>>>>>>>>>>>>>>>>>>>>>>>>>>>>>>>>>
2025-12-03 21:15:15 | DEBUG    |     Health check: 649 red pixels -> ALIVE
2025-12-03 21:15:15 | INFO     |   → Skill 1: 1
2025-12-03 21:15:16 | DEBUG    |     Health check: 649 red pixels -> ALIVE
2025-12-03 21:15:16 | INFO     |   → Skill 2: 2
2025-12-03 21:15:17 | DEBUG    |     Health check: 650 red pixels -> ALIVE
2025-12-03 21:15:17 | INFO     |   → Skill 3: 3
2025-12-03 21:15:19 | DEBUG    |     Health check: 31 red pixels -> DEAD
2025-12-03 21:15:19 | INFO     |   ✓ Mob DEAD after skill 3!
2025-12-03 21:15:19 | INFO     | <<<<<<<<<<<<<<<<<<<<<<<<<<<<<<<<<<<<<<<<<<<<<<<<<<<<<<<<<<<<
2025-12-03 21:15:19 | INFO     | 💀 Total kills: 5 | Skills saved: 1
2025-12-03 21:15:19 | INFO     | <<<<<<<<<<<<<<<<<<<<<<<<<<<<<<<<<<<<<<<<<<<<<<<<<<<<<<<<<<<<

2025-12-03 21:15:19 | INFO     | 
  Verifying target #3 (D=166px)...
2025-12-03 21:15:19 | DEBUG    |     Clicking (794, 582)
2025-12-03 21:15:19 | DEBUG    |     Health check: 650 red pixels -> ALIVE
2025-12-03 21:15:19 | DEBUG    |     ✓ Verified MOB in 1 attempts
2025-12-03 21:15:19 | INFO     |     ✓ Unique | Status: ALIVE
2025-12-03 21:15:19 | INFO     | 
>>>>>>>>>>>>>>>>>>>>>>>>>>>>>>>>>>>>>>>>>>>>>>>>>>>>>>>>>>>>
2025-12-03 21:15:19 | INFO     | ⚔️  ENGAGING: Unique
2025-12-03 21:15:19 | INFO     | >>>>>>>>>>>>>>>>>>>>>>>>>>>>>>>>>>>>>>>>>>>>>>>>>>>>>>>>>>>>
2025-12-03 21:15:19 | DEBUG    |     Health check: 650 red pixels -> ALIVE
2025-12-03 21:15:19 | INFO     |   → Skill 1: 1
2025-12-03 21:15:20 | DEBUG    |     Health check: 651 red pixels -> ALIVE
2025-12-03 21:15:20 | INFO     |   → Skill 2: 2
2025-12-03 21:15:21 | DEBUG    |     Health check: 651 red pixels -> ALIVE
2025-12-03 21:15:21 | INFO     |   → Skill 3: 3
2025-12-03 21:15:22 | DEBUG    |     Health check: 653 red pixels -> ALIVE
2025-12-03 21:15:22 | INFO     |   → Skill 4: 4
2025-12-03 21:15:24 | DEBUG    |     Health check: 35 red pixels -> DEAD
2025-12-03 21:15:24 | INFO     |   ✓ Mob DEAD after skill 4!
2025-12-03 21:15:24 | INFO     | <<<<<<<<<<<<<<<<<<<<<<<<<<<<<<<<<<<<<<<<<<<<<<<<<<<<<<<<<<<<
2025-12-03 21:15:24 | INFO     | 💀 Total kills: 6 | Skills saved: 0
2025-12-03 21:15:24 | INFO     | <<<<<<<<<<<<<<<<<<<<<<<<<<<<<<<<<<<<<<<<<<<<<<<<<<<<<<<<<<<<

2025-12-03 21:15:24 | INFO     | 
======================================================================
2025-12-03 21:15:24 | INFO     | CYCLE #6
2025-12-03 21:15:24 | INFO     | ======================================================================
2025-12-03 21:15:24 | INFO     | Detected: 31 floating names
2025-12-03 21:15:24 | DEBUG    |   Name #22: Cached, skipping
2025-12-03 21:15:24 | DEBUG    |   Name #28: Cached, skipping
2025-12-03 21:15:24 | DEBUG    |   Name #30: Cached, skipping
2025-12-03 21:15:24 | INFO     | → Valid targets (after cache): 28
2025-12-03 21:15:24 | INFO     | → Target priority (closest to farthest):
2025-12-03 21:15:24 | INFO     |    #1: Distance=16px from center
2025-12-03 21:15:24 | INFO     |    #2: Distance=68px from center
2025-12-03 21:15:24 | INFO     |    #3: Distance=185px from center
2025-12-03 21:15:24 | INFO     |    #4: Distance=217px from center
2025-12-03 21:15:24 | INFO     |    #5: Distance=246px from center
2025-12-03 21:15:24 | INFO     | 
  Verifying target #1 (D=16px)...
2025-12-03 21:15:24 | DEBUG    |     Clicking (969, 566)
2025-12-03 21:15:24 | DEBUG    |     Health check: 35 red pixels -> DEAD
2025-12-03 21:15:24 | DEBUG    |     ✓ Verified MOB in 1 attempts
2025-12-03 21:15:24 | INFO     |     ✗ Mob already DEAD
2025-12-03 21:15:24 | INFO     | 
  Verifying target #2 (D=68px)...
2025-12-03 21:15:24 | DEBUG    |     Clicking (892, 569)
2025-12-03 21:15:25 | DEBUG    |     Health check: 5 red pixels -> DEAD
2025-12-03 21:15:25 | DEBUG    |     ✓ Verified MOB in 1 attempts
2025-12-03 21:15:25 | INFO     |     ✗ Mob already DEAD
2025-12-03 21:15:25 | INFO     | 
  Verifying target #3 (D=185px)...
2025-12-03 21:15:25 | DEBUG    |     Clicking (778, 605)
2025-12-03 21:15:25 | DEBUG    |     Health check: 1 red pixels -> DEAD
2025-12-03 21:15:25 | DEBUG    |     ✓ Verified MOB in 1 attempts
2025-12-03 21:15:25 | INFO     |     ✗ Mob already DEAD
2025-12-03 21:15:26 | INFO     | 
======================================================================
2025-12-03 21:15:26 | INFO     | CYCLE #7
2025-12-03 21:15:26 | INFO     | ======================================================================
2025-12-03 21:15:26 | INFO     | Detected: 12 floating names
2025-12-03 21:15:26 | DEBUG    |   Name #6: Cached, skipping
2025-12-03 21:15:26 | DEBUG    |   Name #8: Cached, skipping
2025-12-03 21:15:26 | DEBUG    |   Name #10: Cached, skipping
2025-12-03 21:15:26 | DEBUG    |   Name #11: Cached, skipping
2025-12-03 21:15:26 | DEBUG    |   Name #12: Cached, skipping
2025-12-03 21:15:26 | INFO     | → Valid targets (after cache): 7
2025-12-03 21:15:26 | INFO     | → Target priority (closest to farthest):
2025-12-03 21:15:26 | INFO     |    #1: Distance=95px from center
2025-12-03 21:15:26 | INFO     |    #2: Distance=213px from center
2025-12-03 21:15:26 | INFO     |    #3: Distance=236px from center
2025-12-03 21:15:26 | INFO     |    #4: Distance=243px from center
2025-12-03 21:15:26 | INFO     |    #5: Distance=545px from center
2025-12-03 21:15:26 | INFO     | 
  Verifying target #1 (D=95px)...
2025-12-03 21:15:26 | DEBUG    |     Clicking (951, 475)
2025-12-03 21:15:26 | DEBUG    |     Health check: 3 red pixels -> DEAD
2025-12-03 21:15:26 | DEBUG    |     ✓ Verified MOB in 1 attempts
2025-12-03 21:15:26 | INFO     |     ✗ Mob already DEAD
2025-12-03 21:15:26 | INFO     | 
  Verifying target #2 (D=213px)...
2025-12-03 21:15:26 | DEBUG    |     Clicking (747, 583)
2025-12-03 21:15:26 | DEBUG    |     Health check: 1 red pixels -> DEAD
2025-12-03 21:15:26 | DEBUG    |     ✓ Verified MOB in 1 attempts
2025-12-03 21:15:26 | INFO     |     ✗ Mob already DEAD
2025-12-03 21:15:26 | INFO     | 
  Verifying target #3 (D=236px)...
2025-12-03 21:15:26 | DEBUG    |     Clicking (990, 806)
2025-12-03 21:15:27 | DEBUG    |     Health check: 4 red pixels -> DEAD
2025-12-03 21:15:27 | DEBUG    |     ✓ Verified MOB in 1 attempts
2025-12-03 21:15:27 | INFO     |     ✗ Mob already DEAD
2025-12-03 21:15:27 | INFO     | 
======================================================================
2025-12-03 21:15:27 | INFO     | CYCLE #8
2025-12-03 21:15:27 | INFO     | ======================================================================
2025-12-03 21:15:27 | INFO     | Detected: 20 floating names
2025-12-03 21:15:27 | DEBUG    |   Name #19: Cached, skipping
2025-12-03 21:15:27 | INFO     | → Valid targets (after cache): 19
2025-12-03 21:15:27 | INFO     | → Target priority (closest to farthest):
2025-12-03 21:15:27 | INFO     |    #1: Distance=79px from center
2025-12-03 21:15:27 | INFO     |    #2: Distance=82px from center
2025-12-03 21:15:27 | INFO     |    #3: Distance=145px from center
2025-12-03 21:15:27 | INFO     |    #4: Distance=253px from center
2025-12-03 21:15:27 | INFO     |    #5: Distance=276px from center
2025-12-03 21:15:27 | INFO     | 
  Verifying target #1 (D=79px)...
2025-12-03 21:15:27 | DEBUG    |     Clicking (948, 650)
2025-12-03 21:15:28 | DEBUG    |     Health check: 652 red pixels -> ALIVE
2025-12-03 21:15:28 | DEBUG    |     ✓ Verified MOB in 1 attempts
2025-12-03 21:15:28 | INFO     |     ✓ Unique | Status: ALIVE
2025-12-03 21:15:28 | INFO     | 
>>>>>>>>>>>>>>>>>>>>>>>>>>>>>>>>>>>>>>>>>>>>>>>>>>>>>>>>>>>>
2025-12-03 21:15:28 | INFO     | ⚔️  ENGAGING: Unique
2025-12-03 21:15:28 | INFO     | >>>>>>>>>>>>>>>>>>>>>>>>>>>>>>>>>>>>>>>>>>>>>>>>>>>>>>>>>>>>
2025-12-03 21:15:28 | DEBUG    |     Health check: 651 red pixels -> ALIVE
2025-12-03 21:15:28 | INFO     |   → Skill 1: 1
2025-12-03 21:15:29 | DEBUG    |     Health check: 653 red pixels -> ALIVE
2025-12-03 21:15:29 | INFO     |   → Skill 2: 2
2025-12-03 21:15:30 | DEBUG    |     Health check: 656 red pixels -> ALIVE
2025-12-03 21:15:30 | INFO     |   → Skill 3: 3
2025-12-03 21:15:31 | DEBUG    |     Health check: 29 red pixels -> DEAD
2025-12-03 21:15:31 | INFO     |   ✓ Mob DEAD after skill 3!
2025-12-03 21:15:31 | INFO     | <<<<<<<<<<<<<<<<<<<<<<<<<<<<<<<<<<<<<<<<<<<<<<<<<<<<<<<<<<<<
2025-12-03 21:15:31 | INFO     | 💀 Total kills: 7 | Skills saved: 1
2025-12-03 21:15:31 | INFO     | <<<<<<<<<<<<<<<<<<<<<<<<<<<<<<<<<<<<<<<<<<<<<<<<<<<<<<<<<<<<

2025-12-03 21:15:31 | INFO     | 
  Verifying target #2 (D=82px)...
2025-12-03 21:15:31 | DEBUG    |     Clicking (986, 492)
2025-12-03 21:15:31 | DEBUG    |     Health check: 30 red pixels -> DEAD
2025-12-03 21:15:31 | DEBUG    |     ✓ Verified MOB in 1 attempts
2025-12-03 21:15:31 | INFO     |     ✗ Mob already DEAD
2025-12-03 21:15:31 | INFO     | 
  Verifying target #3 (D=145px)...
2025-12-03 21:15:31 | DEBUG    |     Clicking (1087, 641)
2025-12-03 21:15:32 | DEBUG    |     Health check: 31 red pixels -> DEAD
2025-12-03 21:15:32 | DEBUG    |     ✓ Verified MOB in 1 attempts
2025-12-03 21:15:32 | INFO     |     ✗ Mob already DEAD
2025-12-03 21:15:32 | INFO     | 
======================================================================
2025-12-03 21:15:32 | INFO     | CYCLE #9
2025-12-03 21:15:32 | INFO     | ======================================================================
2025-12-03 21:15:32 | INFO     | Detected: 27 floating names
2025-12-03 21:15:32 | DEBUG    |   Name #19: Cached, skipping
2025-12-03 21:15:32 | DEBUG    |   Name #26: Cached, skipping
2025-12-03 21:15:32 | DEBUG    |   Name #27: Cached, skipping
2025-12-03 21:15:32 | INFO     | → Valid targets (after cache): 24
2025-12-03 21:15:32 | INFO     | → Target priority (closest to farthest):
2025-12-03 21:15:32 | INFO     |    #1: Distance=43px from center
2025-12-03 21:15:32 | INFO     |    #2: Distance=62px from center
2025-12-03 21:15:32 | INFO     |    #3: Distance=96px from center
2025-12-03 21:15:32 | INFO     |    #4: Distance=137px from center
2025-12-03 21:15:32 | INFO     |    #5: Distance=174px from center
2025-12-03 21:15:32 | INFO     | 
  Verifying target #1 (D=43px)...
2025-12-03 21:15:32 | DEBUG    |     Clicking (973, 612)
2025-12-03 21:15:33 | DEBUG    |     Health check: 34 red pixels -> DEAD
2025-12-03 21:15:33 | DEBUG    |     ✓ Verified MOB in 1 attempts
2025-12-03 21:15:33 | INFO     |     ✗ Mob already DEAD
2025-12-03 21:15:33 | INFO     | 
  Verifying target #2 (D=62px)...
2025-12-03 21:15:33 | DEBUG    |     Clicking (914, 614)
2025-12-03 21:15:33 | DEBUG    |     Health check: 31 red pixels -> DEAD
2025-12-03 21:15:33 | DEBUG    |     ✓ Verified MOB in 1 attempts
2025-12-03 21:15:33 | INFO     |     ✗ Mob already DEAD
2025-12-03 21:15:33 | INFO     | 
  Verifying target #3 (D=96px)...
2025-12-03 21:15:33 | DEBUG    |     Clicking (941, 476)
2025-12-03 21:15:34 | DEBUG    |     Health check: 29 red pixels -> DEAD
2025-12-03 21:15:34 | DEBUG    |     ✓ Verified MOB in 1 attempts
2025-12-03 21:15:34 | INFO     |     ✗ Mob already DEAD
2025-12-03 21:15:34 | INFO     | 
======================================================================
2025-12-03 21:15:34 | INFO     | CYCLE #10
2025-12-03 21:15:34 | INFO     | ======================================================================
2025-12-03 21:15:34 | INFO     | Detected: 17 floating names
2025-12-03 21:15:34 | DEBUG    |   Name #7: Cached, skipping
2025-12-03 21:15:34 | DEBUG    |   Name #9: Cached, skipping
2025-12-03 21:15:34 | DEBUG    |   Name #10: Cached, skipping
2025-12-03 21:15:34 | DEBUG    |   Name #14: Cached, skipping
2025-12-03 21:15:34 | DEBUG    |   Name #15: Cached, skipping
2025-12-03 21:15:34 | DEBUG    |   Name #16: Cached, skipping
2025-12-03 21:15:34 | DEBUG    |   Name #17: Cached, skipping
2025-12-03 21:15:34 | INFO     | → Valid targets (after cache): 10
2025-12-03 21:15:34 | INFO     | → Target priority (closest to farthest):
2025-12-03 21:15:34 | INFO     |    #1: Distance=99px from center
2025-12-03 21:15:34 | INFO     |    #2: Distance=257px from center
2025-12-03 21:15:34 | INFO     |    #3: Distance=275px from center
2025-12-03 21:15:34 | INFO     |    #4: Distance=337px from center
2025-12-03 21:15:34 | INFO     |    #5: Distance=380px from center
2025-12-03 21:15:34 | INFO     | 
  Verifying target #1 (D=99px)...
2025-12-03 21:15:34 | DEBUG    |     Clicking (861, 581)
2025-12-03 21:15:34 | DEBUG    |     Health check: 0 red pixels -> DEAD
2025-12-03 21:15:34 | DEBUG    |     ✓ Verified MOB in 1 attempts
2025-12-03 21:15:34 | INFO     |     ✗ Mob already DEAD
2025-12-03 21:15:34 | INFO     | 
  Verifying target #2 (D=257px)...
2025-12-03 21:15:34 | DEBUG    |     Clicking (928, 315)
2025-12-03 21:15:35 | DEBUG    |     Health check: 649 red pixels -> ALIVE
2025-12-03 21:15:35 | DEBUG    |     ✓ Verified MOB in 1 attempts
2025-12-03 21:15:35 | INFO     |     ✓ Unique | Status: ALIVE
2025-12-03 21:15:35 | INFO     | 
>>>>>>>>>>>>>>>>>>>>>>>>>>>>>>>>>>>>>>>>>>>>>>>>>>>>>>>>>>>>
2025-12-03 21:15:35 | INFO     | ⚔️  ENGAGING: Unique
2025-12-03 21:15:35 | INFO     | >>>>>>>>>>>>>>>>>>>>>>>>>>>>>>>>>>>>>>>>>>>>>>>>>>>>>>>>>>>>
2025-12-03 21:15:35 | DEBUG    |     Health check: 649 red pixels -> ALIVE
2025-12-03 21:15:35 | INFO     |   → Skill 1: 1
2025-12-03 21:15:36 | DEBUG    |     Health check: 649 red pixels -> ALIVE
2025-12-03 21:15:36 | INFO     |   → Skill 2: 2
2025-12-03 21:15:37 | DEBUG    |     Health check: 649 red pixels -> ALIVE
2025-12-03 21:15:37 | INFO     |   → Skill 3: 3
2025-12-03 21:15:38 | DEBUG    |     Health check: 29 red pixels -> DEAD
2025-12-03 21:15:38 | INFO     |   ✓ Mob DEAD after skill 3!
2025-12-03 21:15:38 | INFO     | <<<<<<<<<<<<<<<<<<<<<<<<<<<<<<<<<<<<<<<<<<<<<<<<<<<<<<<<<<<<
2025-12-03 21:15:38 | INFO     | 💀 Total kills: 8 | Skills saved: 1
2025-12-03 21:15:38 | INFO     | <<<<<<<<<<<<<<<<<<<<<<<<<<<<<<<<<<<<<<<<<<<<<<<<<<<<<<<<<<<<

2025-12-03 21:15:38 | INFO     | 
  Verifying target #3 (D=275px)...
2025-12-03 21:15:38 | DEBUG    |     Clicking (710, 455)
2025-12-03 21:15:39 | DEBUG    |     Health check: 29 red pixels -> DEAD
2025-12-03 21:15:39 | DEBUG    |     ✓ Verified MOB in 1 attempts
2025-12-03 21:15:39 | INFO     |     ✗ Mob already DEAD
2025-12-03 21:15:39 | INFO     | 
======================================================================
2025-12-03 21:15:39 | INFO     | CYCLE #11
2025-12-03 21:15:39 | INFO     | ======================================================================
2025-12-03 21:15:39 | INFO     | Detected: 20 floating names
2025-12-03 21:15:39 | DEBUG    |   Name #19: Cached, skipping
2025-12-03 21:15:39 | DEBUG    |   Name #20: Cached, skipping
2025-12-03 21:15:39 | INFO     | → Valid targets (after cache): 18
2025-12-03 21:15:39 | INFO     | → Target priority (closest to farthest):
2025-12-03 21:15:39 | INFO     |    #1: Distance=29px from center
2025-12-03 21:15:39 | INFO     |    #2: Distance=98px from center
2025-12-03 21:15:39 | INFO     |    #3: Distance=126px from center
2025-12-03 21:15:39 | INFO     |    #4: Distance=137px from center
2025-12-03 21:15:39 | INFO     |    #5: Distance=149px from center
2025-12-03 21:15:39 | INFO     | 
  Verifying target #1 (D=29px)...
2025-12-03 21:15:39 | DEBUG    |     Clicking (939, 549)
2025-12-03 21:15:39 | DEBUG    |     Health check: 29 red pixels -> DEAD
2025-12-03 21:15:39 | DEBUG    |     ✓ Verified MOB in 1 attempts
2025-12-03 21:15:39 | INFO     |     ✗ Mob already DEAD
2025-12-03 21:15:39 | INFO     | 
  Verifying target #2 (D=98px)...
2025-12-03 21:15:39 | DEBUG    |     Clicking (929, 478)
2025-12-03 21:15:40 | DEBUG    |     Health check: 649 red pixels -> ALIVE
2025-12-03 21:15:40 | DEBUG    |     ✓ Verified MOB in 1 attempts
2025-12-03 21:15:40 | INFO     |     ✓ Unique | Status: ALIVE
2025-12-03 21:15:40 | INFO     | 
>>>>>>>>>>>>>>>>>>>>>>>>>>>>>>>>>>>>>>>>>>>>>>>>>>>>>>>>>>>>
2025-12-03 21:15:40 | INFO     | ⚔️  ENGAGING: Unique
2025-12-03 21:15:40 | INFO     | >>>>>>>>>>>>>>>>>>>>>>>>>>>>>>>>>>>>>>>>>>>>>>>>>>>>>>>>>>>>
2025-12-03 21:15:40 | DEBUG    |     Health check: 649 red pixels -> ALIVE
2025-12-03 21:15:40 | INFO     |   → Skill 1: 1
2025-12-03 21:15:41 | DEBUG    |     Health check: 649 red pixels -> ALIVE
2025-12-03 21:15:41 | INFO     |   → Skill 2: 2
2025-12-03 21:15:42 | DEBUG    |     Health check: 649 red pixels -> ALIVE
2025-12-03 21:15:42 | INFO     |   → Skill 3: 3
2025-12-03 21:15:43 | DEBUG    |     Health check: 29 red pixels -> DEAD
2025-12-03 21:15:43 | INFO     |   ✓ Mob DEAD after skill 3!
2025-12-03 21:15:43 | INFO     | <<<<<<<<<<<<<<<<<<<<<<<<<<<<<<<<<<<<<<<<<<<<<<<<<<<<<<<<<<<<
2025-12-03 21:15:43 | INFO     | 💀 Total kills: 9 | Skills saved: 1
2025-12-03 21:15:43 | INFO     | <<<<<<<<<<<<<<<<<<<<<<<<<<<<<<<<<<<<<<<<<<<<<<<<<<<<<<<<<<<<

2025-12-03 21:15:43 | INFO     | 
  Verifying target #3 (D=126px)...
2025-12-03 21:15:43 | DEBUG    |     Clicking (882, 472)
2025-12-03 21:15:44 | DEBUG    |     Health check: 29 red pixels -> DEAD
2025-12-03 21:15:44 | DEBUG    |     ✓ Verified MOB in 1 attempts
2025-12-03 21:15:44 | INFO     |     ✗ Mob already DEAD
2025-12-03 21:15:44 | INFO     | 
======================================================================
2025-12-03 21:15:44 | INFO     | CYCLE #12
2025-12-03 21:15:44 | INFO     | ======================================================================
2025-12-03 21:15:44 | INFO     | Detected: 17 floating names
2025-12-03 21:15:44 | DEBUG    |   Name #16: Cached, skipping
2025-12-03 21:15:44 | INFO     | → Valid targets (after cache): 16
2025-12-03 21:15:44 | INFO     | → Target priority (closest to farthest):
2025-12-03 21:15:44 | INFO     |    #1: Distance=16px from center
2025-12-03 21:15:44 | INFO     |    #2: Distance=58px from center
2025-12-03 21:15:44 | INFO     |    #3: Distance=83px from center
2025-12-03 21:15:44 | INFO     |    #4: Distance=144px from center
2025-12-03 21:15:44 | INFO     |    #5: Distance=225px from center
2025-12-03 21:15:44 | INFO     | 
  Verifying target #1 (D=16px)...
2025-12-03 21:15:44 | DEBUG    |     Clicking (970, 566)
2025-12-03 21:15:45 | DEBUG    |     Health check: 29 red pixels -> DEAD
2025-12-03 21:15:45 | DEBUG    |     ✓ Verified MOB in 1 attempts
2025-12-03 21:15:45 | INFO     |     ✗ Mob already DEAD
2025-12-03 21:15:45 | INFO     | 
  Verifying target #2 (D=58px)...
2025-12-03 21:15:45 | DEBUG    |     Clicking (903, 560)
2025-12-03 21:15:45 | DEBUG    |     Health check: 29 red pixels -> DEAD
2025-12-03 21:15:45 | DEBUG    |     ✓ Verified MOB in 1 attempts
2025-12-03 21:15:45 | INFO     |     ✗ Mob already DEAD
2025-12-03 21:15:45 | INFO     | 
  Verifying target #3 (D=83px)...
2025-12-03 21:15:45 | DEBUG    |     Clicking (958, 653)
2025-12-03 21:15:45 | DEBUG    |     Health check: 29 red pixels -> DEAD
2025-12-03 21:15:45 | DEBUG    |     ✓ Verified MOB in 1 attempts
2025-12-03 21:15:45 | INFO     |     ✗ Mob already DEAD
2025-12-03 21:15:46 | INFO     | 
======================================================================
2025-12-03 21:15:46 | INFO     | CYCLE #13
2025-12-03 21:15:46 | INFO     | ======================================================================
2025-12-03 21:15:46 | INFO     | Detected: 20 floating names
2025-12-03 21:15:46 | DEBUG    |   Name #11: Cached, skipping
2025-12-03 21:15:46 | DEBUG    |   Name #13: Cached, skipping
2025-12-03 21:15:46 | DEBUG    |   Name #18: Cached, skipping
2025-12-03 21:15:46 | DEBUG    |   Name #19: Cached, skipping
2025-12-03 21:15:46 | INFO     | → Valid targets (after cache): 16
2025-12-03 21:15:46 | INFO     | → Target priority (closest to farthest):
2025-12-03 21:15:46 | INFO     |    #1: Distance=58px from center
2025-12-03 21:15:46 | INFO     |    #2: Distance=78px from center
2025-12-03 21:15:46 | INFO     |    #3: Distance=98px from center
2025-12-03 21:15:46 | INFO     |    #4: Distance=110px from center
2025-12-03 21:15:46 | INFO     |    #5: Distance=126px from center
2025-12-03 21:15:46 | INFO     | 
  Verifying target #1 (D=58px)...
2025-12-03 21:15:46 | DEBUG    |     Clicking (1018, 575)
2025-12-03 21:15:46 | DEBUG    |     Health check: 0 red pixels -> DEAD
2025-12-03 21:15:46 | DEBUG    |     ✓ Verified MOB in 1 attempts
2025-12-03 21:15:46 | INFO     |     ✗ Mob already DEAD
2025-12-03 21:15:46 | INFO     | 
  Verifying target #2 (D=78px)...
2025-12-03 21:15:46 | DEBUG    |     Clicking (962, 493)
2025-12-03 21:15:47 | DEBUG    |     Health check: 0 red pixels -> DEAD
2025-12-03 21:15:47 | DEBUG    |     ✓ Verified MOB in 1 attempts
2025-12-03 21:15:47 | INFO     |     ✗ Mob already DEAD
2025-12-03 21:15:47 | INFO     | 
  Verifying target #3 (D=98px)...
2025-12-03 21:15:47 | DEBUG    |     Clicking (1000, 482)
2025-12-03 21:15:47 | DEBUG    |     Health check: 0 red pixels -> DEAD
2025-12-03 21:15:47 | DEBUG    |     ✓ Verified MOB in 1 attempts
2025-12-03 21:15:47 | INFO     |     ✗ Mob already DEAD
2025-12-03 21:15:47 | INFO     | 
======================================================================
2025-12-03 21:15:47 | INFO     | CYCLE #14
2025-12-03 21:15:47 | INFO     | ======================================================================
2025-12-03 21:15:47 | INFO     | Detected: 15 floating names
2025-12-03 21:15:47 | DEBUG    |   Name #13: Cached, skipping
2025-12-03 21:15:47 | DEBUG    |   Name #14: Cached, skipping
2025-12-03 21:15:47 | INFO     | → Valid targets (after cache): 13
2025-12-03 21:15:47 | INFO     | → Target priority (closest to farthest):
2025-12-03 21:15:47 | INFO     |    #1: Distance=29px from center
2025-12-03 21:15:47 | INFO     |    #2: Distance=43px from center
2025-12-03 21:15:47 | INFO     |    #3: Distance=81px from center
2025-12-03 21:15:47 | INFO     |    #4: Distance=128px from center
2025-12-03 21:15:47 | INFO     |    #5: Distance=212px from center
2025-12-03 21:15:47 | INFO     | 
  Verifying target #1 (D=29px)...
2025-12-03 21:15:47 | DEBUG    |     Clicking (939, 549)
2025-12-03 21:15:48 | DEBUG    |     Health check: 0 red pixels -> DEAD
2025-12-03 21:15:48 | DEBUG    |     ✓ Verified MOB in 1 attempts
2025-12-03 21:15:48 | INFO     |     ✗ Mob already DEAD
2025-12-03 21:15:48 | INFO     | 
  Verifying target #2 (D=43px)...
2025-12-03 21:15:48 | DEBUG    |     Clicking (976, 610)
2025-12-03 21:15:48 | DEBUG    |     Health check: 0 red pixels -> DEAD
2025-12-03 21:15:48 | DEBUG    |     ✓ Verified MOB in 1 attempts
2025-12-03 21:15:48 | INFO     |     ✗ Mob already DEAD
2025-12-03 21:15:48 | INFO     | 
  Verifying target #3 (D=81px)...
2025-12-03 21:15:48 | DEBUG    |     Clicking (880, 557)
2025-12-03 21:15:49 | DEBUG    |     Health check: 649 red pixels -> ALIVE
2025-12-03 21:15:49 | DEBUG    |     ✓ Verified MOB in 1 attempts
2025-12-03 21:15:49 | INFO     |     ✓ Unique | Status: ALIVE
2025-12-03 21:15:49 | INFO     | 
>>>>>>>>>>>>>>>>>>>>>>>>>>>>>>>>>>>>>>>>>>>>>>>>>>>>>>>>>>>>
2025-12-03 21:15:49 | INFO     | ⚔️  ENGAGING: Unique
2025-12-03 21:15:49 | INFO     | >>>>>>>>>>>>>>>>>>>>>>>>>>>>>>>>>>>>>>>>>>>>>>>>>>>>>>>>>>>>
2025-12-03 21:15:49 | DEBUG    |     Health check: 649 red pixels -> ALIVE
2025-12-03 21:15:49 | INFO     |   → Skill 1: 1
2025-12-03 21:15:50 | DEBUG    |     Health check: 649 red pixels -> ALIVE
2025-12-03 21:15:50 | INFO     |   → Skill 2: 2
2025-12-03 21:15:51 | DEBUG    |     Health check: 649 red pixels -> ALIVE
2025-12-03 21:15:51 | INFO     |   → Skill 3: 3
2025-12-03 21:15:52 | DEBUG    |     Health check: 29 red pixels -> DEAD
2025-12-03 21:15:52 | INFO     |   ✓ Mob DEAD after skill 3!
2025-12-03 21:15:52 | INFO     | <<<<<<<<<<<<<<<<<<<<<<<<<<<<<<<<<<<<<<<<<<<<<<<<<<<<<<<<<<<<
2025-12-03 21:15:52 | INFO     | 💀 Total kills: 10 | Skills saved: 1
2025-12-03 21:15:52 | INFO     | <<<<<<<<<<<<<<<<<<<<<<<<<<<<<<<<<<<<<<<<<<<<<<<<<<<<<<<<<<<<

2025-12-03 21:15:52 | INFO     | 
======================================================================
2025-12-03 21:15:52 | INFO     | CYCLE #15
2025-12-03 21:15:52 | INFO     | ======================================================================
2025-12-03 21:15:53 | INFO     | Detected: 14 floating names
2025-12-03 21:15:53 | DEBUG    |   Name #14: Cached, skipping
2025-12-03 21:15:53 | INFO     | → Valid targets (after cache): 13
2025-12-03 21:15:53 | INFO     | → Target priority (closest to farthest):
2025-12-03 21:15:53 | INFO     |    #1: Distance=12px from center
2025-12-03 21:15:53 | INFO     |    #2: Distance=58px from center
2025-12-03 21:15:53 | INFO     |    #3: Distance=182px from center
2025-12-03 21:15:53 | INFO     |    #4: Distance=210px from center
2025-12-03 21:15:53 | INFO     |    #5: Distance=246px from center
2025-12-03 21:15:53 | INFO     | 
  Verifying target #1 (D=12px)...
2025-12-03 21:15:53 | DEBUG    |     Clicking (958, 568)
2025-12-03 21:15:53 | DEBUG    |     Health check: 0 red pixels -> DEAD
2025-12-03 21:15:53 | DEBUG    |     ✓ Verified MOB in 1 attempts
2025-12-03 21:15:53 | INFO     |     ✗ Mob already DEAD
2025-12-03 21:15:53 | INFO     | 
  Verifying target #2 (D=58px)...
2025-12-03 21:15:53 | DEBUG    |     Clicking (941, 626)
2025-12-03 21:15:53 | DEBUG    |     Health check: 0 red pixels -> DEAD
2025-12-03 21:15:53 | DEBUG    |     ✓ Verified MOB in 1 attempts
2025-12-03 21:15:53 | INFO     |     ✗ Mob already DEAD
2025-12-03 21:15:53 | INFO     | 
  Verifying target #3 (D=182px)...
2025-12-03 21:15:53 | DEBUG    |     Clicking (873, 411)
2025-12-03 21:15:54 | DEBUG    |     Health check: 0 red pixels -> DEAD
2025-12-03 21:15:54 | DEBUG    |     ✓ Verified MOB in 1 attempts
2025-12-03 21:15:54 | INFO     |     ✗ Mob already DEAD
2025-12-03 21:15:54 | INFO     | 
======================================================================
2025-12-03 21:15:54 | INFO     | CYCLE #16
2025-12-03 21:15:54 | INFO     | ======================================================================
2025-12-03 21:15:54 | INFO     | Detected: 18 floating names
2025-12-03 21:15:54 | DEBUG    |   Name #11: Cached, skipping
2025-12-03 21:15:54 | DEBUG    |   Name #14: Cached, skipping
2025-12-03 21:15:54 | DEBUG    |   Name #15: Cached, skipping
2025-12-03 21:15:54 | DEBUG    |   Name #16: Cached, skipping
2025-12-03 21:15:54 | DEBUG    |   Name #18: Cached, skipping
2025-12-03 21:15:54 | INFO     | → Valid targets (after cache): 13
2025-12-03 21:15:54 | INFO     | → Target priority (closest to farthest):
2025-12-03 21:15:54 | INFO     |    #1: Distance=72px from center
2025-12-03 21:15:54 | INFO     |    #2: Distance=97px from center
2025-12-03 21:15:54 | INFO     |    #3: Distance=128px from center
2025-12-03 21:15:54 | INFO     |    #4: Distance=179px from center
2025-12-03 21:15:54 | INFO     |    #5: Distance=242px from center
2025-12-03 21:15:54 | INFO     | 
  Verifying target #1 (D=72px)...
2025-12-03 21:15:54 | DEBUG    |     Clicking (965, 502)
2025-12-03 21:15:55 | DEBUG    |     Health check: 649 red pixels -> ALIVE
2025-12-03 21:15:55 | DEBUG    |     ✓ Verified MOB in 1 attempts
2025-12-03 21:15:55 | INFO     |     ✓ Unique | Status: ALIVE
2025-12-03 21:15:55 | INFO     | 
>>>>>>>>>>>>>>>>>>>>>>>>>>>>>>>>>>>>>>>>>>>>>>>>>>>>>>>>>>>>
2025-12-03 21:15:55 | INFO     | ⚔️  ENGAGING: Unique
2025-12-03 21:15:55 | INFO     | >>>>>>>>>>>>>>>>>>>>>>>>>>>>>>>>>>>>>>>>>>>>>>>>>>>>>>>>>>>>
2025-12-03 21:15:55 | DEBUG    |     Health check: 649 red pixels -> ALIVE
2025-12-03 21:15:55 | INFO     |   → Skill 1: 1
2025-12-03 21:15:56 | DEBUG    |     Health check: 649 red pixels -> ALIVE
2025-12-03 21:15:56 | INFO     |   → Skill 2: 2
2025-12-03 21:15:57 | DEBUG    |     Health check: 649 red pixels -> ALIVE
2025-12-03 21:15:57 | INFO     |   → Skill 3: 3
2025-12-03 21:15:58 | DEBUG    |     Health check: 29 red pixels -> DEAD
2025-12-03 21:15:58 | INFO     |   ✓ Mob DEAD after skill 3!
2025-12-03 21:15:58 | INFO     | <<<<<<<<<<<<<<<<<<<<<<<<<<<<<<<<<<<<<<<<<<<<<<<<<<<<<<<<<<<<
2025-12-03 21:15:58 | INFO     | 💀 Total kills: 11 | Skills saved: 1
2025-12-03 21:15:58 | INFO     | <<<<<<<<<<<<<<<<<<<<<<<<<<<<<<<<<<<<<<<<<<<<<<<<<<<<<<<<<<<<

2025-12-03 21:15:58 | INFO     | 
  Verifying target #2 (D=97px)...
2025-12-03 21:15:58 | DEBUG    |     Clicking (1013, 494)
2025-12-03 21:15:58 | DEBUG    |     Health check: 29 red pixels -> DEAD
2025-12-03 21:15:58 | DEBUG    |     ✓ Verified MOB in 1 attempts
2025-12-03 21:15:58 | INFO     |     ✗ Mob already DEAD
2025-12-03 21:15:58 | INFO     | 
  Verifying target #3 (D=128px)...
2025-12-03 21:15:58 | DEBUG    |     Clicking (1043, 668)
2025-12-03 21:15:59 | DEBUG    |     Health check: 0 red pixels -> DEAD
2025-12-03 21:15:59 | DEBUG    |     ✓ Verified MOB in 1 attempts
2025-12-03 21:15:59 | INFO     |     ✗ Mob already DEAD
2025-12-03 21:15:59 | INFO     | 
======================================================================
2025-12-03 21:15:59 | INFO     | CYCLE #17
2025-12-03 21:15:59 | INFO     | ======================================================================
2025-12-03 21:15:59 | INFO     | Detected: 13 floating names
2025-12-03 21:15:59 | DEBUG    |   Name #3: Cached, skipping
2025-12-03 21:15:59 | DEBUG    |   Name #9: Cached, skipping
2025-12-03 21:15:59 | INFO     | → Valid targets (after cache): 11
2025-12-03 21:15:59 | INFO     | → Target priority (closest to farthest):
2025-12-03 21:15:59 | INFO     |    #1: Distance=29px from center
2025-12-03 21:15:59 | INFO     |    #2: Distance=98px from center
2025-12-03 21:15:59 | INFO     |    #3: Distance=171px from center
2025-12-03 21:15:59 | INFO     |    #4: Distance=177px from center
2025-12-03 21:15:59 | INFO     |    #5: Distance=311px from center
2025-12-03 21:15:59 | INFO     | 
  Verifying target #1 (D=29px)...
2025-12-03 21:15:59 | DEBUG    |     Clicking (943, 549)
2025-12-03 21:16:00 | DEBUG    |     Health check: 0 red pixels -> DEAD
2025-12-03 21:16:00 | DEBUG    |     ✓ Verified MOB in 1 attempts
2025-12-03 21:16:00 | INFO     |     ✗ Mob already DEAD
2025-12-03 21:16:00 | INFO     | 
  Verifying target #2 (D=98px)...
2025-12-03 21:16:00 | DEBUG    |     Clicking (991, 664)
2025-12-03 21:16:00 | DEBUG    |     Health check: 0 red pixels -> DEAD
2025-12-03 21:16:00 | DEBUG    |     ✓ Verified MOB in 1 attempts
2025-12-03 21:16:00 | INFO     |     ✗ Mob already DEAD
2025-12-03 21:16:00 | INFO     | 
  Verifying target #3 (D=171px)...
2025-12-03 21:16:00 | DEBUG    |     Clicking (796, 521)
2025-12-03 21:16:00 | DEBUG    |     Health check: 0 red pixels -> DEAD
2025-12-03 21:16:00 | DEBUG    |     ✓ Verified MOB in 1 attempts
2025-12-03 21:16:00 | INFO     |     ✗ Mob already DEAD
2025-12-03 21:16:01 | INFO     | 
======================================================================
2025-12-03 21:16:01 | INFO     | CYCLE #18
2025-12-03 21:16:01 | INFO     | ======================================================================
2025-12-03 21:16:01 | INFO     | Detected: 8 floating names
2025-12-03 21:16:01 | DEBUG    |   Name #2: Cached, skipping
2025-12-03 21:16:01 | DEBUG    |   Name #4: Cached, skipping
2025-12-03 21:16:01 | DEBUG    |   Name #7: Cached, skipping
2025-12-03 21:16:01 | INFO     | → Valid targets (after cache): 5
2025-12-03 21:16:01 | INFO     | → Target priority (closest to farthest):
2025-12-03 21:16:01 | INFO     |    #1: Distance=69px from center
2025-12-03 21:16:01 | INFO     |    #2: Distance=437px from center
2025-12-03 21:16:01 | INFO     |    #3: Distance=439px from center
2025-12-03 21:16:01 | INFO     |    #4: Distance=460px from center
2025-12-03 21:16:01 | INFO     |    #5: Distance=502px from center
2025-12-03 21:16:01 | INFO     | 
  Verifying target #1 (D=69px)...
2025-12-03 21:16:01 | DEBUG    |     Clicking (917, 516)
2025-12-03 21:16:01 | DEBUG    |     Health check: 649 red pixels -> ALIVE
2025-12-03 21:16:01 | DEBUG    |     ✓ Verified MOB in 1 attempts
2025-12-03 21:16:01 | INFO     |     ✓ Unique | Status: ALIVE
2025-12-03 21:16:01 | INFO     | 
>>>>>>>>>>>>>>>>>>>>>>>>>>>>>>>>>>>>>>>>>>>>>>>>>>>>>>>>>>>>
2025-12-03 21:16:01 | INFO     | ⚔️  ENGAGING: Unique
2025-12-03 21:16:01 | INFO     | >>>>>>>>>>>>>>>>>>>>>>>>>>>>>>>>>>>>>>>>>>>>>>>>>>>>>>>>>>>>
2025-12-03 21:16:01 | DEBUG    |     Health check: 649 red pixels -> ALIVE
2025-12-03 21:16:01 | INFO     |   → Skill 1: 1
2025-12-03 21:16:02 | DEBUG    |     Health check: 650 red pixels -> ALIVE
2025-12-03 21:16:02 | INFO     |   → Skill 2: 2
2025-12-03 21:16:04 | DEBUG    |     Health check: 649 red pixels -> ALIVE
2025-12-03 21:16:04 | INFO     |   → Skill 3: 3
2025-12-03 21:16:05 | DEBUG    |     Health check: 30 red pixels -> DEAD
2025-12-03 21:16:05 | INFO     |   ✓ Mob DEAD after skill 3!
2025-12-03 21:16:05 | INFO     | <<<<<<<<<<<<<<<<<<<<<<<<<<<<<<<<<<<<<<<<<<<<<<<<<<<<<<<<<<<<
2025-12-03 21:16:05 | INFO     | 💀 Total kills: 12 | Skills saved: 1
2025-12-03 21:16:05 | INFO     | <<<<<<<<<<<<<<<<<<<<<<<<<<<<<<<<<<<<<<<<<<<<<<<<<<<<<<<<<<<<

2025-12-03 21:16:05 | INFO     | 
  Verifying target #2 (D=437px)...
2025-12-03 21:16:05 | DEBUG    |     Clicking (1353, 378)
2025-12-03 21:16:05 | DEBUG    |     Health check: 29 red pixels -> DEAD
2025-12-03 21:16:05 | DEBUG    |     ✓ Verified MOB in 1 attempts
2025-12-03 21:16:05 | INFO     |     ✗ Mob already DEAD
2025-12-03 21:16:05 | INFO     | 
  Verifying target #3 (D=439px)...
2025-12-03 21:16:05 | DEBUG    |     Clicking (645, 265)
2025-12-03 21:16:06 | DEBUG    |     Health check: 650 red pixels -> ALIVE
2025-12-03 21:16:06 | DEBUG    |     ✓ Verified MOB in 1 attempts
2025-12-03 21:16:06 | INFO     |     ✓ Unique | Status: ALIVE
2025-12-03 21:16:06 | INFO     | 
>>>>>>>>>>>>>>>>>>>>>>>>>>>>>>>>>>>>>>>>>>>>>>>>>>>>>>>>>>>>
2025-12-03 21:16:06 | INFO     | ⚔️  ENGAGING: Unique
2025-12-03 21:16:06 | INFO     | >>>>>>>>>>>>>>>>>>>>>>>>>>>>>>>>>>>>>>>>>>>>>>>>>>>>>>>>>>>>
2025-12-03 21:16:06 | DEBUG    |     Health check: 651 red pixels -> ALIVE
2025-12-03 21:16:06 | INFO     |   → Skill 1: 1
2025-12-03 21:16:07 | DEBUG    |     Health check: 652 red pixels -> ALIVE
2025-12-03 21:16:07 | INFO     |   → Skill 2: 2
2025-12-03 21:16:08 | DEBUG    |     Health check: 649 red pixels -> ALIVE
2025-12-03 21:16:08 | INFO     |   → Skill 3: 3
2025-12-03 21:16:09 | DEBUG    |     Health check: 649 red pixels -> ALIVE
2025-12-03 21:16:09 | INFO     |   → Skill 4: 4
2025-12-03 21:16:10 | DEBUG    |     Health check: 649 red pixels -> ALIVE
2025-12-03 21:16:10 | INFO     |   ℹ️  Rotation complete (mob status unknown)
2025-12-03 21:16:10 | INFO     | <<<<<<<<<<<<<<<<<<<<<<<<<<<<<<<<<<<<<<<<<<<<<<<<<<<<<<<<<<<<
2025-12-03 21:16:10 | INFO     | 💀 Total kills: 13
2025-12-03 21:16:10 | INFO     | <<<<<<<<<<<<<<<<<<<<<<<<<<<<<<<<<<<<<<<<<<<<<<<<<<<<<<<<<<<<

2025-12-03 21:16:11 | INFO     | 
======================================================================
2025-12-03 21:16:11 | INFO     | CYCLE #19
2025-12-03 21:16:11 | INFO     | ======================================================================
2025-12-03 21:16:11 | INFO     | Detected: 14 floating names
2025-12-03 21:16:11 | DEBUG    |   Name #12: Cached, skipping
2025-12-03 21:16:11 | DEBUG    |   Name #13: Cached, skipping
2025-12-03 21:16:11 | INFO     | → Valid targets (after cache): 12
2025-12-03 21:16:11 | INFO     | → Target priority (closest to farthest):
2025-12-03 21:16:11 | INFO     |    #1: Distance=17px from center
2025-12-03 21:16:11 | INFO     |    #2: Distance=30px from center
2025-12-03 21:16:11 | INFO     |    #3: Distance=276px from center
2025-12-03 21:16:11 | INFO     |    #4: Distance=361px from center
2025-12-03 21:16:11 | INFO     |    #5: Distance=371px from center
2025-12-03 21:16:11 | INFO     | 
  Verifying target #1 (D=17px)...
2025-12-03 21:16:11 | DEBUG    |     Clicking (966, 565)
2025-12-03 21:16:11 | DEBUG    |     Health check: 29 red pixels -> DEAD
2025-12-03 21:16:11 | DEBUG    |     ✓ Verified MOB in 1 attempts
2025-12-03 21:16:11 | INFO     |     ✗ Mob already DEAD
2025-12-03 21:16:11 | INFO     | 
  Verifying target #2 (D=30px)...
2025-12-03 21:16:11 | DEBUG    |     Clicking (933, 597)
2025-12-03 21:16:11 | DEBUG    |     Health check: 0 red pixels -> DEAD
2025-12-03 21:16:11 | DEBUG    |     ✓ Verified MOB in 1 attempts
2025-12-03 21:16:11 | INFO     |     ✗ Mob already DEAD
2025-12-03 21:16:11 | INFO     | 
  Verifying target #3 (D=276px)...
2025-12-03 21:16:11 | DEBUG    |     Clicking (688, 622)
2025-12-03 21:16:12 | DEBUG    |     Health check: 0 red pixels -> DEAD
2025-12-03 21:16:12 | DEBUG    |     ✓ Verified MOB in 1 attempts
2025-12-03 21:16:12 | INFO     |     ✗ Mob already DEAD
2025-12-03 21:16:12 | INFO     | 
======================================================================
2025-12-03 21:16:12 | INFO     | CYCLE #20
2025-12-03 21:16:12 | INFO     | ======================================================================
2025-12-03 21:16:12 | INFO     | Detected: 12 floating names
2025-12-03 21:16:12 | DEBUG    |   Name #5: Cached, skipping
2025-12-03 21:16:12 | DEBUG    |   Name #6: Cached, skipping
2025-12-03 21:16:12 | DEBUG    |   Name #10: Cached, skipping
2025-12-03 21:16:12 | DEBUG    |   Name #11: Cached, skipping
2025-12-03 21:16:12 | INFO     | → Valid targets (after cache): 8
2025-12-03 21:16:12 | INFO     | → Target priority (closest to farthest):
2025-12-03 21:16:12 | INFO     |    #1: Distance=132px from center
2025-12-03 21:16:12 | INFO     |    #2: Distance=188px from center
2025-12-03 21:16:12 | INFO     |    #3: Distance=196px from center
2025-12-03 21:16:12 | INFO     |    #4: Distance=417px from center
2025-12-03 21:16:12 | INFO     |    #5: Distance=443px from center
2025-12-03 21:16:12 | INFO     | 
  Verifying target #1 (D=132px)...
2025-12-03 21:16:12 | DEBUG    |     Clicking (832, 605)
2025-12-03 21:16:13 | DEBUG    |     Health check: 1 red pixels -> DEAD
2025-12-03 21:16:13 | DEBUG    |     ✓ Verified MOB in 1 attempts
2025-12-03 21:16:13 | INFO     |     ✗ Mob already DEAD
2025-12-03 21:16:13 | INFO     | 
  Verifying target #2 (D=188px)...
2025-12-03 21:16:13 | DEBUG    |     Clicking (1147, 542)
2025-12-03 21:16:13 | DEBUG    |     Health check: 2 red pixels -> DEAD
2025-12-03 21:16:13 | DEBUG    |     ✓ Verified MOB in 1 attempts
2025-12-03 21:16:13 | INFO     |     ✗ Mob already DEAD
2025-12-03 21:16:13 | INFO     | 
  Verifying target #3 (D=196px)...
2025-12-03 21:16:13 | DEBUG    |     Clicking (769, 525)
2025-12-03 21:16:13 | DEBUG    |     Health check: 3 red pixels -> DEAD
2025-12-03 21:16:13 | DEBUG    |     ✓ Verified MOB in 1 attempts
2025-12-03 21:16:13 | INFO     |     ✗ Mob already DEAD
2025-12-03 21:16:14 | INFO     | 
⏸️  PAUSED - Press CapsLock to resume

2025-12-03 21:16:20 | INFO     | 

⛔ Bot stopped by user
2025-12-03 21:16:20 | INFO     | 
======================================================================
2025-12-03 21:16:20 | INFO     | FINAL STATISTICS
2025-12-03 21:16:20 | INFO     | ======================================================================
2025-12-03 21:16:20 | INFO     | Total Cycles: 20
2025-12-03 21:16:20 | INFO     | Total Clicks: 60
2025-12-03 21:16:20 | INFO     | Verified Mobs: 60
2025-12-03 21:16:20 | INFO     | Filtered Pets: 0
2025-12-03 21:16:20 | INFO     | Total Kills: 13
2025-12-03 21:16:20 | INFO     | Early Stops: 11 (stopped rotation early due to death)
2025-12-03 21:16:20 | INFO     | Skills Used: 40
2025-12-03 21:16:20 | INFO     | Avg Skills/Kill: 3.1
2025-12-03 21:16:20 | INFO     | Uptime: 84s (1m 24s)
2025-12-03 21:16:20 | INFO     | Cache Hit Rate: 17.2%
2025-12-03 21:16:20 | INFO     | ======================================================================
