19:58:05 | INFO     | ======================================================================
19:58:05 | INFO     | ðŸŽ® MOB HUNTER v3.0 - FINAL VERSION
19:58:05 | INFO     | ======================================================================
19:58:05 | INFO     | 
ðŸš€ Bot started! Press Ctrl+C to stop

19:58:05 | INFO     | ðŸ–¥ï¸  Overlay started
19:58:05 | INFO     | 
======================================================================
19:58:05 | INFO     | CYCLE #1
19:58:05 | INFO     | ======================================================================
19:58:06 | INFO     | Detected: 2 names
19:58:06 | DEBUG    |   âœ— In player zone (960, 581)
19:58:06 | DEBUG    |   âœ— In player zone (958, 510)
19:58:06 | INFO     | â†’ Valid: 0
19:58:06 | INFO     | 
======================================================================
19:58:06 | INFO     | CYCLE #2
19:58:06 | INFO     | ======================================================================
19:58:06 | INFO     | Detected: 2 names
19:58:06 | DEBUG    |   #1: Cached
19:58:06 | DEBUG    |   #2: Cached
19:58:06 | INFO     | â†’ Valid: 0
19:58:07 | INFO     | 
======================================================================
19:58:07 | INFO     | CYCLE #3
19:58:07 | INFO     | ======================================================================
19:58:07 | INFO     | Detected: 2 names
19:58:07 | DEBUG    |   #1: Cached
19:58:07 | DEBUG    |   #2: Cached
19:58:07 | INFO     | â†’ Valid: 0
19:58:07 | INFO     | 
======================================================================
19:58:07 | INFO     | CYCLE #4
19:58:07 | INFO     | ======================================================================
19:58:07 | INFO     | Detected: 2 names
19:58:07 | DEBUG    |   #1: Cached
19:58:07 | DEBUG    |   #2: Cached
19:58:07 | INFO     | â†’ Valid: 0
19:58:08 | INFO     | 
======================================================================
19:58:08 | INFO     | CYCLE #5
19:58:08 | INFO     | ======================================================================
19:58:08 | INFO     | Detected: 1 names
19:58:08 | DEBUG    |   #1: Cached
19:58:08 | INFO     | â†’ Valid: 0
19:58:08 | INFO     | 
======================================================================
19:58:08 | INFO     | CYCLE #6
19:58:08 | INFO     | ======================================================================
19:58:08 | INFO     | Detected: 3 names
19:58:08 | DEBUG    |   #1: Cached
19:58:08 | DEBUG    |   #2: Cached
19:58:08 | DEBUG    |   #3: Cached
19:58:08 | INFO     | â†’ Valid: 0
19:58:09 | INFO     | 
======================================================================
19:58:09 | INFO     | CYCLE #7
19:58:09 | INFO     | ======================================================================
19:58:09 | INFO     | Detected: 2 names
19:58:09 | DEBUG    |   âœ— In player zone (958, 510)
19:58:09 | DEBUG    |   âœ— In player zone (917, 485)
19:58:09 | INFO     | â†’ Valid: 0
19:58:09 | INFO     | 
======================================================================
19:58:09 | INFO     | CYCLE #8
19:58:09 | INFO     | ======================================================================
19:58:09 | INFO     | Detected: 1 names
19:58:09 | INFO     |   âœ“ Target #1 at (709, 643)
19:58:09 | INFO     | â†’ Valid: 1
19:58:09 | INFO     | 
  Verifying #1...
19:58:09 | DEBUG    |     Clicking (709, 683)
19:58:10 | DEBUG    |     âœ“ Read in 1 attempts
19:58:10 | INFO     |     âœ“ General | HP: 100%
19:58:10 | INFO     | 
>>>>>>>>>>>>>>>>>>>>>>>>>>>>>>>>>>>>>>>>>>>>>>>>>>>>>>>>>>>>
19:58:10 | INFO     | âš”ï¸  ENGAGING: General (HP: 100%)
19:58:10 | INFO     | >>>>>>>>>>>>>>>>>>>>>>>>>>>>>>>>>>>>>>>>>>>>>>>>>>>>>>>>>>>>
19:58:10 | INFO     |   Skill 1: 1
19:58:11 | INFO     |   Skill 2: 2
19:58:11 | INFO     |   Skill 3: 3
19:58:12 | INFO     |   Skill 4: 4
19:58:13 | INFO     | <<<<<<<<<<<<<<<<<<<<<<<<<<<<<<<<<<<<<<<<<<<<<<<<<<<<<<<<<<<<
19:58:13 | INFO     | ðŸ’€ Total: 1

19:58:14 | INFO     | 
======================================================================
19:58:14 | INFO     | CYCLE #9
19:58:14 | INFO     | ======================================================================
19:58:14 | INFO     | Detected: 2 names
19:58:14 | DEBUG    |   âœ— In player zone (964, 577)
19:58:14 | DEBUG    |   âœ— In player zone (938, 486)
19:58:14 | INFO     | â†’ Valid: 0
19:58:14 | INFO     | 
======================================================================
19:58:14 | INFO     | CYCLE #10
19:58:14 | INFO     | ======================================================================
19:58:14 | INFO     | Detected: 2 names
19:58:14 | DEBUG    |   #1: Cached
19:58:14 | DEBUG    |   #2: Cached
19:58:14 | INFO     | â†’ Valid: 0
19:58:15 | INFO     | 
======================================================================
19:58:15 | INFO     | CYCLE #11
19:58:15 | INFO     | ======================================================================
19:58:15 | INFO     | Detected: 1 names
19:58:15 | DEBUG    |   #1: Cached
19:58:15 | INFO     | â†’ Valid: 0
19:58:15 | INFO     | 
======================================================================
19:58:15 | INFO     | CYCLE #12
19:58:15 | INFO     | ======================================================================
19:58:15 | INFO     | Detected: 2 names
19:58:15 | DEBUG    |   #1: Cached
19:58:15 | DEBUG    |   #2: Cached
19:58:15 | INFO     | â†’ Valid: 0
19:58:16 | INFO     | 
======================================================================
19:58:16 | INFO     | CYCLE #13
19:58:16 | INFO     | ======================================================================
19:58:16 | INFO     | Detected: 2 names
19:58:16 | DEBUG    |   #1: Cached
19:58:16 | DEBUG    |   #2: Cached
19:58:16 | INFO     | â†’ Valid: 0
19:58:16 | INFO     | 
======================================================================
19:58:16 | INFO     | CYCLE #14
19:58:16 | INFO     | ======================================================================
19:58:16 | INFO     | Detected: 2 names
19:58:16 | DEBUG    |   #1: Cached
19:58:16 | DEBUG    |   #2: Cached
19:58:16 | INFO     | â†’ Valid: 0
19:58:17 | INFO     | 
======================================================================
19:58:17 | INFO     | CYCLE #15
19:58:17 | INFO     | ======================================================================
19:58:17 | INFO     | Detected: 2 names
19:58:17 | DEBUG    |   âœ— In player zone (967, 579)
19:58:17 | DEBUG    |   âœ— In player zone (938, 486)
19:58:17 | INFO     | â†’ Valid: 0
19:58:17 | INFO     | 
======================================================================
19:58:17 | INFO     | CYCLE #16
19:58:17 | INFO     | ======================================================================
19:58:17 | INFO     | Detected: 0 names
19:58:18 | INFO     | 
======================================================================
19:58:18 | INFO     | CYCLE #17
19:58:18 | INFO     | ======================================================================
19:58:18 | INFO     | Detected: 0 names
19:58:18 | INFO     | 
======================================================================
19:58:18 | INFO     | CYCLE #18
19:58:18 | INFO     | ======================================================================
19:58:19 | INFO     | Detected: 0 names
19:58:19 | INFO     | 

â›” Stopped by user
19:58:19 | INFO     | 
======================================================================
19:58:19 | INFO     | ðŸ“Š STATISTICS
19:58:19 | INFO     | ======================================================================
19:58:19 | INFO     | Cycles: 18
19:58:19 | INFO     | Clicks: 1
19:58:19 | INFO     | Successful Reads: 1
19:58:19 | INFO     | Kills: 1
19:58:19 | INFO     | Filtered (zone): 8
19:58:19 | INFO     | Uptime: 13s
19:58:19 | INFO     | ======================================================================
