2025-12-01 11:58:33 | INFO     | ======================================================================
2025-12-01 11:58:33 | INFO     | MOB HUNTER v3.0 - CENTER-OUT + BINARY HEALTH
2025-12-01 11:58:33 | INFO     | ======================================================================
2025-12-01 11:58:33 | INFO     | Log directory: logs/session_20251201_115833
2025-12-01 11:58:33 | INFO     | Screen: 1920x1080
2025-12-01 11:58:33 | INFO     | Strategy: Attack closest to center first
2025-12-01 11:58:33 | INFO     | Health: Binary (ALIVE/DEAD) detection
2025-12-01 11:58:33 | INFO     | Pet Filter: Via nameplate class detection
2025-12-01 11:58:33 | INFO     | ======================================================================
2025-12-01 11:58:33 | INFO     | 
🚀 Bot started! Press Ctrl+C to stop.

2025-12-01 11:58:33 | INFO     | 
======================================================================
2025-12-01 11:58:33 | INFO     | CYCLE #1
2025-12-01 11:58:33 | INFO     | ======================================================================
2025-12-01 11:58:33 | INFO     | Detected: 49 floating names
2025-12-01 11:58:33 | DEBUG    |   Name #13: Cached, skipping
2025-12-01 11:58:33 | DEBUG    |   Name #15: Cached, skipping
2025-12-01 11:58:33 | DEBUG    |   Name #41: Cached, skipping
2025-12-01 11:58:33 | DEBUG    |   Name #42: Cached, skipping
2025-12-01 11:58:33 | DEBUG    |   Name #46: Cached, skipping
2025-12-01 11:58:33 | INFO     | → Valid targets (after cache): 44
2025-12-01 11:58:33 | INFO     | → Target priority (closest to farthest):
2025-12-01 11:58:33 | INFO     |    #1: Distance=61px from center
2025-12-01 11:58:33 | INFO     |    #2: Distance=85px from center
2025-12-01 11:58:33 | INFO     |    #3: Distance=99px from center
2025-12-01 11:58:33 | INFO     |    #4: Distance=110px from center
2025-12-01 11:58:33 | INFO     |    #5: Distance=140px from center
2025-12-01 11:58:33 | INFO     | 
  Verifying target #1 (D=61px)...
2025-12-01 11:58:33 | DEBUG    |     Clicking (979, 636)
2025-12-01 11:58:33 | DEBUG    |     Health check: 0 red pixels -> DEAD
2025-12-01 11:58:33 | DEBUG    |     ✓ Verified MOB in 1 attempts
2025-12-01 11:58:33 | INFO     |     ✗ Mob already DEAD
2025-12-01 11:58:33 | INFO     | 
  Verifying target #2 (D=85px)...
2025-12-01 11:58:33 | DEBUG    |     Clicking (875, 563)
2025-12-01 11:58:34 | DEBUG    |     Health check: 675 red pixels -> ALIVE
2025-12-01 11:58:34 | DEBUG    |     ✓ Verified MOB in 1 attempts
2025-12-01 11:58:34 | INFO     |     ✓ Elite | Status: ALIVE
2025-12-01 11:58:34 | INFO     | 
>>>>>>>>>>>>>>>>>>>>>>>>>>>>>>>>>>>>>>>>>>>>>>>>>>>>>>>>>>>>
2025-12-01 11:58:34 | INFO     | ⚔️  ENGAGING: Elite
2025-12-01 11:58:34 | INFO     | >>>>>>>>>>>>>>>>>>>>>>>>>>>>>>>>>>>>>>>>>>>>>>>>>>>>>>>>>>>>
2025-12-01 11:58:34 | DEBUG    |     Health check: 680 red pixels -> ALIVE
2025-12-01 11:58:34 | INFO     |   → Skill 1: 1
2025-12-01 11:58:35 | DEBUG    |     Health check: 649 red pixels -> ALIVE
2025-12-01 11:58:35 | INFO     |   → Skill 2: 2
2025-12-01 11:58:36 | DEBUG    |     Health check: 649 red pixels -> ALIVE
2025-12-01 11:58:36 | INFO     |   → Skill 3: 3
2025-12-01 11:58:37 | DEBUG    |     Health check: 29 red pixels -> DEAD
2025-12-01 11:58:37 | INFO     |   ✓ Mob DEAD after skill 3!
2025-12-01 11:58:37 | INFO     | <<<<<<<<<<<<<<<<<<<<<<<<<<<<<<<<<<<<<<<<<<<<<<<<<<<<<<<<<<<<
2025-12-01 11:58:37 | INFO     | 💀 Total kills: 1 | Skills saved: 1
2025-12-01 11:58:37 | INFO     | <<<<<<<<<<<<<<<<<<<<<<<<<<<<<<<<<<<<<<<<<<<<<<<<<<<<<<<<<<<<

2025-12-01 11:58:37 | INFO     | 
  Verifying target #3 (D=99px)...
2025-12-01 11:58:37 | DEBUG    |     Clicking (1000, 483)
2025-12-01 11:58:37 | DEBUG    |     Health check: 649 red pixels -> ALIVE
2025-12-01 11:58:37 | DEBUG    |     ✓ Verified MOB in 1 attempts
2025-12-01 11:58:37 | INFO     |     ✓ Elite | Status: ALIVE
2025-12-01 11:58:37 | INFO     | 
>>>>>>>>>>>>>>>>>>>>>>>>>>>>>>>>>>>>>>>>>>>>>>>>>>>>>>>>>>>>
2025-12-01 11:58:37 | INFO     | ⚔️  ENGAGING: Elite
2025-12-01 11:58:37 | INFO     | >>>>>>>>>>>>>>>>>>>>>>>>>>>>>>>>>>>>>>>>>>>>>>>>>>>>>>>>>>>>
2025-12-01 11:58:37 | DEBUG    |     Health check: 649 red pixels -> ALIVE
2025-12-01 11:58:37 | INFO     |   → Skill 1: 1
2025-12-01 11:58:39 | DEBUG    |     Health check: 649 red pixels -> ALIVE
2025-12-01 11:58:39 | INFO     |   → Skill 2: 2
2025-12-01 11:58:40 | DEBUG    |     Health check: 649 red pixels -> ALIVE
2025-12-01 11:58:40 | INFO     |   → Skill 3: 3
2025-12-01 11:58:41 | DEBUG    |     Health check: 649 red pixels -> ALIVE
2025-12-01 11:58:41 | INFO     |   → Skill 4: 4
2025-12-01 11:58:42 | DEBUG    |     Health check: 29 red pixels -> DEAD
2025-12-01 11:58:42 | INFO     |   ✓ Mob DEAD after skill 4!
2025-12-01 11:58:42 | INFO     | <<<<<<<<<<<<<<<<<<<<<<<<<<<<<<<<<<<<<<<<<<<<<<<<<<<<<<<<<<<<
2025-12-01 11:58:42 | INFO     | 💀 Total kills: 2 | Skills saved: 0
2025-12-01 11:58:42 | INFO     | <<<<<<<<<<<<<<<<<<<<<<<<<<<<<<<<<<<<<<<<<<<<<<<<<<<<<<<<<<<<

2025-12-01 11:58:42 | INFO     | 
======================================================================
2025-12-01 11:58:42 | INFO     | CYCLE #2
2025-12-01 11:58:42 | INFO     | ======================================================================
2025-12-01 11:58:42 | INFO     | Detected: 66 floating names
2025-12-01 11:58:42 | DEBUG    |   Name #48: Cached, skipping
2025-12-01 11:58:42 | DEBUG    |   Name #51: Cached, skipping
2025-12-01 11:58:42 | DEBUG    |   Name #56: Cached, skipping
2025-12-01 11:58:42 | INFO     | → Valid targets (after cache): 63
2025-12-01 11:58:42 | INFO     | → Target priority (closest to farthest):
2025-12-01 11:58:42 | INFO     |    #1: Distance=74px from center
2025-12-01 11:58:42 | INFO     |    #2: Distance=80px from center
2025-12-01 11:58:42 | INFO     |    #3: Distance=110px from center
2025-12-01 11:58:42 | INFO     |    #4: Distance=115px from center
2025-12-01 11:58:42 | INFO     |    #5: Distance=133px from center
2025-12-01 11:58:42 | INFO     | 
  Verifying target #1 (D=74px)...
2025-12-01 11:58:42 | DEBUG    |     Clicking (890, 546)
2025-12-01 11:58:43 | DEBUG    |     Health check: 0 red pixels -> DEAD
2025-12-01 11:58:43 | DEBUG    |     ✓ Verified MOB in 1 attempts
2025-12-01 11:58:43 | INFO     |     ✗ Mob already DEAD
2025-12-01 11:58:43 | INFO     | 
  Verifying target #2 (D=80px)...
2025-12-01 11:58:43 | DEBUG    |     Clicking (905, 522)
2025-12-01 11:58:43 | DEBUG    |     Health check: 0 red pixels -> DEAD
2025-12-01 11:58:43 | DEBUG    |     ✓ Verified MOB in 1 attempts
2025-12-01 11:58:43 | INFO     |     ✗ Mob already DEAD
2025-12-01 11:58:43 | INFO     | 
  Verifying target #3 (D=110px)...
2025-12-01 11:58:43 | DEBUG    |     Clicking (863, 521)
2025-12-01 11:58:44 | DEBUG    |     Health check: 649 red pixels -> ALIVE
2025-12-01 11:58:44 | DEBUG    |     ✓ Verified MOB in 1 attempts
2025-12-01 11:58:44 | INFO     |     ✓ Elite | Status: ALIVE
2025-12-01 11:58:44 | INFO     | 
>>>>>>>>>>>>>>>>>>>>>>>>>>>>>>>>>>>>>>>>>>>>>>>>>>>>>>>>>>>>
2025-12-01 11:58:44 | INFO     | ⚔️  ENGAGING: Elite
2025-12-01 11:58:44 | INFO     | >>>>>>>>>>>>>>>>>>>>>>>>>>>>>>>>>>>>>>>>>>>>>>>>>>>>>>>>>>>>
2025-12-01 11:58:44 | DEBUG    |     Health check: 649 red pixels -> ALIVE
2025-12-01 11:58:44 | INFO     |   → Skill 1: 1
2025-12-01 11:58:45 | DEBUG    |     Health check: 649 red pixels -> ALIVE
2025-12-01 11:58:45 | INFO     |   → Skill 2: 2
2025-12-01 11:58:46 | DEBUG    |     Health check: 649 red pixels -> ALIVE
2025-12-01 11:58:46 | INFO     |   → Skill 3: 3
2025-12-01 11:58:47 | DEBUG    |     Health check: 534 red pixels -> ALIVE
2025-12-01 11:58:47 | INFO     |   → Skill 4: 4
2025-12-01 11:58:48 | DEBUG    |     Health check: 513 red pixels -> ALIVE
2025-12-01 11:58:48 | INFO     |   ℹ️  Rotation complete (mob status unknown)
2025-12-01 11:58:48 | INFO     | <<<<<<<<<<<<<<<<<<<<<<<<<<<<<<<<<<<<<<<<<<<<<<<<<<<<<<<<<<<<
2025-12-01 11:58:48 | INFO     | 💀 Total kills: 3
2025-12-01 11:58:48 | INFO     | <<<<<<<<<<<<<<<<<<<<<<<<<<<<<<<<<<<<<<<<<<<<<<<<<<<<<<<<<<<<

2025-12-01 11:58:49 | INFO     | 
======================================================================
2025-12-01 11:58:49 | INFO     | CYCLE #3
2025-12-01 11:58:49 | INFO     | ======================================================================
2025-12-01 11:58:49 | INFO     | Detected: 62 floating names
2025-12-01 11:58:49 | DEBUG    |   Name #9: Cached, skipping
2025-12-01 11:58:49 | DEBUG    |   Name #14: Cached, skipping
2025-12-01 11:58:49 | DEBUG    |   Name #18: Cached, skipping
2025-12-01 11:58:49 | DEBUG    |   Name #43: Cached, skipping
2025-12-01 11:58:49 | DEBUG    |   Name #47: Cached, skipping
2025-12-01 11:58:49 | DEBUG    |   Name #48: Cached, skipping
2025-12-01 11:58:49 | INFO     | → Valid targets (after cache): 56
2025-12-01 11:58:49 | INFO     | → Target priority (closest to farthest):
2025-12-01 11:58:49 | INFO     |    #1: Distance=46px from center
2025-12-01 11:58:49 | INFO     |    #2: Distance=55px from center
2025-12-01 11:58:49 | INFO     |    #3: Distance=73px from center
2025-12-01 11:58:49 | INFO     |    #4: Distance=87px from center
2025-12-01 11:58:49 | INFO     |    #5: Distance=93px from center
2025-12-01 11:58:49 | INFO     | 
  Verifying target #1 (D=46px)...
2025-12-01 11:58:49 | DEBUG    |     Clicking (960, 527)
2025-12-01 11:58:49 | DEBUG    |     Health check: 423 red pixels -> ALIVE
2025-12-01 11:58:49 | DEBUG    |     ✓ Verified MOB in 1 attempts
2025-12-01 11:58:49 | INFO     |     ✓ Elite | Status: ALIVE
2025-12-01 11:58:49 | INFO     | 
>>>>>>>>>>>>>>>>>>>>>>>>>>>>>>>>>>>>>>>>>>>>>>>>>>>>>>>>>>>>
2025-12-01 11:58:49 | INFO     | ⚔️  ENGAGING: Elite
2025-12-01 11:58:49 | INFO     | >>>>>>>>>>>>>>>>>>>>>>>>>>>>>>>>>>>>>>>>>>>>>>>>>>>>>>>>>>>>
2025-12-01 11:58:49 | DEBUG    |     Health check: 423 red pixels -> ALIVE
2025-12-01 11:58:49 | INFO     |   → Skill 1: 1
2025-12-01 11:58:50 | DEBUG    |     Health check: 387 red pixels -> ALIVE
2025-12-01 11:58:50 | INFO     |   → Skill 2: 2
2025-12-01 11:58:51 | DEBUG    |     Health check: 516 red pixels -> ALIVE
2025-12-01 11:58:51 | INFO     |   → Skill 3: 3
2025-12-01 11:58:53 | DEBUG    |     Health check: 459 red pixels -> ALIVE
2025-12-01 11:58:53 | INFO     |   → Skill 4: 4
2025-12-01 11:58:54 | DEBUG    |     Health check: 524 red pixels -> ALIVE
2025-12-01 11:58:54 | INFO     |   ℹ️  Rotation complete (mob status unknown)
2025-12-01 11:58:54 | INFO     | <<<<<<<<<<<<<<<<<<<<<<<<<<<<<<<<<<<<<<<<<<<<<<<<<<<<<<<<<<<<
2025-12-01 11:58:54 | INFO     | 💀 Total kills: 4
2025-12-01 11:58:54 | INFO     | <<<<<<<<<<<<<<<<<<<<<<<<<<<<<<<<<<<<<<<<<<<<<<<<<<<<<<<<<<<<

2025-12-01 11:58:54 | INFO     | 
  Verifying target #2 (D=55px)...
2025-12-01 11:58:54 | DEBUG    |     Clicking (905, 564)
2025-12-01 11:58:54 | DEBUG    |     Health check: 497 red pixels -> ALIVE
2025-12-01 11:58:54 | DEBUG    |     ✓ Verified MOB in 1 attempts
2025-12-01 11:58:54 | INFO     |     ✓ Elite | Status: ALIVE
2025-12-01 11:58:54 | INFO     | 
>>>>>>>>>>>>>>>>>>>>>>>>>>>>>>>>>>>>>>>>>>>>>>>>>>>>>>>>>>>>
2025-12-01 11:58:54 | INFO     | ⚔️  ENGAGING: Elite
2025-12-01 11:58:54 | INFO     | >>>>>>>>>>>>>>>>>>>>>>>>>>>>>>>>>>>>>>>>>>>>>>>>>>>>>>>>>>>>
2025-12-01 11:58:54 | DEBUG    |     Health check: 497 red pixels -> ALIVE
2025-12-01 11:58:54 | INFO     |   → Skill 1: 1
2025-12-01 11:58:55 | DEBUG    |     Health check: 497 red pixels -> ALIVE
2025-12-01 11:58:55 | INFO     |   → Skill 2: 2
2025-12-01 11:58:56 | DEBUG    |     Health check: 470 red pixels -> ALIVE
2025-12-01 11:58:56 | INFO     |   → Skill 3: 3
2025-12-01 11:58:58 | DEBUG    |     Health check: 470 red pixels -> ALIVE
2025-12-01 11:58:58 | INFO     |   → Skill 4: 4
2025-12-01 11:58:59 | DEBUG    |     Health check: 446 red pixels -> ALIVE
2025-12-01 11:58:59 | INFO     |   ℹ️  Rotation complete (mob status unknown)
2025-12-01 11:58:59 | INFO     | <<<<<<<<<<<<<<<<<<<<<<<<<<<<<<<<<<<<<<<<<<<<<<<<<<<<<<<<<<<<
2025-12-01 11:58:59 | INFO     | 💀 Total kills: 5
2025-12-01 11:58:59 | INFO     | <<<<<<<<<<<<<<<<<<<<<<<<<<<<<<<<<<<<<<<<<<<<<<<<<<<<<<<<<<<<

2025-12-01 11:58:59 | INFO     | 
  Verifying target #3 (D=73px)...
2025-12-01 11:58:59 | DEBUG    |     Clicking (1027, 604)
2025-12-01 11:58:59 | DEBUG    |     Health check: 443 red pixels -> ALIVE
2025-12-01 11:58:59 | DEBUG    |     ✓ Verified MOB in 1 attempts
2025-12-01 11:58:59 | INFO     |     ✓ Elite | Status: ALIVE
2025-12-01 11:58:59 | INFO     | 
>>>>>>>>>>>>>>>>>>>>>>>>>>>>>>>>>>>>>>>>>>>>>>>>>>>>>>>>>>>>
2025-12-01 11:58:59 | INFO     | ⚔️  ENGAGING: Elite
2025-12-01 11:58:59 | INFO     | >>>>>>>>>>>>>>>>>>>>>>>>>>>>>>>>>>>>>>>>>>>>>>>>>>>>>>>>>>>>
2025-12-01 11:58:59 | DEBUG    |     Health check: 443 red pixels -> ALIVE
2025-12-01 11:58:59 | INFO     |   → Skill 1: 1
2025-12-01 11:59:00 | DEBUG    |     Health check: 494 red pixels -> ALIVE
2025-12-01 11:59:00 | INFO     |   → Skill 2: 2
2025-12-01 11:59:01 | DEBUG    |     Health check: 463 red pixels -> ALIVE
2025-12-01 11:59:01 | INFO     |   → Skill 3: 3
2025-12-01 11:59:02 | DEBUG    |     Health check: 488 red pixels -> ALIVE
2025-12-01 11:59:02 | INFO     |   → Skill 4: 4
2025-12-01 11:59:04 | DEBUG    |     Health check: 328 red pixels -> ALIVE
2025-12-01 11:59:04 | INFO     |   ℹ️  Rotation complete (mob status unknown)
2025-12-01 11:59:04 | INFO     | <<<<<<<<<<<<<<<<<<<<<<<<<<<<<<<<<<<<<<<<<<<<<<<<<<<<<<<<<<<<
2025-12-01 11:59:04 | INFO     | 💀 Total kills: 6
2025-12-01 11:59:04 | INFO     | <<<<<<<<<<<<<<<<<<<<<<<<<<<<<<<<<<<<<<<<<<<<<<<<<<<<<<<<<<<<

2025-12-01 11:59:04 | INFO     | 
======================================================================
2025-12-01 11:59:04 | INFO     | CYCLE #4
2025-12-01 11:59:04 | INFO     | ======================================================================
2025-12-01 11:59:04 | INFO     | Detected: 59 floating names
2025-12-01 11:59:04 | DEBUG    |   Name #2: Cached, skipping
2025-12-01 11:59:04 | DEBUG    |   Name #43: Cached, skipping
2025-12-01 11:59:04 | DEBUG    |   Name #46: Cached, skipping
2025-12-01 11:59:04 | DEBUG    |   Name #49: Cached, skipping
2025-12-01 11:59:04 | INFO     | → Valid targets (after cache): 55
2025-12-01 11:59:04 | INFO     | → Target priority (closest to farthest):
2025-12-01 11:59:04 | INFO     |    #1: Distance=71px from center
2025-12-01 11:59:04 | INFO     |    #2: Distance=95px from center
2025-12-01 11:59:04 | INFO     |    #3: Distance=141px from center
2025-12-01 11:59:04 | INFO     |    #4: Distance=166px from center
2025-12-01 11:59:04 | INFO     |    #5: Distance=171px from center
2025-12-01 11:59:04 | INFO     | 
  Verifying target #1 (D=71px)...
2025-12-01 11:59:04 | DEBUG    |     Clicking (889, 563)
2025-12-01 11:59:04 | DEBUG    |     Health check: 328 red pixels -> ALIVE
2025-12-01 11:59:04 | DEBUG    |     ✓ Verified MOB in 1 attempts
2025-12-01 11:59:04 | INFO     |     ✓ Elite | Status: ALIVE
2025-12-01 11:59:04 | INFO     | 
>>>>>>>>>>>>>>>>>>>>>>>>>>>>>>>>>>>>>>>>>>>>>>>>>>>>>>>>>>>>
2025-12-01 11:59:04 | INFO     | ⚔️  ENGAGING: Elite
2025-12-01 11:59:04 | INFO     | >>>>>>>>>>>>>>>>>>>>>>>>>>>>>>>>>>>>>>>>>>>>>>>>>>>>>>>>>>>>
2025-12-01 11:59:05 | DEBUG    |     Health check: 328 red pixels -> ALIVE
2025-12-01 11:59:05 | INFO     |   → Skill 1: 1
2025-12-01 11:59:06 | DEBUG    |     Health check: 328 red pixels -> ALIVE
2025-12-01 11:59:06 | INFO     |   → Skill 2: 2
2025-12-01 11:59:07 | DEBUG    |     Health check: 1 red pixels -> DEAD
2025-12-01 11:59:07 | INFO     |   ✓ Mob DEAD after skill 2!
2025-12-01 11:59:07 | INFO     | <<<<<<<<<<<<<<<<<<<<<<<<<<<<<<<<<<<<<<<<<<<<<<<<<<<<<<<<<<<<
2025-12-01 11:59:07 | INFO     | 💀 Total kills: 7 | Skills saved: 2
2025-12-01 11:59:07 | INFO     | <<<<<<<<<<<<<<<<<<<<<<<<<<<<<<<<<<<<<<<<<<<<<<<<<<<<<<<<<<<<

2025-12-01 11:59:07 | INFO     | 
  Verifying target #2 (D=95px)...
2025-12-01 11:59:07 | DEBUG    |     Clicking (925, 482)
2025-12-01 11:59:07 | DEBUG    |     Health check: 565 red pixels -> ALIVE
2025-12-01 11:59:07 | DEBUG    |     ✓ Verified MOB in 1 attempts
2025-12-01 11:59:07 | INFO     |     ✓ Elite | Status: ALIVE
2025-12-01 11:59:07 | INFO     | 
>>>>>>>>>>>>>>>>>>>>>>>>>>>>>>>>>>>>>>>>>>>>>>>>>>>>>>>>>>>>
2025-12-01 11:59:07 | INFO     | ⚔️  ENGAGING: Elite
2025-12-01 11:59:07 | INFO     | >>>>>>>>>>>>>>>>>>>>>>>>>>>>>>>>>>>>>>>>>>>>>>>>>>>>>>>>>>>>
2025-12-01 11:59:07 | DEBUG    |     Health check: 565 red pixels -> ALIVE
2025-12-01 11:59:07 | INFO     |   → Skill 1: 1
2025-12-01 11:59:08 | DEBUG    |     Health check: 587 red pixels -> ALIVE
2025-12-01 11:59:08 | INFO     |   → Skill 2: 2
2025-12-01 11:59:09 | DEBUG    |     Health check: 544 red pixels -> ALIVE
2025-12-01 11:59:09 | INFO     |   → Skill 3: 3
2025-12-01 11:59:11 | DEBUG    |     Health check: 529 red pixels -> ALIVE
2025-12-01 11:59:11 | INFO     |   → Skill 4: 4
2025-12-01 11:59:12 | DEBUG    |     Health check: 520 red pixels -> ALIVE
2025-12-01 11:59:12 | INFO     |   ℹ️  Rotation complete (mob status unknown)
2025-12-01 11:59:12 | INFO     | <<<<<<<<<<<<<<<<<<<<<<<<<<<<<<<<<<<<<<<<<<<<<<<<<<<<<<<<<<<<
2025-12-01 11:59:12 | INFO     | 💀 Total kills: 8
2025-12-01 11:59:12 | INFO     | <<<<<<<<<<<<<<<<<<<<<<<<<<<<<<<<<<<<<<<<<<<<<<<<<<<<<<<<<<<<

2025-12-01 11:59:12 | INFO     | 
  Verifying target #3 (D=141px)...
2025-12-01 11:59:12 | DEBUG    |     Clicking (819, 563)
2025-12-01 11:59:12 | DEBUG    |     Health check: 520 red pixels -> ALIVE
2025-12-01 11:59:12 | DEBUG    |     ✓ Verified MOB in 1 attempts
2025-12-01 11:59:12 | INFO     |     ✓ Elite | Status: ALIVE
2025-12-01 11:59:12 | INFO     | 
>>>>>>>>>>>>>>>>>>>>>>>>>>>>>>>>>>>>>>>>>>>>>>>>>>>>>>>>>>>>
2025-12-01 11:59:12 | INFO     | ⚔️  ENGAGING: Elite
2025-12-01 11:59:12 | INFO     | >>>>>>>>>>>>>>>>>>>>>>>>>>>>>>>>>>>>>>>>>>>>>>>>>>>>>>>>>>>>
2025-12-01 11:59:12 | DEBUG    |     Health check: 520 red pixels -> ALIVE
2025-12-01 11:59:12 | INFO     |   → Skill 1: 1
2025-12-01 11:59:13 | DEBUG    |     Health check: 475 red pixels -> ALIVE
2025-12-01 11:59:13 | INFO     |   → Skill 2: 2
2025-12-01 11:59:14 | DEBUG    |     Health check: 436 red pixels -> ALIVE
2025-12-01 11:59:14 | INFO     |   → Skill 3: 3
2025-12-01 11:59:16 | DEBUG    |     Health check: 424 red pixels -> ALIVE
2025-12-01 11:59:16 | INFO     |   → Skill 4: 4
2025-12-01 11:59:17 | DEBUG    |     Health check: 577 red pixels -> ALIVE
2025-12-01 11:59:17 | INFO     |   ℹ️  Rotation complete (mob status unknown)
2025-12-01 11:59:17 | INFO     | <<<<<<<<<<<<<<<<<<<<<<<<<<<<<<<<<<<<<<<<<<<<<<<<<<<<<<<<<<<<
2025-12-01 11:59:17 | INFO     | 💀 Total kills: 9
2025-12-01 11:59:17 | INFO     | <<<<<<<<<<<<<<<<<<<<<<<<<<<<<<<<<<<<<<<<<<<<<<<<<<<<<<<<<<<<

2025-12-01 11:59:17 | INFO     | 
======================================================================
2025-12-01 11:59:17 | INFO     | CYCLE #5
2025-12-01 11:59:17 | INFO     | ======================================================================
2025-12-01 11:59:17 | INFO     | Detected: 69 floating names
2025-12-01 11:59:17 | DEBUG    |   Name #6: Cached, skipping
2025-12-01 11:59:17 | DEBUG    |   Name #16: Cached, skipping
2025-12-01 11:59:17 | DEBUG    |   Name #22: Cached, skipping
2025-12-01 11:59:17 | DEBUG    |   Name #43: Cached, skipping
2025-12-01 11:59:17 | DEBUG    |   Name #65: Cached, skipping
2025-12-01 11:59:17 | INFO     | → Valid targets (after cache): 64
2025-12-01 11:59:17 | INFO     | → Target priority (closest to farthest):
2025-12-01 11:59:17 | INFO     |    #1: Distance=41px from center
2025-12-01 11:59:17 | INFO     |    #2: Distance=70px from center
2025-12-01 11:59:17 | INFO     |    #3: Distance=93px from center
2025-12-01 11:59:17 | INFO     |    #4: Distance=105px from center
2025-12-01 11:59:17 | INFO     |    #5: Distance=107px from center
2025-12-01 11:59:17 | INFO     | 
  Verifying target #1 (D=41px)...
2025-12-01 11:59:17 | DEBUG    |     Clicking (960, 529)
2025-12-01 11:59:18 | DEBUG    |     Health check: 0 red pixels -> DEAD
2025-12-01 11:59:18 | DEBUG    |     ✓ Verified MOB in 1 attempts
2025-12-01 11:59:18 | INFO     |     ✗ Mob already DEAD
2025-12-01 11:59:18 | INFO     | 
  Verifying target #2 (D=70px)...
2025-12-01 11:59:18 | DEBUG    |     Clicking (991, 634)
2025-12-01 11:59:18 | DEBUG    |     Health check: 0 red pixels -> DEAD
2025-12-01 11:59:18 | DEBUG    |     ✓ Verified MOB in 1 attempts
2025-12-01 11:59:18 | INFO     |     ✗ Mob already DEAD
2025-12-01 11:59:18 | INFO     | 
  Verifying target #3 (D=93px)...
2025-12-01 11:59:18 | DEBUG    |     Clicking (897, 503)
2025-12-01 11:59:18 | DEBUG    |     Health check: 0 red pixels -> DEAD
2025-12-01 11:59:18 | DEBUG    |     ✓ Verified MOB in 1 attempts
2025-12-01 11:59:18 | INFO     |     ✗ Mob already DEAD
2025-12-01 11:59:19 | INFO     | 
======================================================================
2025-12-01 11:59:19 | INFO     | CYCLE #6
2025-12-01 11:59:19 | INFO     | ======================================================================
2025-12-01 11:59:19 | INFO     | Detected: 73 floating names
2025-12-01 11:59:19 | DEBUG    |   Name #2: Cached, skipping
2025-12-01 11:59:19 | DEBUG    |   Name #3: Cached, skipping
2025-12-01 11:59:19 | DEBUG    |   Name #6: Cached, skipping
2025-12-01 11:59:19 | DEBUG    |   Name #7: Cached, skipping
2025-12-01 11:59:19 | DEBUG    |   Name #10: Cached, skipping
2025-12-01 11:59:19 | DEBUG    |   Name #11: Cached, skipping
2025-12-01 11:59:19 | DEBUG    |   Name #12: Cached, skipping
2025-12-01 11:59:19 | DEBUG    |   Name #13: Cached, skipping
2025-12-01 11:59:19 | DEBUG    |   Name #14: Cached, skipping
2025-12-01 11:59:19 | DEBUG    |   Name #15: Cached, skipping
2025-12-01 11:59:19 | DEBUG    |   Name #16: Cached, skipping
2025-12-01 11:59:19 | DEBUG    |   Name #22: Cached, skipping
2025-12-01 11:59:19 | DEBUG    |   Name #25: Cached, skipping
2025-12-01 11:59:19 | DEBUG    |   Name #27: Cached, skipping
2025-12-01 11:59:19 | DEBUG    |   Name #29: Cached, skipping
2025-12-01 11:59:19 | DEBUG    |   Name #36: Cached, skipping
2025-12-01 11:59:19 | DEBUG    |   Name #37: Cached, skipping
2025-12-01 11:59:19 | DEBUG    |   Name #38: Cached, skipping
2025-12-01 11:59:19 | DEBUG    |   Name #39: Cached, skipping
2025-12-01 11:59:19 | DEBUG    |   Name #40: Cached, skipping
2025-12-01 11:59:19 | DEBUG    |   Name #42: Cached, skipping
2025-12-01 11:59:19 | DEBUG    |   Name #45: Cached, skipping
2025-12-01 11:59:19 | DEBUG    |   Name #46: Cached, skipping
2025-12-01 11:59:19 | DEBUG    |   Name #48: Cached, skipping
2025-12-01 11:59:19 | DEBUG    |   Name #49: Cached, skipping
2025-12-01 11:59:19 | DEBUG    |   Name #52: Cached, skipping
2025-12-01 11:59:19 | DEBUG    |   Name #53: Cached, skipping
2025-12-01 11:59:19 | DEBUG    |   Name #56: Cached, skipping
2025-12-01 11:59:19 | DEBUG    |   Name #57: Cached, skipping
2025-12-01 11:59:19 | DEBUG    |   Name #58: Cached, skipping
2025-12-01 11:59:19 | DEBUG    |   Name #67: Cached, skipping
2025-12-01 11:59:19 | DEBUG    |   Name #69: Cached, skipping
2025-12-01 11:59:19 | INFO     | → Valid targets (after cache): 41
2025-12-01 11:59:19 | INFO     | → Target priority (closest to farthest):
2025-12-01 11:59:19 | INFO     |    #1: Distance=139px from center
2025-12-01 11:59:19 | INFO     |    #2: Distance=143px from center
2025-12-01 11:59:19 | INFO     |    #3: Distance=213px from center
2025-12-01 11:59:19 | INFO     |    #4: Distance=271px from center
2025-12-01 11:59:19 | INFO     |    #5: Distance=274px from center
2025-12-01 11:59:19 | INFO     | 
  Verifying target #1 (D=139px)...
2025-12-01 11:59:19 | DEBUG    |     Clicking (882, 456)
2025-12-01 11:59:19 | DEBUG    |     Health check: 505 red pixels -> ALIVE
2025-12-01 11:59:19 | DEBUG    |     ✓ Verified MOB in 1 attempts
2025-12-01 11:59:19 | INFO     |     ✓ Elite | Status: ALIVE
2025-12-01 11:59:19 | INFO     | 
>>>>>>>>>>>>>>>>>>>>>>>>>>>>>>>>>>>>>>>>>>>>>>>>>>>>>>>>>>>>
2025-12-01 11:59:19 | INFO     | ⚔️  ENGAGING: Elite
2025-12-01 11:59:19 | INFO     | >>>>>>>>>>>>>>>>>>>>>>>>>>>>>>>>>>>>>>>>>>>>>>>>>>>>>>>>>>>>
2025-12-01 11:59:19 | DEBUG    |     Health check: 505 red pixels -> ALIVE
2025-12-01 11:59:19 | INFO     |   → Skill 1: 1
2025-12-01 11:59:20 | DEBUG    |     Health check: 514 red pixels -> ALIVE
2025-12-01 11:59:20 | INFO     |   → Skill 2: 2
2025-12-01 11:59:22 | DEBUG    |     Health check: 515 red pixels -> ALIVE
2025-12-01 11:59:22 | INFO     |   → Skill 3: 3
2025-12-01 11:59:23 | DEBUG    |     Health check: 505 red pixels -> ALIVE
2025-12-01 11:59:23 | INFO     |   → Skill 4: 4
2025-12-01 11:59:24 | DEBUG    |     Health check: 746 red pixels -> ALIVE
2025-12-01 11:59:24 | INFO     |   ℹ️  Rotation complete (mob status unknown)
2025-12-01 11:59:24 | INFO     | <<<<<<<<<<<<<<<<<<<<<<<<<<<<<<<<<<<<<<<<<<<<<<<<<<<<<<<<<<<<
2025-12-01 11:59:24 | INFO     | 💀 Total kills: 10
2025-12-01 11:59:24 | INFO     | <<<<<<<<<<<<<<<<<<<<<<<<<<<<<<<<<<<<<<<<<<<<<<<<<<<<<<<<<<<<

2025-12-01 11:59:24 | INFO     | 
  Verifying target #2 (D=143px)...
2025-12-01 11:59:24 | DEBUG    |     Clicking (822, 539)
2025-12-01 11:59:24 | DEBUG    |     Health check: 754 red pixels -> ALIVE
2025-12-01 11:59:24 | DEBUG    |     ✓ Verified MOB in 1 attempts
2025-12-01 11:59:24 | INFO     |     ✓ Elite | Status: ALIVE
2025-12-01 11:59:24 | INFO     | 
>>>>>>>>>>>>>>>>>>>>>>>>>>>>>>>>>>>>>>>>>>>>>>>>>>>>>>>>>>>>
2025-12-01 11:59:24 | INFO     | ⚔️  ENGAGING: Elite
2025-12-01 11:59:24 | INFO     | >>>>>>>>>>>>>>>>>>>>>>>>>>>>>>>>>>>>>>>>>>>>>>>>>>>>>>>>>>>>
2025-12-01 11:59:24 | DEBUG    |     Health check: 522 red pixels -> ALIVE
2025-12-01 11:59:24 | INFO     |   → Skill 1: 1
2025-12-01 11:59:25 | DEBUG    |     Health check: 433 red pixels -> ALIVE
2025-12-01 11:59:25 | INFO     |   → Skill 2: 2
2025-12-01 11:59:27 | DEBUG    |     Health check: 413 red pixels -> ALIVE
2025-12-01 11:59:27 | INFO     |   → Skill 3: 3
2025-12-01 11:59:28 | DEBUG    |     Health check: 385 red pixels -> ALIVE
2025-12-01 11:59:28 | INFO     |   → Skill 4: 4
2025-12-01 11:59:29 | DEBUG    |     Health check: 477 red pixels -> ALIVE
2025-12-01 11:59:29 | INFO     |   ℹ️  Rotation complete (mob status unknown)
2025-12-01 11:59:29 | INFO     | <<<<<<<<<<<<<<<<<<<<<<<<<<<<<<<<<<<<<<<<<<<<<<<<<<<<<<<<<<<<
2025-12-01 11:59:29 | INFO     | 💀 Total kills: 11
2025-12-01 11:59:29 | INFO     | <<<<<<<<<<<<<<<<<<<<<<<<<<<<<<<<<<<<<<<<<<<<<<<<<<<<<<<<<<<<

2025-12-01 11:59:29 | INFO     | 
  Verifying target #3 (D=213px)...
2025-12-01 11:59:29 | DEBUG    |     Clicking (753, 635)
2025-12-01 11:59:29 | DEBUG    |     Health check: 477 red pixels -> ALIVE
2025-12-01 11:59:29 | DEBUG    |     ✓ Verified MOB in 1 attempts
2025-12-01 11:59:29 | INFO     |     ✓ Elite | Status: ALIVE
2025-12-01 11:59:29 | INFO     | 
>>>>>>>>>>>>>>>>>>>>>>>>>>>>>>>>>>>>>>>>>>>>>>>>>>>>>>>>>>>>
2025-12-01 11:59:29 | INFO     | ⚔️  ENGAGING: Elite
2025-12-01 11:59:29 | INFO     | >>>>>>>>>>>>>>>>>>>>>>>>>>>>>>>>>>>>>>>>>>>>>>>>>>>>>>>>>>>>
2025-12-01 11:59:29 | DEBUG    |     Health check: 477 red pixels -> ALIVE
2025-12-01 11:59:29 | INFO     |   → Skill 1: 1
2025-12-01 11:59:30 | DEBUG    |     Health check: 450 red pixels -> ALIVE
2025-12-01 11:59:30 | INFO     |   → Skill 2: 2
2025-12-01 11:59:31 | DEBUG    |     Health check: 426 red pixels -> ALIVE
2025-12-01 11:59:31 | INFO     |   → Skill 3: 3
2025-12-01 11:59:33 | DEBUG    |     Health check: 420 red pixels -> ALIVE
2025-12-01 11:59:33 | INFO     |   → Skill 4: 4
2025-12-01 11:59:34 | DEBUG    |     Health check: 408 red pixels -> ALIVE
2025-12-01 11:59:34 | INFO     |   ℹ️  Rotation complete (mob status unknown)
2025-12-01 11:59:34 | INFO     | <<<<<<<<<<<<<<<<<<<<<<<<<<<<<<<<<<<<<<<<<<<<<<<<<<<<<<<<<<<<
2025-12-01 11:59:34 | INFO     | 💀 Total kills: 12
2025-12-01 11:59:34 | INFO     | <<<<<<<<<<<<<<<<<<<<<<<<<<<<<<<<<<<<<<<<<<<<<<<<<<<<<<<<<<<<

2025-12-01 11:59:34 | INFO     | 
======================================================================
2025-12-01 11:59:34 | INFO     | CYCLE #7
2025-12-01 11:59:34 | INFO     | ======================================================================
2025-12-01 11:59:34 | INFO     | Detected: 58 floating names
2025-12-01 11:59:34 | DEBUG    |   Name #7: Cached, skipping
2025-12-01 11:59:34 | DEBUG    |   Name #12: Cached, skipping
2025-12-01 11:59:34 | DEBUG    |   Name #17: Cached, skipping
2025-12-01 11:59:34 | DEBUG    |   Name #23: Cached, skipping
2025-12-01 11:59:34 | DEBUG    |   Name #52: Cached, skipping
2025-12-01 11:59:34 | INFO     | → Valid targets (after cache): 53
2025-12-01 11:59:34 | INFO     | → Target priority (closest to farthest):
2025-12-01 11:59:34 | INFO     |    #1: Distance=38px from center
2025-12-01 11:59:34 | INFO     |    #2: Distance=122px from center
2025-12-01 11:59:34 | INFO     |    #3: Distance=134px from center
2025-12-01 11:59:34 | INFO     |    #4: Distance=136px from center
2025-12-01 11:59:34 | INFO     |    #5: Distance=146px from center
2025-12-01 11:59:34 | INFO     | 
  Verifying target #1 (D=38px)...
2025-12-01 11:59:34 | DEBUG    |     Clicking (960, 532)
2025-12-01 11:59:35 | DEBUG    |     Health check: 345 red pixels -> ALIVE
2025-12-01 11:59:35 | DEBUG    |     ✓ Verified MOB in 1 attempts
2025-12-01 11:59:35 | INFO     |     ✓ Elite | Status: ALIVE
2025-12-01 11:59:35 | INFO     | 
>>>>>>>>>>>>>>>>>>>>>>>>>>>>>>>>>>>>>>>>>>>>>>>>>>>>>>>>>>>>
2025-12-01 11:59:35 | INFO     | ⚔️  ENGAGING: Elite
2025-12-01 11:59:35 | INFO     | >>>>>>>>>>>>>>>>>>>>>>>>>>>>>>>>>>>>>>>>>>>>>>>>>>>>>>>>>>>>
2025-12-01 11:59:35 | DEBUG    |     Health check: 345 red pixels -> ALIVE
2025-12-01 11:59:35 | INFO     |   → Skill 1: 1
2025-12-01 11:59:36 | DEBUG    |     Health check: 309 red pixels -> ALIVE
2025-12-01 11:59:36 | INFO     |   → Skill 2: 2
2025-12-01 11:59:37 | DEBUG    |     Health check: 116 red pixels -> ALIVE
2025-12-01 11:59:37 | INFO     |   → Skill 3: 3
2025-12-01 11:59:38 | DEBUG    |     Health check: 116 red pixels -> ALIVE
2025-12-01 11:59:38 | INFO     |   → Skill 4: 4
2025-12-01 11:59:39 | DEBUG    |     Health check: 116 red pixels -> ALIVE
2025-12-01 11:59:39 | INFO     |   ℹ️  Rotation complete (mob status unknown)
2025-12-01 11:59:39 | INFO     | <<<<<<<<<<<<<<<<<<<<<<<<<<<<<<<<<<<<<<<<<<<<<<<<<<<<<<<<<<<<
2025-12-01 11:59:39 | INFO     | 💀 Total kills: 13
2025-12-01 11:59:39 | INFO     | <<<<<<<<<<<<<<<<<<<<<<<<<<<<<<<<<<<<<<<<<<<<<<<<<<<<<<<<<<<<

2025-12-01 11:59:39 | INFO     | 
  Verifying target #2 (D=122px)...
2025-12-01 11:59:39 | DEBUG    |     Clicking (841, 606)
2025-12-01 11:59:40 | DEBUG    |     Health check: 116 red pixels -> ALIVE
2025-12-01 11:59:40 | DEBUG    |     ✓ Verified MOB in 1 attempts
2025-12-01 11:59:40 | INFO     |     ✓ Elite | Status: ALIVE
2025-12-01 11:59:40 | INFO     | 
>>>>>>>>>>>>>>>>>>>>>>>>>>>>>>>>>>>>>>>>>>>>>>>>>>>>>>>>>>>>
2025-12-01 11:59:40 | INFO     | ⚔️  ENGAGING: Elite
2025-12-01 11:59:40 | INFO     | >>>>>>>>>>>>>>>>>>>>>>>>>>>>>>>>>>>>>>>>>>>>>>>>>>>>>>>>>>>>
2025-12-01 11:59:40 | DEBUG    |     Health check: 116 red pixels -> ALIVE
2025-12-01 11:59:40 | INFO     |   → Skill 1: 1
2025-12-01 11:59:41 | DEBUG    |     Health check: 116 red pixels -> ALIVE
2025-12-01 11:59:41 | INFO     |   → Skill 2: 2
2025-12-01 11:59:42 | DEBUG    |     Health check: 0 red pixels -> DEAD
2025-12-01 11:59:42 | INFO     |   ✓ Mob DEAD after skill 2!
2025-12-01 11:59:42 | INFO     | <<<<<<<<<<<<<<<<<<<<<<<<<<<<<<<<<<<<<<<<<<<<<<<<<<<<<<<<<<<<
2025-12-01 11:59:42 | INFO     | 💀 Total kills: 14 | Skills saved: 2
2025-12-01 11:59:42 | INFO     | <<<<<<<<<<<<<<<<<<<<<<<<<<<<<<<<<<<<<<<<<<<<<<<<<<<<<<<<<<<<

2025-12-01 11:59:42 | INFO     | 
  Verifying target #3 (D=134px)...
2025-12-01 11:59:42 | DEBUG    |     Clicking (945, 713)
2025-12-01 11:59:42 | DEBUG    |     Health check: 0 red pixels -> DEAD
2025-12-01 11:59:42 | DEBUG    |     ✓ Verified MOB in 1 attempts
2025-12-01 11:59:42 | INFO     |     ✗ Mob already DEAD
2025-12-01 11:59:43 | INFO     | 
======================================================================
2025-12-01 11:59:43 | INFO     | CYCLE #8
2025-12-01 11:59:43 | INFO     | ======================================================================
2025-12-01 11:59:43 | INFO     | Detected: 24 floating names
2025-12-01 11:59:43 | DEBUG    |   Name #6: Cached, skipping
2025-12-01 11:59:43 | DEBUG    |   Name #8: Cached, skipping
2025-12-01 11:59:43 | DEBUG    |   Name #10: Cached, skipping
2025-12-01 11:59:43 | DEBUG    |   Name #23: Cached, skipping
2025-12-01 11:59:43 | INFO     | → Valid targets (after cache): 20
2025-12-01 11:59:43 | INFO     | → Target priority (closest to farthest):
2025-12-01 11:59:43 | INFO     |    #1: Distance=186px from center
2025-12-01 11:59:43 | INFO     |    #2: Distance=234px from center
2025-12-01 11:59:43 | INFO     |    #3: Distance=237px from center
2025-12-01 11:59:43 | INFO     |    #4: Distance=277px from center
2025-12-01 11:59:43 | INFO     |    #5: Distance=298px from center
2025-12-01 11:59:43 | INFO     | 
  Verifying target #1 (D=186px)...
2025-12-01 11:59:43 | DEBUG    |     Clicking (938, 755)
2025-12-01 11:59:43 | DEBUG    |     Health check: 0 red pixels -> DEAD
2025-12-01 11:59:43 | DEBUG    |     ✓ Verified MOB in 1 attempts
2025-12-01 11:59:43 | INFO     |     ✗ Mob already DEAD
2025-12-01 11:59:43 | INFO     | 
  Verifying target #2 (D=234px)...
2025-12-01 11:59:43 | DEBUG    |     Clicking (1147, 716)
2025-12-01 11:59:44 | DEBUG    |     Health check: 0 red pixels -> DEAD
2025-12-01 11:59:44 | DEBUG    |     ✓ Verified MOB in 1 attempts
2025-12-01 11:59:44 | INFO     |     ✗ Mob already DEAD
2025-12-01 11:59:44 | INFO     | 
  Verifying target #3 (D=237px)...
2025-12-01 11:59:44 | DEBUG    |     Clicking (840, 368)
2025-12-01 11:59:44 | DEBUG    |     Health check: 0 red pixels -> DEAD
2025-12-01 11:59:44 | DEBUG    |     ✓ Verified MOB in 1 attempts
2025-12-01 11:59:44 | INFO     |     ✗ Mob already DEAD
2025-12-01 11:59:44 | INFO     | 
======================================================================
2025-12-01 11:59:44 | INFO     | CYCLE #9
2025-12-01 11:59:44 | INFO     | ======================================================================
2025-12-01 11:59:44 | INFO     | Detected: 42 floating names
2025-12-01 11:59:44 | DEBUG    |   Name #7: Cached, skipping
2025-12-01 11:59:44 | DEBUG    |   Name #8: Cached, skipping
2025-12-01 11:59:44 | DEBUG    |   Name #16: Cached, skipping
2025-12-01 11:59:44 | DEBUG    |   Name #18: Cached, skipping
2025-12-01 11:59:44 | DEBUG    |   Name #20: Cached, skipping
2025-12-01 11:59:44 | DEBUG    |   Name #28: Cached, skipping
2025-12-01 11:59:44 | DEBUG    |   Name #29: Cached, skipping
2025-12-01 11:59:44 | DEBUG    |   Name #35: Cached, skipping
2025-12-01 11:59:44 | DEBUG    |   Name #36: Cached, skipping
2025-12-01 11:59:44 | DEBUG    |   Name #38: Cached, skipping
2025-12-01 11:59:44 | DEBUG    |   Name #42: Cached, skipping
2025-12-01 11:59:44 | INFO     | → Valid targets (after cache): 31
2025-12-01 11:59:44 | INFO     | → Target priority (closest to farthest):
2025-12-01 11:59:44 | INFO     |    #1: Distance=82px from center
2025-12-01 11:59:44 | INFO     |    #2: Distance=202px from center
2025-12-01 11:59:44 | INFO     |    #3: Distance=372px from center
2025-12-01 11:59:44 | INFO     |    #4: Distance=412px from center
2025-12-01 11:59:44 | INFO     |    #5: Distance=434px from center
2025-12-01 11:59:44 | INFO     | 
  Verifying target #1 (D=82px)...
2025-12-01 11:59:44 | DEBUG    |     Clicking (953, 657)
2025-12-01 11:59:45 | DEBUG    |     Health check: 0 red pixels -> DEAD
2025-12-01 11:59:45 | DEBUG    |     ✓ Verified MOB in 1 attempts
2025-12-01 11:59:45 | INFO     |     ✗ Mob already DEAD
2025-12-01 11:59:45 | INFO     | 
  Verifying target #2 (D=202px)...
2025-12-01 11:59:45 | DEBUG    |     Clicking (869, 388)
2025-12-01 11:59:45 | DEBUG    |     Health check: 0 red pixels -> DEAD
2025-12-01 11:59:45 | DEBUG    |     ✓ Verified MOB in 1 attempts
2025-12-01 11:59:45 | INFO     |     ✗ Mob already DEAD
2025-12-01 11:59:45 | INFO     | 
  Verifying target #3 (D=372px)...
2025-12-01 11:59:45 | DEBUG    |     Clicking (678, 337)
2025-12-01 11:59:46 | DEBUG    |     Health check: 0 red pixels -> DEAD
2025-12-01 11:59:46 | DEBUG    |     ✓ Verified MOB in 1 attempts
2025-12-01 11:59:46 | INFO     |     ✗ Mob already DEAD
2025-12-01 11:59:46 | INFO     | 
======================================================================
2025-12-01 11:59:46 | INFO     | CYCLE #10
2025-12-01 11:59:46 | INFO     | ======================================================================
2025-12-01 11:59:46 | INFO     | Detected: 39 floating names
2025-12-01 11:59:46 | DEBUG    |   Name #1: Cached, skipping
2025-12-01 11:59:46 | DEBUG    |   Name #5: Cached, skipping
2025-12-01 11:59:46 | DEBUG    |   Name #8: Cached, skipping
2025-12-01 11:59:46 | DEBUG    |   Name #9: Cached, skipping
2025-12-01 11:59:46 | DEBUG    |   Name #10: Cached, skipping
2025-12-01 11:59:46 | DEBUG    |   Name #11: Cached, skipping
2025-12-01 11:59:46 | DEBUG    |   Name #12: Cached, skipping
2025-12-01 11:59:46 | DEBUG    |   Name #13: Cached, skipping
2025-12-01 11:59:46 | DEBUG    |   Name #14: Cached, skipping
2025-12-01 11:59:46 | DEBUG    |   Name #15: Cached, skipping
2025-12-01 11:59:46 | DEBUG    |   Name #21: Cached, skipping
2025-12-01 11:59:46 | DEBUG    |   Name #22: Cached, skipping
2025-12-01 11:59:46 | DEBUG    |   Name #23: Cached, skipping
2025-12-01 11:59:46 | DEBUG    |   Name #27: Cached, skipping
2025-12-01 11:59:46 | DEBUG    |   Name #31: Cached, skipping
2025-12-01 11:59:46 | DEBUG    |   Name #34: Cached, skipping
2025-12-01 11:59:46 | INFO     | → Valid targets (after cache): 23
2025-12-01 11:59:46 | INFO     | → Target priority (closest to farthest):
2025-12-01 11:59:46 | INFO     |    #1: Distance=96px from center
2025-12-01 11:59:46 | INFO     |    #2: Distance=220px from center
2025-12-01 11:59:46 | INFO     |    #3: Distance=310px from center
2025-12-01 11:59:46 | INFO     |    #4: Distance=364px from center
2025-12-01 11:59:46 | INFO     |    #5: Distance=469px from center
2025-12-01 11:59:46 | INFO     | 
  Verifying target #1 (D=96px)...
2025-12-01 11:59:46 | DEBUG    |     Clicking (911, 659)
2025-12-01 11:59:47 | DEBUG    |     Health check: 0 red pixels -> DEAD
2025-12-01 11:59:47 | DEBUG    |     ✓ Verified MOB in 1 attempts
2025-12-01 11:59:47 | INFO     |     ✗ Mob already DEAD
2025-12-01 11:59:47 | INFO     | 
  Verifying target #2 (D=220px)...
2025-12-01 11:59:47 | DEBUG    |     Clicking (892, 362)
2025-12-01 11:59:47 | DEBUG    |     Health check: 0 red pixels -> DEAD
2025-12-01 11:59:47 | DEBUG    |     ✓ Verified MOB in 1 attempts
2025-12-01 11:59:47 | INFO     |     ✗ Mob already DEAD
2025-12-01 11:59:47 | INFO     | 
  Verifying target #3 (D=310px)...
2025-12-01 11:59:47 | DEBUG    |     Clicking (730, 787)
2025-12-01 11:59:47 | DEBUG    |     Health check: 0 red pixels -> DEAD
2025-12-01 11:59:47 | DEBUG    |     ✓ Verified MOB in 1 attempts
2025-12-01 11:59:47 | INFO     |     ✗ Mob already DEAD
2025-12-01 11:59:48 | INFO     | 
======================================================================
2025-12-01 11:59:48 | INFO     | CYCLE #11
2025-12-01 11:59:48 | INFO     | ======================================================================
2025-12-01 11:59:48 | INFO     | Detected: 32 floating names
2025-12-01 11:59:48 | DEBUG    |   Name #6: Cached, skipping
2025-12-01 11:59:48 | DEBUG    |   Name #7: Cached, skipping
2025-12-01 11:59:48 | DEBUG    |   Name #8: Cached, skipping
2025-12-01 11:59:48 | DEBUG    |   Name #10: Cached, skipping
2025-12-01 11:59:48 | DEBUG    |   Name #13: Cached, skipping
2025-12-01 11:59:48 | DEBUG    |   Name #14: Cached, skipping
2025-12-01 11:59:48 | DEBUG    |   Name #18: Cached, skipping
2025-12-01 11:59:48 | DEBUG    |   Name #20: Cached, skipping
2025-12-01 11:59:48 | INFO     | → Valid targets (after cache): 24
2025-12-01 11:59:48 | INFO     | → Target priority (closest to farthest):
2025-12-01 11:59:48 | INFO     |    #1: Distance=39px from center
2025-12-01 11:59:48 | INFO     |    #2: Distance=81px from center
2025-12-01 11:59:48 | INFO     |    #3: Distance=127px from center
2025-12-01 11:59:48 | INFO     |    #4: Distance=132px from center
2025-12-01 11:59:48 | INFO     |    #5: Distance=135px from center
2025-12-01 11:59:48 | INFO     | 
  Verifying target #1 (D=39px)...
2025-12-01 11:59:48 | DEBUG    |     Clicking (960, 531)
2025-12-01 11:59:48 | DEBUG    |     Health check: 0 red pixels -> DEAD
2025-12-01 11:59:48 | DEBUG    |     ✓ Verified MOB in 1 attempts
2025-12-01 11:59:48 | INFO     |     ✗ Mob already DEAD
2025-12-01 11:59:48 | INFO     | 
  Verifying target #2 (D=81px)...
2025-12-01 11:59:48 | DEBUG    |     Clicking (1038, 548)
2025-12-01 11:59:49 | DEBUG    |     Health check: 0 red pixels -> DEAD
2025-12-01 11:59:49 | DEBUG    |     ✓ Verified MOB in 1 attempts
2025-12-01 11:59:49 | INFO     |     ✗ Mob already DEAD
2025-12-01 11:59:49 | INFO     | 
  Verifying target #3 (D=127px)...
2025-12-01 11:59:49 | DEBUG    |     Clicking (995, 452)
2025-12-01 11:59:49 | DEBUG    |     Health check: 0 red pixels -> DEAD
2025-12-01 11:59:49 | DEBUG    |     ✓ Verified MOB in 1 attempts
2025-12-01 11:59:49 | INFO     |     ✗ Mob already DEAD
2025-12-01 12:00:09 | INFO     | 
======================================================================
2025-12-01 12:00:09 | INFO     | CYCLE #12
2025-12-01 12:00:09 | INFO     | ======================================================================
2025-12-01 12:00:10 | INFO     | 

⛔ Bot stopped by user
2025-12-01 12:00:10 | INFO     | 
======================================================================
2025-12-01 12:00:10 | INFO     | FINAL STATISTICS
2025-12-01 12:00:10 | INFO     | ======================================================================
2025-12-01 12:00:10 | INFO     | Total Cycles: 12
2025-12-01 12:00:10 | INFO     | Total Clicks: 33
2025-12-01 12:00:10 | INFO     | Verified Mobs: 33
2025-12-01 12:00:10 | INFO     | Filtered Pets: 0
2025-12-01 12:00:10 | INFO     | Total Kills: 14
2025-12-01 12:00:10 | INFO     | Early Stops: 4 (stopped rotation early due to death)
2025-12-01 12:00:10 | INFO     | Skills Used: 51
2025-12-01 12:00:10 | INFO     | Avg Skills/Kill: 3.6
2025-12-01 12:00:10 | INFO     | Uptime: 96s (1m 36s)
2025-12-01 12:00:10 | INFO     | Cache Hit Rate: 17.3%
2025-12-01 12:00:10 | INFO     | ======================================================================
