2025-11-30 20:45:35 | INFO     | ======================================================================
2025-11-30 20:45:35 | INFO     | MOB HUNTER v3.0 - FULL VERSION
2025-11-30 20:45:35 | INFO     | ======================================================================
2025-11-30 20:45:35 | INFO     | Log directory: logs/session_20251130_204535
2025-11-30 20:45:35 | INFO     | Screen: 1920x1080
2025-11-30 20:45:35 | INFO     | Overlay: ENABLED
2025-11-30 20:45:35 | INFO     | ======================================================================
2025-11-30 20:45:35 | INFO     | 
🚀 Bot started! Press Ctrl+C to stop.

2025-11-30 20:45:35 | INFO     | 
======================================================================
2025-11-30 20:45:35 | INFO     | CYCLE #1
2025-11-30 20:45:35 | INFO     | ======================================================================
2025-11-30 20:45:35 | INFO     | Detected: 10 floating names
2025-11-30 20:45:35 | DEBUG    |   Name #1: Player zone
2025-11-30 20:45:35 | DEBUG    |   Name #2: Player zone
2025-11-30 20:45:35 | DEBUG    |   Name #3: Player zone
2025-11-30 20:45:35 | DEBUG    |   Name #4: Cached
2025-11-30 20:45:35 | DEBUG    |   Name #5: Player zone
2025-11-30 20:45:35 | DEBUG    |   Region near center, might be player
2025-11-30 20:45:35 | DEBUG    |   Name #7: Cached
2025-11-30 20:45:35 | INFO     |   ✓ Target #8 at (870, 359)
2025-11-30 20:45:35 | INFO     |   ✓ Target #9 at (1370, 253)
2025-11-30 20:45:35 | DEBUG    |   Region near center, might be player
2025-11-30 20:45:35 | INFO     | → Valid targets: 2
2025-11-30 20:45:35 | INFO     | 
  Verifying #1...
2025-11-30 20:45:35 | DEBUG    |     Clicking (870, 390)
2025-11-30 20:45:35 | DEBUG    |     Nameplate read in 1 attempts
2025-11-30 20:45:35 | INFO     |     ✓ Elite | HP: 69%
2025-11-30 20:45:35 | INFO     | 
  Verifying #2...
2025-11-30 20:45:35 | DEBUG    |     Clicking (1370, 284)
2025-11-30 20:45:36 | DEBUG    |     Nameplate read in 1 attempts
2025-11-30 20:45:36 | INFO     |     ✓ Elite | HP: 69%
2025-11-30 20:45:36 | INFO     | 
>>>>>>>>>>>>>>>>>>>>>>>>>>>>>>>>>>>>>>>>>>>>>>>>>>
2025-11-30 20:45:36 | INFO     | ENGAGING: Elite (HP: 69%)
2025-11-30 20:45:36 | INFO     | >>>>>>>>>>>>>>>>>>>>>>>>>>>>>>>>>>>>>>>>>>>>>>>>>>
2025-11-30 20:45:36 | INFO     |   Skill 1: 1
2025-11-30 20:45:36 | INFO     |   Skill 2: 2
2025-11-30 20:45:37 | INFO     |   Skill 3: 3
2025-11-30 20:45:38 | INFO     |   Skill 4: 4
2025-11-30 20:45:39 | INFO     | <<<<<<<<<<<<<<<<<<<<<<<<<<<<<<<<<<<<<<<<<<<<<<<<<<
2025-11-30 20:45:39 | INFO     | Total engagements: 1

2025-11-30 20:45:39 | INFO     | 
======================================================================
2025-11-30 20:45:39 | INFO     | CYCLE #2
2025-11-30 20:45:39 | INFO     | ======================================================================
2025-11-30 20:45:39 | INFO     | Detected: 9 floating names
2025-11-30 20:45:39 | DEBUG    |   Name #1: Player zone
2025-11-30 20:45:39 | DEBUG    |   Name #2: Player zone
2025-11-30 20:45:39 | DEBUG    |   Name #3: Cached
2025-11-30 20:45:39 | DEBUG    |   Name #4: Player zone
2025-11-30 20:45:39 | DEBUG    |   Region near center, might be player
2025-11-30 20:45:39 | DEBUG    |   Region near center, might be player
2025-11-30 20:45:39 | DEBUG    |   Name #7: Cached
2025-11-30 20:45:39 | INFO     |   ✓ Target #8 at (1138, 202)
2025-11-30 20:45:39 | DEBUG    |   Name #9: Player zone
2025-11-30 20:45:39 | INFO     | → Valid targets: 1
2025-11-30 20:45:39 | INFO     | 
  Verifying #1...
2025-11-30 20:45:39 | DEBUG    |     Clicking (1138, 233)
2025-11-30 20:45:39 | DEBUG    |     Nameplate read in 1 attempts
2025-11-30 20:45:39 | INFO     |     ✓ Elite | HP: 69%
2025-11-30 20:45:39 | INFO     | 
>>>>>>>>>>>>>>>>>>>>>>>>>>>>>>>>>>>>>>>>>>>>>>>>>>
2025-11-30 20:45:39 | INFO     | ENGAGING: Elite (HP: 69%)
2025-11-30 20:45:39 | INFO     | >>>>>>>>>>>>>>>>>>>>>>>>>>>>>>>>>>>>>>>>>>>>>>>>>>
2025-11-30 20:45:39 | INFO     |   Skill 1: 1
2025-11-30 20:45:40 | INFO     |   Skill 2: 2
2025-11-30 20:45:41 | INFO     |   Skill 3: 3
2025-11-30 20:45:41 | INFO     |   Skill 4: 4
2025-11-30 20:45:42 | INFO     | <<<<<<<<<<<<<<<<<<<<<<<<<<<<<<<<<<<<<<<<<<<<<<<<<<
2025-11-30 20:45:42 | INFO     | Total engagements: 2

2025-11-30 20:45:43 | INFO     | 
======================================================================
2025-11-30 20:45:43 | INFO     | CYCLE #3
2025-11-30 20:45:43 | INFO     | ======================================================================
2025-11-30 20:45:43 | INFO     | Detected: 7 floating names
2025-11-30 20:45:43 | DEBUG    |   Name #1: Player zone
2025-11-30 20:45:43 | DEBUG    |   Name #2: Cached
2025-11-30 20:45:43 | DEBUG    |   Name #3: Player zone
2025-11-30 20:45:43 | DEBUG    |   Region near center, might be player
2025-11-30 20:45:43 | INFO     |   ✓ Target #5 at (1111, 251)
2025-11-30 20:45:43 | INFO     |   ✓ Target #6 at (1181, 221)
2025-11-30 20:45:43 | DEBUG    |   Name #7: Cached
2025-11-30 20:45:43 | INFO     | → Valid targets: 2
2025-11-30 20:45:43 | INFO     | 
  Verifying #1...
2025-11-30 20:45:43 | DEBUG    |     Clicking (1111, 282)
2025-11-30 20:45:43 | DEBUG    |     Nameplate read in 1 attempts
2025-11-30 20:45:43 | INFO     |     ✓ Elite | HP: 3%
2025-11-30 20:45:43 | INFO     | 
  Verifying #2...
2025-11-30 20:45:43 | DEBUG    |     Clicking (1181, 252)
2025-11-30 20:45:43 | DEBUG    |     Nameplate read in 1 attempts
2025-11-30 20:45:43 | INFO     |     ✓ Elite | HP: 100%
2025-11-30 20:45:44 | INFO     | 
======================================================================
2025-11-30 20:45:44 | INFO     | CYCLE #4
2025-11-30 20:45:44 | INFO     | ======================================================================
2025-11-30 20:45:44 | INFO     | Detected: 7 floating names
2025-11-30 20:45:44 | DEBUG    |   Name #1: Cached
2025-11-30 20:45:44 | DEBUG    |   Name #2: Cached
2025-11-30 20:45:44 | DEBUG    |   Name #3: Cached
2025-11-30 20:45:44 | INFO     |   ✓ Target #4 at (1062, 371)
2025-11-30 20:45:44 | DEBUG    |   Name #5: Cached
2025-11-30 20:45:44 | DEBUG    |   Name #6: Cached
2025-11-30 20:45:44 | DEBUG    |   Name #7: Cached
2025-11-30 20:45:44 | INFO     | → Valid targets: 1
2025-11-30 20:45:44 | INFO     | 
  Verifying #1...
2025-11-30 20:45:44 | DEBUG    |     Clicking (1062, 402)
2025-11-30 20:45:44 | DEBUG    |     Nameplate read in 1 attempts
2025-11-30 20:45:44 | INFO     |     ✓ Elite | HP: 69%
2025-11-30 20:45:44 | INFO     | 
>>>>>>>>>>>>>>>>>>>>>>>>>>>>>>>>>>>>>>>>>>>>>>>>>>
2025-11-30 20:45:44 | INFO     | ENGAGING: Elite (HP: 69%)
2025-11-30 20:45:44 | INFO     | >>>>>>>>>>>>>>>>>>>>>>>>>>>>>>>>>>>>>>>>>>>>>>>>>>
2025-11-30 20:45:44 | INFO     |   Skill 1: 1
2025-11-30 20:45:45 | INFO     |   Skill 2: 2
2025-11-30 20:45:46 | INFO     |   Skill 3: 3
2025-11-30 20:45:46 | INFO     |   Skill 4: 4
2025-11-30 20:45:47 | INFO     | <<<<<<<<<<<<<<<<<<<<<<<<<<<<<<<<<<<<<<<<<<<<<<<<<<
2025-11-30 20:45:47 | INFO     | Total engagements: 3

2025-11-30 20:45:47 | INFO     | 
======================================================================
2025-11-30 20:45:47 | INFO     | CYCLE #5
2025-11-30 20:45:47 | INFO     | ======================================================================
2025-11-30 20:45:47 | INFO     | Detected: 6 floating names
2025-11-30 20:45:47 | INFO     |   ✓ Target #1 at (1377, 748)
2025-11-30 20:45:47 | DEBUG    |   Name #2: Cached
2025-11-30 20:45:47 | INFO     |   ✓ Target #3 at (1420, 711)
2025-11-30 20:45:47 | DEBUG    |   Region near center, might be player
2025-11-30 20:45:47 | DEBUG    |   Name #5: Player zone
2025-11-30 20:45:47 | DEBUG    |   Name #6: Player zone
2025-11-30 20:45:47 | INFO     | → Valid targets: 2
2025-11-30 20:45:47 | INFO     | 
  Verifying #1...
2025-11-30 20:45:47 | DEBUG    |     Clicking (1377, 779)
2025-11-30 20:45:48 | DEBUG    |     Nameplate read in 1 attempts
2025-11-30 20:45:48 | INFO     |     ✓ Elite | HP: 100%
2025-11-30 20:45:48 | INFO     | 
  Verifying #2...
2025-11-30 20:45:48 | DEBUG    |     Clicking (1420, 742)
2025-11-30 20:45:48 | DEBUG    |     Nameplate read in 1 attempts
2025-11-30 20:45:48 | INFO     |     ✓ Elite | HP: 100%
2025-11-30 20:45:48 | INFO     | 
>>>>>>>>>>>>>>>>>>>>>>>>>>>>>>>>>>>>>>>>>>>>>>>>>>
2025-11-30 20:45:48 | INFO     | ENGAGING: Elite (HP: 100%)
2025-11-30 20:45:48 | INFO     | >>>>>>>>>>>>>>>>>>>>>>>>>>>>>>>>>>>>>>>>>>>>>>>>>>
2025-11-30 20:45:48 | INFO     |   Skill 1: 1
2025-11-30 20:45:49 | INFO     |   Skill 2: 2
2025-11-30 20:45:50 | INFO     |   Skill 3: 3
2025-11-30 20:45:50 | INFO     |   Skill 4: 4
2025-11-30 20:45:51 | INFO     | <<<<<<<<<<<<<<<<<<<<<<<<<<<<<<<<<<<<<<<<<<<<<<<<<<
2025-11-30 20:45:51 | INFO     | Total engagements: 4

2025-11-30 20:45:51 | INFO     | 
======================================================================
2025-11-30 20:45:51 | INFO     | CYCLE #6
2025-11-30 20:45:51 | INFO     | ======================================================================
2025-11-30 20:45:52 | INFO     | Detected: 5 floating names
2025-11-30 20:45:52 | DEBUG    |   Name #1: Player zone
2025-11-30 20:45:52 | DEBUG    |   Name #2: Cached
2025-11-30 20:45:52 | DEBUG    |   Name #3: Player zone
2025-11-30 20:45:52 | DEBUG    |   Name #4: Cached
2025-11-30 20:45:52 | DEBUG    |   Name #5: Player zone
2025-11-30 20:45:52 | INFO     | → Valid targets: 0
2025-11-30 20:45:52 | INFO     | 
======================================================================
2025-11-30 20:45:52 | INFO     | CYCLE #7
2025-11-30 20:45:52 | INFO     | ======================================================================
2025-11-30 20:45:52 | INFO     | Detected: 6 floating names
2025-11-30 20:45:52 | INFO     |   ✓ Target #1 at (825, 703)
2025-11-30 20:45:52 | DEBUG    |   Name #2: Cached
2025-11-30 20:45:52 | DEBUG    |   Name #3: Cached
2025-11-30 20:45:52 | DEBUG    |   Name #4: Cached
2025-11-30 20:45:52 | DEBUG    |   Name #5: Cached
2025-11-30 20:45:52 | DEBUG    |   Name #6: Player zone
2025-11-30 20:45:52 | INFO     | → Valid targets: 1
2025-11-30 20:45:52 | INFO     | 
  Verifying #1...
2025-11-30 20:45:52 | DEBUG    |     Clicking (825, 733)
2025-11-30 20:45:52 | DEBUG    |     Nameplate read in 1 attempts
2025-11-30 20:45:52 | INFO     |     ✓ Elite | HP: 100%
2025-11-30 20:45:52 | INFO     | 
>>>>>>>>>>>>>>>>>>>>>>>>>>>>>>>>>>>>>>>>>>>>>>>>>>
2025-11-30 20:45:52 | INFO     | ENGAGING: Elite (HP: 100%)
2025-11-30 20:45:52 | INFO     | >>>>>>>>>>>>>>>>>>>>>>>>>>>>>>>>>>>>>>>>>>>>>>>>>>
2025-11-30 20:45:52 | INFO     |   Skill 1: 1
2025-11-30 20:45:53 | INFO     |   Skill 2: 2
2025-11-30 20:45:54 | INFO     |   Skill 3: 3
2025-11-30 20:45:54 | INFO     |   Skill 4: 4
2025-11-30 20:45:55 | INFO     | <<<<<<<<<<<<<<<<<<<<<<<<<<<<<<<<<<<<<<<<<<<<<<<<<<
2025-11-30 20:45:55 | INFO     | Total engagements: 5

2025-11-30 20:45:56 | INFO     | 
======================================================================
2025-11-30 20:45:56 | INFO     | CYCLE #8
2025-11-30 20:45:56 | INFO     | ======================================================================
2025-11-30 20:45:56 | INFO     | Detected: 11 floating names
2025-11-30 20:45:56 | DEBUG    |   Name #1: Player zone
2025-11-30 20:45:56 | DEBUG    |   Name #2: Cached
2025-11-30 20:45:56 | DEBUG    |   Name #3: Player zone
2025-11-30 20:45:56 | DEBUG    |   Name #4: Player zone
2025-11-30 20:45:56 | DEBUG    |   Name #5: Cached
2025-11-30 20:45:56 | DEBUG    |   Region near center, might be player
2025-11-30 20:45:56 | DEBUG    |   Region near center, might be player
2025-11-30 20:45:56 | DEBUG    |   Region near center, might be player
2025-11-30 20:45:56 | INFO     |   ✓ Target #9 at (842, 327)
2025-11-30 20:45:56 | INFO     |   ✓ Target #10 at (1240, 324)
2025-11-30 20:45:56 | DEBUG    |   Region near center, might be player
2025-11-30 20:45:56 | INFO     | → Valid targets: 2
2025-11-30 20:45:56 | INFO     | 
  Verifying #1...
2025-11-30 20:45:56 | DEBUG    |     Clicking (842, 358)
2025-11-30 20:45:56 | DEBUG    |     Nameplate read in 1 attempts
2025-11-30 20:45:56 | INFO     |     ✓ Elite | HP: 69%
2025-11-30 20:45:56 | INFO     | 
  Verifying #2...
2025-11-30 20:45:56 | DEBUG    |     Clicking (1240, 355)
2025-11-30 20:45:56 | DEBUG    |     Nameplate read in 1 attempts
2025-11-30 20:45:56 | INFO     |     ✓ Elite | HP: 69%
2025-11-30 20:45:56 | INFO     | 
>>>>>>>>>>>>>>>>>>>>>>>>>>>>>>>>>>>>>>>>>>>>>>>>>>
2025-11-30 20:45:56 | INFO     | ENGAGING: Elite (HP: 69%)
2025-11-30 20:45:56 | INFO     | >>>>>>>>>>>>>>>>>>>>>>>>>>>>>>>>>>>>>>>>>>>>>>>>>>
2025-11-30 20:45:56 | INFO     |   Skill 1: 1
2025-11-30 20:45:57 | INFO     |   Skill 2: 2
2025-11-30 20:45:58 | INFO     |   Skill 3: 3
2025-11-30 20:45:59 | INFO     |   Skill 4: 4
2025-11-30 20:45:59 | INFO     | <<<<<<<<<<<<<<<<<<<<<<<<<<<<<<<<<<<<<<<<<<<<<<<<<<
2025-11-30 20:45:59 | INFO     | Total engagements: 6

2025-11-30 20:46:00 | INFO     | 
======================================================================
2025-11-30 20:46:00 | INFO     | CYCLE #9
2025-11-30 20:46:00 | INFO     | ======================================================================
2025-11-30 20:46:00 | INFO     | Detected: 16 floating names
2025-11-30 20:46:00 | DEBUG    |   Name #1: Player zone
2025-11-30 20:46:00 | DEBUG    |   Name #2: Cached
2025-11-30 20:46:00 | DEBUG    |   Region near center, might be player
2025-11-30 20:46:00 | DEBUG    |   Region near center, might be player
2025-11-30 20:46:00 | DEBUG    |   Name #5: Cached
2025-11-30 20:46:00 | DEBUG    |   Name #6: Player zone
2025-11-30 20:46:00 | DEBUG    |   Region near center, might be player
2025-11-30 20:46:00 | DEBUG    |   Region near center, might be player
2025-11-30 20:46:00 | DEBUG    |   Region near center, might be player
2025-11-30 20:46:00 | DEBUG    |   Region near center, might be player
2025-11-30 20:46:00 | DEBUG    |   Region near center, might be player
2025-11-30 20:46:00 | DEBUG    |   Region near center, might be player
2025-11-30 20:46:00 | INFO     |   ✓ Target #13 at (761, 367)
2025-11-30 20:46:00 | INFO     |   ✓ Target #14 at (624, 344)
2025-11-30 20:46:00 | INFO     |   ✓ Target #15 at (1362, 333)
2025-11-30 20:46:00 | DEBUG    |   Region near center, might be player
2025-11-30 20:46:00 | INFO     | → Valid targets: 3
2025-11-30 20:46:00 | INFO     | 
  Verifying #1...
2025-11-30 20:46:00 | DEBUG    |     Clicking (761, 398)
2025-11-30 20:46:00 | DEBUG    |     Nameplate read in 1 attempts
2025-11-30 20:46:00 | INFO     |     ✓ Elite | HP: 69%
2025-11-30 20:46:00 | INFO     | 
  Verifying #2...
2025-11-30 20:46:00 | DEBUG    |     Clicking (624, 375)
2025-11-30 20:46:00 | DEBUG    |     Nameplate read in 1 attempts
2025-11-30 20:46:00 | INFO     |     ✓ Elite | HP: 69%
2025-11-30 20:46:00 | INFO     | 
>>>>>>>>>>>>>>>>>>>>>>>>>>>>>>>>>>>>>>>>>>>>>>>>>>
2025-11-30 20:46:00 | INFO     | ENGAGING: Elite (HP: 69%)
2025-11-30 20:46:00 | INFO     | >>>>>>>>>>>>>>>>>>>>>>>>>>>>>>>>>>>>>>>>>>>>>>>>>>
2025-11-30 20:46:00 | INFO     |   Skill 1: 1
2025-11-30 20:46:01 | INFO     |   Skill 2: 2
2025-11-30 20:46:02 | INFO     |   Skill 3: 3
2025-11-30 20:46:03 | INFO     |   Skill 4: 4
2025-11-30 20:46:03 | INFO     | <<<<<<<<<<<<<<<<<<<<<<<<<<<<<<<<<<<<<<<<<<<<<<<<<<
2025-11-30 20:46:03 | INFO     | Total engagements: 7

2025-11-30 20:46:04 | INFO     | 
======================================================================
2025-11-30 20:46:04 | INFO     | CYCLE #10
2025-11-30 20:46:04 | INFO     | ======================================================================
2025-11-30 20:46:04 | INFO     | Detected: 13 floating names
2025-11-30 20:46:04 | DEBUG    |   Region near center, might be player
2025-11-30 20:46:04 | DEBUG    |   Name #2: Player zone
2025-11-30 20:46:04 | DEBUG    |   Name #3: Player zone
2025-11-30 20:46:04 | DEBUG    |   Name #4: Cached
2025-11-30 20:46:04 | DEBUG    |   Name #5: Player zone
2025-11-30 20:46:04 | DEBUG    |   Name #6: Player zone
2025-11-30 20:46:04 | DEBUG    |   Name #7: Cached
2025-11-30 20:46:04 | DEBUG    |   Region near center, might be player
2025-11-30 20:46:04 | DEBUG    |   Region near center, might be player
2025-11-30 20:46:04 | INFO     |   ✓ Target #10 at (1106, 346)
2025-11-30 20:46:04 | INFO     |   ✓ Target #11 at (1855, 209)
2025-11-30 20:46:04 | DEBUG    |   Name #12: Cached
2025-11-30 20:46:04 | DEBUG    |   Name #13: Player zone
2025-11-30 20:46:04 | INFO     | → Valid targets: 2
2025-11-30 20:46:04 | INFO     | 
  Verifying #1...
2025-11-30 20:46:04 | DEBUG    |     Clicking (1106, 377)
2025-11-30 20:46:04 | DEBUG    |     Nameplate read in 1 attempts
2025-11-30 20:46:04 | INFO     |     ✓ Elite | HP: 69%
2025-11-30 20:46:04 | INFO     | 
  Verifying #2...
2025-11-30 20:46:04 | DEBUG    |     Clicking (1855, 242)
2025-11-30 20:46:05 | DEBUG    |     Nameplate read in 1 attempts
2025-11-30 20:46:05 | INFO     |     ✓ Elite | HP: 69%
2025-11-30 20:46:05 | INFO     | 
>>>>>>>>>>>>>>>>>>>>>>>>>>>>>>>>>>>>>>>>>>>>>>>>>>
2025-11-30 20:46:05 | INFO     | ENGAGING: Elite (HP: 69%)
2025-11-30 20:46:05 | INFO     | >>>>>>>>>>>>>>>>>>>>>>>>>>>>>>>>>>>>>>>>>>>>>>>>>>
2025-11-30 20:46:05 | INFO     |   Skill 1: 1
2025-11-30 20:46:05 | INFO     |   Skill 2: 2
2025-11-30 20:46:06 | INFO     |   Skill 3: 3
2025-11-30 20:46:07 | INFO     |   Skill 4: 4
2025-11-30 20:46:07 | INFO     | <<<<<<<<<<<<<<<<<<<<<<<<<<<<<<<<<<<<<<<<<<<<<<<<<<
2025-11-30 20:46:07 | INFO     | Total engagements: 8

2025-11-30 20:46:08 | INFO     | 
======================================================================
2025-11-30 20:46:08 | INFO     | CYCLE #11
2025-11-30 20:46:08 | INFO     | ======================================================================
2025-11-30 20:46:08 | INFO     | Detected: 17 floating names
2025-11-30 20:46:08 | INFO     |   ✓ Target #1 at (1118, 836)
2025-11-30 20:46:08 | DEBUG    |   Name #2: Cached
2025-11-30 20:46:08 | DEBUG    |   Name #3: Player zone
2025-11-30 20:46:08 | DEBUG    |   Region near center, might be player
2025-11-30 20:46:08 | DEBUG    |   Region near center, might be player
2025-11-30 20:46:08 | DEBUG    |   Name #6: Player zone
2025-11-30 20:46:08 | DEBUG    |   Name #7: Player zone
2025-11-30 20:46:08 | DEBUG    |   Name #8: Cached
2025-11-30 20:46:08 | DEBUG    |   Region near center, might be player
2025-11-30 20:46:08 | DEBUG    |   Name #10: Player zone
2025-11-30 20:46:08 | DEBUG    |   Name #11: Player zone
2025-11-30 20:46:08 | DEBUG    |   Region near center, might be player
2025-11-30 20:46:08 | DEBUG    |   Region near center, might be player
2025-11-30 20:46:08 | DEBUG    |   Region near center, might be player
2025-11-30 20:46:08 | DEBUG    |   Region near center, might be player
2025-11-30 20:46:08 | DEBUG    |   Name #16: Cached
2025-11-30 20:46:08 | DEBUG    |   Name #17: Cached
2025-11-30 20:46:08 | INFO     | → Valid targets: 1
2025-11-30 20:46:08 | INFO     | 
  Verifying #1...
2025-11-30 20:46:08 | DEBUG    |     Clicking (1118, 868)
2025-11-30 20:46:08 | DEBUG    |     Nameplate read in 1 attempts
2025-11-30 20:46:08 | INFO     |     ✓ Elite | HP: 69%
2025-11-30 20:46:08 | INFO     | 
>>>>>>>>>>>>>>>>>>>>>>>>>>>>>>>>>>>>>>>>>>>>>>>>>>
2025-11-30 20:46:08 | INFO     | ENGAGING: Elite (HP: 69%)
2025-11-30 20:46:08 | INFO     | >>>>>>>>>>>>>>>>>>>>>>>>>>>>>>>>>>>>>>>>>>>>>>>>>>
2025-11-30 20:46:08 | INFO     |   Skill 1: 1
2025-11-30 20:46:09 | INFO     |   Skill 2: 2
2025-11-30 20:46:10 | INFO     |   Skill 3: 3
2025-11-30 20:46:10 | INFO     |   Skill 4: 4
2025-11-30 20:46:11 | INFO     | <<<<<<<<<<<<<<<<<<<<<<<<<<<<<<<<<<<<<<<<<<<<<<<<<<
2025-11-30 20:46:11 | INFO     | Total engagements: 9

2025-11-30 20:46:11 | INFO     | 
======================================================================
2025-11-30 20:46:11 | INFO     | CYCLE #12
2025-11-30 20:46:11 | INFO     | ======================================================================
2025-11-30 20:46:12 | INFO     | Detected: 13 floating names
2025-11-30 20:46:12 | INFO     |   ✓ Target #1 at (919, 874)
2025-11-30 20:46:12 | DEBUG    |   Name #2: Cached
2025-11-30 20:46:12 | INFO     |   ✓ Target #3 at (1108, 840)
2025-11-30 20:46:12 | INFO     |   ✓ Target #4 at (479, 705)
2025-11-30 20:46:12 | DEBUG    |   Name #5: Player zone
2025-11-30 20:46:12 | DEBUG    |   Name #6: Player zone
2025-11-30 20:46:12 | DEBUG    |   Name #7: Player zone
2025-11-30 20:46:12 | DEBUG    |   Region near center, might be player
2025-11-30 20:46:12 | DEBUG    |   Name #9: Player zone
2025-11-30 20:46:12 | DEBUG    |   Region near center, might be player
2025-11-30 20:46:12 | DEBUG    |   Region near center, might be player
2025-11-30 20:46:12 | DEBUG    |   Region near center, might be player
2025-11-30 20:46:12 | INFO     |   ✓ Target #13 at (1267, 350)
2025-11-30 20:46:12 | INFO     | → Valid targets: 4
2025-11-30 20:46:12 | INFO     | 
  Verifying #1...
2025-11-30 20:46:12 | DEBUG    |     Clicking (919, 905)
2025-11-30 20:46:12 | DEBUG    |     Nameplate read in 1 attempts
2025-11-30 20:46:12 | INFO     |     ✓ Elite | HP: 100%
2025-11-30 20:46:12 | INFO     | 
  Verifying #2...
2025-11-30 20:46:12 | DEBUG    |     Clicking (1108, 871)
2025-11-30 20:46:12 | DEBUG    |     Nameplate read in 1 attempts
2025-11-30 20:46:12 | INFO     |     ✓ Elite | HP: 3%
2025-11-30 20:46:12 | INFO     | 
>>>>>>>>>>>>>>>>>>>>>>>>>>>>>>>>>>>>>>>>>>>>>>>>>>
2025-11-30 20:46:12 | INFO     | ENGAGING: Elite (HP: 100%)
2025-11-30 20:46:12 | INFO     | >>>>>>>>>>>>>>>>>>>>>>>>>>>>>>>>>>>>>>>>>>>>>>>>>>
2025-11-30 20:46:12 | INFO     |   Skill 1: 1
2025-11-30 20:46:13 | INFO     |   Skill 2: 2
2025-11-30 20:46:14 | INFO     |   Skill 3: 3
2025-11-30 20:46:14 | INFO     |   Skill 4: 4
2025-11-30 20:46:15 | INFO     | <<<<<<<<<<<<<<<<<<<<<<<<<<<<<<<<<<<<<<<<<<<<<<<<<<
2025-11-30 20:46:15 | INFO     | Total engagements: 10

2025-11-30 20:46:16 | INFO     | 
======================================================================
2025-11-30 20:46:16 | INFO     | CYCLE #13
2025-11-30 20:46:16 | INFO     | ======================================================================
2025-11-30 20:46:16 | INFO     | Detected: 12 floating names
2025-11-30 20:46:16 | INFO     |   ✓ Target #1 at (1110, 873)
2025-11-30 20:46:16 | INFO     |   ✓ Target #2 at (320, 776)
2025-11-30 20:46:16 | DEBUG    |   Region near center, might be player
2025-11-30 20:46:16 | DEBUG    |   Name #4: Player zone
2025-11-30 20:46:16 | DEBUG    |   Name #5: Player zone
2025-11-30 20:46:16 | DEBUG    |   Name #6: Cached
2025-11-30 20:46:16 | DEBUG    |   Name #7: Player zone
2025-11-30 20:46:16 | DEBUG    |   Name #8: Player zone
2025-11-30 20:46:16 | DEBUG    |   Name #9: Cached
2025-11-30 20:46:16 | DEBUG    |   Region near center, might be player
2025-11-30 20:46:16 | INFO     |   ✓ Target #11 at (488, 389)
2025-11-30 20:46:16 | DEBUG    |   Region near center, might be player
2025-11-30 20:46:16 | INFO     | → Valid targets: 3
2025-11-30 20:46:16 | INFO     | 
  Verifying #1...
2025-11-30 20:46:16 | DEBUG    |     Clicking (1110, 904)
2025-11-30 20:46:16 | DEBUG    |     Nameplate read in 1 attempts
2025-11-30 20:46:16 | INFO     |     ✓ Elite | HP: 3%
2025-11-30 20:46:16 | INFO     | 
  Verifying #2...
2025-11-30 20:46:16 | DEBUG    |     Clicking (320, 807)
2025-11-30 20:46:16 | DEBUG    |     Nameplate read in 1 attempts
2025-11-30 20:46:16 | INFO     |     ✓ Elite | HP: 3%
2025-11-30 20:46:17 | INFO     | 
======================================================================
2025-11-30 20:46:17 | INFO     | CYCLE #14
2025-11-30 20:46:17 | INFO     | ======================================================================
2025-11-30 20:46:17 | INFO     | Detected: 12 floating names
2025-11-30 20:46:17 | INFO     |   ✓ Target #1 at (829, 879)
2025-11-30 20:46:17 | DEBUG    |   Region near center, might be player
2025-11-30 20:46:17 | DEBUG    |   Name #3: Player zone
2025-11-30 20:46:17 | DEBUG    |   Name #4: Cached
2025-11-30 20:46:17 | DEBUG    |   Region near center, might be player
2025-11-30 20:46:17 | DEBUG    |   Name #6: Player zone
2025-11-30 20:46:17 | DEBUG    |   Region near center, might be player
2025-11-30 20:46:17 | DEBUG    |   Name #8: Cached
2025-11-30 20:46:17 | DEBUG    |   Name #9: Cached
2025-11-30 20:46:17 | DEBUG    |   Region near center, might be player
2025-11-30 20:46:17 | INFO     |   ✓ Target #11 at (723, 344)
2025-11-30 20:46:17 | DEBUG    |   Name #12: Cached
2025-11-30 20:46:17 | INFO     | → Valid targets: 2
2025-11-30 20:46:17 | INFO     | 
  Verifying #1...
2025-11-30 20:46:17 | DEBUG    |     Clicking (829, 910)
2025-11-30 20:46:17 | DEBUG    |     Nameplate read in 1 attempts
2025-11-30 20:46:17 | INFO     |     ✓ Elite | HP: 69%
2025-11-30 20:46:17 | INFO     | 
  Verifying #2...
2025-11-30 20:46:17 | DEBUG    |     Clicking (723, 375)
2025-11-30 20:46:18 | DEBUG    |     Nameplate read in 1 attempts
2025-11-30 20:46:18 | INFO     |     ✓ Elite | HP: 69%
2025-11-30 20:46:18 | INFO     | 
>>>>>>>>>>>>>>>>>>>>>>>>>>>>>>>>>>>>>>>>>>>>>>>>>>
2025-11-30 20:46:18 | INFO     | ENGAGING: Elite (HP: 69%)
2025-11-30 20:46:18 | INFO     | >>>>>>>>>>>>>>>>>>>>>>>>>>>>>>>>>>>>>>>>>>>>>>>>>>
2025-11-30 20:46:18 | INFO     |   Skill 1: 1
2025-11-30 20:46:18 | INFO     |   Skill 2: 2
2025-11-30 20:46:19 | INFO     |   Skill 3: 3
2025-11-30 20:46:20 | INFO     |   Skill 4: 4
2025-11-30 20:46:20 | INFO     | <<<<<<<<<<<<<<<<<<<<<<<<<<<<<<<<<<<<<<<<<<<<<<<<<<
2025-11-30 20:46:20 | INFO     | Total engagements: 11

2025-11-30 20:46:21 | INFO     | 
======================================================================
2025-11-30 20:46:21 | INFO     | CYCLE #15
2025-11-30 20:46:21 | INFO     | ======================================================================
2025-11-30 20:46:21 | INFO     | Detected: 0 floating names
2025-11-30 20:46:21 | INFO     | 
======================================================================
2025-11-30 20:46:21 | INFO     | CYCLE #16
2025-11-30 20:46:21 | INFO     | ======================================================================
2025-11-30 20:46:21 | INFO     | Detected: 0 floating names
2025-11-30 20:46:22 | INFO     | 
======================================================================
2025-11-30 20:46:22 | INFO     | CYCLE #17
2025-11-30 20:46:22 | INFO     | ======================================================================
2025-11-30 20:46:22 | INFO     | Detected: 0 floating names
2025-11-30 20:46:22 | INFO     | 
======================================================================
2025-11-30 20:46:22 | INFO     | CYCLE #18
2025-11-30 20:46:22 | INFO     | ======================================================================
2025-11-30 20:46:22 | INFO     | Detected: 0 floating names
2025-11-30 20:46:23 | INFO     | 
======================================================================
2025-11-30 20:46:23 | INFO     | CYCLE #19
2025-11-30 20:46:23 | INFO     | ======================================================================
2025-11-30 20:46:23 | INFO     | Detected: 0 floating names
2025-11-30 20:46:23 | INFO     | 
======================================================================
2025-11-30 20:46:23 | INFO     | CYCLE #20
2025-11-30 20:46:23 | INFO     | ======================================================================
2025-11-30 20:46:23 | INFO     | Detected: 6 floating names
2025-11-30 20:46:23 | DEBUG    |   Name #1: Player zone
2025-11-30 20:46:23 | DEBUG    |   Name #2: Player zone
2025-11-30 20:46:23 | DEBUG    |   Name #3: Player zone
2025-11-30 20:46:23 | DEBUG    |   Name #4: Cached
2025-11-30 20:46:23 | DEBUG    |   Region near center, might be player
2025-11-30 20:46:23 | INFO     |   ✓ Target #6 at (952, 291)
2025-11-30 20:46:23 | INFO     | → Valid targets: 1
2025-11-30 20:46:23 | INFO     | 
  Verifying #1...
2025-11-30 20:46:23 | DEBUG    |     Clicking (952, 322)
2025-11-30 20:46:24 | DEBUG    |     Nameplate read in 1 attempts
2025-11-30 20:46:24 | INFO     |     ✓ Elite | HP: 69%
2025-11-30 20:46:24 | INFO     | 
>>>>>>>>>>>>>>>>>>>>>>>>>>>>>>>>>>>>>>>>>>>>>>>>>>
2025-11-30 20:46:24 | INFO     | ENGAGING: Elite (HP: 69%)
2025-11-30 20:46:24 | INFO     | >>>>>>>>>>>>>>>>>>>>>>>>>>>>>>>>>>>>>>>>>>>>>>>>>>
2025-11-30 20:46:24 | INFO     |   Skill 1: 1
2025-11-30 20:46:24 | INFO     |   Skill 2: 2
2025-11-30 20:46:25 | INFO     |   Skill 3: 3
2025-11-30 20:46:26 | INFO     |   Skill 4: 4
2025-11-30 20:46:26 | INFO     | <<<<<<<<<<<<<<<<<<<<<<<<<<<<<<<<<<<<<<<<<<<<<<<<<<
2025-11-30 20:46:26 | INFO     | Total engagements: 12

2025-11-30 20:46:27 | INFO     | 
======================================================================
2025-11-30 20:46:27 | INFO     | CYCLE #21
2025-11-30 20:46:27 | INFO     | ======================================================================
2025-11-30 20:46:27 | INFO     | Detected: 9 floating names
2025-11-30 20:46:27 | INFO     |   ✓ Target #1 at (1537, 343)
2025-11-30 20:46:27 | INFO     |   ✓ Target #2 at (1260, 137)
2025-11-30 20:46:27 | INFO     |   ✓ Target #3 at (1787, 755)
2025-11-30 20:46:27 | DEBUG    |   Region near center, might be player
2025-11-30 20:46:27 | INFO     |   ✓ Target #5 at (1584, 369)
2025-11-30 20:46:27 | DEBUG    |   Name #6: Cached
2025-11-30 20:46:27 | INFO     |   ✓ Target #7 at (1689, 317)
2025-11-30 20:46:27 | INFO     |   ✓ Target #8 at (1092, 188)
2025-11-30 20:46:27 | INFO     |   ✓ Target #9 at (1817, 133)
2025-11-30 20:46:27 | INFO     | → Valid targets: 7
2025-11-30 20:46:27 | INFO     | 
  Verifying #1...
2025-11-30 20:46:27 | DEBUG    |     Clicking (1537, 378)
2025-11-30 20:46:27 | DEBUG    |     Nameplate read in 1 attempts
2025-11-30 20:46:27 | INFO     |     ✓ Elite | HP: 69%
2025-11-30 20:46:27 | INFO     | 
  Verifying #2...
2025-11-30 20:46:27 | DEBUG    |     Clicking (1260, 174)
2025-11-30 20:46:28 | DEBUG    |     Nameplate read in 1 attempts
2025-11-30 20:46:28 | INFO     |     ✓ Elite | HP: 69%
2025-11-30 20:46:28 | INFO     | 
>>>>>>>>>>>>>>>>>>>>>>>>>>>>>>>>>>>>>>>>>>>>>>>>>>
2025-11-30 20:46:28 | INFO     | ENGAGING: Elite (HP: 69%)
2025-11-30 20:46:28 | INFO     | >>>>>>>>>>>>>>>>>>>>>>>>>>>>>>>>>>>>>>>>>>>>>>>>>>
2025-11-30 20:46:28 | INFO     |   Skill 1: 1
2025-11-30 20:46:28 | INFO     |   Skill 2: 2
2025-11-30 20:46:29 | INFO     |   Skill 3: 3
2025-11-30 20:46:30 | INFO     |   Skill 4: 4
2025-11-30 20:46:31 | INFO     | <<<<<<<<<<<<<<<<<<<<<<<<<<<<<<<<<<<<<<<<<<<<<<<<<<
2025-11-30 20:46:31 | INFO     | Total engagements: 13

2025-11-30 20:46:31 | INFO     | 
======================================================================
2025-11-30 20:46:31 | INFO     | CYCLE #22
2025-11-30 20:46:31 | INFO     | ======================================================================
2025-11-30 20:46:31 | INFO     | Detected: 12 floating names
2025-11-30 20:46:31 | DEBUG    |   Region near center, might be player
2025-11-30 20:46:31 | DEBUG    |   Name #2: Player zone
2025-11-30 20:46:31 | INFO     |   ✓ Target #3 at (758, 361)
2025-11-30 20:46:31 | INFO     |   ✓ Target #4 at (1652, 315)
2025-11-30 20:46:31 | INFO     |   ✓ Target #5 at (672, 301)
2025-11-30 20:46:31 | INFO     |   ✓ Target #6 at (1706, 292)
2025-11-30 20:46:31 | INFO     |   ✓ Target #7 at (1655, 270)
2025-11-30 20:46:31 | INFO     |   ✓ Target #8 at (1732, 210)
2025-11-30 20:46:31 | INFO     |   ✓ Target #9 at (1772, 203)
2025-11-30 20:46:31 | INFO     |   ✓ Target #10 at (1773, 165)
2025-11-30 20:46:31 | INFO     |   ✓ Target #11 at (103, 201)
2025-11-30 20:46:31 | DEBUG    |   Region near center, might be player
2025-11-30 20:46:31 | INFO     | → Valid targets: 9
2025-11-30 20:46:31 | INFO     | 
  Verifying #1...
2025-11-30 20:46:31 | DEBUG    |     Clicking (758, 395)
2025-11-30 20:46:31 | DEBUG    |     Nameplate read in 1 attempts
2025-11-30 20:46:31 | INFO     |     ✓ Elite | HP: 69%
2025-11-30 20:46:31 | INFO     | 
  Verifying #2...
2025-11-30 20:46:31 | DEBUG    |     Clicking (1652, 347)
2025-11-30 20:46:32 | DEBUG    |     Nameplate read in 1 attempts
2025-11-30 20:46:32 | INFO     |     ✓ Elite | HP: 69%
2025-11-30 20:46:32 | INFO     | 
>>>>>>>>>>>>>>>>>>>>>>>>>>>>>>>>>>>>>>>>>>>>>>>>>>
2025-11-30 20:46:32 | INFO     | ENGAGING: Elite (HP: 69%)
2025-11-30 20:46:32 | INFO     | >>>>>>>>>>>>>>>>>>>>>>>>>>>>>>>>>>>>>>>>>>>>>>>>>>
2025-11-30 20:46:32 | INFO     |   Skill 1: 1
2025-11-30 20:46:32 | INFO     |   Skill 2: 2
2025-11-30 20:46:33 | INFO     |   Skill 3: 3
2025-11-30 20:46:34 | INFO     |   Skill 4: 4
2025-11-30 20:46:35 | INFO     | <<<<<<<<<<<<<<<<<<<<<<<<<<<<<<<<<<<<<<<<<<<<<<<<<<
2025-11-30 20:46:35 | INFO     | Total engagements: 14

2025-11-30 20:46:35 | INFO     | 
======================================================================
2025-11-30 20:46:35 | INFO     | CYCLE #23
2025-11-30 20:46:35 | INFO     | ======================================================================
2025-11-30 20:46:35 | INFO     | Detected: 8 floating names
2025-11-30 20:46:35 | INFO     |   ✓ Target #1 at (1476, 739)
2025-11-30 20:46:35 | DEBUG    |   Region near center, might be player
2025-11-30 20:46:35 | DEBUG    |   Region near center, might be player
2025-11-30 20:46:35 | DEBUG    |   Region near center, might be player
2025-11-30 20:46:35 | DEBUG    |   Name #5: Player zone
2025-11-30 20:46:35 | DEBUG    |   Name #6: Player zone
2025-11-30 20:46:35 | DEBUG    |   Name #7: Player zone
2025-11-30 20:46:35 | DEBUG    |   Name #8: Player zone
2025-11-30 20:46:35 | INFO     | → Valid targets: 1
2025-11-30 20:46:35 | INFO     | 
  Verifying #1...
2025-11-30 20:46:35 | DEBUG    |     Clicking (1476, 770)
2025-11-30 20:46:35 | DEBUG    |     Nameplate read in 1 attempts
2025-11-30 20:46:35 | INFO     |     ✓ Elite | HP: 69%
2025-11-30 20:46:35 | INFO     | 
>>>>>>>>>>>>>>>>>>>>>>>>>>>>>>>>>>>>>>>>>>>>>>>>>>
2025-11-30 20:46:35 | INFO     | ENGAGING: Elite (HP: 69%)
2025-11-30 20:46:35 | INFO     | >>>>>>>>>>>>>>>>>>>>>>>>>>>>>>>>>>>>>>>>>>>>>>>>>>
2025-11-30 20:46:35 | INFO     |   Skill 1: 1
2025-11-30 20:46:36 | INFO     |   Skill 2: 2
2025-11-30 20:46:37 | INFO     |   Skill 3: 3
2025-11-30 20:46:38 | INFO     |   Skill 4: 4
2025-11-30 20:46:38 | INFO     | <<<<<<<<<<<<<<<<<<<<<<<<<<<<<<<<<<<<<<<<<<<<<<<<<<
2025-11-30 20:46:38 | INFO     | Total engagements: 15

2025-11-30 20:46:39 | INFO     | 
======================================================================
2025-11-30 20:46:39 | INFO     | CYCLE #24
2025-11-30 20:46:39 | INFO     | ======================================================================
2025-11-30 20:46:39 | INFO     | Detected: 18 floating names
2025-11-30 20:46:39 | INFO     |   ✓ Target #1 at (1190, 691)
2025-11-30 20:46:39 | DEBUG    |   Name #2: Player zone
2025-11-30 20:46:39 | DEBUG    |   Name #3: Player zone
2025-11-30 20:46:39 | DEBUG    |   Name #4: Cached
2025-11-30 20:46:39 | DEBUG    |   Name #5: Player zone
2025-11-30 20:46:39 | DEBUG    |   Name #6: Cached
2025-11-30 20:46:39 | INFO     |   ✓ Target #7 at (1461, 275)
2025-11-30 20:46:39 | INFO     |   ✓ Target #8 at (489, 247)
2025-11-30 20:46:39 | INFO     |   ✓ Target #9 at (352, 226)
2025-11-30 20:46:39 | INFO     |   ✓ Target #10 at (969, 183)
2025-11-30 20:46:39 | INFO     |   ✓ Target #11 at (934, 183)
2025-11-30 20:46:39 | INFO     |   ✓ Target #12 at (1039, 164)
2025-11-30 20:46:39 | INFO     |   ✓ Target #13 at (416, 165)
2025-11-30 20:46:39 | INFO     |   ✓ Target #14 at (1089, 164)
2025-11-30 20:46:39 | DEBUG    |   Name #15: Cached
2025-11-30 20:46:39 | INFO     |   ✓ Target #16 at (904, 164)
2025-11-30 20:46:39 | INFO     |   ✓ Target #17 at (840, 162)
2025-11-30 20:46:39 | INFO     |   ✓ Target #18 at (1855, 212)
2025-11-30 20:46:39 | INFO     | → Valid targets: 12
2025-11-30 20:46:39 | INFO     | 
  Verifying #1...
2025-11-30 20:46:39 | DEBUG    |     Clicking (1190, 722)
2025-11-30 20:46:39 | DEBUG    |     Nameplate read in 1 attempts
2025-11-30 20:46:39 | INFO     |     ✓ Elite | HP: 69%
2025-11-30 20:46:39 | INFO     | 
  Verifying #2...
2025-11-30 20:46:39 | DEBUG    |     Clicking (1461, 306)
2025-11-30 20:46:39 | DEBUG    |     Nameplate read in 1 attempts
2025-11-30 20:46:39 | INFO     |     ✓ Elite | HP: 69%
2025-11-30 20:46:39 | INFO     | 
>>>>>>>>>>>>>>>>>>>>>>>>>>>>>>>>>>>>>>>>>>>>>>>>>>
2025-11-30 20:46:39 | INFO     | ENGAGING: Elite (HP: 69%)
2025-11-30 20:46:39 | INFO     | >>>>>>>>>>>>>>>>>>>>>>>>>>>>>>>>>>>>>>>>>>>>>>>>>>
2025-11-30 20:46:39 | INFO     |   Skill 1: 1
2025-11-30 20:46:40 | INFO     |   Skill 2: 2
2025-11-30 20:46:41 | INFO     |   Skill 3: 3
2025-11-30 20:46:42 | INFO     |   Skill 4: 4
2025-11-30 20:46:42 | INFO     | <<<<<<<<<<<<<<<<<<<<<<<<<<<<<<<<<<<<<<<<<<<<<<<<<<
2025-11-30 20:46:42 | INFO     | Total engagements: 16

2025-11-30 20:46:43 | INFO     | 
======================================================================
2025-11-30 20:46:43 | INFO     | CYCLE #25
2025-11-30 20:46:43 | INFO     | ======================================================================
2025-11-30 20:46:43 | INFO     | Detected: 12 floating names
2025-11-30 20:46:43 | INFO     |   ✓ Target #1 at (765, 852)
2025-11-30 20:46:43 | DEBUG    |   Name #2: Player zone
2025-11-30 20:46:43 | DEBUG    |   Region near center, might be player
2025-11-30 20:46:43 | DEBUG    |   Name #4: Player zone
2025-11-30 20:46:43 | DEBUG    |   Name #5: Cached
2025-11-30 20:46:43 | DEBUG    |   Region near center, might be player
2025-11-30 20:46:43 | DEBUG    |   Region near center, might be player
2025-11-30 20:46:43 | INFO     |   ✓ Target #8 at (1228, 387)
2025-11-30 20:46:43 | DEBUG    |   Name #9: Cached
2025-11-30 20:46:43 | INFO     |   ✓ Target #10 at (1234, 293)
2025-11-30 20:46:43 | INFO     |   ✓ Target #11 at (95, 272)
2025-11-30 20:46:43 | INFO     |   ✓ Target #12 at (271, 151)
2025-11-30 20:46:43 | INFO     | → Valid targets: 5
2025-11-30 20:46:43 | INFO     | 
  Verifying #1...
2025-11-30 20:46:43 | DEBUG    |     Clicking (765, 883)
2025-11-30 20:46:43 | DEBUG    |     Nameplate read in 1 attempts
2025-11-30 20:46:43 | INFO     |     ✓ Elite | HP: 69%
2025-11-30 20:46:43 | INFO     | 
  Verifying #2...
2025-11-30 20:46:43 | DEBUG    |     Clicking (1228, 418)
2025-11-30 20:46:44 | DEBUG    |     Nameplate read in 1 attempts
2025-11-30 20:46:44 | INFO     |     ✓ Elite | HP: 69%
2025-11-30 20:46:44 | INFO     | 
>>>>>>>>>>>>>>>>>>>>>>>>>>>>>>>>>>>>>>>>>>>>>>>>>>
2025-11-30 20:46:44 | INFO     | ENGAGING: Elite (HP: 69%)
2025-11-30 20:46:44 | INFO     | >>>>>>>>>>>>>>>>>>>>>>>>>>>>>>>>>>>>>>>>>>>>>>>>>>
2025-11-30 20:46:44 | INFO     |   Skill 1: 1
2025-11-30 20:46:44 | INFO     |   Skill 2: 2
2025-11-30 20:46:45 | INFO     |   Skill 3: 3
2025-11-30 20:46:46 | INFO     |   Skill 4: 4
2025-11-30 20:46:46 | INFO     | <<<<<<<<<<<<<<<<<<<<<<<<<<<<<<<<<<<<<<<<<<<<<<<<<<
2025-11-30 20:46:46 | INFO     | Total engagements: 17

2025-11-30 20:46:47 | INFO     | 
======================================================================
2025-11-30 20:46:47 | INFO     | CYCLE #26
2025-11-30 20:46:47 | INFO     | ======================================================================
2025-11-30 20:46:47 | INFO     | Detected: 11 floating names
2025-11-30 20:46:47 | INFO     |   ✓ Target #1 at (626, 875)
2025-11-30 20:46:47 | DEBUG    |   Name #2: Player zone
2025-11-30 20:46:47 | DEBUG    |   Name #3: Cached
2025-11-30 20:46:47 | DEBUG    |   Name #4: Player zone
2025-11-30 20:46:47 | DEBUG    |   Name #5: Cached
2025-11-30 20:46:47 | DEBUG    |   Region near center, might be player
2025-11-30 20:46:47 | DEBUG    |   Region near center, might be player
2025-11-30 20:46:47 | INFO     |   ✓ Target #8 at (1248, 353)
2025-11-30 20:46:47 | DEBUG    |   Name #9: Player zone
2025-11-30 20:46:47 | INFO     |   ✓ Target #10 at (142, 180)
2025-11-30 20:46:47 | DEBUG    |   Name #11: Player zone
2025-11-30 20:46:47 | INFO     | → Valid targets: 3
2025-11-30 20:46:47 | INFO     | 
  Verifying #1...
2025-11-30 20:46:47 | DEBUG    |     Clicking (626, 906)
2025-11-30 20:46:47 | DEBUG    |     Nameplate read in 1 attempts
2025-11-30 20:46:47 | INFO     |     ✓ Elite | HP: 3%
2025-11-30 20:46:47 | INFO     | 
  Verifying #2...
2025-11-30 20:46:47 | DEBUG    |     Clicking (1248, 384)
2025-11-30 20:46:48 | DEBUG    |     Nameplate read in 1 attempts
2025-11-30 20:46:48 | INFO     |     ✓ Elite | HP: 3%
2025-11-30 20:46:48 | INFO     | 
======================================================================
2025-11-30 20:46:48 | INFO     | CYCLE #27
2025-11-30 20:46:48 | INFO     | ======================================================================
2025-11-30 20:46:48 | INFO     | Detected: 9 floating names
2025-11-30 20:46:48 | DEBUG    |   Name #1: Player zone
2025-11-30 20:46:48 | DEBUG    |   Name #2: Cached
2025-11-30 20:46:48 | DEBUG    |   Name #3: Cached
2025-11-30 20:46:48 | DEBUG    |   Name #4: Cached
2025-11-30 20:46:48 | DEBUG    |   Name #5: Cached
2025-11-30 20:46:48 | DEBUG    |   Region near center, might be player
2025-11-30 20:46:48 | DEBUG    |   Region near center, might be player
2025-11-30 20:46:48 | INFO     |   ✓ Target #8 at (1204, 150)
2025-11-30 20:46:48 | DEBUG    |   Region near center, might be player
2025-11-30 20:46:48 | INFO     | → Valid targets: 1
2025-11-30 20:46:48 | INFO     | 
  Verifying #1...
2025-11-30 20:46:48 | DEBUG    |     Clicking (1204, 181)
2025-11-30 20:46:48 | DEBUG    |     Nameplate read in 1 attempts
2025-11-30 20:46:48 | INFO     |     ✓ Elite | HP: 3%
2025-11-30 20:46:49 | INFO     | 
======================================================================
2025-11-30 20:46:49 | INFO     | CYCLE #28
2025-11-30 20:46:49 | INFO     | ======================================================================
2025-11-30 20:46:49 | INFO     | Detected: 8 floating names
2025-11-30 20:46:49 | INFO     |   ✓ Target #1 at (767, 817)
2025-11-30 20:46:49 | DEBUG    |   Name #2: Cached
2025-11-30 20:46:49 | INFO     |   ✓ Target #3 at (697, 790)
2025-11-30 20:46:49 | DEBUG    |   Name #4: Cached
2025-11-30 20:46:49 | DEBUG    |   Region near center, might be player
2025-11-30 20:46:49 | DEBUG    |   Name #6: Cached
2025-11-30 20:46:49 | INFO     |   ✓ Target #7 at (1116, 244)
2025-11-30 20:46:49 | INFO     |   ✓ Target #8 at (859, 183)
2025-11-30 20:46:49 | INFO     | → Valid targets: 4
2025-11-30 20:46:49 | INFO     | 
  Verifying #1...
2025-11-30 20:46:49 | DEBUG    |     Clicking (767, 847)
2025-11-30 20:46:49 | DEBUG    |     Nameplate read in 1 attempts
2025-11-30 20:46:49 | INFO     |     ✓ Elite | HP: 0%
2025-11-30 20:46:49 | INFO     | 
  Verifying #2...
2025-11-30 20:46:49 | DEBUG    |     Clicking (697, 821)
2025-11-30 20:46:50 | DEBUG    |     Nameplate read in 1 attempts
2025-11-30 20:46:50 | INFO     |     ✓ Elite | HP: 0%
2025-11-30 20:46:50 | INFO     | 
======================================================================
2025-11-30 20:46:50 | INFO     | CYCLE #29
2025-11-30 20:46:50 | INFO     | ======================================================================
2025-11-30 20:46:50 | INFO     | Detected: 9 floating names
2025-11-30 20:46:50 | DEBUG    |   Region near center, might be player
2025-11-30 20:46:50 | DEBUG    |   Name #2: Player zone
2025-11-30 20:46:50 | DEBUG    |   Name #3: Player zone
2025-11-30 20:46:50 | DEBUG    |   Name #4: Cached
2025-11-30 20:46:50 | DEBUG    |   Region near center, might be player
2025-11-30 20:46:50 | DEBUG    |   Name #6: Cached
2025-11-30 20:46:50 | INFO     |   ✓ Target #7 at (1161, 208)
2025-11-30 20:46:50 | INFO     |   ✓ Target #8 at (922, 149)
2025-11-30 20:46:50 | DEBUG    |   Name #9: Player zone
2025-11-30 20:46:50 | INFO     | → Valid targets: 2
2025-11-30 20:46:50 | INFO     | 
  Verifying #1...
2025-11-30 20:46:50 | DEBUG    |     Clicking (1161, 239)
2025-11-30 20:46:51 | DEBUG    |     Nameplate read in 1 attempts
2025-11-30 20:46:51 | INFO     |     ✓ Elite | HP: 69%
2025-11-30 20:46:51 | INFO     | 
  Verifying #2...
2025-11-30 20:46:51 | DEBUG    |     Clicking (922, 180)
2025-11-30 20:46:51 | DEBUG    |     Nameplate read in 1 attempts
2025-11-30 20:46:51 | INFO     |     ✓ Elite | HP: 69%
2025-11-30 20:46:51 | INFO     | 
>>>>>>>>>>>>>>>>>>>>>>>>>>>>>>>>>>>>>>>>>>>>>>>>>>
2025-11-30 20:46:51 | INFO     | ENGAGING: Elite (HP: 69%)
2025-11-30 20:46:51 | INFO     | >>>>>>>>>>>>>>>>>>>>>>>>>>>>>>>>>>>>>>>>>>>>>>>>>>
2025-11-30 20:46:51 | INFO     |   Skill 1: 1
2025-11-30 20:46:52 | INFO     |   Skill 2: 2
2025-11-30 20:46:52 | INFO     |   Skill 3: 3
2025-11-30 20:46:53 | INFO     |   Skill 4: 4
2025-11-30 20:46:54 | INFO     | <<<<<<<<<<<<<<<<<<<<<<<<<<<<<<<<<<<<<<<<<<<<<<<<<<
2025-11-30 20:46:54 | INFO     | Total engagements: 18

2025-11-30 20:46:54 | INFO     | 
======================================================================
2025-11-30 20:46:54 | INFO     | CYCLE #30
2025-11-30 20:46:54 | INFO     | ======================================================================
2025-11-30 20:46:54 | INFO     | Detected: 5 floating names
2025-11-30 20:46:54 | INFO     |   ✓ Target #1 at (1590, 776)
2025-11-30 20:46:54 | DEBUG    |   Name #2: Player zone
2025-11-30 20:46:54 | DEBUG    |   Name #3: Player zone
2025-11-30 20:46:54 | INFO     |   ✓ Target #4 at (1211, 340)
2025-11-30 20:46:54 | INFO     |   ✓ Target #5 at (908, 268)
2025-11-30 20:46:54 | INFO     | → Valid targets: 3
2025-11-30 20:46:54 | INFO     | 
  Verifying #1...
2025-11-30 20:46:54 | DEBUG    |     Clicking (1590, 807)
2025-11-30 20:46:55 | DEBUG    |     Nameplate read in 1 attempts
2025-11-30 20:46:55 | INFO     |     ✓ Elite | HP: 69%
2025-11-30 20:46:55 | INFO     | 
  Verifying #2...
2025-11-30 20:46:55 | DEBUG    |     Clicking (1211, 371)
2025-11-30 20:46:55 | DEBUG    |     Nameplate read in 1 attempts
2025-11-30 20:46:55 | INFO     |     ✓ Elite | HP: 69%
2025-11-30 20:46:55 | INFO     | 
>>>>>>>>>>>>>>>>>>>>>>>>>>>>>>>>>>>>>>>>>>>>>>>>>>
2025-11-30 20:46:55 | INFO     | ENGAGING: Elite (HP: 69%)
2025-11-30 20:46:55 | INFO     | >>>>>>>>>>>>>>>>>>>>>>>>>>>>>>>>>>>>>>>>>>>>>>>>>>
2025-11-30 20:46:55 | INFO     |   Skill 1: 1
2025-11-30 20:46:56 | INFO     |   Skill 2: 2
2025-11-30 20:46:56 | INFO     |   Skill 3: 3
2025-11-30 20:46:57 | INFO     |   Skill 4: 4
2025-11-30 20:46:58 | INFO     | <<<<<<<<<<<<<<<<<<<<<<<<<<<<<<<<<<<<<<<<<<<<<<<<<<
2025-11-30 20:46:58 | INFO     | Total engagements: 19

2025-11-30 20:46:58 | INFO     | 
======================================================================
2025-11-30 20:46:58 | INFO     | CYCLE #31
2025-11-30 20:46:58 | INFO     | ======================================================================
2025-11-30 20:46:58 | INFO     | Detected: 10 floating names
2025-11-30 20:46:58 | INFO     |   ✓ Target #1 at (1312, 879)
2025-11-30 20:46:58 | DEBUG    |   Name #2: Cached
2025-11-30 20:46:58 | DEBUG    |   Region near center, might be player
2025-11-30 20:46:58 | DEBUG    |   Region near center, might be player
2025-11-30 20:46:58 | DEBUG    |   Name #5: Player zone
2025-11-30 20:46:58 | DEBUG    |   Name #6: Player zone
2025-11-30 20:46:58 | DEBUG    |   Name #7: Cached
2025-11-30 20:46:58 | INFO     |   ✓ Target #8 at (497, 337)
2025-11-30 20:46:58 | INFO     |   ✓ Target #9 at (1242, 305)
2025-11-30 20:46:58 | INFO     |   ✓ Target #10 at (744, 128)
2025-11-30 20:46:58 | INFO     | → Valid targets: 4
2025-11-30 20:46:58 | INFO     | 
  Verifying #1...
2025-11-30 20:46:58 | DEBUG    |     Clicking (1312, 910)
2025-11-30 20:46:59 | DEBUG    |     Nameplate read in 1 attempts
2025-11-30 20:46:59 | INFO     |     ✓ Elite | HP: 0%
2025-11-30 20:46:59 | INFO     | 
  Verifying #2...
2025-11-30 20:46:59 | DEBUG    |     Clicking (497, 368)
2025-11-30 20:46:59 | DEBUG    |     Nameplate read in 1 attempts
2025-11-30 20:46:59 | INFO     |     ✓ Elite | HP: 69%
2025-11-30 20:47:00 | INFO     | 
======================================================================
2025-11-30 20:47:00 | INFO     | CYCLE #32
2025-11-30 20:47:00 | INFO     | ======================================================================
2025-11-30 20:47:00 | INFO     | Detected: 9 floating names
2025-11-30 20:47:00 | DEBUG    |   Name #1: Cached
2025-11-30 20:47:00 | DEBUG    |   Name #2: Cached
2025-11-30 20:47:00 | DEBUG    |   Name #3: Cached
2025-11-30 20:47:00 | DEBUG    |   Name #4: Cached
2025-11-30 20:47:00 | DEBUG    |   Name #5: Cached
2025-11-30 20:47:00 | DEBUG    |   Name #6: Cached
2025-11-30 20:47:00 | DEBUG    |   Name #7: Cached
2025-11-30 20:47:00 | DEBUG    |   Name #8: Cached
2025-11-30 20:47:00 | DEBUG    |   Name #9: Cached
2025-11-30 20:47:00 | INFO     | → Valid targets: 0
2025-11-30 20:47:00 | INFO     | 
======================================================================
2025-11-30 20:47:00 | INFO     | CYCLE #33
2025-11-30 20:47:00 | INFO     | ======================================================================
2025-11-30 20:47:00 | INFO     | Detected: 9 floating names
2025-11-30 20:47:00 | DEBUG    |   Name #1: Cached
2025-11-30 20:47:00 | DEBUG    |   Name #2: Cached
2025-11-30 20:47:00 | DEBUG    |   Name #3: Cached
2025-11-30 20:47:00 | DEBUG    |   Name #4: Cached
2025-11-30 20:47:00 | DEBUG    |   Name #5: Cached
2025-11-30 20:47:00 | DEBUG    |   Name #6: Cached
2025-11-30 20:47:00 | DEBUG    |   Name #7: Cached
2025-11-30 20:47:00 | DEBUG    |   Name #8: Cached
2025-11-30 20:47:00 | DEBUG    |   Name #9: Cached
2025-11-30 20:47:00 | INFO     | → Valid targets: 0
2025-11-30 20:47:00 | INFO     | 
======================================================================
2025-11-30 20:47:00 | INFO     | CYCLE #34
2025-11-30 20:47:00 | INFO     | ======================================================================
2025-11-30 20:47:00 | INFO     | Detected: 10 floating names
2025-11-30 20:47:00 | DEBUG    |   Name #1: Cached
2025-11-30 20:47:00 | DEBUG    |   Name #2: Cached
2025-11-30 20:47:00 | DEBUG    |   Name #3: Cached
2025-11-30 20:47:00 | DEBUG    |   Region near center, might be player
2025-11-30 20:47:00 | DEBUG    |   Name #5: Cached
2025-11-30 20:47:00 | DEBUG    |   Name #6: Cached
2025-11-30 20:47:00 | DEBUG    |   Name #7: Cached
2025-11-30 20:47:00 | DEBUG    |   Name #8: Cached
2025-11-30 20:47:00 | INFO     |   ✓ Target #9 at (1270, 328)
2025-11-30 20:47:00 | INFO     |   ✓ Target #10 at (457, 324)
2025-11-30 20:47:00 | INFO     | → Valid targets: 2
2025-11-30 20:47:00 | INFO     | 
  Verifying #1...
2025-11-30 20:47:00 | DEBUG    |     Clicking (1270, 359)
2025-11-30 20:47:01 | DEBUG    |     Nameplate read in 1 attempts
2025-11-30 20:47:01 | INFO     |     ✓ Elite | HP: 69%
2025-11-30 20:47:01 | INFO     | 
  Verifying #2...
2025-11-30 20:47:01 | DEBUG    |     Clicking (457, 355)
2025-11-30 20:47:01 | DEBUG    |     Nameplate read in 1 attempts
2025-11-30 20:47:01 | INFO     |     ✓ Elite | HP: 69%
2025-11-30 20:47:01 | INFO     | 
>>>>>>>>>>>>>>>>>>>>>>>>>>>>>>>>>>>>>>>>>>>>>>>>>>
2025-11-30 20:47:01 | INFO     | ENGAGING: Elite (HP: 69%)
2025-11-30 20:47:01 | INFO     | >>>>>>>>>>>>>>>>>>>>>>>>>>>>>>>>>>>>>>>>>>>>>>>>>>
2025-11-30 20:47:01 | INFO     |   Skill 1: 1
2025-11-30 20:47:02 | INFO     |   Skill 2: 2
2025-11-30 20:47:03 | INFO     |   Skill 3: 3
2025-11-30 20:47:03 | INFO     |   Skill 4: 4
2025-11-30 20:47:04 | INFO     | <<<<<<<<<<<<<<<<<<<<<<<<<<<<<<<<<<<<<<<<<<<<<<<<<<
2025-11-30 20:47:04 | INFO     | Total engagements: 20

2025-11-30 20:47:04 | INFO     | 
======================================================================
2025-11-30 20:47:04 | INFO     | CYCLE #35
2025-11-30 20:47:04 | INFO     | ======================================================================
2025-11-30 20:47:05 | INFO     | Detected: 11 floating names
2025-11-30 20:47:05 | DEBUG    |   Region near center, might be player
2025-11-30 20:47:05 | DEBUG    |   Name #2: Player zone
2025-11-30 20:47:05 | DEBUG    |   Name #3: Player zone
2025-11-30 20:47:05 | DEBUG    |   Name #4: Player zone
2025-11-30 20:47:05 | DEBUG    |   Name #5: Cached
2025-11-30 20:47:05 | DEBUG    |   Region near center, might be player
2025-11-30 20:47:05 | DEBUG    |   Region near center, might be player
2025-11-30 20:47:05 | DEBUG    |   Region near center, might be player
2025-11-30 20:47:05 | DEBUG    |   Name #9: Cached
2025-11-30 20:47:05 | INFO     |   ✓ Target #10 at (711, 172)
2025-11-30 20:47:05 | INFO     |   ✓ Target #11 at (944, 139)
2025-11-30 20:47:05 | INFO     | → Valid targets: 2
2025-11-30 20:47:05 | INFO     | 
  Verifying #1...
2025-11-30 20:47:05 | DEBUG    |     Clicking (711, 203)
2025-11-30 20:47:05 | DEBUG    |     Nameplate read in 1 attempts
2025-11-30 20:47:05 | INFO     |     ✓ Elite | HP: 69%
2025-11-30 20:47:05 | INFO     | 
  Verifying #2...
2025-11-30 20:47:05 | DEBUG    |     Clicking (944, 170)
2025-11-30 20:47:05 | DEBUG    |     Nameplate read in 1 attempts
2025-11-30 20:47:05 | INFO     |     ✓ Elite | HP: 69%
2025-11-30 20:47:05 | INFO     | 
>>>>>>>>>>>>>>>>>>>>>>>>>>>>>>>>>>>>>>>>>>>>>>>>>>
2025-11-30 20:47:05 | INFO     | ENGAGING: Elite (HP: 69%)
2025-11-30 20:47:05 | INFO     | >>>>>>>>>>>>>>>>>>>>>>>>>>>>>>>>>>>>>>>>>>>>>>>>>>
2025-11-30 20:47:05 | INFO     |   Skill 1: 1
2025-11-30 20:47:06 | INFO     |   Skill 2: 2
2025-11-30 20:47:07 | INFO     |   Skill 3: 3
2025-11-30 20:47:07 | INFO     |   Skill 4: 4
2025-11-30 20:47:08 | INFO     | <<<<<<<<<<<<<<<<<<<<<<<<<<<<<<<<<<<<<<<<<<<<<<<<<<
2025-11-30 20:47:08 | INFO     | Total engagements: 21

2025-11-30 20:47:09 | INFO     | 
======================================================================
2025-11-30 20:47:09 | INFO     | CYCLE #36
2025-11-30 20:47:09 | INFO     | ======================================================================
2025-11-30 20:47:09 | INFO     | Detected: 17 floating names
2025-11-30 20:47:09 | INFO     |   ✓ Target #1 at (464, 733)
2025-11-30 20:47:09 | INFO     |   ✓ Target #2 at (1588, 731)
2025-11-30 20:47:09 | DEBUG    |   Name #3: Player zone
2025-11-30 20:47:09 | DEBUG    |   Name #4: Player zone
2025-11-30 20:47:09 | DEBUG    |   Name #5: Cached
2025-11-30 20:47:09 | DEBUG    |   Name #6: Cached
2025-11-30 20:47:09 | DEBUG    |   Region near center, might be player
2025-11-30 20:47:09 | INFO     |   ✓ Target #8 at (896, 346)
2025-11-30 20:47:09 | INFO     |   ✓ Target #9 at (970, 312)
2025-11-30 20:47:09 | INFO     |   ✓ Target #10 at (798, 297)
2025-11-30 20:47:09 | INFO     |   ✓ Target #11 at (1000, 253)
2025-11-30 20:47:09 | INFO     |   ✓ Target #12 at (1058, 226)
2025-11-30 20:47:09 | INFO     |   ✓ Target #13 at (913, 215)
2025-11-30 20:47:09 | INFO     |   ✓ Target #14 at (562, 198)
2025-11-30 20:47:09 | INFO     |   ✓ Target #15 at (1223, 183)
2025-11-30 20:47:09 | INFO     |   ✓ Target #16 at (1139, 166)
2025-11-30 20:47:09 | DEBUG    |   Name #17: Cached
2025-11-30 20:47:09 | INFO     | → Valid targets: 11
2025-11-30 20:47:09 | INFO     | 
  Verifying #1...
2025-11-30 20:47:09 | DEBUG    |     Clicking (464, 764)
2025-11-30 20:47:09 | DEBUG    |     Nameplate read in 1 attempts
2025-11-30 20:47:09 | INFO     |     ✓ Elite | HP: 69%
2025-11-30 20:47:09 | INFO     | 
  Verifying #2...
2025-11-30 20:47:09 | DEBUG    |     Clicking (1588, 762)
2025-11-30 20:47:09 | DEBUG    |     Nameplate read in 1 attempts
2025-11-30 20:47:09 | INFO     |     ✓ Elite | HP: 69%
2025-11-30 20:47:09 | INFO     | 
>>>>>>>>>>>>>>>>>>>>>>>>>>>>>>>>>>>>>>>>>>>>>>>>>>
2025-11-30 20:47:09 | INFO     | ENGAGING: Elite (HP: 69%)
2025-11-30 20:47:09 | INFO     | >>>>>>>>>>>>>>>>>>>>>>>>>>>>>>>>>>>>>>>>>>>>>>>>>>
2025-11-30 20:47:09 | INFO     |   Skill 1: 1
2025-11-30 20:47:10 | INFO     |   Skill 2: 2
2025-11-30 20:47:11 | INFO     |   Skill 3: 3
2025-11-30 20:47:11 | INFO     |   Skill 4: 4
2025-11-30 20:47:12 | INFO     | <<<<<<<<<<<<<<<<<<<<<<<<<<<<<<<<<<<<<<<<<<<<<<<<<<
2025-11-30 20:47:12 | INFO     | Total engagements: 22

2025-11-30 20:47:13 | INFO     | 
======================================================================
2025-11-30 20:47:13 | INFO     | CYCLE #37
2025-11-30 20:47:13 | INFO     | ======================================================================
2025-11-30 20:47:13 | INFO     | Detected: 14 floating names
2025-11-30 20:47:13 | INFO     |   ✓ Target #1 at (1370, 880)
2025-11-30 20:47:13 | INFO     |   ✓ Target #2 at (1444, 752)
2025-11-30 20:47:13 | DEBUG    |   Name #3: Player zone
2025-11-30 20:47:13 | DEBUG    |   Name #4: Player zone
2025-11-30 20:47:13 | DEBUG    |   Name #5: Cached
2025-11-30 20:47:13 | INFO     |   ✓ Target #6 at (1338, 349)
2025-11-30 20:47:13 | INFO     |   ✓ Target #7 at (928, 297)
2025-11-30 20:47:13 | INFO     |   ✓ Target #8 at (860, 290)
2025-11-30 20:47:13 | INFO     |   ✓ Target #9 at (563, 286)
2025-11-30 20:47:13 | DEBUG    |   Name #10: Cached
2025-11-30 20:47:13 | INFO     |   ✓ Target #11 at (1063, 257)
2025-11-30 20:47:13 | INFO     |   ✓ Target #12 at (956, 222)
2025-11-30 20:47:13 | INFO     |   ✓ Target #13 at (1083, 163)
2025-11-30 20:47:13 | INFO     |   ✓ Target #14 at (365, 180)
2025-11-30 20:47:13 | INFO     | → Valid targets: 10
2025-11-30 20:47:13 | INFO     | 
  Verifying #1...
2025-11-30 20:47:13 | DEBUG    |     Clicking (1370, 911)
2025-11-30 20:47:13 | DEBUG    |     Nameplate read in 1 attempts
2025-11-30 20:47:13 | INFO     |     ✓ Elite | HP: 69%
2025-11-30 20:47:13 | INFO     | 
  Verifying #2...
2025-11-30 20:47:13 | DEBUG    |     Clicking (1444, 783)
2025-11-30 20:47:13 | DEBUG    |     Nameplate read in 1 attempts
2025-11-30 20:47:13 | INFO     |     ✓ Elite | HP: 69%
2025-11-30 20:47:13 | INFO     | 
>>>>>>>>>>>>>>>>>>>>>>>>>>>>>>>>>>>>>>>>>>>>>>>>>>
2025-11-30 20:47:13 | INFO     | ENGAGING: Elite (HP: 69%)
2025-11-30 20:47:13 | INFO     | >>>>>>>>>>>>>>>>>>>>>>>>>>>>>>>>>>>>>>>>>>>>>>>>>>
2025-11-30 20:47:13 | INFO     |   Skill 1: 1
2025-11-30 20:47:14 | INFO     |   Skill 2: 2
2025-11-30 20:47:15 | INFO     |   Skill 3: 3
2025-11-30 20:47:16 | INFO     |   Skill 4: 4
2025-11-30 20:47:16 | INFO     | <<<<<<<<<<<<<<<<<<<<<<<<<<<<<<<<<<<<<<<<<<<<<<<<<<
2025-11-30 20:47:16 | INFO     | Total engagements: 23

2025-11-30 20:47:17 | INFO     | 
======================================================================
2025-11-30 20:47:17 | INFO     | CYCLE #38
2025-11-30 20:47:17 | INFO     | ======================================================================
2025-11-30 20:47:17 | INFO     | Detected: 16 floating names
2025-11-30 20:47:17 | INFO     |   ✓ Target #1 at (1069, 780)
2025-11-30 20:47:17 | INFO     |   ✓ Target #2 at (1182, 749)
2025-11-30 20:47:17 | INFO     |   ✓ Target #3 at (1357, 735)
2025-11-30 20:47:17 | INFO     |   ✓ Target #4 at (1313, 697)
2025-11-30 20:47:17 | DEBUG    |   Name #5: Cached
2025-11-30 20:47:17 | DEBUG    |   Name #6: Player zone
2025-11-30 20:47:17 | DEBUG    |   Name #7: Cached
2025-11-30 20:47:17 | DEBUG    |   Name #8: Player zone
2025-11-30 20:47:17 | DEBUG    |   Region near center, might be player
2025-11-30 20:47:17 | INFO     |   ✓ Target #10 at (998, 272)
2025-11-30 20:47:17 | INFO     |   ✓ Target #11 at (1038, 261)
2025-11-30 20:47:17 | INFO     |   ✓ Target #12 at (367, 254)
2025-11-30 20:47:17 | INFO     |   ✓ Target #13 at (1228, 253)
2025-11-30 20:47:17 | INFO     |   ✓ Target #14 at (983, 207)
2025-11-30 20:47:17 | INFO     |   ✓ Target #15 at (906, 171)
2025-11-30 20:47:17 | INFO     |   ✓ Target #16 at (155, 140)
2025-11-30 20:47:17 | INFO     | → Valid targets: 11
2025-11-30 20:47:17 | INFO     | 
  Verifying #1...
2025-11-30 20:47:17 | DEBUG    |     Clicking (1069, 811)
2025-11-30 20:47:17 | DEBUG    |     Nameplate read in 1 attempts
2025-11-30 20:47:17 | INFO     |     ✓ Elite | HP: 69%
2025-11-30 20:47:17 | INFO     | 
  Verifying #2...
2025-11-30 20:47:17 | DEBUG    |     Clicking (1182, 780)
2025-11-30 20:47:17 | DEBUG    |     Nameplate read in 1 attempts
2025-11-30 20:47:17 | INFO     |     ✓ Elite | HP: 69%
2025-11-30 20:47:17 | INFO     | 
>>>>>>>>>>>>>>>>>>>>>>>>>>>>>>>>>>>>>>>>>>>>>>>>>>
2025-11-30 20:47:17 | INFO     | ENGAGING: Elite (HP: 69%)
2025-11-30 20:47:17 | INFO     | >>>>>>>>>>>>>>>>>>>>>>>>>>>>>>>>>>>>>>>>>>>>>>>>>>
2025-11-30 20:47:17 | INFO     |   Skill 1: 1
2025-11-30 20:47:18 | INFO     |   Skill 2: 2
2025-11-30 20:47:19 | INFO     |   Skill 3: 3
2025-11-30 20:47:20 | INFO     |   Skill 4: 4
2025-11-30 20:47:20 | INFO     | <<<<<<<<<<<<<<<<<<<<<<<<<<<<<<<<<<<<<<<<<<<<<<<<<<
2025-11-30 20:47:20 | INFO     | Total engagements: 24

2025-11-30 20:47:21 | INFO     | 
======================================================================
2025-11-30 20:47:21 | INFO     | CYCLE #39
2025-11-30 20:47:21 | INFO     | ======================================================================
2025-11-30 20:47:21 | INFO     | Detected: 15 floating names
2025-11-30 20:47:21 | INFO     |   ✓ Target #1 at (436, 846)
2025-11-30 20:47:21 | INFO     |   ✓ Target #2 at (1389, 758)
2025-11-30 20:47:21 | INFO     |   ✓ Target #3 at (1011, 737)
2025-11-30 20:47:21 | INFO     |   ✓ Target #4 at (1102, 690)
2025-11-30 20:47:21 | DEBUG    |   Name #5: Player zone
2025-11-30 20:47:21 | DEBUG    |   Name #6: Player zone
2025-11-30 20:47:21 | DEBUG    |   Name #7: Cached
2025-11-30 20:47:21 | DEBUG    |   Region near center, might be player
2025-11-30 20:47:21 | INFO     |   ✓ Target #9 at (1077, 297)
2025-11-30 20:47:21 | INFO     |   ✓ Target #10 at (1165, 289)
2025-11-30 20:47:21 | INFO     |   ✓ Target #11 at (347, 279)
2025-11-30 20:47:21 | INFO     |   ✓ Target #12 at (1037, 256)
2025-11-30 20:47:21 | INFO     |   ✓ Target #13 at (1207, 223)
2025-11-30 20:47:21 | INFO     |   ✓ Target #14 at (917, 167)
2025-11-30 20:47:21 | INFO     |   ✓ Target #15 at (102, 154)
2025-11-30 20:47:21 | INFO     | → Valid targets: 11
2025-11-30 20:47:21 | INFO     | 
  Verifying #1...
2025-11-30 20:47:21 | DEBUG    |     Clicking (436, 881)
2025-11-30 20:47:21 | DEBUG    |     Nameplate read in 1 attempts
2025-11-30 20:47:21 | INFO     |     ✓ Elite | HP: 69%
2025-11-30 20:47:21 | INFO     | 
  Verifying #2...
2025-11-30 20:47:21 | DEBUG    |     Clicking (1389, 789)
2025-11-30 20:47:22 | DEBUG    |     Nameplate read in 1 attempts
2025-11-30 20:47:22 | INFO     |     ✓ Elite | HP: 69%
2025-11-30 20:47:22 | INFO     | 
>>>>>>>>>>>>>>>>>>>>>>>>>>>>>>>>>>>>>>>>>>>>>>>>>>
2025-11-30 20:47:22 | INFO     | ENGAGING: Elite (HP: 69%)
2025-11-30 20:47:22 | INFO     | >>>>>>>>>>>>>>>>>>>>>>>>>>>>>>>>>>>>>>>>>>>>>>>>>>
2025-11-30 20:47:22 | INFO     |   Skill 1: 1
2025-11-30 20:47:22 | INFO     |   Skill 2: 2
2025-11-30 20:47:23 | INFO     |   Skill 3: 3
2025-11-30 20:47:24 | INFO     |   Skill 4: 4
2025-11-30 20:47:24 | INFO     | <<<<<<<<<<<<<<<<<<<<<<<<<<<<<<<<<<<<<<<<<<<<<<<<<<
2025-11-30 20:47:24 | INFO     | Total engagements: 25

2025-11-30 20:47:25 | INFO     | 
======================================================================
2025-11-30 20:47:25 | INFO     | CYCLE #40
2025-11-30 20:47:25 | INFO     | ======================================================================
2025-11-30 20:47:25 | INFO     | Detected: 11 floating names
2025-11-30 20:47:25 | INFO     |   ✓ Target #1 at (1064, 831)
2025-11-30 20:47:25 | DEBUG    |   Name #2: Player zone
2025-11-30 20:47:25 | DEBUG    |   Name #3: Player zone
2025-11-30 20:47:25 | DEBUG    |   Name #4: Cached
2025-11-30 20:47:25 | DEBUG    |   Region near center, might be player
2025-11-30 20:47:25 | DEBUG    |   Name #6: Player zone
2025-11-30 20:47:25 | DEBUG    |   Name #7: Player zone
2025-11-30 20:47:25 | INFO     |   ✓ Target #8 at (687, 277)
2025-11-30 20:47:25 | INFO     |   ✓ Target #9 at (1058, 185)
2025-11-30 20:47:25 | DEBUG    |   Name #10: Player zone
2025-11-30 20:47:25 | INFO     |   ✓ Target #11 at (404, 165)
2025-11-30 20:47:25 | INFO     | → Valid targets: 4
2025-11-30 20:47:25 | INFO     | 
  Verifying #1...
2025-11-30 20:47:25 | DEBUG    |     Clicking (1064, 862)
2025-11-30 20:47:25 | DEBUG    |     Nameplate read in 1 attempts
2025-11-30 20:47:25 | INFO     |     ✓ Elite | HP: 69%
2025-11-30 20:47:25 | INFO     | 
  Verifying #2...
2025-11-30 20:47:25 | DEBUG    |     Clicking (687, 308)
2025-11-30 20:47:26 | DEBUG    |     Nameplate read in 1 attempts
2025-11-30 20:47:26 | INFO     |     ✓ Elite | HP: 69%
2025-11-30 20:47:26 | INFO     | 
>>>>>>>>>>>>>>>>>>>>>>>>>>>>>>>>>>>>>>>>>>>>>>>>>>
2025-11-30 20:47:26 | INFO     | ENGAGING: Elite (HP: 69%)
2025-11-30 20:47:26 | INFO     | >>>>>>>>>>>>>>>>>>>>>>>>>>>>>>>>>>>>>>>>>>>>>>>>>>
2025-11-30 20:47:26 | INFO     |   Skill 1: 1
2025-11-30 20:47:26 | INFO     |   Skill 2: 2
2025-11-30 20:47:27 | INFO     |   Skill 3: 3
2025-11-30 20:47:28 | INFO     |   Skill 4: 4
2025-11-30 20:47:28 | INFO     | <<<<<<<<<<<<<<<<<<<<<<<<<<<<<<<<<<<<<<<<<<<<<<<<<<
2025-11-30 20:47:28 | INFO     | Total engagements: 26

2025-11-30 20:47:29 | INFO     | 
======================================================================
2025-11-30 20:47:29 | INFO     | CYCLE #41
2025-11-30 20:47:29 | INFO     | ======================================================================
2025-11-30 20:47:29 | INFO     | Detected: 13 floating names
2025-11-30 20:47:29 | DEBUG    |   Name #1: Player zone
2025-11-30 20:47:29 | DEBUG    |   Name #2: Cached
2025-11-30 20:47:29 | DEBUG    |   Name #3: Player zone
2025-11-30 20:47:29 | DEBUG    |   Name #4: Player zone
2025-11-30 20:47:29 | DEBUG    |   Name #5: Player zone
2025-11-30 20:47:29 | DEBUG    |   Region near center, might be player
2025-11-30 20:47:29 | DEBUG    |   Name #7: Cached
2025-11-30 20:47:29 | INFO     |   ✓ Target #8 at (707, 290)
2025-11-30 20:47:29 | INFO     |   ✓ Target #9 at (1130, 251)
2025-11-30 20:47:29 | INFO     |   ✓ Target #10 at (1139, 217)
2025-11-30 20:47:29 | INFO     |   ✓ Target #11 at (357, 217)
2025-11-30 20:47:29 | INFO     |   ✓ Target #12 at (523, 206)
2025-11-30 20:47:29 | DEBUG    |   Name #13: Cached
2025-11-30 20:47:29 | INFO     | → Valid targets: 5
2025-11-30 20:47:29 | INFO     | 
  Verifying #1...
2025-11-30 20:47:29 | DEBUG    |     Clicking (707, 321)
2025-11-30 20:47:29 | DEBUG    |     Nameplate read in 1 attempts
2025-11-30 20:47:29 | INFO     |     ✓ Elite | HP: 3%
2025-11-30 20:47:29 | INFO     | 
  Verifying #2...
2025-11-30 20:47:29 | DEBUG    |     Clicking (1130, 282)
2025-11-30 20:47:30 | DEBUG    |     Nameplate read in 1 attempts
2025-11-30 20:47:30 | INFO     |     ✓ Elite | HP: 3%
2025-11-30 20:47:30 | INFO     | 
======================================================================
2025-11-30 20:47:30 | INFO     | CYCLE #42
2025-11-30 20:47:30 | INFO     | ======================================================================
2025-11-30 20:47:30 | INFO     | Detected: 15 floating names
2025-11-30 20:47:30 | INFO     |   ✓ Target #1 at (949, 788)
2025-11-30 20:47:30 | INFO     |   ✓ Target #2 at (1014, 765)
2025-11-30 20:47:30 | INFO     |   ✓ Target #3 at (919, 764)
2025-11-30 20:47:30 | DEBUG    |   Name #4: Cached
2025-11-30 20:47:30 | INFO     |   ✓ Target #5 at (935, 731)
2025-11-30 20:47:30 | DEBUG    |   Name #6: Cached
2025-11-30 20:47:30 | DEBUG    |   Region near center, might be player
2025-11-30 20:47:30 | INFO     |   ✓ Target #8 at (1120, 363)
2025-11-30 20:47:30 | INFO     |   ✓ Target #9 at (152, 350)
2025-11-30 20:47:30 | INFO     |   ✓ Target #10 at (380, 327)
2025-11-30 20:47:30 | INFO     |   ✓ Target #11 at (1137, 309)
2025-11-30 20:47:30 | INFO     |   ✓ Target #12 at (1102, 273)
2025-11-30 20:47:30 | INFO     |   ✓ Target #13 at (1021, 177)
2025-11-30 20:47:30 | INFO     |   ✓ Target #14 at (862, 754)
2025-11-30 20:47:30 | DEBUG    |   Region near center, might be player
2025-11-30 20:47:30 | INFO     | → Valid targets: 11
2025-11-30 20:47:30 | INFO     | 
  Verifying #1...
2025-11-30 20:47:30 | DEBUG    |     Clicking (949, 819)
2025-11-30 20:47:31 | DEBUG    |     Nameplate read in 1 attempts
2025-11-30 20:47:31 | INFO     |     ✓ Elite | HP: 69%
2025-11-30 20:47:31 | INFO     | 
  Verifying #2...
2025-11-30 20:47:31 | DEBUG    |     Clicking (1014, 795)
2025-11-30 20:47:31 | DEBUG    |     Nameplate read in 1 attempts
2025-11-30 20:47:31 | INFO     |     ✓ Elite | HP: 69%
2025-11-30 20:47:31 | INFO     | 
>>>>>>>>>>>>>>>>>>>>>>>>>>>>>>>>>>>>>>>>>>>>>>>>>>
2025-11-30 20:47:31 | INFO     | ENGAGING: Elite (HP: 69%)
2025-11-30 20:47:31 | INFO     | >>>>>>>>>>>>>>>>>>>>>>>>>>>>>>>>>>>>>>>>>>>>>>>>>>
2025-11-30 20:47:31 | INFO     |   Skill 1: 1
2025-11-30 20:47:32 | INFO     |   Skill 2: 2
2025-11-30 20:47:32 | INFO     |   Skill 3: 3
2025-11-30 20:47:33 | INFO     |   Skill 4: 4
2025-11-30 20:47:34 | INFO     | <<<<<<<<<<<<<<<<<<<<<<<<<<<<<<<<<<<<<<<<<<<<<<<<<<
2025-11-30 20:47:34 | INFO     | Total engagements: 27

2025-11-30 20:47:34 | INFO     | 
======================================================================
2025-11-30 20:47:34 | INFO     | CYCLE #43
2025-11-30 20:47:34 | INFO     | ======================================================================
2025-11-30 20:47:34 | INFO     | Detected: 12 floating names
2025-11-30 20:47:34 | DEBUG    |   Region near center, might be player
2025-11-30 20:47:34 | DEBUG    |   Name #2: Player zone
2025-11-30 20:47:34 | DEBUG    |   Name #3: Player zone
2025-11-30 20:47:34 | DEBUG    |   Name #4: Player zone
2025-11-30 20:47:34 | DEBUG    |   Name #5: Cached
2025-11-30 20:47:34 | DEBUG    |   Region near center, might be player
2025-11-30 20:47:34 | DEBUG    |   Name #7: Cached
2025-11-30 20:47:34 | INFO     |   ✓ Target #8 at (1081, 315)
2025-11-30 20:47:34 | INFO     |   ✓ Target #9 at (1122, 236)
2025-11-30 20:47:34 | INFO     |   ✓ Target #10 at (275, 213)
2025-11-30 20:47:34 | INFO     |   ✓ Target #11 at (1050, 164)
2025-11-30 20:47:34 | DEBUG    |   Name #12: Player zone
2025-11-30 20:47:34 | INFO     | → Valid targets: 4
2025-11-30 20:47:34 | INFO     | 
  Verifying #1...
2025-11-30 20:47:34 | DEBUG    |     Clicking (1081, 346)
2025-11-30 20:47:35 | DEBUG    |     Nameplate read in 1 attempts
2025-11-30 20:47:35 | INFO     |     ✓ Elite | HP: 69%
2025-11-30 20:47:35 | INFO     | 
  Verifying #2...
2025-11-30 20:47:35 | DEBUG    |     Clicking (1122, 267)
2025-11-30 20:47:35 | DEBUG    |     Nameplate read in 1 attempts
2025-11-30 20:47:35 | INFO     |     ✓ Elite | HP: 69%
2025-11-30 20:47:35 | INFO     | 
>>>>>>>>>>>>>>>>>>>>>>>>>>>>>>>>>>>>>>>>>>>>>>>>>>
2025-11-30 20:47:35 | INFO     | ENGAGING: Elite (HP: 69%)
2025-11-30 20:47:35 | INFO     | >>>>>>>>>>>>>>>>>>>>>>>>>>>>>>>>>>>>>>>>>>>>>>>>>>
2025-11-30 20:47:35 | INFO     |   Skill 1: 1
2025-11-30 20:47:36 | INFO     |   Skill 2: 2
2025-11-30 20:47:36 | INFO     |   Skill 3: 3
2025-11-30 20:47:37 | INFO     |   Skill 4: 4
2025-11-30 20:47:38 | INFO     | <<<<<<<<<<<<<<<<<<<<<<<<<<<<<<<<<<<<<<<<<<<<<<<<<<
2025-11-30 20:47:38 | INFO     | Total engagements: 28

2025-11-30 20:47:38 | INFO     | 
======================================================================
2025-11-30 20:47:38 | INFO     | CYCLE #44
2025-11-30 20:47:38 | INFO     | ======================================================================
2025-11-30 20:47:38 | INFO     | Detected: 10 floating names
2025-11-30 20:47:38 | DEBUG    |   Name #1: Player zone
2025-11-30 20:47:38 | DEBUG    |   Name #2: Player zone
2025-11-30 20:47:38 | DEBUG    |   Name #3: Cached
2025-11-30 20:47:38 | DEBUG    |   Region near center, might be player
2025-11-30 20:47:38 | DEBUG    |   Region near center, might be player
2025-11-30 20:47:38 | INFO     |   ✓ Target #6 at (1161, 370)
2025-11-30 20:47:38 | DEBUG    |   Name #7: Cached
2025-11-30 20:47:38 | INFO     |   ✓ Target #8 at (1129, 323)
2025-11-30 20:47:38 | INFO     |   ✓ Target #9 at (984, 157)
2025-11-30 20:47:38 | INFO     |   ✓ Target #10 at (634, 147)
2025-11-30 20:47:38 | INFO     | → Valid targets: 4
2025-11-30 20:47:38 | INFO     | 
  Verifying #1...
2025-11-30 20:47:38 | DEBUG    |     Clicking (1161, 401)
2025-11-30 20:47:39 | DEBUG    |     Nameplate read in 1 attempts
2025-11-30 20:47:39 | INFO     |     ✓ Elite | HP: 1%
2025-11-30 20:47:39 | INFO     | 
  Verifying #2...
2025-11-30 20:47:39 | DEBUG    |     Clicking (1129, 354)
2025-11-30 20:47:39 | DEBUG    |     Nameplate read in 1 attempts
2025-11-30 20:47:39 | INFO     |     ✓ Elite | HP: 3%
2025-11-30 20:47:39 | INFO     | 
======================================================================
2025-11-30 20:47:39 | INFO     | CYCLE #45
2025-11-30 20:47:39 | INFO     | ======================================================================
2025-11-30 20:47:40 | INFO     | Detected: 9 floating names
2025-11-30 20:47:40 | DEBUG    |   Name #1: Cached
2025-11-30 20:47:40 | DEBUG    |   Name #2: Cached
2025-11-30 20:47:40 | DEBUG    |   Name #3: Cached
2025-11-30 20:47:40 | DEBUG    |   Name #4: Cached
2025-11-30 20:47:40 | DEBUG    |   Name #5: Cached
2025-11-30 20:47:40 | DEBUG    |   Name #6: Cached
2025-11-30 20:47:40 | DEBUG    |   Name #7: Cached
2025-11-30 20:47:40 | DEBUG    |   Name #8: Cached
2025-11-30 20:47:40 | DEBUG    |   Name #9: Cached
2025-11-30 20:47:40 | INFO     | → Valid targets: 0
2025-11-30 20:47:40 | INFO     | 
======================================================================
2025-11-30 20:47:40 | INFO     | CYCLE #46
2025-11-30 20:47:40 | INFO     | ======================================================================
2025-11-30 20:47:40 | INFO     | Detected: 10 floating names
2025-11-30 20:47:40 | DEBUG    |   Name #1: Cached
2025-11-30 20:47:40 | DEBUG    |   Name #2: Cached
2025-11-30 20:47:40 | DEBUG    |   Name #3: Cached
2025-11-30 20:47:40 | DEBUG    |   Name #4: Cached
2025-11-30 20:47:40 | DEBUG    |   Name #5: Cached
2025-11-30 20:47:40 | DEBUG    |   Name #6: Cached
2025-11-30 20:47:40 | DEBUG    |   Name #7: Cached
2025-11-30 20:47:40 | DEBUG    |   Name #8: Cached
2025-11-30 20:47:40 | DEBUG    |   Name #9: Cached
2025-11-30 20:47:40 | DEBUG    |   Name #10: Cached
2025-11-30 20:47:40 | INFO     | → Valid targets: 0
2025-11-30 20:47:40 | INFO     | 
======================================================================
2025-11-30 20:47:40 | INFO     | CYCLE #47
2025-11-30 20:47:40 | INFO     | ======================================================================
2025-11-30 20:47:40 | INFO     | Detected: 9 floating names
2025-11-30 20:47:40 | DEBUG    |   Region near center, might be player
2025-11-30 20:47:40 | DEBUG    |   Name #2: Cached
2025-11-30 20:47:40 | DEBUG    |   Name #3: Cached
2025-11-30 20:47:40 | DEBUG    |   Name #4: Cached
2025-11-30 20:47:40 | DEBUG    |   Name #5: Cached
2025-11-30 20:47:40 | DEBUG    |   Name #6: Cached
2025-11-30 20:47:40 | DEBUG    |   Name #7: Cached
2025-11-30 20:47:40 | DEBUG    |   Name #8: Cached
2025-11-30 20:47:40 | DEBUG    |   Name #9: Cached
2025-11-30 20:47:40 | INFO     | → Valid targets: 0
2025-11-30 20:47:41 | INFO     | 
======================================================================
2025-11-30 20:47:41 | INFO     | CYCLE #48
2025-11-30 20:47:41 | INFO     | ======================================================================
2025-11-30 20:47:41 | INFO     | Detected: 9 floating names
2025-11-30 20:47:41 | DEBUG    |   Name #1: Cached
2025-11-30 20:47:41 | DEBUG    |   Name #2: Player zone
2025-11-30 20:47:41 | DEBUG    |   Name #3: Player zone
2025-11-30 20:47:41 | DEBUG    |   Name #4: Cached
2025-11-30 20:47:41 | DEBUG    |   Name #5: Player zone
2025-11-30 20:47:41 | INFO     |   ✓ Target #6 at (1165, 365)
2025-11-30 20:47:41 | DEBUG    |   Name #7: Cached
2025-11-30 20:47:41 | INFO     |   ✓ Target #8 at (600, 166)
2025-11-30 20:47:41 | INFO     |   ✓ Target #9 at (972, 131)
2025-11-30 20:47:41 | INFO     | → Valid targets: 3
2025-11-30 20:47:41 | INFO     | 
  Verifying #1...
2025-11-30 20:47:41 | DEBUG    |     Clicking (1165, 396)
2025-11-30 20:47:41 | DEBUG    |     Nameplate read in 1 attempts
2025-11-30 20:47:41 | INFO     |     ✓ Elite | HP: 1%
2025-11-30 20:47:41 | INFO     | 
  Verifying #2...
2025-11-30 20:47:41 | DEBUG    |     Clicking (600, 197)
2025-11-30 20:47:42 | DEBUG    |     Nameplate read in 1 attempts
2025-11-30 20:47:42 | INFO     |     ✓ Elite | HP: 69%
2025-11-30 20:47:42 | INFO     | 
======================================================================
2025-11-30 20:47:42 | INFO     | CYCLE #49
2025-11-30 20:47:42 | INFO     | ======================================================================
2025-11-30 20:47:42 | INFO     | Detected: 8 floating names
2025-11-30 20:47:42 | DEBUG    |   Region near center, might be player
2025-11-30 20:47:42 | DEBUG    |   Name #2: Cached
2025-11-30 20:47:42 | DEBUG    |   Name #3: Cached
2025-11-30 20:47:42 | DEBUG    |   Name #4: Cached
2025-11-30 20:47:42 | DEBUG    |   Name #5: Cached
2025-11-30 20:47:42 | DEBUG    |   Name #6: Cached
2025-11-30 20:47:42 | DEBUG    |   Name #7: Cached
2025-11-30 20:47:42 | DEBUG    |   Name #8: Cached
2025-11-30 20:47:42 | INFO     | → Valid targets: 0
2025-11-30 20:47:43 | INFO     | 
======================================================================
2025-11-30 20:47:43 | INFO     | CYCLE #50
2025-11-30 20:47:43 | INFO     | ======================================================================
2025-11-30 20:47:43 | INFO     | Detected: 10 floating names
2025-11-30 20:47:43 | DEBUG    |   Name #1: Cached
2025-11-30 20:47:43 | DEBUG    |   Name #2: Cached
2025-11-30 20:47:43 | DEBUG    |   Name #3: Cached
2025-11-30 20:47:43 | DEBUG    |   Name #4: Cached
2025-11-30 20:47:43 | DEBUG    |   Name #5: Cached
2025-11-30 20:47:43 | DEBUG    |   Region near center, might be player
2025-11-30 20:47:43 | DEBUG    |   Name #7: Cached
2025-11-30 20:47:43 | DEBUG    |   Name #8: Cached
2025-11-30 20:47:43 | DEBUG    |   Name #9: Cached
2025-11-30 20:47:43 | INFO     |   ✓ Target #10 at (591, 216)
2025-11-30 20:47:43 | INFO     | → Valid targets: 1
2025-11-30 20:47:43 | INFO     | 
  Verifying #1...
2025-11-30 20:47:43 | DEBUG    |     Clicking (591, 246)
2025-11-30 20:47:43 | DEBUG    |     Nameplate read in 1 attempts
2025-11-30 20:47:43 | INFO     |     ✓ Elite | HP: 69%
2025-11-30 20:47:43 | INFO     | 
>>>>>>>>>>>>>>>>>>>>>>>>>>>>>>>>>>>>>>>>>>>>>>>>>>
2025-11-30 20:47:43 | INFO     | ENGAGING: Elite (HP: 69%)
2025-11-30 20:47:43 | INFO     | >>>>>>>>>>>>>>>>>>>>>>>>>>>>>>>>>>>>>>>>>>>>>>>>>>
2025-11-30 20:47:43 | INFO     |   Skill 1: 1
2025-11-30 20:47:44 | INFO     |   Skill 2: 2
2025-11-30 20:47:44 | INFO     |   Skill 3: 3
2025-11-30 20:47:45 | INFO     |   Skill 4: 4
2025-11-30 20:47:46 | INFO     | <<<<<<<<<<<<<<<<<<<<<<<<<<<<<<<<<<<<<<<<<<<<<<<<<<
2025-11-30 20:47:46 | INFO     | Total engagements: 29

2025-11-30 20:47:46 | INFO     | 
======================================================================
2025-11-30 20:47:46 | INFO     | CYCLE #51
2025-11-30 20:47:46 | INFO     | ======================================================================
2025-11-30 20:47:46 | INFO     | Detected: 13 floating names
2025-11-30 20:47:46 | INFO     |   ✓ Target #1 at (176, 856)
2025-11-30 20:47:46 | INFO     |   ✓ Target #2 at (1286, 829)
2025-11-30 20:47:46 | DEBUG    |   Name #3: Player zone
2025-11-30 20:47:46 | DEBUG    |   Name #4: Cached
2025-11-30 20:47:46 | DEBUG    |   Name #5: Player zone
2025-11-30 20:47:46 | DEBUG    |   Name #6: Player zone
2025-11-30 20:47:46 | DEBUG    |   Region near center, might be player
2025-11-30 20:47:46 | DEBUG    |   Name #8: Cached
2025-11-30 20:47:46 | INFO     |   ✓ Target #9 at (514, 320)
2025-11-30 20:47:46 | INFO     |   ✓ Target #10 at (1140, 268)
2025-11-30 20:47:46 | INFO     |   ✓ Target #11 at (976, 253)
2025-11-30 20:47:46 | INFO     |   ✓ Target #12 at (665, 226)
2025-11-30 20:47:46 | INFO     |   ✓ Target #13 at (984, 165)
2025-11-30 20:47:46 | INFO     | → Valid targets: 7
2025-11-30 20:47:46 | INFO     | 
  Verifying #1...
2025-11-30 20:47:46 | DEBUG    |     Clicking (176, 887)
2025-11-30 20:47:47 | DEBUG    |     Nameplate read in 1 attempts
2025-11-30 20:47:47 | INFO     |     ✓ Elite | HP: 69%
2025-11-30 20:47:47 | INFO     | 
  Verifying #2...
2025-11-30 20:47:47 | DEBUG    |     Clicking (1286, 860)
2025-11-30 20:47:47 | DEBUG    |     Nameplate read in 1 attempts
2025-11-30 20:47:47 | INFO     |     ✓ Elite | HP: 69%
2025-11-30 20:47:47 | INFO     | 
>>>>>>>>>>>>>>>>>>>>>>>>>>>>>>>>>>>>>>>>>>>>>>>>>>
2025-11-30 20:47:47 | INFO     | ENGAGING: Elite (HP: 69%)
2025-11-30 20:47:47 | INFO     | >>>>>>>>>>>>>>>>>>>>>>>>>>>>>>>>>>>>>>>>>>>>>>>>>>
2025-11-30 20:47:47 | INFO     |   Skill 1: 1
2025-11-30 20:47:48 | INFO     |   Skill 2: 2
2025-11-30 20:47:48 | INFO     |   Skill 3: 3
2025-11-30 20:47:49 | INFO     |   Skill 4: 4
2025-11-30 20:47:50 | INFO     | <<<<<<<<<<<<<<<<<<<<<<<<<<<<<<<<<<<<<<<<<<<<<<<<<<
2025-11-30 20:47:50 | INFO     | Total engagements: 30

2025-11-30 20:47:50 | INFO     | 
======================================================================
2025-11-30 20:47:50 | INFO     | CYCLE #52
2025-11-30 20:47:50 | INFO     | ======================================================================
2025-11-30 20:47:50 | INFO     | Detected: 11 floating names
2025-11-30 20:47:50 | INFO     |   ✓ Target #1 at (1320, 852)
2025-11-30 20:47:50 | DEBUG    |   Name #2: Cached
2025-11-30 20:47:50 | DEBUG    |   Name #3: Player zone
2025-11-30 20:47:50 | DEBUG    |   Name #4: Cached
2025-11-30 20:47:50 | DEBUG    |   Name #5: Player zone
2025-11-30 20:47:50 | DEBUG    |   Name #6: Player zone
2025-11-30 20:47:50 | INFO     |   ✓ Target #7 at (514, 320)
2025-11-30 20:47:50 | INFO     |   ✓ Target #8 at (925, 271)
2025-11-30 20:47:50 | INFO     |   ✓ Target #9 at (1090, 231)
2025-11-30 20:47:50 | INFO     |   ✓ Target #10 at (626, 199)
2025-11-30 20:47:50 | INFO     |   ✓ Target #11 at (927, 133)
2025-11-30 20:47:50 | INFO     | → Valid targets: 6
2025-11-30 20:47:50 | INFO     | 
  Verifying #1...
2025-11-30 20:47:50 | DEBUG    |     Clicking (1320, 883)
2025-11-30 20:47:51 | DEBUG    |     Nameplate read in 1 attempts
2025-11-30 20:47:51 | INFO     |     ✓ Elite | HP: 100%
2025-11-30 20:47:51 | INFO     | 
  Verifying #2...
2025-11-30 20:47:51 | DEBUG    |     Clicking (514, 351)
2025-11-30 20:47:51 | DEBUG    |     Nameplate read in 1 attempts
2025-11-30 20:47:51 | INFO     |     ✓ Elite | HP: 69%
2025-11-30 20:47:51 | INFO     | 
>>>>>>>>>>>>>>>>>>>>>>>>>>>>>>>>>>>>>>>>>>>>>>>>>>
2025-11-30 20:47:51 | INFO     | ENGAGING: Elite (HP: 100%)
2025-11-30 20:47:51 | INFO     | >>>>>>>>>>>>>>>>>>>>>>>>>>>>>>>>>>>>>>>>>>>>>>>>>>
2025-11-30 20:47:51 | INFO     |   Skill 1: 1
2025-11-30 20:47:52 | INFO     |   Skill 2: 2
2025-11-30 20:47:53 | INFO     |   Skill 3: 3
2025-11-30 20:47:53 | INFO     |   Skill 4: 4
2025-11-30 20:47:54 | INFO     | <<<<<<<<<<<<<<<<<<<<<<<<<<<<<<<<<<<<<<<<<<<<<<<<<<
2025-11-30 20:47:54 | INFO     | Total engagements: 31

2025-11-30 20:47:54 | INFO     | 
======================================================================
2025-11-30 20:47:54 | INFO     | CYCLE #53
2025-11-30 20:47:54 | INFO     | ======================================================================
2025-11-30 20:47:54 | INFO     | Detected: 10 floating names
2025-11-30 20:47:54 | INFO     |   ✓ Target #1 at (1409, 849)
2025-11-30 20:47:54 | DEBUG    |   Name #2: Cached
2025-11-30 20:47:54 | DEBUG    |   Name #3: Player zone
2025-11-30 20:47:54 | DEBUG    |   Name #4: Cached
2025-11-30 20:47:54 | DEBUG    |   Name #5: Player zone
2025-11-30 20:47:54 | INFO     |   ✓ Target #6 at (644, 375)
2025-11-30 20:47:54 | INFO     |   ✓ Target #7 at (1034, 367)
2025-11-30 20:47:54 | INFO     |   ✓ Target #8 at (1170, 241)
2025-11-30 20:47:54 | INFO     |   ✓ Target #9 at (699, 215)
2025-11-30 20:47:54 | INFO     |   ✓ Target #10 at (997, 137)
2025-11-30 20:47:54 | INFO     | → Valid targets: 6
2025-11-30 20:47:54 | INFO     | 
  Verifying #1...
2025-11-30 20:47:54 | DEBUG    |     Clicking (1409, 880)
2025-11-30 20:47:55 | DEBUG    |     Nameplate read in 1 attempts
2025-11-30 20:47:55 | INFO     |     ✓ Elite | HP: 0%
2025-11-30 20:47:55 | INFO     | 
  Verifying #2...
2025-11-30 20:47:55 | DEBUG    |     Clicking (644, 406)
2025-11-30 20:47:55 | DEBUG    |     Nameplate read in 1 attempts
2025-11-30 20:47:55 | INFO     |     ✓ Elite | HP: 100%
2025-11-30 20:47:56 | INFO     | 
======================================================================
2025-11-30 20:47:56 | INFO     | CYCLE #54
2025-11-30 20:47:56 | INFO     | ======================================================================
2025-11-30 20:47:56 | INFO     | Detected: 11 floating names
2025-11-30 20:47:56 | INFO     |   ✓ Target #1 at (1221, 696)
2025-11-30 20:47:56 | DEBUG    |   Name #2: Cached
2025-11-30 20:47:56 | DEBUG    |   Region near center, might be player
2025-11-30 20:47:56 | DEBUG    |   Name #4: Cached
2025-11-30 20:47:56 | DEBUG    |   Name #5: Cached
2025-11-30 20:47:56 | DEBUG    |   Region near center, might be player
2025-11-30 20:47:56 | DEBUG    |   Region near center, might be player
2025-11-30 20:47:56 | INFO     |   ✓ Target #8 at (1285, 279)
2025-11-30 20:47:56 | INFO     |   ✓ Target #9 at (793, 252)
2025-11-30 20:47:56 | INFO     |   ✓ Target #10 at (1096, 162)
2025-11-30 20:47:56 | INFO     |   ✓ Target #11 at (1354, 765)
2025-11-30 20:47:56 | INFO     | → Valid targets: 5
2025-11-30 20:47:56 | INFO     | 
  Verifying #1...
2025-11-30 20:47:56 | DEBUG    |     Clicking (1221, 726)
2025-11-30 20:47:56 | DEBUG    |     Nameplate read in 1 attempts
2025-11-30 20:47:56 | INFO     |     ✓ Elite | HP: 100%
2025-11-30 20:47:56 | INFO     | 
  Verifying #2...
2025-11-30 20:47:56 | DEBUG    |     Clicking (1285, 310)
2025-11-30 20:47:56 | DEBUG    |     Nameplate read in 1 attempts
2025-11-30 20:47:56 | INFO     |     ✓ Elite | HP: 0%
2025-11-30 20:47:56 | INFO     | 
>>>>>>>>>>>>>>>>>>>>>>>>>>>>>>>>>>>>>>>>>>>>>>>>>>
2025-11-30 20:47:56 | INFO     | ENGAGING: Elite (HP: 100%)
2025-11-30 20:47:56 | INFO     | >>>>>>>>>>>>>>>>>>>>>>>>>>>>>>>>>>>>>>>>>>>>>>>>>>
2025-11-30 20:47:56 | INFO     |   Skill 1: 1
2025-11-30 20:47:57 | INFO     |   Skill 2: 2
2025-11-30 20:47:58 | INFO     |   Skill 3: 3
2025-11-30 20:47:59 | INFO     |   Skill 4: 4
2025-11-30 20:47:59 | INFO     | <<<<<<<<<<<<<<<<<<<<<<<<<<<<<<<<<<<<<<<<<<<<<<<<<<
2025-11-30 20:47:59 | INFO     | Total engagements: 32

2025-11-30 20:48:00 | INFO     | 
======================================================================
2025-11-30 20:48:00 | INFO     | CYCLE #55
2025-11-30 20:48:00 | INFO     | ======================================================================
2025-11-30 20:48:00 | INFO     | Detected: 16 floating names
2025-11-30 20:48:00 | DEBUG    |   Name #1: Player zone
2025-11-30 20:48:00 | DEBUG    |   Name #2: Cached
2025-11-30 20:48:00 | DEBUG    |   Region near center, might be player
2025-11-30 20:48:00 | DEBUG    |   Region near center, might be player
2025-11-30 20:48:00 | DEBUG    |   Name #5: Player zone
2025-11-30 20:48:00 | DEBUG    |   Name #6: Player zone
2025-11-30 20:48:00 | INFO     |   ✓ Target #7 at (824, 360)
2025-11-30 20:48:00 | INFO     |   ✓ Target #8 at (862, 311)
2025-11-30 20:48:00 | INFO     |   ✓ Target #9 at (1159, 299)
2025-11-30 20:48:00 | INFO     |   ✓ Target #10 at (1090, 286)
2025-11-30 20:48:00 | INFO     |   ✓ Target #11 at (476, 276)
2025-11-30 20:48:00 | INFO     |   ✓ Target #12 at (1112, 138)
2025-11-30 20:48:00 | INFO     |   ✓ Target #13 at (1061, 137)
2025-11-30 20:48:00 | INFO     |   ✓ Target #14 at (967, 138)
2025-11-30 20:48:00 | INFO     |   ✓ Target #15 at (920, 137)
2025-11-30 20:48:00 | INFO     |   ✓ Target #16 at (829, 138)
2025-11-30 20:48:00 | INFO     | → Valid targets: 10
2025-11-30 20:48:00 | INFO     | 
  Verifying #1...
2025-11-30 20:48:00 | DEBUG    |     Clicking (824, 391)
2025-11-30 20:48:00 | DEBUG    |     Nameplate read in 1 attempts
2025-11-30 20:48:00 | INFO     |     ✓ Elite | HP: 69%
2025-11-30 20:48:00 | INFO     | 
  Verifying #2...
2025-11-30 20:48:00 | DEBUG    |     Clicking (862, 342)
2025-11-30 20:48:00 | DEBUG    |     Nameplate read in 1 attempts
2025-11-30 20:48:00 | INFO     |     ✓ Elite | HP: 69%
2025-11-30 20:48:00 | INFO     | 
>>>>>>>>>>>>>>>>>>>>>>>>>>>>>>>>>>>>>>>>>>>>>>>>>>
2025-11-30 20:48:00 | INFO     | ENGAGING: Elite (HP: 69%)
2025-11-30 20:48:00 | INFO     | >>>>>>>>>>>>>>>>>>>>>>>>>>>>>>>>>>>>>>>>>>>>>>>>>>
2025-11-30 20:48:00 | INFO     |   Skill 1: 1
2025-11-30 20:48:01 | INFO     |   Skill 2: 2
2025-11-30 20:48:02 | INFO     |   Skill 3: 3
2025-11-30 20:48:03 | INFO     |   Skill 4: 4
2025-11-30 20:48:03 | INFO     | <<<<<<<<<<<<<<<<<<<<<<<<<<<<<<<<<<<<<<<<<<<<<<<<<<
2025-11-30 20:48:03 | INFO     | Total engagements: 33

2025-11-30 20:48:04 | INFO     | 
======================================================================
2025-11-30 20:48:04 | INFO     | CYCLE #56
2025-11-30 20:48:04 | INFO     | ======================================================================
2025-11-30 20:48:04 | INFO     | Detected: 20 floating names
2025-11-30 20:48:04 | INFO     |   ✓ Target #1 at (241, 743)
2025-11-30 20:48:04 | DEBUG    |   Region near center, might be player
2025-11-30 20:48:04 | DEBUG    |   Name #3: Player zone
2025-11-30 20:48:04 | DEBUG    |   Name #4: Player zone
2025-11-30 20:48:04 | DEBUG    |   Name #5: Cached
2025-11-30 20:48:04 | DEBUG    |   Name #6: Player zone
2025-11-30 20:48:04 | DEBUG    |   Name #7: Player zone
2025-11-30 20:48:04 | DEBUG    |   Region near center, might be player
2025-11-30 20:48:04 | DEBUG    |   Name #9: Cached
2025-11-30 20:48:04 | DEBUG    |   Name #10: Player zone
2025-11-30 20:48:04 | DEBUG    |   Region near center, might be player
2025-11-30 20:48:04 | DEBUG    |   Region near center, might be player
2025-11-30 20:48:04 | DEBUG    |   Region near center, might be player
2025-11-30 20:48:04 | INFO     |   ✓ Target #14 at (1155, 386)
2025-11-30 20:48:04 | INFO     |   ✓ Target #15 at (1209, 373)
2025-11-30 20:48:04 | INFO     |   ✓ Target #16 at (402, 306)
2025-11-30 20:48:04 | INFO     |   ✓ Target #17 at (542, 287)
2025-11-30 20:48:04 | INFO     |   ✓ Target #18 at (1123, 253)
2025-11-30 20:48:04 | INFO     |   ✓ Target #19 at (663, 217)
2025-11-30 20:48:04 | INFO     |   ✓ Target #20 at (99, 263)
2025-11-30 20:48:04 | INFO     | → Valid targets: 8
2025-11-30 20:48:04 | INFO     | 
  Verifying #1...
2025-11-30 20:48:04 | DEBUG    |     Clicking (241, 774)
2025-11-30 20:48:04 | DEBUG    |     Nameplate read in 1 attempts
2025-11-30 20:48:04 | INFO     |     ✓ Elite | HP: 69%
2025-11-30 20:48:04 | INFO     | 
  Verifying #2...
2025-11-30 20:48:04 | DEBUG    |     Clicking (1155, 417)
2025-11-30 20:48:05 | DEBUG    |     Nameplate read in 1 attempts
2025-11-30 20:48:05 | INFO     |     ✓ Elite | HP: 69%
2025-11-30 20:48:05 | INFO     | 
>>>>>>>>>>>>>>>>>>>>>>>>>>>>>>>>>>>>>>>>>>>>>>>>>>
2025-11-30 20:48:05 | INFO     | ENGAGING: Elite (HP: 69%)
2025-11-30 20:48:05 | INFO     | >>>>>>>>>>>>>>>>>>>>>>>>>>>>>>>>>>>>>>>>>>>>>>>>>>
2025-11-30 20:48:05 | INFO     |   Skill 1: 1
2025-11-30 20:48:05 | INFO     |   Skill 2: 2
2025-11-30 20:48:06 | INFO     |   Skill 3: 3
2025-11-30 20:48:07 | INFO     |   Skill 4: 4
2025-11-30 20:48:07 | INFO     | <<<<<<<<<<<<<<<<<<<<<<<<<<<<<<<<<<<<<<<<<<<<<<<<<<
2025-11-30 20:48:07 | INFO     | Total engagements: 34

2025-11-30 20:48:08 | INFO     | 
======================================================================
2025-11-30 20:48:08 | INFO     | CYCLE #57
2025-11-30 20:48:08 | INFO     | ======================================================================
2025-11-30 20:48:08 | INFO     | Detected: 20 floating names
2025-11-30 20:48:08 | INFO     |   ✓ Target #1 at (1544, 701)
2025-11-30 20:48:08 | INFO     |   ✓ Target #2 at (971, 696)
2025-11-30 20:48:08 | DEBUG    |   Region near center, might be player
2025-11-30 20:48:08 | DEBUG    |   Name #4: Player zone
2025-11-30 20:48:08 | DEBUG    |   Name #5: Player zone
2025-11-30 20:48:08 | DEBUG    |   Region near center, might be player
2025-11-30 20:48:08 | DEBUG    |   Name #7: Cached
2025-11-30 20:48:08 | DEBUG    |   Name #8: Player zone
2025-11-30 20:48:08 | DEBUG    |   Name #9: Player zone
2025-11-30 20:48:08 | DEBUG    |   Name #10: Cached
2025-11-30 20:48:08 | DEBUG    |   Region near center, might be player
2025-11-30 20:48:08 | DEBUG    |   Region near center, might be player
2025-11-30 20:48:08 | DEBUG    |   Region near center, might be player
2025-11-30 20:48:08 | DEBUG    |   Region near center, might be player
2025-11-30 20:48:08 | INFO     |   ✓ Target #15 at (1146, 346)
2025-11-30 20:48:08 | INFO     |   ✓ Target #16 at (1120, 314)
2025-11-30 20:48:08 | INFO     |   ✓ Target #17 at (366, 305)
2025-11-30 20:48:08 | INFO     |   ✓ Target #18 at (1072, 283)
2025-11-30 20:48:08 | INFO     |   ✓ Target #19 at (571, 265)
2025-11-30 20:48:08 | INFO     |   ✓ Target #20 at (657, 187)
2025-11-30 20:48:08 | INFO     | → Valid targets: 8
2025-11-30 20:48:08 | INFO     | 
  Verifying #1...
2025-11-30 20:48:08 | DEBUG    |     Clicking (1544, 732)
2025-11-30 20:48:08 | DEBUG    |     Nameplate read in 1 attempts
2025-11-30 20:48:08 | INFO     |     ✓ Elite | HP: 69%
2025-11-30 20:48:08 | INFO     | 
  Verifying #2...
2025-11-30 20:48:08 | DEBUG    |     Clicking (971, 727)
2025-11-30 20:48:09 | DEBUG    |     Nameplate read in 1 attempts
2025-11-30 20:48:09 | INFO     |     ✓ Elite | HP: 69%
2025-11-30 20:48:09 | INFO     | 
>>>>>>>>>>>>>>>>>>>>>>>>>>>>>>>>>>>>>>>>>>>>>>>>>>
2025-11-30 20:48:09 | INFO     | ENGAGING: Elite (HP: 69%)
2025-11-30 20:48:09 | INFO     | >>>>>>>>>>>>>>>>>>>>>>>>>>>>>>>>>>>>>>>>>>>>>>>>>>
2025-11-30 20:48:09 | INFO     |   Skill 1: 1
2025-11-30 20:48:09 | INFO     |   Skill 2: 2
2025-11-30 20:48:10 | INFO     |   Skill 3: 3
2025-11-30 20:48:10 | INFO     | 

⛔ Bot stopped by user
2025-11-30 20:48:10 | INFO     | 
======================================================================
2025-11-30 20:48:10 | INFO     | FINAL STATISTICS
2025-11-30 20:48:10 | INFO     | ======================================================================
2025-11-30 20:48:10 | INFO     | Total Cycles: 57
2025-11-30 20:48:10 | INFO     | Total Clicks: 82
2025-11-30 20:48:10 | INFO     | Total Engagements: 34
2025-11-30 20:48:10 | INFO     | Uptime: 155s (2m 35s)
2025-11-30 20:48:10 | INFO     | Cache Hit Rate: 27.8%
2025-11-30 20:48:10 | INFO     | Avg Cycle Time: 2.72s
2025-11-30 20:48:10 | INFO     | ======================================================================
